Log file open, 04/05/20 16:19:09
LogWindows: Failed to load 'aqProf.dll' (GetLastError=126)
LogWindows: File 'aqProf.dll' does not exist
LogWindows: Failed to load 'VtuneApi.dll' (GetLastError=126)
LogWindows: File 'VtuneApi.dll' does not exist
LogWindows: Failed to load 'VtuneApi32e.dll' (GetLastError=126)
LogWindows: File 'VtuneApi32e.dll' does not exist
LogConsoleResponse: Display: Failed to find resolution value strings in scalability ini. Falling back to default.
LogInit: Display: Running engine for game: unga
LogPakFile: Registered encryption key '00000000000000000000000000000000': 0 pak files mounted, 0 remain pending
LogPlatformFile: Not using cached read wrapper
LogTaskGraph: Started task graph with 5 named threads and 35 total threads with 3 sets of task threads.
LogStats: Stats thread started at 0.396482
LogD3D11RHI: Loaded GFSDK_Aftermath_Lib.x64.dll
LogICUInternationalization: ICU TimeZone Detection - Raw Offset: -5:00, Platform Override: ''
LogPluginManager: Mounting plugin Paper2D
LogPluginManager: Mounting plugin AISupport
LogPluginManager: Mounting plugin LightPropagationVolume
LogPluginManager: Mounting plugin ActorLayerUtilities
LogPluginManager: Mounting plugin AnimationSharing
LogPluginManager: Mounting plugin CLionSourceCodeAccess
LogPluginManager: Mounting plugin CodeLiteSourceCodeAccess
LogPluginManager: Mounting plugin GitSourceControl
LogPluginManager: Mounting plugin KDevelopSourceCodeAccess
LogPluginManager: Mounting plugin NullSourceCodeAccess
LogPluginManager: Mounting plugin PerforceSourceControl
LogPluginManager: Mounting plugin SubversionSourceControl
LogPluginManager: Mounting plugin UObjectPlugin
LogPluginManager: Mounting plugin VisualStudioCodeSourceCodeAccess
LogPluginManager: Mounting plugin VisualStudioSourceCodeAccess
LogPluginManager: Mounting plugin XCodeSourceCodeAccess
LogPluginManager: Mounting plugin AssetManagerEditor
LogPluginManager: Mounting plugin CryptoKeys
LogPluginManager: Mounting plugin DataValidation
LogPluginManager: Mounting plugin FacialAnimation
LogPluginManager: Mounting plugin GameplayTagsEditor
LogPluginManager: Mounting plugin MacGraphicsSwitching
LogPluginManager: Mounting plugin MaterialAnalyzer
LogPluginManager: Mounting plugin MobileLauncherProfileWizard
LogPluginManager: Mounting plugin PluginBrowser
LogPluginManager: Mounting plugin SpeedTreeImporter
LogPluginManager: Mounting plugin DatasmithContent
LogPluginManager: Mounting plugin VariantManagerContent
LogPluginManager: Mounting plugin AlembicImporter
LogPluginManager: Mounting plugin AppleImageUtils
LogPluginManager: Mounting plugin AppleVision
LogPluginManager: Mounting plugin BackChannel
LogPluginManager: Mounting plugin CharacterAI
LogPluginManager: Mounting plugin GeometryCache
LogPluginManager: Mounting plugin HTML5Networking
LogPluginManager: Mounting plugin ProxyLODPlugin
LogPluginManager: Mounting plugin SkeletalReduction
LogPluginManager: Mounting plugin MagicLeap
LogPluginManager: Mounting plugin MagicLeapMedia
LogPluginManager: Mounting plugin AndroidMedia
LogPluginManager: Mounting plugin AvfMedia
LogPluginManager: Mounting plugin ImgMedia
LogPluginManager: Mounting plugin LinearTimecode
LogPluginManager: Mounting plugin MediaCompositing
LogPluginManager: Mounting plugin MediaPlayerEditor
LogPluginManager: Mounting plugin WebMMedia
LogPluginManager: Mounting plugin WmfMedia
LogPluginManager: Mounting plugin TcpMessaging
LogPluginManager: Mounting plugin UdpMessaging
LogPluginManager: Mounting plugin ActorSequence
LogPluginManager: Mounting plugin LevelSequenceEditor
LogPluginManager: Mounting plugin MatineeToLevelSequence
LogPluginManager: Mounting plugin NetcodeUnitTest
LogPluginManager: Mounting plugin NUTUnrealEngine4
LogPluginManager: Mounting plugin OnlineSubsystemGooglePlay
LogPluginManager: Mounting plugin OnlineSubsystemIOS
LogPluginManager: Mounting plugin OnlineSubsystem
LogPluginManager: Mounting plugin OnlineSubsystemNull
LogPluginManager: Mounting plugin OnlineSubsystemUtils
LogPluginManager: Mounting plugin LauncherChunkInstaller
LogPluginManager: Mounting plugin AndroidDeviceProfileSelector
LogPluginManager: Mounting plugin AndroidMoviePlayer
LogPluginManager: Mounting plugin AndroidPermission
LogPluginManager: Mounting plugin AppleMoviePlayer
LogPluginManager: Mounting plugin ArchVisCharacter
LogPluginManager: Mounting plugin AudioCapture
LogPluginManager: Mounting plugin CableComponent
LogPluginManager: Mounting plugin CustomMeshComponent
LogPluginManager: Mounting plugin EditableMesh
LogPluginManager: Mounting plugin ExampleDeviceProfileSelector
LogPluginManager: Mounting plugin Firebase
LogPluginManager: Mounting plugin GoogleCloudMessaging
LogPluginManager: Mounting plugin IOSDeviceProfileSelector
LogPluginManager: Mounting plugin LinuxDeviceProfileSelector
LogPluginManager: Mounting plugin LocationServicesBPLibrary
LogPluginManager: Mounting plugin MobilePatchingUtils
LogPluginManager: Mounting plugin OculusVR
LogPluginManager: Mounting plugin PhysXVehicles
LogPluginManager: Mounting plugin ProceduralMeshComponent
LogPluginManager: Mounting plugin RuntimePhysXCooking
LogPluginManager: Mounting plugin SignificanceManager
LogPluginManager: Mounting plugin SteamVR
LogPluginManager: Mounting plugin WebMMoviePlayer
LogPluginManager: Mounting plugin WindowsMoviePlayer
LogInit: Using libcurl 7.55.1-DEV
LogInit:  - built for x86_64-pc-win32
LogInit:  - supports SSL with OpenSSL/1.1.1
LogInit:  - supports HTTP deflate (compression) using libz 1.2.8
LogInit:  - other features:
LogInit:      CURL_VERSION_SSL
LogInit:      CURL_VERSION_LIBZ
LogInit:      CURL_VERSION_IPV6
LogInit:      CURL_VERSION_ASYNCHDNS
LogInit:      CURL_VERSION_LARGEFILE
LogInit:      CURL_VERSION_IDN
LogInit:  CurlRequestOptions (configurable via config and command line):
LogInit:  - bVerifyPeer = true  - Libcurl will verify peer certificate
LogInit:  - bUseHttpProxy = false  - Libcurl will NOT use HTTP proxy
LogInit:  - bDontReuseConnections = false  - Libcurl will reuse connections
LogInit:  - MaxHostConnections = 16  - Libcurl will limit the number of connections to a host
LogInit:  - LocalHostAddr = Default
LogInit:  - BufferSize = 65536
LogInit: WinSock: version 1.1 (2.2), MaxSocks=32767, MaxUdp=65467
LogInit: Build: ++UE4+Release-4.22-CL-7053642
LogInit: Engine Version: 4.22.3-7053642+++UE4+Release-4.22
LogInit: Compatible Engine Version: 4.22.0-5660361+++UE4+Release-4.22
LogInit: Net CL: 5660361
LogInit: OS: Windows 10 (Release 1903) (), CPU: AMD Ryzen 5 2600X Six-Core Processor           , GPU: NVIDIA GeForce RTX 2060
LogInit: Compiled (64-bit): Jun 18 2019 03:09:11
LogInit: Compiled with Visual C++: 19.16.27025.01
LogInit: Build Configuration: Development
LogInit: Branch Name: ++UE4+Release-4.22
LogInit: Command Line:  -EpicPortal -epicusername=DonardGrey -epicuserid=b197333d71774c16b886d2d9856eb5ad -epiclocale=en
LogInit: Base Directory: D:/UE_4.22/Engine/Binaries/Win64/
LogInit: Installed Engine Build: 1
LogDevObjectVersion: Number of dev versions registered: 23
LogDevObjectVersion:   Dev-Blueprints (B0D832E4-1F89-4F0D-ACCF-7EB736FD4AA2): 10
LogDevObjectVersion:   Dev-Build (E1C64328-A22C-4D53-A36C-8E866417BD8C): 0
LogDevObjectVersion:   Dev-Core (375EC13C-06E4-48FB-B500-84F0262A717E): 3
LogDevObjectVersion:   Dev-Editor (E4B068ED-F494-42E9-A231-DA0B2E46BB41): 30
LogDevObjectVersion:   Dev-Framework (CFFC743F-43B0-4480-9391-14DF171D2073): 35
LogDevObjectVersion:   Dev-Mobile (B02B49B5-BB20-44E9-A304-32B752E40360): 2
LogDevObjectVersion:   Dev-Networking (A4E4105C-59A1-49B5-A7C5-40C4547EDFEE): 0
LogDevObjectVersion:   Dev-Online (39C831C9-5AE6-47DC-9A44-9C173E1C8E7C): 0
LogDevObjectVersion:   Dev-Physics (78F01B33-EBEA-4F98-B9B4-84EACCB95AA2): 0
LogDevObjectVersion:   Dev-Platform (6631380F-2D4D-43E0-8009-CF276956A95A): 0
LogDevObjectVersion:   Dev-Rendering (12F88B9F-8875-4AFC-A67C-D90C383ABD29): 28
LogDevObjectVersion:   Dev-Sequencer (7B5AE74C-D270-4C10-A958-57980B212A5A): 11
LogDevObjectVersion:   Dev-VR (D7296918-1DD6-4BDD-9DE2-64A83CC13884): 2
LogDevObjectVersion:   Dev-LoadTimes (C2A15278-BFE7-4AFE-6C17-90FF531DF755): 1
LogDevObjectVersion:   Private-Geometry (6EACA3D4-40EC-4CC1-B786-8BED09428FC5): 3
LogDevObjectVersion:   Dev-AnimPhys (29E575DD-E0A3-4627-9D10-D276232CDCEA): 17
LogDevObjectVersion:   Dev-Anim (AF43A65D-7FD3-4947-9873-3E8ED9C1BB05): 2
LogDevObjectVersion:   Dev-ReflectionCapture (6B266CEC-1EC7-4B8F-A30B-E4D90942FC07): 1
LogDevObjectVersion:   Dev-Automation (0DF73D61-A23F-47EA-B727-89E90C41499A): 1
LogDevObjectVersion:   FortniteMain (601D1886-AC64-4F84-AA16-D3DE0DEAC7D6): 25
LogDevObjectVersion:   Dev-Enterprise (9DFFBCD6-494F-0158-E221-12823C92A888): 6
LogDevObjectVersion:   Dev-Niagara (F2AED0AC-9AFE-416F-8664-AA7FFA26D6FC): 1
LogDevObjectVersion:   Dev-Destruction (174F1F0B-B4C6-45A5-B13F-2EE8D0FB917D): 2
LogInit: Presizing for max 16777216 objects, including 0 objects not considered by GC, pre-allocating 0 bytes for permanent pool.
LogInit: Object subsystem initialized
LogConfig: Setting CVar [[con.DebugEarlyDefault:1]]
LogConfig: Setting CVar [[r.setres:1280x720]]
[2020.04.05-20.19.09:615][  0]LogConfig: Setting CVar [[r.VSync:0]]
[2020.04.05-20.19.09:615][  0]LogConfig: Setting CVar [[r.RHICmdBypass:0]]
[2020.04.05-20.19.09:615][  0]LogConfig: Applying CVar settings from Section [/Script/Engine.RendererSettings] File [D:/GameJams/unga/UngaBunga/Saved/Config/Windows/Engine.ini]
[2020.04.05-20.19.09:615][  0]LogConfig: Setting CVar [[r.GPUCrashDebugging:0]]
[2020.04.05-20.19.09:615][  0]LogConfig: Applying CVar settings from Section [/Script/Engine.RendererOverrideSettings] File [D:/GameJams/unga/UngaBunga/Saved/Config/Windows/Engine.ini]
[2020.04.05-20.19.09:615][  0]LogConfig: Applying CVar settings from Section [/Script/Engine.StreamingSettings] File [D:/GameJams/unga/UngaBunga/Saved/Config/Windows/Engine.ini]
[2020.04.05-20.19.09:615][  0]LogConfig: Setting CVar [[s.MinBulkDataSizeForAsyncLoading:131072]]
[2020.04.05-20.19.09:615][  0]LogConfig: Setting CVar [[s.AsyncLoadingThreadEnabled:0]]
[2020.04.05-20.19.09:615][  0]LogConfig: Setting CVar [[s.EventDrivenLoaderEnabled:1]]
[2020.04.05-20.19.09:615][  0]LogConfig: Setting CVar [[s.WarnIfTimeLimitExceeded:0]]
[2020.04.05-20.19.09:615][  0]LogConfig: Setting CVar [[s.TimeLimitExceededMultiplier:1.5]]
[2020.04.05-20.19.09:615][  0]LogConfig: Setting CVar [[s.TimeLimitExceededMinTime:0.005]]
[2020.04.05-20.19.09:615][  0]LogConfig: Setting CVar [[s.UseBackgroundLevelStreaming:1]]
[2020.04.05-20.19.09:616][  0]LogConfig: Setting CVar [[s.PriorityAsyncLoadingExtraTime:15.0]]
[2020.04.05-20.19.09:616][  0]LogConfig: Setting CVar [[s.LevelStreamingActorsUpdateTimeLimit:5.0]]
[2020.04.05-20.19.09:616][  0]LogConfig: Setting CVar [[s.PriorityLevelStreamingActorsUpdateExtraTime:5.0]]
[2020.04.05-20.19.09:616][  0]LogConfig: Setting CVar [[s.LevelStreamingComponentsRegistrationGranularity:10]]
[2020.04.05-20.19.09:616][  0]LogConfig: Setting CVar [[s.UnregisterComponentsTimeLimit:1.0]]
[2020.04.05-20.19.09:616][  0]LogConfig: Setting CVar [[s.LevelStreamingComponentsUnregistrationGranularity:5]]
[2020.04.05-20.19.09:616][  0]LogConfig: Applying CVar settings from Section [/Script/Engine.GarbageCollectionSettings] File [D:/GameJams/unga/UngaBunga/Saved/Config/Windows/Engine.ini]
[2020.04.05-20.19.09:616][  0]LogConfig: Setting CVar [[gc.MaxObjectsNotConsideredByGC:1]]
[2020.04.05-20.19.09:616][  0]LogConfig: Setting CVar [[gc.SizeOfPermanentObjectPool:0]]
[2020.04.05-20.19.09:616][  0]LogConfig: Setting CVar [[gc.FlushStreamingOnGC:0]]
[2020.04.05-20.19.09:616][  0]LogConfig: Setting CVar [[gc.NumRetriesBeforeForcingGC:10]]
[2020.04.05-20.19.09:616][  0]LogConfig: Setting CVar [[gc.AllowParallelGC:1]]
[2020.04.05-20.19.09:616][  0]LogConfig: Setting CVar [[gc.TimeBetweenPurgingPendingKillObjects:61.1]]
[2020.04.05-20.19.09:616][  0]LogConfig: Setting CVar [[gc.MaxObjectsInEditor:16777216]]
[2020.04.05-20.19.09:616][  0]LogConfig: Setting CVar [[gc.IncrementalBeginDestroyEnabled:1]]
[2020.04.05-20.19.09:616][  0]LogConfig: Setting CVar [[gc.CreateGCClusters:1]]
[2020.04.05-20.19.09:616][  0]LogConfig: Setting CVar [[gc.MinGCClusterSize:5]]
[2020.04.05-20.19.09:616][  0]LogConfig: Setting CVar [[gc.ActorClusteringEnabled:0]]
[2020.04.05-20.19.09:616][  0]LogConfig: Setting CVar [[gc.BlueprintClusteringEnabled:0]]
[2020.04.05-20.19.09:616][  0]LogConfig: Setting CVar [[gc.UseDisregardForGCOnDedicatedServers:0]]
[2020.04.05-20.19.09:616][  0]LogConfig: Applying CVar settings from Section [/Script/Engine.NetworkSettings] File [D:/GameJams/unga/UngaBunga/Saved/Config/Windows/Engine.ini]
[2020.04.05-20.19.09:616][  0]LogConfig: Applying CVar settings from Section [/Script/UnrealEd.CookerSettings] File [D:/GameJams/unga/UngaBunga/Saved/Config/Windows/Engine.ini]
[2020.04.05-20.19.09:618][  0]LogConfig: Applying CVar settings from Section [ViewDistanceQuality@3] File [D:/GameJams/unga/UngaBunga/Saved/Config/Windows/Scalability.ini]
[2020.04.05-20.19.09:618][  0]LogConfig: Setting CVar [[r.SkeletalMeshLODBias:0]]
[2020.04.05-20.19.09:618][  0]LogConfig: Setting CVar [[r.ViewDistanceScale:1.0]]
[2020.04.05-20.19.09:618][  0]LogConfig: Applying CVar settings from Section [AntiAliasingQuality@3] File [D:/GameJams/unga/UngaBunga/Saved/Config/Windows/Scalability.ini]
[2020.04.05-20.19.09:618][  0]LogConfig: Setting CVar [[r.PostProcessAAQuality:4]]
[2020.04.05-20.19.09:618][  0]LogConfig: Applying CVar settings from Section [ShadowQuality@3] File [D:/GameJams/unga/UngaBunga/Saved/Config/Windows/Scalability.ini]
[2020.04.05-20.19.09:618][  0]LogConfig: Setting CVar [[r.LightFunctionQuality:1]]
[2020.04.05-20.19.09:618][  0]LogConfig: Setting CVar [[r.ShadowQuality:5]]
[2020.04.05-20.19.09:618][  0]LogConfig: Setting CVar [[r.Shadow.CSM.MaxCascades:10]]
[2020.04.05-20.19.09:618][  0]LogConfig: Setting CVar [[r.Shadow.MaxResolution:2048]]
[2020.04.05-20.19.09:618][  0]LogConfig: Setting CVar [[r.Shadow.MaxCSMResolution:2048]]
[2020.04.05-20.19.09:618][  0]LogConfig: Setting CVar [[r.Shadow.RadiusThreshold:0.01]]
[2020.04.05-20.19.09:618][  0]LogConfig: Setting CVar [[r.Shadow.DistanceScale:1.0]]
[2020.04.05-20.19.09:618][  0]LogConfig: Setting CVar [[r.Shadow.CSM.TransitionScale:1.0]]
[2020.04.05-20.19.09:618][  0]LogConfig: Setting CVar [[r.Shadow.PreShadowResolutionFactor:1.0]]
[2020.04.05-20.19.09:618][  0]LogConfig: Setting CVar [[r.DistanceFieldShadowing:1]]
[2020.04.05-20.19.09:618][  0]LogConfig: Setting CVar [[r.DistanceFieldAO:1]]
[2020.04.05-20.19.09:618][  0]LogConfig: Setting CVar [[r.AOQuality:2]]
[2020.04.05-20.19.09:618][  0]LogConfig: Setting CVar [[r.VolumetricFog:1]]
[2020.04.05-20.19.09:618][  0]LogConfig: Setting CVar [[r.VolumetricFog.GridPixelSize:8]]
[2020.04.05-20.19.09:618][  0]LogConfig: Setting CVar [[r.VolumetricFog.GridSizeZ:128]]
[2020.04.05-20.19.09:618][  0]LogConfig: Setting CVar [[r.VolumetricFog.HistoryMissSupersampleCount:4]]
[2020.04.05-20.19.09:618][  0]LogConfig: Setting CVar [[r.LightMaxDrawDistanceScale:1]]
[2020.04.05-20.19.09:618][  0]LogConfig: Setting CVar [[r.CapsuleShadows:1]]
[2020.04.05-20.19.09:618][  0]LogConfig: Applying CVar settings from Section [PostProcessQuality@3] File [D:/GameJams/unga/UngaBunga/Saved/Config/Windows/Scalability.ini]
[2020.04.05-20.19.09:618][  0]LogConfig: Setting CVar [[r.MotionBlurQuality:4]]
[2020.04.05-20.19.09:618][  0]LogConfig: Setting CVar [[r.AmbientOcclusionMipLevelFactor:0.4]]
[2020.04.05-20.19.09:618][  0]LogConfig: Setting CVar [[r.AmbientOcclusionMaxQuality:100]]
[2020.04.05-20.19.09:618][  0]LogConfig: Setting CVar [[r.AmbientOcclusionLevels:-1]]
[2020.04.05-20.19.09:618][  0]LogConfig: Setting CVar [[r.AmbientOcclusionRadiusScale:1.0]]
[2020.04.05-20.19.09:618][  0]LogConfig: Setting CVar [[r.DepthOfFieldQuality:2]]
[2020.04.05-20.19.09:618][  0]LogConfig: Setting CVar [[r.RenderTargetPoolMin:400]]
[2020.04.05-20.19.09:618][  0]LogConfig: Setting CVar [[r.LensFlareQuality:2]]
[2020.04.05-20.19.09:618][  0]LogConfig: Setting CVar [[r.SceneColorFringeQuality:1]]
[2020.04.05-20.19.09:618][  0]LogConfig: Setting CVar [[r.EyeAdaptationQuality:2]]
[2020.04.05-20.19.09:618][  0]LogConfig: Setting CVar [[r.BloomQuality:5]]
[2020.04.05-20.19.09:618][  0]LogConfig: Setting CVar [[r.FastBlurThreshold:100]]
[2020.04.05-20.19.09:618][  0]LogConfig: Setting CVar [[r.Upscale.Quality:3]]
[2020.04.05-20.19.09:618][  0]LogConfig: Setting CVar [[r.Tonemapper.GrainQuantization:1]]
[2020.04.05-20.19.09:618][  0]LogConfig: Setting CVar [[r.LightShaftQuality:1]]
[2020.04.05-20.19.09:618][  0]LogConfig: Setting CVar [[r.Filter.SizeScale:1]]
[2020.04.05-20.19.09:618][  0]LogConfig: Setting CVar [[r.Tonemapper.Quality:5]]
[2020.04.05-20.19.09:618][  0]LogConfig: Setting CVar [[r.DOF.Gather.AccumulatorQuality:1        ; higher gathering accumulator quality]]
[2020.04.05-20.19.09:618][  0]LogConfig: Setting CVar [[r.DOF.Gather.PostfilterMethod:1          ; Median3x3 postfilering method]]
[2020.04.05-20.19.09:618][  0]LogConfig: Setting CVar [[r.DOF.Gather.EnableBokehSettings:0       ; no bokeh simulation when gathering]]
[2020.04.05-20.19.09:618][  0]LogConfig: Setting CVar [[r.DOF.Gather.RingCount:4                 ; medium number of samples when gathering]]
[2020.04.05-20.19.09:618][  0]LogConfig: Setting CVar [[r.DOF.Scatter.ForegroundCompositing:1    ; additive foreground scattering]]
[2020.04.05-20.19.09:618][  0]LogConfig: Setting CVar [[r.DOF.Scatter.BackgroundCompositing:2    ; additive background scattering]]
[2020.04.05-20.19.09:618][  0]LogConfig: Setting CVar [[r.DOF.Scatter.EnableBokehSettings:1      ; bokeh simulation when scattering]]
[2020.04.05-20.19.09:618][  0]LogConfig: Setting CVar [[r.DOF.Scatter.MaxSpriteRatio:0.1         ; only a maximum of 10% of scattered bokeh]]
[2020.04.05-20.19.09:618][  0]LogConfig: Setting CVar [[r.DOF.Recombine.Quality:1                ; cheap slight out of focus]]
[2020.04.05-20.19.09:618][  0]LogConfig: Setting CVar [[r.DOF.Recombine.EnableBokehSettings:0    ; no bokeh simulation on slight out of focus]]
[2020.04.05-20.19.09:618][  0]LogConfig: Setting CVar [[r.DOF.TemporalAAQuality:1                ; more stable temporal accumulation]]
[2020.04.05-20.19.09:618][  0]LogConfig: Setting CVar [[r.DOF.Kernel.MaxForegroundRadius:0.025]]
[2020.04.05-20.19.09:618][  0]LogConfig: Setting CVar [[r.DOF.Kernel.MaxBackgroundRadius:0.025]]
[2020.04.05-20.19.09:618][  0]LogConfig: Applying CVar settings from Section [TextureQuality@3] File [D:/GameJams/unga/UngaBunga/Saved/Config/Windows/Scalability.ini]
[2020.04.05-20.19.09:618][  0]LogConfig: Setting CVar [[r.Streaming.MipBias:0]]
[2020.04.05-20.19.09:618][  0]LogConfig: Setting CVar [[r.Streaming.AmortizeCPUToGPUCopy:0]]
[2020.04.05-20.19.09:618][  0]LogConfig: Setting CVar [[r.Streaming.MaxNumTexturesToStreamPerFrame:0]]
[2020.04.05-20.19.09:618][  0]LogConfig: Setting CVar [[r.Streaming.Boost:1]]
[2020.04.05-20.19.09:618][  0]LogConfig: Setting CVar [[r.MaxAnisotropy:8]]
[2020.04.05-20.19.09:618][  0]LogConfig: Setting CVar [[r.Streaming.LimitPoolSizeToVRAM:0]]
[2020.04.05-20.19.09:618][  0]LogConfig: Setting CVar [[r.Streaming.PoolSize:1000]]
[2020.04.05-20.19.09:618][  0]LogConfig: Setting CVar [[r.Streaming.MaxEffectiveScreenSize:0]]
[2020.04.05-20.19.09:618][  0]LogConfig: Applying CVar settings from Section [EffectsQuality@3] File [D:/GameJams/unga/UngaBunga/Saved/Config/Windows/Scalability.ini]
[2020.04.05-20.19.09:619][  0]LogConfig: Setting CVar [[r.TranslucencyLightingVolumeDim:64]]
[2020.04.05-20.19.09:619][  0]LogConfig: Setting CVar [[r.RefractionQuality:2]]
[2020.04.05-20.19.09:619][  0]LogConfig: Setting CVar [[r.SSR.Quality:3]]
[2020.04.05-20.19.09:619][  0]LogConfig: Setting CVar [[r.SceneColorFormat:4]]
[2020.04.05-20.19.09:619][  0]LogConfig: Setting CVar [[r.DetailMode:2]]
[2020.04.05-20.19.09:619][  0]LogConfig: Setting CVar [[r.TranslucencyVolumeBlur:1]]
[2020.04.05-20.19.09:619][  0]LogConfig: Setting CVar [[r.MaterialQualityLevel:1 ; High quality]]
[2020.04.05-20.19.09:619][  0]LogConfig: Setting CVar [[r.SSS.Scale:1]]
[2020.04.05-20.19.09:619][  0]LogConfig: Setting CVar [[r.SSS.SampleSet:2]]
[2020.04.05-20.19.09:619][  0]LogConfig: Setting CVar [[r.SSS.Quality:1]]
[2020.04.05-20.19.09:619][  0]LogConfig: Setting CVar [[r.SSS.HalfRes:1]]
[2020.04.05-20.19.09:619][  0]LogConfig: Setting CVar [[r.EmitterSpawnRateScale:1.0]]
[2020.04.05-20.19.09:619][  0]LogConfig: Setting CVar [[r.ParticleLightQuality:2]]
[2020.04.05-20.19.09:619][  0]LogConfig: Applying CVar settings from Section [FoliageQuality@3] File [D:/GameJams/unga/UngaBunga/Saved/Config/Windows/Scalability.ini]
[2020.04.05-20.19.09:619][  0]LogConfig: Setting CVar [[foliage.DensityScale:1.0]]
[2020.04.05-20.19.09:619][  0]LogConfig: Setting CVar [[grass.DensityScale:1.0]]
[2020.04.05-20.19.09:619][  0]LogInit: Selected Device Profile: [Windows]
[2020.04.05-20.19.09:619][  0]LogInit: Applying CVar settings loaded from the selected device profile: [Windows]
[2020.04.05-20.19.09:634][  0]LogHAL: Display: Platform has ~ 16 GB [17124491264 / 17179869184 / 16], which maps to Larger [LargestMinGB=32, LargerMinGB=12, DefaultMinGB=8, SmallerMinGB=6, SmallestMinGB=0)
[2020.04.05-20.19.09:635][  0]LogConfig: Setting CVar [[r.Vulkan.UseRealUBs:0		; Required until we fix HLR fall-out]]
[2020.04.05-20.19.09:635][  0]LogInit: Going up to parent DeviceProfile []
[2020.04.05-20.19.09:635][  0]LogConfig: Applying CVar settings from Section [ViewDistanceQuality@3] File [D:/GameJams/unga/UngaBunga/Saved/Config/Windows/Scalability.ini]
[2020.04.05-20.19.09:635][  0]LogConfig: Setting CVar [[r.SkeletalMeshLODBias:0]]
[2020.04.05-20.19.09:635][  0]LogConfig: Setting CVar [[r.ViewDistanceScale:1.0]]
[2020.04.05-20.19.09:635][  0]LogConfig: Applying CVar settings from Section [AntiAliasingQuality@3] File [D:/GameJams/unga/UngaBunga/Saved/Config/Windows/Scalability.ini]
[2020.04.05-20.19.09:635][  0]LogConfig: Setting CVar [[r.PostProcessAAQuality:4]]
[2020.04.05-20.19.09:635][  0]LogConfig: Applying CVar settings from Section [ShadowQuality@3] File [D:/GameJams/unga/UngaBunga/Saved/Config/Windows/Scalability.ini]
[2020.04.05-20.19.09:635][  0]LogConfig: Setting CVar [[r.LightFunctionQuality:1]]
[2020.04.05-20.19.09:635][  0]LogConfig: Setting CVar [[r.ShadowQuality:5]]
[2020.04.05-20.19.09:635][  0]LogConfig: Setting CVar [[r.Shadow.CSM.MaxCascades:10]]
[2020.04.05-20.19.09:635][  0]LogConfig: Setting CVar [[r.Shadow.MaxResolution:2048]]
[2020.04.05-20.19.09:635][  0]LogConfig: Setting CVar [[r.Shadow.MaxCSMResolution:2048]]
[2020.04.05-20.19.09:635][  0]LogConfig: Setting CVar [[r.Shadow.RadiusThreshold:0.01]]
[2020.04.05-20.19.09:635][  0]LogConfig: Setting CVar [[r.Shadow.DistanceScale:1.0]]
[2020.04.05-20.19.09:635][  0]LogConfig: Setting CVar [[r.Shadow.CSM.TransitionScale:1.0]]
[2020.04.05-20.19.09:635][  0]LogConfig: Setting CVar [[r.Shadow.PreShadowResolutionFactor:1.0]]
[2020.04.05-20.19.09:635][  0]LogConfig: Setting CVar [[r.DistanceFieldShadowing:1]]
[2020.04.05-20.19.09:635][  0]LogConfig: Setting CVar [[r.DistanceFieldAO:1]]
[2020.04.05-20.19.09:635][  0]LogConfig: Setting CVar [[r.AOQuality:2]]
[2020.04.05-20.19.09:635][  0]LogConfig: Setting CVar [[r.VolumetricFog:1]]
[2020.04.05-20.19.09:635][  0]LogConfig: Setting CVar [[r.VolumetricFog.GridPixelSize:8]]
[2020.04.05-20.19.09:635][  0]LogConfig: Setting CVar [[r.VolumetricFog.GridSizeZ:128]]
[2020.04.05-20.19.09:635][  0]LogConfig: Setting CVar [[r.VolumetricFog.HistoryMissSupersampleCount:4]]
[2020.04.05-20.19.09:635][  0]LogConfig: Setting CVar [[r.LightMaxDrawDistanceScale:1]]
[2020.04.05-20.19.09:635][  0]LogConfig: Setting CVar [[r.CapsuleShadows:1]]
[2020.04.05-20.19.09:635][  0]LogConfig: Applying CVar settings from Section [PostProcessQuality@3] File [D:/GameJams/unga/UngaBunga/Saved/Config/Windows/Scalability.ini]
[2020.04.05-20.19.09:635][  0]LogConfig: Setting CVar [[r.MotionBlurQuality:4]]
[2020.04.05-20.19.09:635][  0]LogConfig: Setting CVar [[r.AmbientOcclusionMipLevelFactor:0.4]]
[2020.04.05-20.19.09:635][  0]LogConfig: Setting CVar [[r.AmbientOcclusionMaxQuality:100]]
[2020.04.05-20.19.09:635][  0]LogConfig: Setting CVar [[r.AmbientOcclusionLevels:-1]]
[2020.04.05-20.19.09:635][  0]LogConfig: Setting CVar [[r.AmbientOcclusionRadiusScale:1.0]]
[2020.04.05-20.19.09:635][  0]LogConfig: Setting CVar [[r.DepthOfFieldQuality:2]]
[2020.04.05-20.19.09:635][  0]LogConfig: Setting CVar [[r.RenderTargetPoolMin:400]]
[2020.04.05-20.19.09:635][  0]LogConfig: Setting CVar [[r.LensFlareQuality:2]]
[2020.04.05-20.19.09:635][  0]LogConfig: Setting CVar [[r.SceneColorFringeQuality:1]]
[2020.04.05-20.19.09:635][  0]LogConfig: Setting CVar [[r.EyeAdaptationQuality:2]]
[2020.04.05-20.19.09:635][  0]LogConfig: Setting CVar [[r.BloomQuality:5]]
[2020.04.05-20.19.09:635][  0]LogConfig: Setting CVar [[r.FastBlurThreshold:100]]
[2020.04.05-20.19.09:635][  0]LogConfig: Setting CVar [[r.Upscale.Quality:3]]
[2020.04.05-20.19.09:635][  0]LogConfig: Setting CVar [[r.Tonemapper.GrainQuantization:1]]
[2020.04.05-20.19.09:635][  0]LogConfig: Setting CVar [[r.LightShaftQuality:1]]
[2020.04.05-20.19.09:635][  0]LogConfig: Setting CVar [[r.Filter.SizeScale:1]]
[2020.04.05-20.19.09:635][  0]LogConfig: Setting CVar [[r.Tonemapper.Quality:5]]
[2020.04.05-20.19.09:635][  0]LogConfig: Setting CVar [[r.DOF.Gather.AccumulatorQuality:1        ; higher gathering accumulator quality]]
[2020.04.05-20.19.09:635][  0]LogConfig: Setting CVar [[r.DOF.Gather.PostfilterMethod:1          ; Median3x3 postfilering method]]
[2020.04.05-20.19.09:635][  0]LogConfig: Setting CVar [[r.DOF.Gather.EnableBokehSettings:0       ; no bokeh simulation when gathering]]
[2020.04.05-20.19.09:635][  0]LogConfig: Setting CVar [[r.DOF.Gather.RingCount:4                 ; medium number of samples when gathering]]
[2020.04.05-20.19.09:635][  0]LogConfig: Setting CVar [[r.DOF.Scatter.ForegroundCompositing:1    ; additive foreground scattering]]
[2020.04.05-20.19.09:635][  0]LogConfig: Setting CVar [[r.DOF.Scatter.BackgroundCompositing:2    ; additive background scattering]]
[2020.04.05-20.19.09:635][  0]LogConfig: Setting CVar [[r.DOF.Scatter.EnableBokehSettings:1      ; bokeh simulation when scattering]]
[2020.04.05-20.19.09:635][  0]LogConfig: Setting CVar [[r.DOF.Scatter.MaxSpriteRatio:0.1         ; only a maximum of 10% of scattered bokeh]]
[2020.04.05-20.19.09:635][  0]LogConfig: Setting CVar [[r.DOF.Recombine.Quality:1                ; cheap slight out of focus]]
[2020.04.05-20.19.09:635][  0]LogConfig: Setting CVar [[r.DOF.Recombine.EnableBokehSettings:0    ; no bokeh simulation on slight out of focus]]
[2020.04.05-20.19.09:635][  0]LogConfig: Setting CVar [[r.DOF.TemporalAAQuality:1                ; more stable temporal accumulation]]
[2020.04.05-20.19.09:635][  0]LogConfig: Setting CVar [[r.DOF.Kernel.MaxForegroundRadius:0.025]]
[2020.04.05-20.19.09:635][  0]LogConfig: Setting CVar [[r.DOF.Kernel.MaxBackgroundRadius:0.025]]
[2020.04.05-20.19.09:635][  0]LogConfig: Applying CVar settings from Section [TextureQuality@3] File [D:/GameJams/unga/UngaBunga/Saved/Config/Windows/Scalability.ini]
[2020.04.05-20.19.09:635][  0]LogConfig: Setting CVar [[r.Streaming.MipBias:0]]
[2020.04.05-20.19.09:635][  0]LogConfig: Setting CVar [[r.Streaming.AmortizeCPUToGPUCopy:0]]
[2020.04.05-20.19.09:635][  0]LogConfig: Setting CVar [[r.Streaming.MaxNumTexturesToStreamPerFrame:0]]
[2020.04.05-20.19.09:635][  0]LogConfig: Setting CVar [[r.Streaming.Boost:1]]
[2020.04.05-20.19.09:635][  0]LogConfig: Setting CVar [[r.MaxAnisotropy:8]]
[2020.04.05-20.19.09:635][  0]LogConfig: Setting CVar [[r.Streaming.LimitPoolSizeToVRAM:0]]
[2020.04.05-20.19.09:635][  0]LogConfig: Setting CVar [[r.Streaming.PoolSize:1000]]
[2020.04.05-20.19.09:635][  0]LogConfig: Setting CVar [[r.Streaming.MaxEffectiveScreenSize:0]]
[2020.04.05-20.19.09:635][  0]LogConfig: Applying CVar settings from Section [EffectsQuality@3] File [D:/GameJams/unga/UngaBunga/Saved/Config/Windows/Scalability.ini]
[2020.04.05-20.19.09:635][  0]LogConfig: Setting CVar [[r.TranslucencyLightingVolumeDim:64]]
[2020.04.05-20.19.09:635][  0]LogConfig: Setting CVar [[r.RefractionQuality:2]]
[2020.04.05-20.19.09:635][  0]LogConfig: Setting CVar [[r.SSR.Quality:3]]
[2020.04.05-20.19.09:635][  0]LogConfig: Setting CVar [[r.SceneColorFormat:4]]
[2020.04.05-20.19.09:635][  0]LogConfig: Setting CVar [[r.DetailMode:2]]
[2020.04.05-20.19.09:635][  0]LogConfig: Setting CVar [[r.TranslucencyVolumeBlur:1]]
[2020.04.05-20.19.09:635][  0]LogConfig: Setting CVar [[r.MaterialQualityLevel:1 ; High quality]]
[2020.04.05-20.19.09:635][  0]LogConfig: Setting CVar [[r.SSS.Scale:1]]
[2020.04.05-20.19.09:635][  0]LogConfig: Setting CVar [[r.SSS.SampleSet:2]]
[2020.04.05-20.19.09:636][  0]LogConfig: Setting CVar [[r.SSS.Quality:1]]
[2020.04.05-20.19.09:636][  0]LogConfig: Setting CVar [[r.SSS.HalfRes:1]]
[2020.04.05-20.19.09:636][  0]LogConfig: Setting CVar [[r.EmitterSpawnRateScale:1.0]]
[2020.04.05-20.19.09:636][  0]LogConfig: Setting CVar [[r.ParticleLightQuality:2]]
[2020.04.05-20.19.09:636][  0]LogConfig: Applying CVar settings from Section [FoliageQuality@3] File [D:/GameJams/unga/UngaBunga/Saved/Config/Windows/Scalability.ini]
[2020.04.05-20.19.09:636][  0]LogConfig: Setting CVar [[foliage.DensityScale:1.0]]
[2020.04.05-20.19.09:636][  0]LogConfig: Setting CVar [[grass.DensityScale:1.0]]
[2020.04.05-20.19.09:636][  0]LogConfig: Applying CVar settings from Section [Startup] File [../../../Engine/Config/ConsoleVariables.ini]
[2020.04.05-20.19.09:636][  0]LogConfig: Setting CVar [[net.UseAdaptiveNetUpdateFrequency:0]]
[2020.04.05-20.19.09:636][  0]LogConfig: Setting CVar [[p.chaos.AllowCreatePhysxBodies:1]]
[2020.04.05-20.19.09:636][  0]LogConfig: Applying CVar settings from Section [ConsoleVariables] File [D:/GameJams/unga/UngaBunga/Saved/Config/Windows/Engine.ini]
[2020.04.05-20.19.09:636][  0]LogInit: Computer: DESKTOP-MN3TC04
[2020.04.05-20.19.09:636][  0]LogInit: User: Donnie
[2020.04.05-20.19.09:636][  0]LogInit: CPU Page size=4096, Cores=6
[2020.04.05-20.19.09:636][  0]LogInit: High frequency timer resolution =10.000000 MHz
[2020.04.05-20.19.09:636][  0]LogMemory: Memory total: Physical=15.9GB (16GB approx)
[2020.04.05-20.19.09:636][  0]LogMemory: Platform Memory Stats for Windows
[2020.04.05-20.19.09:636][  0]LogMemory: Process Physical Memory: 97.85 MB used, 97.86 MB peak
[2020.04.05-20.19.09:636][  0]LogMemory: Process Virtual Memory: 89.80 MB used, 89.80 MB peak
[2020.04.05-20.19.09:636][  0]LogMemory: Physical Memory: 5509.88 MB used,  10821.31 MB free, 16331.19 MB total
[2020.04.05-20.19.09:636][  0]LogMemory: Virtual Memory: 4660.49 MB used,  134213064.00 MB free, 134217728.00 MB total
[2020.04.05-20.19.09:658][  0]LogInit: Using OS detected language (en-US).
[2020.04.05-20.19.09:658][  0]LogInit: Using OS detected locale (en-US).
[2020.04.05-20.19.09:659][  0]LogTextLocalizationManager: No specific localization for 'en-US' exists, so the 'en' localization will be used.
[2020.04.05-20.19.09:791][  0]LogInit: Setting process to per monitor DPI aware
[2020.04.05-20.19.09:829][  0]LogSlate: New Slate User Created.  User Index 0, Is Virtual User: 0
[2020.04.05-20.19.09:829][  0]LogSlate: Slate User Registered.  User Index 0, Is Virtual User: 0
[2020.04.05-20.19.10:061][  0]LogHMD: Failed to initialize OpenVR with code 110
[2020.04.05-20.19.10:061][  0]LogD3D11RHI: D3D11 adapters:
[2020.04.05-20.19.10:138][  0]LogD3D11RHI:    0. 'NVIDIA GeForce RTX 2060' (Feature Level 11_0)
[2020.04.05-20.19.10:138][  0]LogD3D11RHI:       5980/0/8165 MB DedicatedVideo/DedicatedSystem/SharedSystem, Outputs:1, VendorId:0x10de
[2020.04.05-20.19.10:140][  0]LogD3D11RHI:    1. 'Microsoft Basic Render Driver' (Feature Level 11_0)
[2020.04.05-20.19.10:140][  0]LogD3D11RHI:       0/0/8165 MB DedicatedVideo/DedicatedSystem/SharedSystem, Outputs:0, VendorId:0x1414
[2020.04.05-20.19.10:140][  0]LogD3D11RHI: Chosen D3D11 Adapter: 0
[2020.04.05-20.19.10:148][  0]LogD3D11RHI: Creating new Direct3DDevice
[2020.04.05-20.19.10:148][  0]LogD3D11RHI:     GPU DeviceId: 0x1f08 (for the marketing name, search the web for "GPU Device Id")
[2020.04.05-20.19.10:148][  0]LogWindows: EnumDisplayDevices:
[2020.04.05-20.19.10:148][  0]LogWindows:    0. 'NVIDIA GeForce RTX 2060' (P:1 D:1)
[2020.04.05-20.19.10:148][  0]LogWindows:    1. 'NVIDIA GeForce RTX 2060' (P:0 D:0)
[2020.04.05-20.19.10:148][  0]LogWindows:    2. 'NVIDIA GeForce RTX 2060' (P:0 D:0)
[2020.04.05-20.19.10:149][  0]LogWindows:    3. 'NVIDIA GeForce RTX 2060' (P:0 D:0)
[2020.04.05-20.19.10:149][  0]LogWindows: DebugString: FoundDriverCount:4 
[2020.04.05-20.19.10:149][  0]LogD3D11RHI:     Adapter Name: NVIDIA GeForce RTX 2060
[2020.04.05-20.19.10:149][  0]LogD3D11RHI:   Driver Version: 441.66 (internal:26.21.14.4166, unified:441.66)
[2020.04.05-20.19.10:149][  0]LogD3D11RHI:      Driver Date: 12-6-2019
[2020.04.05-20.19.10:149][  0]LogRHI: Texture pool is 4186 MB (70% of 5980 MB)
[2020.04.05-20.19.10:199][  0]LogD3D11RHI: Async texture creation enabled
[2020.04.05-20.19.10:209][  0]LogRendererCore: FGlobalReadBuffer::InitRHI
[2020.04.05-20.19.10:209][  0]LogRendererCore: FGlobalReadBuffer::InitRHI
[2020.04.05-20.19.10:209][  0]LogRendererCore: FGlobalReadBuffer::InitRHI
[2020.04.05-20.19.10:216][  0]LogD3D11RHI: GPU Timing Frequency: 1000.000000 (Debug: 2 1)
[2020.04.05-20.19.10:462][  0]LogTemp: Display: Module 'AllDesktopTargetPlatform' loaded TargetPlatform 'AllDesktop'
[2020.04.05-20.19.10:476][  0]LogTemp: Display: Module 'MacClientTargetPlatform' loaded TargetPlatform 'MacClient'
[2020.04.05-20.19.10:489][  0]LogTemp: Display: Module 'MacNoEditorTargetPlatform' loaded TargetPlatform 'MacNoEditor'
[2020.04.05-20.19.10:503][  0]LogTemp: Display: Module 'MacServerTargetPlatform' loaded TargetPlatform 'MacServer'
[2020.04.05-20.19.10:516][  0]LogTemp: Display: Module 'MacTargetPlatform' loaded TargetPlatform 'Mac'
[2020.04.05-20.19.10:533][  0]LogTemp: Display: Module 'WindowsClientTargetPlatform' loaded TargetPlatform 'WindowsClient'
[2020.04.05-20.19.10:546][  0]LogTemp: Display: Module 'WindowsNoEditorTargetPlatform' loaded TargetPlatform 'WindowsNoEditor'
[2020.04.05-20.19.10:559][  0]LogTemp: Display: Module 'WindowsServerTargetPlatform' loaded TargetPlatform 'WindowsServer'
[2020.04.05-20.19.10:565][  0]LogTemp: Display: Module 'WindowsTargetPlatform' loaded TargetPlatform 'Windows'
[2020.04.05-20.19.10:647][  0]LogTemp: Display: Module 'AndroidTargetPlatform' loaded TargetPlatform 'Android'
[2020.04.05-20.19.10:647][  0]LogTemp: Display: Module 'AndroidTargetPlatform' loaded TargetPlatform 'Android_ASTC'
[2020.04.05-20.19.10:647][  0]LogTemp: Display: Module 'AndroidTargetPlatform' loaded TargetPlatform 'Android_ATC'
[2020.04.05-20.19.10:647][  0]LogTemp: Display: Module 'AndroidTargetPlatform' loaded TargetPlatform 'Android_DXT'
[2020.04.05-20.19.10:647][  0]LogTemp: Display: Module 'AndroidTargetPlatform' loaded TargetPlatform 'Android_ETC1'
[2020.04.05-20.19.10:647][  0]LogTemp: Display: Module 'AndroidTargetPlatform' loaded TargetPlatform 'Android_ETC1a'
[2020.04.05-20.19.10:647][  0]LogTemp: Display: Module 'AndroidTargetPlatform' loaded TargetPlatform 'Android_ETC2'
[2020.04.05-20.19.10:647][  0]LogTemp: Display: Module 'AndroidTargetPlatform' loaded TargetPlatform 'Android_PVRTC'
[2020.04.05-20.19.10:647][  0]LogTemp: Display: Module 'AndroidTargetPlatform' loaded TargetPlatform 'AndroidClient'
[2020.04.05-20.19.10:647][  0]LogTemp: Display: Module 'AndroidTargetPlatform' loaded TargetPlatform 'Android_ASTCClient'
[2020.04.05-20.19.10:647][  0]LogTemp: Display: Module 'AndroidTargetPlatform' loaded TargetPlatform 'Android_ATCClient'
[2020.04.05-20.19.10:647][  0]LogTemp: Display: Module 'AndroidTargetPlatform' loaded TargetPlatform 'Android_DXTClient'
[2020.04.05-20.19.10:647][  0]LogTemp: Display: Module 'AndroidTargetPlatform' loaded TargetPlatform 'Android_ETC1Client'
[2020.04.05-20.19.10:647][  0]LogTemp: Display: Module 'AndroidTargetPlatform' loaded TargetPlatform 'Android_ETC1aClient'
[2020.04.05-20.19.10:647][  0]LogTemp: Display: Module 'AndroidTargetPlatform' loaded TargetPlatform 'Android_ETC2Client'
[2020.04.05-20.19.10:647][  0]LogTemp: Display: Module 'AndroidTargetPlatform' loaded TargetPlatform 'Android_PVRTCClient'
[2020.04.05-20.19.10:647][  0]LogTemp: Display: Module 'AndroidTargetPlatform' loaded TargetPlatform 'Android_Multi'
[2020.04.05-20.19.10:647][  0]LogTemp: Display: Module 'AndroidTargetPlatform' loaded TargetPlatform 'Android_MultiClient'
[2020.04.05-20.19.10:649][  0]LogTemp: Display: Module 'HTML5TargetPlatform' loaded TargetPlatform 'HTML5'
[2020.04.05-20.19.10:700][  0]LogTemp: Display: Module 'IOSTargetPlatform' loaded TargetPlatform 'IOSClient'
[2020.04.05-20.19.10:700][  0]LogTemp: Display: Module 'IOSTargetPlatform' loaded TargetPlatform 'IOS'
[2020.04.05-20.19.10:724][  0]LogTemp: Display: Module 'TVOSTargetPlatform' loaded TargetPlatform 'TVOSClient'
[2020.04.05-20.19.10:724][  0]LogTemp: Display: Module 'TVOSTargetPlatform' loaded TargetPlatform 'TVOS'
[2020.04.05-20.19.10:737][  0]LogTemp: Display: Module 'LinuxClientTargetPlatform' loaded TargetPlatform 'LinuxClient'
[2020.04.05-20.19.10:749][  0]LogTemp: Display: Module 'LinuxNoEditorTargetPlatform' loaded TargetPlatform 'LinuxNoEditor'
[2020.04.05-20.19.10:762][  0]LogTemp: Display: Module 'LinuxServerTargetPlatform' loaded TargetPlatform 'LinuxServer'
[2020.04.05-20.19.10:775][  0]LogTemp: Display: Module 'LinuxTargetPlatform' loaded TargetPlatform 'Linux'
[2020.04.05-20.19.10:821][  0]LogTemp: Display: Module 'LuminTargetPlatform' loaded TargetPlatform 'Lumin'
[2020.04.05-20.19.10:821][  0]LogTemp: Display: Module 'LuminTargetPlatform' loaded TargetPlatform 'LuminClient'
[2020.04.05-20.19.10:821][  0]LogTargetPlatformManager: Display: Building Assets For Windows
[2020.04.05-20.19.10:828][  0]LogAudioDebug: Display: Lib vorbis DLL was dynamically loaded.
[2020.04.05-20.19.10:866][  0]LogShaderCompilers: Guid format shader working directory is 11 characters bigger than the processId version (../../../../GameJams/unga/UngaBunga/Intermediate/Shaders/WorkingDirectory/15444/).
[2020.04.05-20.19.10:867][  0]LogShaderCompilers: Cleaned the shader compiler working directory 'C:/Users/Donnie/AppData/Local/Temp/UnrealShaderWorkingDir/A3F98D5A46E3E8DDD1B681858535CBBF/'.
[2020.04.05-20.19.10:868][  0]LogXGEController: Cannot use XGE Controller as Incredibuild is not installed on this machine.
[2020.04.05-20.19.10:868][  0]LogShaderCompilers: Cannot use XGE Shader Compiler as Incredibuild is not installed on this machine.
[2020.04.05-20.19.10:868][  0]LogShaderCompilers: Display: Using Local Shader Compiler.
[2020.04.05-20.19.11:389][  0]LogDerivedDataCache: Display: Max Cache Size: 512 MB
[2020.04.05-20.19.11:428][  0]LogDerivedDataCache: Loaded boot cache 0.04s 71MB C:/Users/Donnie/AppData/Local/UnrealEngine/4.22/DerivedDataCache/Boot.ddc.
[2020.04.05-20.19.11:428][  0]LogDerivedDataCache: Display: Loaded Boot cache: C:/Users/Donnie/AppData/Local/UnrealEngine/4.22/DerivedDataCache/Boot.ddc
[2020.04.05-20.19.11:428][  0]LogDerivedDataCache: FDerivedDataBackendGraph:  Pak pak cache file ../../../../GameJams/unga/UngaBunga/DerivedDataCache/DDC.ddp not found, will not use a pak cache.
[2020.04.05-20.19.11:428][  0]LogDerivedDataCache: Unable to find inner node Pak for hierarchical cache Hierarchy.
[2020.04.05-20.19.11:428][  0]LogDerivedDataCache: FDerivedDataBackendGraph:  CompressedPak pak cache file ../../../../GameJams/unga/UngaBunga/DerivedDataCache/Compressed.ddp not found, will not use a pak cache.
[2020.04.05-20.19.11:428][  0]LogDerivedDataCache: Unable to find inner node CompressedPak for hierarchical cache Hierarchy.
[2020.04.05-20.19.11:440][  0]LogDerivedDataCache: Display: Pak cache opened for reading ../../../Engine/DerivedDataCache/Compressed.ddp.
[2020.04.05-20.19.11:440][  0]LogDerivedDataCache: FDerivedDataBackendGraph:  EnterprisePak pak cache file ../../../Enterprise/DerivedDataCache/Compressed.ddp not found, will not use a pak cache.
[2020.04.05-20.19.11:440][  0]LogDerivedDataCache: Unable to find inner node EnterprisePak for hierarchical cache Hierarchy.
[2020.04.05-20.19.11:452][  0]LogDerivedDataCache: Using Local data cache path C:/Users/Donnie/AppData/Local/UnrealEngine/Common/DerivedDataCache: Writable
[2020.04.05-20.19.11:452][  0]LogDerivedDataCache: Shared data cache path not found in *engine.ini, will not use an Shared cache.
[2020.04.05-20.19.11:452][  0]LogDerivedDataCache: Unable to find inner node Shared for hierarchical cache Hierarchy.
[2020.04.05-20.19.11:474][  0]LogMaterial: Verifying Global Shaders for PCD3D_SM5
[2020.04.05-20.19.11:476][  0]LogSlate: Using FreeType 2.6.0
[2020.04.05-20.19.11:476][  0]LogSlate: SlateFontServices - WITH_FREETYPE: 1, WITH_HARFBUZZ: 1
[2020.04.05-20.19.11:565][  0]LogAssetRegistry: FAssetRegistry took 0.0342 seconds to start up
[2020.04.05-20.19.11:884][  0]LogInit: Selected Device Profile: [Windows]
[2020.04.05-20.19.12:003][  0]LogMeshReduction: Using QuadricMeshReduction for automatic static mesh reduction
[2020.04.05-20.19.12:003][  0]LogMeshReduction: Using SimplygonMeshReduction for automatic skeletal mesh reduction
[2020.04.05-20.19.12:003][  0]LogMeshReduction: Using ProxyLODMeshReduction for automatic mesh merging
[2020.04.05-20.19.12:003][  0]LogMeshReduction: No distributed automatic mesh merging module available
[2020.04.05-20.19.12:003][  0]LogMeshMerging: No distributed automatic mesh merging module available
[2020.04.05-20.19.12:012][  0]LogNetVersion: unga 1.0.0, NetCL: 5660361, EngineNetVer: 10, GameNetVer: 0 (Checksum: 2805561233)
[2020.04.05-20.19.12:360][  0]LogPackageLocalizationCache: Processed 10 localized package path(s) for 1 prioritized culture(s) in 0.036225 seconds
[2020.04.05-20.19.12:366][  0]LogUObjectArray: 42205 objects as part of root set at end of initial load.
[2020.04.05-20.19.12:366][  0]LogUObjectAllocator: 7325032 out of 0 bytes used by permanent object pool.
[2020.04.05-20.19.12:366][  0]LogUObjectArray: CloseDisregardForGC: 0/0 objects in disregard for GC pool
[2020.04.05-20.19.13:175][  0]LogTcpMessaging: Initializing TcpMessaging bridge
[2020.04.05-20.19.13:188][  0]LogUdpMessaging: Initializing bridge on interface 0.0.0.0:0 to multicast group 230.0.0.1:6666.
[2020.04.05-20.19.13:245][  0]LogUdpMessaging: Initializing tunnel on interface 0.0.0.0:0 to multicast group 230.0.0.1:6666.
[2020.04.05-20.19.13:309][  0]SourceControl: Source control is disabled
[2020.04.05-20.19.13:743][  0]LogAndroidPermission: UAndroidPermissionCallbackProxy::GetInstance
[2020.04.05-20.19.13:827][  0]LogOcInput: OculusInput pre-init called
[2020.04.05-20.19.14:541][  0]LogEngine: Initializing Engine...
[2020.04.05-20.19.14:542][  0]LogHMD: Failed to initialize OpenVR with code 110
[2020.04.05-20.19.14:544][  0]LogStats: UGameplayTagsManager::InitializeManager -  0.000 s
[2020.04.05-20.19.14:730][  0]LogInit: Initializing FReadOnlyCVARCache
[2020.04.05-20.19.14:739][  0]LogAIModule: Creating AISystem for world Untitled
[2020.04.05-20.19.14:762][  0]LogInit: XAudio2 using 'Speakers (Realtek(R) Audio)' : 2 channels at 48 kHz using 32 bits per sample (channel mask 0x3)
[2020.04.05-20.19.14:782][  0]LogInit: FAudioDevice initialized.
[2020.04.05-20.19.14:782][  0]LogNetVersion: Set ProjectVersion to 1.0.0.0. Version Checksum will be recalculated on next use.
[2020.04.05-20.19.14:863][  0]LogDerivedDataCache: Saved boot cache 0.08s 71MB C:/Users/Donnie/AppData/Local/UnrealEngine/4.22/DerivedDataCache/Boot.ddc.
[2020.04.05-20.19.14:867][  0]LogInit: Texture streaming: Enabled
[2020.04.05-20.19.14:882][  0]LogEngineSessionManager: EngineSessionManager initialized
[2020.04.05-20.19.14:901][  0]LogInit: Transaction tracking system initialized
[2020.04.05-20.19.14:917][  0]BlueprintLog: New page: Editor Load
[2020.04.05-20.19.14:977][  0]LocalizationService: Localization service is disabled
[2020.04.05-20.19.15:232][  0]LogCook: Display: Max memory allowance for cook 16384mb min free memory 0mb
[2020.04.05-20.19.15:232][  0]LogCook: Display: Mobile HDR setting 1
[2020.04.05-20.19.15:398][  0]LogFileCache: Scanning file cache for directory 'D:/GameJams/unga/UngaBunga/Content/' took 0.02s
[2020.04.05-20.19.15:398][  0]Cmd: MAP LOAD FILE="../../../../GameJams/unga/UngaBunga/Content/FirstPersonBP/Maps/FirstPersonExampleMap.umap" TEMPLATE=0 SHOWPROGRESS=1 FEATURELEVEL=3
[2020.04.05-20.19.15:398][  0]LightingResults: New page: Lighting Build
[2020.04.05-20.19.15:401][  0]MapCheck: New page: Map Check
[2020.04.05-20.19.15:401][  0]LightingResults: New page: Lighting Build
[2020.04.05-20.19.15:424][  0]LogUObjectHash: Compacting FUObjectHashTables data took   1.69ms
[2020.04.05-20.19.15:663][  0]LogMaterial: Display: Missing cached shader map for material M_Rock, compiling. 
[2020.04.05-20.19.15:664][  0]LogMaterial: Warning: D:\GameJams\unga\UngaBunga\Content\StarterContent\Props\Materials\M_Rock.uasset: Failed to compile Material for platform PCD3D_SM5, Default Material will be used in game.
[2020.04.05-20.19.15:664][  0]LogMaterial: 	(Node TextureSample) Texture Sample> Missing input texture
[2020.04.05-20.19.15:665][  0]LogAIModule: Creating AISystem for world FirstPersonExampleMap
[2020.04.05-20.19.15:673][  0]LogEditorServer: Finished looking for orphan Actors (0.000 secs)
[2020.04.05-20.19.15:706][  0]LogUObjectHash: Compacting FUObjectHashTables data took   2.35ms
[2020.04.05-20.19.15:706][  0]Cmd: MAP CHECKDEP NOCLEARLOG
[2020.04.05-20.19.15:706][  0]MapCheck: Map check complete: 0 Error(s), 0 Warning(s), took 0.103ms to complete.
[2020.04.05-20.19.15:706][  0]LogFileHelpers: Loading map 'FirstPersonExampleMap' took 0.308
[2020.04.05-20.19.15:839][  0]LogSlate: Updating window title bar state: overlay mode, drag disabled, window buttons hidden, title bar hidden
[2020.04.05-20.19.15:846][  0]LogSlate: Updating window title bar state: overlay mode, drag disabled, window buttons hidden, title bar hidden
[2020.04.05-20.19.15:853][  0]LogSlate: Updating window title bar state: overlay mode, drag disabled, window buttons hidden, title bar hidden
[2020.04.05-20.19.15:862][  0]LogSlate: Updating window title bar state: overlay mode, drag disabled, window buttons hidden, title bar hidden
[2020.04.05-20.19.15:867][  0]LogCollectionManager: Loaded 0 collections in 0.001174 seconds
[2020.04.05-20.19.15:905][  0]LogFileCache: Scanning file cache for directory 'D:/GameJams/unga/UngaBunga/Saved/Collections/' took 0.01s
[2020.04.05-20.19.15:905][  0]LogFileCache: Scanning file cache for directory 'D:/GameJams/unga/UngaBunga/Content/Developers/Donnie/Collections/' took 0.01s
[2020.04.05-20.19.15:905][  0]LogFileCache: Scanning file cache for directory 'D:/GameJams/unga/UngaBunga/Content/Collections/' took 0.01s
[2020.04.05-20.19.15:905][  0]LogCollectionManager: Rebuilt the GUID cache for 0 collections in 0.000000 seconds
[2020.04.05-20.19.15:915][  0]LogContentBrowser: Native class hierarchy populated in 0.0099 seconds. Added 2732 classes and 659 folders.
[2020.04.05-20.19.15:920][  0]LogContentBrowser: Native class hierarchy updated for 'WidgetCarousel' in 0.0003 seconds. Added 0 classes and 0 folders.
[2020.04.05-20.19.15:922][  0]LogPakFile: Registered encryption key '00000000000000000000000000000000': 0 pak files mounted, 0 remain pending
[2020.04.05-20.19.15:923][  0]LogPakFile: Registered encryption key '00000000000000000000000000000000': 0 pak files mounted, 0 remain pending
[2020.04.05-20.19.15:924][  0]LogPakFile: Registered encryption key '00000000000000000000000000000000': 0 pak files mounted, 0 remain pending
[2020.04.05-20.19.15:924][  0]LogPakFile: Registered encryption key '00000000000000000000000000000000': 0 pak files mounted, 0 remain pending
[2020.04.05-20.19.15:925][  0]LogPakFile: Registered encryption key '00000000000000000000000000000000': 0 pak files mounted, 0 remain pending
[2020.04.05-20.19.15:926][  0]LogPakFile: Registered encryption key '00000000000000000000000000000000': 0 pak files mounted, 0 remain pending
[2020.04.05-20.19.15:926][  0]LogPakFile: Registered encryption key '00000000000000000000000000000000': 0 pak files mounted, 0 remain pending
[2020.04.05-20.19.15:927][  0]LogPakFile: Registered encryption key '00000000000000000000000000000000': 0 pak files mounted, 0 remain pending
[2020.04.05-20.19.15:928][  0]LogPakFile: Registered encryption key '00000000000000000000000000000000': 0 pak files mounted, 0 remain pending
[2020.04.05-20.19.15:929][  0]LogPakFile: Registered encryption key '00000000000000000000000000000000': 0 pak files mounted, 0 remain pending
[2020.04.05-20.19.15:929][  0]LogPakFile: Registered encryption key '00000000000000000000000000000000': 0 pak files mounted, 0 remain pending
[2020.04.05-20.19.15:930][  0]LogPakFile: Registered encryption key '00000000000000000000000000000000': 0 pak files mounted, 0 remain pending
[2020.04.05-20.19.15:931][  0]LogPakFile: Registered encryption key '00000000000000000000000000000000': 0 pak files mounted, 0 remain pending
[2020.04.05-20.19.15:932][  0]LogPakFile: Registered encryption key '00000000000000000000000000000000': 0 pak files mounted, 0 remain pending
[2020.04.05-20.19.15:932][  0]LogPakFile: Registered encryption key '00000000000000000000000000000000': 0 pak files mounted, 0 remain pending
[2020.04.05-20.19.15:933][  0]LogPakFile: Registered encryption key '00000000000000000000000000000000': 0 pak files mounted, 0 remain pending
[2020.04.05-20.19.15:934][  0]LogPakFile: Registered encryption key '00000000000000000000000000000000': 0 pak files mounted, 0 remain pending
[2020.04.05-20.19.15:935][  0]LogPakFile: Registered encryption key '00000000000000000000000000000000': 0 pak files mounted, 0 remain pending
[2020.04.05-20.19.15:936][  0]LogPakFile: Registered encryption key '00000000000000000000000000000000': 0 pak files mounted, 0 remain pending
[2020.04.05-20.19.15:936][  0]LogPakFile: Registered encryption key '00000000000000000000000000000000': 0 pak files mounted, 0 remain pending
[2020.04.05-20.19.15:937][  0]LogPakFile: Registered encryption key '00000000000000000000000000000000': 0 pak files mounted, 0 remain pending
[2020.04.05-20.19.15:938][  0]LogPakFile: Registered encryption key '00000000000000000000000000000000': 0 pak files mounted, 0 remain pending
[2020.04.05-20.19.15:939][  0]LogPakFile: Registered encryption key '00000000000000000000000000000000': 0 pak files mounted, 0 remain pending
[2020.04.05-20.19.15:939][  0]LogPakFile: Registered encryption key '00000000000000000000000000000000': 0 pak files mounted, 0 remain pending
[2020.04.05-20.19.15:940][  0]LogPakFile: Registered encryption key '00000000000000000000000000000000': 0 pak files mounted, 0 remain pending
[2020.04.05-20.19.15:941][  0]LogPakFile: Registered encryption key '00000000000000000000000000000000': 0 pak files mounted, 0 remain pending
[2020.04.05-20.19.15:986][  0]LogContentBrowser: Native class hierarchy updated for 'AddContentDialog' in 0.0004 seconds. Added 0 classes and 0 folders.
[2020.04.05-20.19.15:992][  0]LogContentBrowser: Native class hierarchy updated for 'SceneOutliner' in 0.0004 seconds. Added 1 classes and 2 folders.
[2020.04.05-20.19.16:011][  0]LogSlate: Took 0.000266 seconds to synchronously load lazily loaded font '../../../Engine/Content/Slate/Fonts/Roboto-Regular.ttf' (155K)
[2020.04.05-20.19.16:013][  0]LogSlate: Took 0.000192 seconds to synchronously load lazily loaded font '../../../Engine/Content/Slate/Fonts/Roboto-Bold.ttf' (160K)
[2020.04.05-20.19.16:018][  0]LogSlate: Took 0.000230 seconds to synchronously load lazily loaded font '../../../Engine/Content/Editor/Slate/Fonts/FontAwesome.ttf' (139K)
[2020.04.05-20.19.16:083][  0]LogRenderer: Reallocating scene render targets to support 1092x572 Format 10 NumSamples 1 (Frame:1).
[2020.04.05-20.19.16:192][  0]LogContentBrowser: Native class hierarchy updated for 'HierarchicalLODOutliner' in 0.0003 seconds. Added 0 classes and 0 folders.
[2020.04.05-20.19.16:192][  0]LogLoad: (Engine Initialization) Total time: 8.64 seconds
[2020.04.05-20.19.16:192][  0]LogLoad: (Engine Initialization) Total Blueprint compile time: 0.00 seconds
[2020.04.05-20.19.16:228][  0]LogAssetRegistry: Asset discovery search completed in 4.6862 seconds
[2020.04.05-20.19.16:230][  0]LogCollectionManager: Rebuilt the object cache for 0 collections in 0.000000 seconds (found 0 objects)
[2020.04.05-20.19.16:230][  0]LogCollectionManager: Fixed up redirectors for 0 collections in 0.000032 seconds (updated 0 objects)
[2020.04.05-20.19.16:232][  0]LogContentStreaming: Texture pool size now 1000 MB
[2020.04.05-20.19.16:262][  0]LogSlate: Took 0.000223 seconds to synchronously load lazily loaded font '../../../Engine/Content/Slate/Fonts/Roboto-Light.ttf' (167K)
[2020.04.05-20.19.18:279][218]LogSlate: FSceneViewport::OnFocusLost() reason 0
[2020.04.05-20.19.26:003][ 62]LogSlate: Took 0.000159 seconds to synchronously load lazily loaded font '../../../Engine/Content/Slate/Fonts/Roboto-Light.ttf' (167K)
[2020.04.05-20.19.26:752][146]LogAssetEditorManager: Opening Asset editor for LevelScriptBlueprint /Game/FirstPersonBP/Maps/FirstPersonExampleMap.FirstPersonExampleMap:PersistentLevel.FirstPersonExampleMap
[2020.04.05-20.19.27:001][146]LogContentBrowser: Native class hierarchy updated for 'BlueprintGraph' in 0.0006 seconds. Added 121 classes and 0 folders.
[2020.04.05-20.19.27:704][146]LogSlate: Took 0.000255 seconds to synchronously load lazily loaded font '../../../Engine/Content/Slate/Fonts/Roboto-BoldCondensed.ttf' (158K)
[2020.04.05-20.20.23:102][478]LogSlate: FSceneViewport::OnFocusLost() reason 0
[2020.04.05-20.20.24:677][638]Cmd: DELETE
[2020.04.05-20.20.24:677][638]Cmd: ACTOR DELETE
[2020.04.05-20.20.24:679][638]LogEditorActor: Deleted Actor: Animal_Spawner_C
[2020.04.05-20.20.24:719][638]LogUObjectHash: Compacting FUObjectHashTables data took   3.14ms
[2020.04.05-20.20.24:720][638]LogEditorActor: Deleted 1 Actors (0.042 secs)
[2020.04.05-20.20.32:266][469]Cmd: EDIT COPY
[2020.04.05-20.20.32:484][494]Cmd: EDIT PASTE
[2020.04.05-20.20.34:586][740]Cmd: EDIT COPY
[2020.04.05-20.20.34:756][759]Cmd: EDIT PASTE
[2020.04.05-20.20.36:524][966]Cmd: EDIT COPY
[2020.04.05-20.20.36:675][983]Cmd: EDIT PASTE
[2020.04.05-20.20.39:608][329]Cmd: EDIT COPY
[2020.04.05-20.20.39:809][352]Cmd: EDIT PASTE
[2020.04.05-20.20.43:121][742]Cmd: EDIT COPY
[2020.04.05-20.20.43:292][762]Cmd: EDIT PASTE
[2020.04.05-20.20.45:285][996]Cmd: EDIT COPY
[2020.04.05-20.20.45:455][ 15]Cmd: EDIT PASTE
[2020.04.05-20.20.52:108][781]LogSlate: FSceneViewport::OnFocusLost() reason 0
[2020.04.05-20.20.59:434][550]LogSlate: Took 0.000277 seconds to synchronously load lazily loaded font '../../../Engine/Content/Slate/Fonts/Roboto-Italic.ttf' (157K)
[2020.04.05-20.22.24:884][618]BlueprintLog: New page: Compile FirstPersonExampleMap
[2020.04.05-20.22.25:061][618]LogUObjectHash: Compacting FUObjectHashTables data took   2.32ms
[2020.04.05-20.22.26:579][791]LogTemp: Repeating last play command: Selected Viewport
[2020.04.05-20.22.26:595][791]LogBlueprintUserMessages: Early PlayInEditor Detection: Level '/Game/FirstPersonBP/Maps/FirstPersonExampleMap.FirstPersonExampleMap:PersistentLevel' has LevelScriptBlueprint '/Game/FirstPersonBP/Maps/FirstPersonExampleMap.FirstPersonExampleMap:PersistentLevel.FirstPersonExampleMap' with GeneratedClass '/Game/FirstPersonBP/Maps/FirstPersonExampleMap.FirstPersonExampleMap_C' with ClassGeneratedBy '/Game/FirstPersonBP/Maps/FirstPersonExampleMap.FirstPersonExampleMap:PersistentLevel.FirstPersonExampleMap'
[2020.04.05-20.22.26:595][791]LogPlayLevel: PlayLevel: No blueprints needed recompiling
[2020.04.05-20.22.26:595][791]PIE: New page: PIE session: FirstPersonExampleMap (Apr 5, 2020, 12:22:26 PM)
[2020.04.05-20.22.26:608][791]LogPlayLevel: Creating play world package: /Game/FirstPersonBP/Maps/UEDPIE_0_FirstPersonExampleMap
[2020.04.05-20.22.26:618][791]LogPlayLevel: PIE: StaticDuplicateObject took: (0.009554s)
[2020.04.05-20.22.26:618][791]LogAIModule: Creating AISystem for world FirstPersonExampleMap
[2020.04.05-20.22.26:618][791]LogPlayLevel: PIE: World Init took: (0.000598s)
[2020.04.05-20.22.26:618][791]LogPlayLevel: PIE: Created PIE world by copying editor world from /Game/FirstPersonBP/Maps/FirstPersonExampleMap.FirstPersonExampleMap to /Game/FirstPersonBP/Maps/UEDPIE_0_FirstPersonExampleMap.FirstPersonExampleMap (0.010419s)
[2020.04.05-20.22.26:653][791]LogUObjectHash: Compacting FUObjectHashTables data took   1.64ms
[2020.04.05-20.22.26:675][791]LogInit: XAudio2 using 'Speakers (Realtek(R) Audio)' : 2 channels at 48 kHz using 32 bits per sample (channel mask 0x3)
[2020.04.05-20.22.26:694][791]LogInit: FAudioDevice initialized.
[2020.04.05-20.22.26:733][791]LogLoad: Game class is 'FirstPersonGameMode_C'
[2020.04.05-20.22.26:737][791]LogWorld: Bringing World /Game/FirstPersonBP/Maps/UEDPIE_0_FirstPersonExampleMap.FirstPersonExampleMap up for play (max tick rate 0) at 2020.04.05-16.22.26
[2020.04.05-20.22.26:738][791]LogWorld: Bringing up level for play took: 0.003882
[2020.04.05-20.22.26:753][791]LogBlueprintActionDatabase: Requesting refresh due to module change: Voice (loaded)
[2020.04.05-20.22.26:756][791]LogBlueprintActionDatabase: Requesting refresh due to module change: MovieSceneCapture (loaded)
[2020.04.05-20.22.26:757][791]LogContentBrowser: Native class hierarchy updated for 'MovieSceneCapture' in 0.0004 seconds. Added 20 classes and 0 folders.
[2020.04.05-20.22.26:759][791]PIE: Play in editor start time for /Game/FirstPersonBP/Maps/UEDPIE_0_FirstPersonExampleMap 0.691
[2020.04.05-20.22.26:759][791]LogBlueprintUserMessages: Late PlayInEditor Detection: Level '/Game/FirstPersonBP/Maps/FirstPersonExampleMap.FirstPersonExampleMap:PersistentLevel' has LevelScriptBlueprint '/Game/FirstPersonBP/Maps/FirstPersonExampleMap.FirstPersonExampleMap:PersistentLevel.FirstPersonExampleMap' with GeneratedClass '/Game/FirstPersonBP/Maps/FirstPersonExampleMap.FirstPersonExampleMap_C' with ClassGeneratedBy '/Game/FirstPersonBP/Maps/FirstPersonExampleMap.FirstPersonExampleMap:PersistentLevel.FirstPersonExampleMap'
[2020.04.05-20.22.30:247][174]LogBlueprintUserMessages: Early EndPlayMap Detection: Level '/Game/FirstPersonBP/Maps/FirstPersonExampleMap.FirstPersonExampleMap:PersistentLevel' has LevelScriptBlueprint '/Game/FirstPersonBP/Maps/FirstPersonExampleMap.FirstPersonExampleMap:PersistentLevel.FirstPersonExampleMap' with GeneratedClass '/Game/FirstPersonBP/Maps/FirstPersonExampleMap.FirstPersonExampleMap_C' with ClassGeneratedBy '/Game/FirstPersonBP/Maps/FirstPersonExampleMap.FirstPersonExampleMap:PersistentLevel.FirstPersonExampleMap'
[2020.04.05-20.22.30:248][174]LogSlate: Updating window title bar state: overlay mode, drag disabled, window buttons hidden, title bar hidden
[2020.04.05-20.22.30:276][174]LogPlayLevel: Display: Shutting down PIE online subsystems
[2020.04.05-20.22.30:276][174]LogBlueprintUserMessages: Late EndPlayMap Detection: Level '/Game/FirstPersonBP/Maps/FirstPersonExampleMap.FirstPersonExampleMap:PersistentLevel' has LevelScriptBlueprint '/Game/FirstPersonBP/Maps/FirstPersonExampleMap.FirstPersonExampleMap:PersistentLevel.FirstPersonExampleMap' with GeneratedClass '/Game/FirstPersonBP/Maps/FirstPersonExampleMap.FirstPersonExampleMap_C' with ClassGeneratedBy '/Game/FirstPersonBP/Maps/FirstPersonExampleMap.FirstPersonExampleMap:PersistentLevel.FirstPersonExampleMap'
[2020.04.05-20.22.30:312][174]LogSlate: Updating window title bar state: overlay mode, drag disabled, window buttons hidden, title bar hidden
[2020.04.05-20.22.30:338][174]LogUObjectHash: Compacting FUObjectHashTables data took   4.59ms
[2020.04.05-20.22.30:354][175]LogPlayLevel: Display: Destroying online subsystem :Context_4
[2020.04.05-20.22.31:115][254]LogSlate: FSceneViewport::OnFocusLost() reason 0
[2020.04.05-20.22.31:190][263]LogTemp: Repeating last play command: Selected Viewport
[2020.04.05-20.22.31:205][263]LogBlueprintUserMessages: Early PlayInEditor Detection: Level '/Game/FirstPersonBP/Maps/FirstPersonExampleMap.FirstPersonExampleMap:PersistentLevel' has LevelScriptBlueprint '/Game/FirstPersonBP/Maps/FirstPersonExampleMap.FirstPersonExampleMap:PersistentLevel.FirstPersonExampleMap' with GeneratedClass '/Game/FirstPersonBP/Maps/FirstPersonExampleMap.FirstPersonExampleMap_C' with ClassGeneratedBy '/Game/FirstPersonBP/Maps/FirstPersonExampleMap.FirstPersonExampleMap:PersistentLevel.FirstPersonExampleMap'
[2020.04.05-20.22.31:205][263]LogPlayLevel: PlayLevel: No blueprints needed recompiling
[2020.04.05-20.22.31:205][263]PIE: New page: PIE session: FirstPersonExampleMap (Apr 5, 2020, 12:22:31 PM)
[2020.04.05-20.22.31:206][263]LogPlayLevel: Creating play world package: /Game/FirstPersonBP/Maps/UEDPIE_0_FirstPersonExampleMap
[2020.04.05-20.22.31:215][263]LogPlayLevel: PIE: StaticDuplicateObject took: (0.009514s)
[2020.04.05-20.22.31:216][263]LogAIModule: Creating AISystem for world FirstPersonExampleMap
[2020.04.05-20.22.31:216][263]LogPlayLevel: PIE: World Init took: (0.000567s)
[2020.04.05-20.22.31:216][263]LogPlayLevel: PIE: Created PIE world by copying editor world from /Game/FirstPersonBP/Maps/FirstPersonExampleMap.FirstPersonExampleMap to /Game/FirstPersonBP/Maps/UEDPIE_0_FirstPersonExampleMap.FirstPersonExampleMap (0.010401s)
[2020.04.05-20.22.31:252][263]LogUObjectHash: Compacting FUObjectHashTables data took   2.42ms
[2020.04.05-20.22.31:272][263]LogInit: XAudio2 using 'Speakers (Realtek(R) Audio)' : 2 channels at 48 kHz using 32 bits per sample (channel mask 0x3)
[2020.04.05-20.22.31:290][263]LogInit: FAudioDevice initialized.
[2020.04.05-20.22.31:318][263]LogLoad: Game class is 'FirstPersonGameMode_C'
[2020.04.05-20.22.31:321][263]LogWorld: Bringing World /Game/FirstPersonBP/Maps/UEDPIE_0_FirstPersonExampleMap.FirstPersonExampleMap up for play (max tick rate 0) at 2020.04.05-16.22.31
[2020.04.05-20.22.31:322][263]LogWorld: Bringing up level for play took: 0.003736
[2020.04.05-20.22.31:336][263]PIE: Play in editor start time for /Game/FirstPersonBP/Maps/UEDPIE_0_FirstPersonExampleMap -0.732
[2020.04.05-20.22.31:336][263]LogBlueprintUserMessages: Late PlayInEditor Detection: Level '/Game/FirstPersonBP/Maps/FirstPersonExampleMap.FirstPersonExampleMap:PersistentLevel' has LevelScriptBlueprint '/Game/FirstPersonBP/Maps/FirstPersonExampleMap.FirstPersonExampleMap:PersistentLevel.FirstPersonExampleMap' with GeneratedClass '/Game/FirstPersonBP/Maps/FirstPersonExampleMap.FirstPersonExampleMap_C' with ClassGeneratedBy '/Game/FirstPersonBP/Maps/FirstPersonExampleMap.FirstPersonExampleMap:PersistentLevel.FirstPersonExampleMap'
[2020.04.05-20.22.33:170][480]LogBlueprintUserMessages: Early EndPlayMap Detection: Level '/Game/FirstPersonBP/Maps/FirstPersonExampleMap.FirstPersonExampleMap:PersistentLevel' has LevelScriptBlueprint '/Game/FirstPersonBP/Maps/FirstPersonExampleMap.FirstPersonExampleMap:PersistentLevel.FirstPersonExampleMap' with GeneratedClass '/Game/FirstPersonBP/Maps/FirstPersonExampleMap.FirstPersonExampleMap_C' with ClassGeneratedBy '/Game/FirstPersonBP/Maps/FirstPersonExampleMap.FirstPersonExampleMap:PersistentLevel.FirstPersonExampleMap'
[2020.04.05-20.22.33:171][480]LogSlate: Updating window title bar state: overlay mode, drag disabled, window buttons hidden, title bar hidden
[2020.04.05-20.22.33:199][480]LogPlayLevel: Display: Shutting down PIE online subsystems
[2020.04.05-20.22.33:199][480]LogBlueprintUserMessages: Late EndPlayMap Detection: Level '/Game/FirstPersonBP/Maps/FirstPersonExampleMap.FirstPersonExampleMap:PersistentLevel' has LevelScriptBlueprint '/Game/FirstPersonBP/Maps/FirstPersonExampleMap.FirstPersonExampleMap:PersistentLevel.FirstPersonExampleMap' with GeneratedClass '/Game/FirstPersonBP/Maps/FirstPersonExampleMap.FirstPersonExampleMap_C' with ClassGeneratedBy '/Game/FirstPersonBP/Maps/FirstPersonExampleMap.FirstPersonExampleMap:PersistentLevel.FirstPersonExampleMap'
[2020.04.05-20.22.33:237][480]LogSlate: Updating window title bar state: overlay mode, drag disabled, window buttons hidden, title bar hidden
[2020.04.05-20.22.33:240][480]LogUObjectHash: Compacting FUObjectHashTables data took   2.01ms
[2020.04.05-20.22.33:274][482]LogPlayLevel: Display: Destroying online subsystem :Context_5
[2020.04.05-20.22.34:973][598]LogSlate: FSceneViewport::OnFocusLost() reason 2
[2020.04.05-20.22.46:811][881]LogSlate: Took 0.000287 seconds to synchronously load lazily loaded font '../../../Engine/Content/Slate/Fonts/Roboto-BoldCondensedItalic.ttf' (160K)
[2020.04.05-20.24.06:524][855]BlueprintLog: New page: Compile FirstPersonExampleMap
[2020.04.05-20.24.06:737][855]LogUObjectHash: Compacting FUObjectHashTables data took   3.21ms
[2020.04.05-20.24.16:307][918]LogSlate: FSceneViewport::OnFocusLost() reason 0
[2020.04.05-20.24.18:034][103]LogUObjectHash: Compacting FUObjectHashTables data took   2.07ms
[2020.04.05-20.24.18:321][103]LogSavePackage: Moving '../../../../GameJams/unga/UngaBunga/Saved/FirstPersonExampleMap83CBFAE4444AC1C38C7405B8A2C3BB42.tmp' to '../../../../GameJams/unga/UngaBunga/Content/FirstPersonBP/Maps/FirstPersonExampleMap.umap'
[2020.04.05-20.24.18:354][103]LogFileHelpers: Saving map 'FirstPersonExampleMap' took 0.358
[2020.04.05-20.24.33:754][773]BlueprintLog: New page: Compile FirstPersonExampleMap
[2020.04.05-20.24.33:971][773]LogUObjectHash: Compacting FUObjectHashTables data took   2.94ms
[2020.04.05-20.24.35:460][933]LogTemp: Repeating last play command: Selected Viewport
[2020.04.05-20.24.35:476][933]LogBlueprintUserMessages: Early PlayInEditor Detection: Level '/Game/FirstPersonBP/Maps/FirstPersonExampleMap.FirstPersonExampleMap:PersistentLevel' has LevelScriptBlueprint '/Game/FirstPersonBP/Maps/FirstPersonExampleMap.FirstPersonExampleMap:PersistentLevel.FirstPersonExampleMap' with GeneratedClass '/Game/FirstPersonBP/Maps/FirstPersonExampleMap.FirstPersonExampleMap_C' with ClassGeneratedBy '/Game/FirstPersonBP/Maps/FirstPersonExampleMap.FirstPersonExampleMap:PersistentLevel.FirstPersonExampleMap'
[2020.04.05-20.24.35:476][933]LogPlayLevel: PlayLevel: No blueprints needed recompiling
[2020.04.05-20.24.35:476][933]PIE: New page: PIE session: FirstPersonExampleMap (Apr 5, 2020, 12:24:35 PM)
[2020.04.05-20.24.35:476][933]LogPlayLevel: Creating play world package: /Game/FirstPersonBP/Maps/UEDPIE_0_FirstPersonExampleMap
[2020.04.05-20.24.35:486][933]LogPlayLevel: PIE: StaticDuplicateObject took: (0.009702s)
[2020.04.05-20.24.35:486][933]LogAIModule: Creating AISystem for world FirstPersonExampleMap
[2020.04.05-20.24.35:486][933]LogPlayLevel: PIE: World Init took: (0.000707s)
[2020.04.05-20.24.35:486][933]LogPlayLevel: PIE: Created PIE world by copying editor world from /Game/FirstPersonBP/Maps/FirstPersonExampleMap.FirstPersonExampleMap to /Game/FirstPersonBP/Maps/UEDPIE_0_FirstPersonExampleMap.FirstPersonExampleMap (0.010599s)
[2020.04.05-20.24.35:523][933]LogUObjectHash: Compacting FUObjectHashTables data took   3.12ms
[2020.04.05-20.24.35:542][933]LogInit: XAudio2 using 'Speakers (Realtek(R) Audio)' : 2 channels at 48 kHz using 32 bits per sample (channel mask 0x3)
[2020.04.05-20.24.35:558][933]LogInit: FAudioDevice initialized.
[2020.04.05-20.24.35:586][933]LogLoad: Game class is 'FirstPersonGameMode_C'
[2020.04.05-20.24.35:590][933]LogWorld: Bringing World /Game/FirstPersonBP/Maps/UEDPIE_0_FirstPersonExampleMap.FirstPersonExampleMap up for play (max tick rate 0) at 2020.04.05-16.24.35
[2020.04.05-20.24.35:590][933]LogWorld: Bringing up level for play took: 0.003867
