Log file open, 04/04/20 22:28:52
LogWindows: Failed to load 'aqProf.dll' (GetLastError=126)
LogWindows: File 'aqProf.dll' does not exist
LogWindows: Failed to load 'VtuneApi.dll' (GetLastError=126)
LogWindows: File 'VtuneApi.dll' does not exist
LogWindows: Failed to load 'VtuneApi32e.dll' (GetLastError=126)
LogWindows: File 'VtuneApi32e.dll' does not exist
LogConsoleResponse: Display: Failed to find resolution value strings in scalability ini. Falling back to default.
LogInit: Display: Running engine for game: unga
LogPakFile: Registered encryption key '00000000000000000000000000000000': 0 pak files mounted, 0 remain pending
LogPlatformFile: Not using cached read wrapper
LogTaskGraph: Started task graph with 5 named threads and 14 total threads with 3 sets of task threads.
LogStats: Stats thread started at 0.190046
LogD3D11RHI: Loaded GFSDK_Aftermath_Lib.x64.dll
LogICUInternationalization: ICU TimeZone Detection - Raw Offset: -5:00, Platform Override: ''
LogPluginManager: Mounting plugin Paper2D
LogPluginManager: Mounting plugin AISupport
LogPluginManager: Mounting plugin LightPropagationVolume
LogPluginManager: Mounting plugin ActorLayerUtilities
LogPluginManager: Mounting plugin AnimationSharing
LogPluginManager: Mounting plugin CLionSourceCodeAccess
LogPluginManager: Mounting plugin CodeLiteSourceCodeAccess
LogPluginManager: Mounting plugin GitSourceControl
LogPluginManager: Mounting plugin KDevelopSourceCodeAccess
LogPluginManager: Mounting plugin NullSourceCodeAccess
LogPluginManager: Mounting plugin PerforceSourceControl
LogPluginManager: Mounting plugin SubversionSourceControl
LogPluginManager: Mounting plugin UObjectPlugin
LogPluginManager: Mounting plugin VisualStudioCodeSourceCodeAccess
LogPluginManager: Mounting plugin VisualStudioSourceCodeAccess
LogPluginManager: Mounting plugin XCodeSourceCodeAccess
LogPluginManager: Mounting plugin AssetManagerEditor
LogPluginManager: Mounting plugin CryptoKeys
LogPluginManager: Mounting plugin DataValidation
LogPluginManager: Mounting plugin FacialAnimation
LogPluginManager: Mounting plugin GameplayTagsEditor
LogPluginManager: Mounting plugin MacGraphicsSwitching
LogPluginManager: Mounting plugin MaterialAnalyzer
LogPluginManager: Mounting plugin MobileLauncherProfileWizard
LogPluginManager: Mounting plugin PluginBrowser
LogPluginManager: Mounting plugin SpeedTreeImporter
LogPluginManager: Mounting plugin DatasmithContent
LogPluginManager: Mounting plugin VariantManagerContent
LogPluginManager: Mounting plugin AlembicImporter
LogPluginManager: Mounting plugin AppleImageUtils
LogPluginManager: Mounting plugin AppleVision
LogPluginManager: Mounting plugin BackChannel
LogPluginManager: Mounting plugin CharacterAI
LogPluginManager: Mounting plugin GeometryCache
LogPluginManager: Mounting plugin HTML5Networking
LogPluginManager: Mounting plugin ProxyLODPlugin
LogPluginManager: Mounting plugin SkeletalReduction
LogPluginManager: Mounting plugin MagicLeap
LogPluginManager: Mounting plugin MagicLeapMedia
LogPluginManager: Mounting plugin AndroidMedia
LogPluginManager: Mounting plugin AvfMedia
LogPluginManager: Mounting plugin ImgMedia
LogPluginManager: Mounting plugin LinearTimecode
LogPluginManager: Mounting plugin MediaCompositing
LogPluginManager: Mounting plugin MediaPlayerEditor
LogPluginManager: Mounting plugin WebMMedia
LogPluginManager: Mounting plugin WmfMedia
LogPluginManager: Mounting plugin TcpMessaging
LogPluginManager: Mounting plugin UdpMessaging
LogPluginManager: Mounting plugin ActorSequence
LogPluginManager: Mounting plugin LevelSequenceEditor
LogPluginManager: Mounting plugin MatineeToLevelSequence
LogPluginManager: Mounting plugin NetcodeUnitTest
LogPluginManager: Mounting plugin NUTUnrealEngine4
LogPluginManager: Mounting plugin OnlineSubsystemGooglePlay
LogPluginManager: Mounting plugin OnlineSubsystemIOS
LogPluginManager: Mounting plugin OnlineSubsystem
LogPluginManager: Mounting plugin OnlineSubsystemNull
LogPluginManager: Mounting plugin OnlineSubsystemUtils
LogPluginManager: Mounting plugin LauncherChunkInstaller
LogPluginManager: Mounting plugin AndroidDeviceProfileSelector
LogPluginManager: Mounting plugin AndroidMoviePlayer
LogPluginManager: Mounting plugin AndroidPermission
LogPluginManager: Mounting plugin AppleMoviePlayer
LogPluginManager: Mounting plugin ArchVisCharacter
LogPluginManager: Mounting plugin AudioCapture
LogPluginManager: Mounting plugin CableComponent
LogPluginManager: Mounting plugin CustomMeshComponent
LogPluginManager: Mounting plugin EditableMesh
LogPluginManager: Mounting plugin ExampleDeviceProfileSelector
LogPluginManager: Mounting plugin Firebase
LogPluginManager: Mounting plugin GoogleCloudMessaging
LogPluginManager: Mounting plugin IOSDeviceProfileSelector
LogPluginManager: Mounting plugin LinuxDeviceProfileSelector
LogPluginManager: Mounting plugin LocationServicesBPLibrary
LogPluginManager: Mounting plugin MobilePatchingUtils
LogPluginManager: Mounting plugin OculusVR
LogPluginManager: Mounting plugin PhysXVehicles
LogPluginManager: Mounting plugin ProceduralMeshComponent
LogPluginManager: Mounting plugin RuntimePhysXCooking
LogPluginManager: Mounting plugin SignificanceManager
LogPluginManager: Mounting plugin SteamVR
LogPluginManager: Mounting plugin WebMMoviePlayer
LogPluginManager: Mounting plugin WindowsMoviePlayer
LogInit: Using libcurl 7.55.1-DEV
LogInit:  - built for x86_64-pc-win32
LogInit:  - supports SSL with OpenSSL/1.1.1
LogInit:  - supports HTTP deflate (compression) using libz 1.2.8
LogInit:  - other features:
LogInit:      CURL_VERSION_SSL
LogInit:      CURL_VERSION_LIBZ
LogInit:      CURL_VERSION_IPV6
LogInit:      CURL_VERSION_ASYNCHDNS
LogInit:      CURL_VERSION_LARGEFILE
LogInit:      CURL_VERSION_IDN
LogInit:  CurlRequestOptions (configurable via config and command line):
LogInit:  - bVerifyPeer = true  - Libcurl will verify peer certificate
LogInit:  - bUseHttpProxy = false  - Libcurl will NOT use HTTP proxy
LogInit:  - bDontReuseConnections = false  - Libcurl will reuse connections
LogInit:  - MaxHostConnections = 16  - Libcurl will limit the number of connections to a host
LogInit:  - LocalHostAddr = Default
LogInit:  - BufferSize = 65536
LogInit: WinSock: version 1.1 (2.2), MaxSocks=32767, MaxUdp=65467
LogInit: Build: ++UE4+Release-4.22-CL-7053642
LogInit: Engine Version: 4.22.3-7053642+++UE4+Release-4.22
LogInit: Compatible Engine Version: 4.22.0-5660361+++UE4+Release-4.22
LogInit: Net CL: 5660361
LogInit: OS: Windows 10 (Release 1903) (), CPU: Intel(R) Core(TM) i5-6500 CPU @ 3.20GHz, GPU: AMD Radeon (TM) R9 380 Series
LogInit: Compiled (64-bit): Jun 18 2019 03:09:11
LogInit: Compiled with Visual C++: 19.16.27025.01
LogInit: Build Configuration: Development
LogInit: Branch Name: ++UE4+Release-4.22
LogInit: Command Line: 
LogInit: Base Directory: C:/Program Files/Epic Games/UE_4.22/Engine/Binaries/Win64/
LogInit: Installed Engine Build: 1
LogDevObjectVersion: Number of dev versions registered: 23
LogDevObjectVersion:   Dev-Blueprints (B0D832E4-1F89-4F0D-ACCF-7EB736FD4AA2): 10
LogDevObjectVersion:   Dev-Build (E1C64328-A22C-4D53-A36C-8E866417BD8C): 0
LogDevObjectVersion:   Dev-Core (375EC13C-06E4-48FB-B500-84F0262A717E): 3
LogDevObjectVersion:   Dev-Editor (E4B068ED-F494-42E9-A231-DA0B2E46BB41): 30
LogDevObjectVersion:   Dev-Framework (CFFC743F-43B0-4480-9391-14DF171D2073): 35
LogDevObjectVersion:   Dev-Mobile (B02B49B5-BB20-44E9-A304-32B752E40360): 2
LogDevObjectVersion:   Dev-Networking (A4E4105C-59A1-49B5-A7C5-40C4547EDFEE): 0
LogDevObjectVersion:   Dev-Online (39C831C9-5AE6-47DC-9A44-9C173E1C8E7C): 0
LogDevObjectVersion:   Dev-Physics (78F01B33-EBEA-4F98-B9B4-84EACCB95AA2): 0
LogDevObjectVersion:   Dev-Platform (6631380F-2D4D-43E0-8009-CF276956A95A): 0
LogDevObjectVersion:   Dev-Rendering (12F88B9F-8875-4AFC-A67C-D90C383ABD29): 28
LogDevObjectVersion:   Dev-Sequencer (7B5AE74C-D270-4C10-A958-57980B212A5A): 11
LogDevObjectVersion:   Dev-VR (D7296918-1DD6-4BDD-9DE2-64A83CC13884): 2
LogDevObjectVersion:   Dev-LoadTimes (C2A15278-BFE7-4AFE-6C17-90FF531DF755): 1
LogDevObjectVersion:   Private-Geometry (6EACA3D4-40EC-4CC1-B786-8BED09428FC5): 3
LogDevObjectVersion:   Dev-AnimPhys (29E575DD-E0A3-4627-9D10-D276232CDCEA): 17
LogDevObjectVersion:   Dev-Anim (AF43A65D-7FD3-4947-9873-3E8ED9C1BB05): 2
LogDevObjectVersion:   Dev-ReflectionCapture (6B266CEC-1EC7-4B8F-A30B-E4D90942FC07): 1
LogDevObjectVersion:   Dev-Automation (0DF73D61-A23F-47EA-B727-89E90C41499A): 1
LogDevObjectVersion:   FortniteMain (601D1886-AC64-4F84-AA16-D3DE0DEAC7D6): 25
LogDevObjectVersion:   Dev-Enterprise (9DFFBCD6-494F-0158-E221-12823C92A888): 6
LogDevObjectVersion:   Dev-Niagara (F2AED0AC-9AFE-416F-8664-AA7FFA26D6FC): 1
LogDevObjectVersion:   Dev-Destruction (174F1F0B-B4C6-45A5-B13F-2EE8D0FB917D): 2
LogInit: Presizing for max 16777216 objects, including 0 objects not considered by GC, pre-allocating 0 bytes for permanent pool.
LogInit: Object subsystem initialized
LogConfig: Setting CVar [[con.DebugEarlyDefault:1]]
LogConfig: Setting CVar [[r.setres:1280x720]]
[2020.04.05-02.28.52:862][  0]LogConfig: Setting CVar [[r.VSync:0]]
[2020.04.05-02.28.52:862][  0]LogConfig: Setting CVar [[r.RHICmdBypass:0]]
[2020.04.05-02.28.52:862][  0]LogConfig: Applying CVar settings from Section [/Script/Engine.RendererSettings] File [C:/Users/Key/Documents/GitHub/Unga_Bunga/UngaBunga/Saved/Config/Windows/Engine.ini]
[2020.04.05-02.28.52:862][  0]LogConfig: Setting CVar [[r.GPUCrashDebugging:0]]
[2020.04.05-02.28.52:862][  0]LogConfig: Applying CVar settings from Section [/Script/Engine.RendererOverrideSettings] File [C:/Users/Key/Documents/GitHub/Unga_Bunga/UngaBunga/Saved/Config/Windows/Engine.ini]
[2020.04.05-02.28.52:862][  0]LogConfig: Applying CVar settings from Section [/Script/Engine.StreamingSettings] File [C:/Users/Key/Documents/GitHub/Unga_Bunga/UngaBunga/Saved/Config/Windows/Engine.ini]
[2020.04.05-02.28.52:862][  0]LogConfig: Setting CVar [[s.MinBulkDataSizeForAsyncLoading:131072]]
[2020.04.05-02.28.52:862][  0]LogConfig: Setting CVar [[s.AsyncLoadingThreadEnabled:0]]
[2020.04.05-02.28.52:862][  0]LogConfig: Setting CVar [[s.EventDrivenLoaderEnabled:1]]
[2020.04.05-02.28.52:862][  0]LogConfig: Setting CVar [[s.WarnIfTimeLimitExceeded:0]]
[2020.04.05-02.28.52:862][  0]LogConfig: Setting CVar [[s.TimeLimitExceededMultiplier:1.5]]
[2020.04.05-02.28.52:862][  0]LogConfig: Setting CVar [[s.TimeLimitExceededMinTime:0.005]]
[2020.04.05-02.28.52:862][  0]LogConfig: Setting CVar [[s.UseBackgroundLevelStreaming:1]]
[2020.04.05-02.28.52:862][  0]LogConfig: Setting CVar [[s.PriorityAsyncLoadingExtraTime:15.0]]
[2020.04.05-02.28.52:862][  0]LogConfig: Setting CVar [[s.LevelStreamingActorsUpdateTimeLimit:5.0]]
[2020.04.05-02.28.52:862][  0]LogConfig: Setting CVar [[s.PriorityLevelStreamingActorsUpdateExtraTime:5.0]]
[2020.04.05-02.28.52:862][  0]LogConfig: Setting CVar [[s.LevelStreamingComponentsRegistrationGranularity:10]]
[2020.04.05-02.28.52:862][  0]LogConfig: Setting CVar [[s.UnregisterComponentsTimeLimit:1.0]]
[2020.04.05-02.28.52:862][  0]LogConfig: Setting CVar [[s.LevelStreamingComponentsUnregistrationGranularity:5]]
[2020.04.05-02.28.52:862][  0]LogConfig: Applying CVar settings from Section [/Script/Engine.GarbageCollectionSettings] File [C:/Users/Key/Documents/GitHub/Unga_Bunga/UngaBunga/Saved/Config/Windows/Engine.ini]
[2020.04.05-02.28.52:862][  0]LogConfig: Setting CVar [[gc.MaxObjectsNotConsideredByGC:1]]
[2020.04.05-02.28.52:862][  0]LogConfig: Setting CVar [[gc.SizeOfPermanentObjectPool:0]]
[2020.04.05-02.28.52:862][  0]LogConfig: Setting CVar [[gc.FlushStreamingOnGC:0]]
[2020.04.05-02.28.52:862][  0]LogConfig: Setting CVar [[gc.NumRetriesBeforeForcingGC:10]]
[2020.04.05-02.28.52:862][  0]LogConfig: Setting CVar [[gc.AllowParallelGC:1]]
[2020.04.05-02.28.52:862][  0]LogConfig: Setting CVar [[gc.TimeBetweenPurgingPendingKillObjects:61.1]]
[2020.04.05-02.28.52:862][  0]LogConfig: Setting CVar [[gc.MaxObjectsInEditor:16777216]]
[2020.04.05-02.28.52:862][  0]LogConfig: Setting CVar [[gc.IncrementalBeginDestroyEnabled:1]]
[2020.04.05-02.28.52:862][  0]LogConfig: Setting CVar [[gc.CreateGCClusters:1]]
[2020.04.05-02.28.52:862][  0]LogConfig: Setting CVar [[gc.MinGCClusterSize:5]]
[2020.04.05-02.28.52:862][  0]LogConfig: Setting CVar [[gc.ActorClusteringEnabled:0]]
[2020.04.05-02.28.52:862][  0]LogConfig: Setting CVar [[gc.BlueprintClusteringEnabled:0]]
[2020.04.05-02.28.52:862][  0]LogConfig: Setting CVar [[gc.UseDisregardForGCOnDedicatedServers:0]]
[2020.04.05-02.28.52:862][  0]LogConfig: Applying CVar settings from Section [/Script/Engine.NetworkSettings] File [C:/Users/Key/Documents/GitHub/Unga_Bunga/UngaBunga/Saved/Config/Windows/Engine.ini]
[2020.04.05-02.28.52:862][  0]LogConfig: Applying CVar settings from Section [/Script/UnrealEd.CookerSettings] File [C:/Users/Key/Documents/GitHub/Unga_Bunga/UngaBunga/Saved/Config/Windows/Engine.ini]
[2020.04.05-02.28.52:866][  0]LogConfig: Applying CVar settings from Section [ViewDistanceQuality@3] File [C:/Users/Key/Documents/GitHub/Unga_Bunga/UngaBunga/Saved/Config/Windows/Scalability.ini]
[2020.04.05-02.28.52:866][  0]LogConfig: Setting CVar [[r.SkeletalMeshLODBias:0]]
[2020.04.05-02.28.52:866][  0]LogConfig: Setting CVar [[r.ViewDistanceScale:1.0]]
[2020.04.05-02.28.52:866][  0]LogConfig: Applying CVar settings from Section [AntiAliasingQuality@3] File [C:/Users/Key/Documents/GitHub/Unga_Bunga/UngaBunga/Saved/Config/Windows/Scalability.ini]
[2020.04.05-02.28.52:866][  0]LogConfig: Setting CVar [[r.PostProcessAAQuality:4]]
[2020.04.05-02.28.52:866][  0]LogConfig: Applying CVar settings from Section [ShadowQuality@3] File [C:/Users/Key/Documents/GitHub/Unga_Bunga/UngaBunga/Saved/Config/Windows/Scalability.ini]
[2020.04.05-02.28.52:866][  0]LogConfig: Setting CVar [[r.LightFunctionQuality:1]]
[2020.04.05-02.28.52:866][  0]LogConfig: Setting CVar [[r.ShadowQuality:5]]
[2020.04.05-02.28.52:866][  0]LogConfig: Setting CVar [[r.Shadow.CSM.MaxCascades:10]]
[2020.04.05-02.28.52:866][  0]LogConfig: Setting CVar [[r.Shadow.MaxResolution:2048]]
[2020.04.05-02.28.52:866][  0]LogConfig: Setting CVar [[r.Shadow.MaxCSMResolution:2048]]
[2020.04.05-02.28.52:866][  0]LogConfig: Setting CVar [[r.Shadow.RadiusThreshold:0.01]]
[2020.04.05-02.28.52:866][  0]LogConfig: Setting CVar [[r.Shadow.DistanceScale:1.0]]
[2020.04.05-02.28.52:866][  0]LogConfig: Setting CVar [[r.Shadow.CSM.TransitionScale:1.0]]
[2020.04.05-02.28.52:866][  0]LogConfig: Setting CVar [[r.Shadow.PreShadowResolutionFactor:1.0]]
[2020.04.05-02.28.52:866][  0]LogConfig: Setting CVar [[r.DistanceFieldShadowing:1]]
[2020.04.05-02.28.52:866][  0]LogConfig: Setting CVar [[r.DistanceFieldAO:1]]
[2020.04.05-02.28.52:866][  0]LogConfig: Setting CVar [[r.AOQuality:2]]
[2020.04.05-02.28.52:866][  0]LogConfig: Setting CVar [[r.VolumetricFog:1]]
[2020.04.05-02.28.52:866][  0]LogConfig: Setting CVar [[r.VolumetricFog.GridPixelSize:8]]
[2020.04.05-02.28.52:866][  0]LogConfig: Setting CVar [[r.VolumetricFog.GridSizeZ:128]]
[2020.04.05-02.28.52:866][  0]LogConfig: Setting CVar [[r.VolumetricFog.HistoryMissSupersampleCount:4]]
[2020.04.05-02.28.52:866][  0]LogConfig: Setting CVar [[r.LightMaxDrawDistanceScale:1]]
[2020.04.05-02.28.52:866][  0]LogConfig: Setting CVar [[r.CapsuleShadows:1]]
[2020.04.05-02.28.52:866][  0]LogConfig: Applying CVar settings from Section [PostProcessQuality@3] File [C:/Users/Key/Documents/GitHub/Unga_Bunga/UngaBunga/Saved/Config/Windows/Scalability.ini]
[2020.04.05-02.28.52:866][  0]LogConfig: Setting CVar [[r.MotionBlurQuality:4]]
[2020.04.05-02.28.52:867][  0]LogConfig: Setting CVar [[r.AmbientOcclusionMipLevelFactor:0.4]]
[2020.04.05-02.28.52:867][  0]LogConfig: Setting CVar [[r.AmbientOcclusionMaxQuality:100]]
[2020.04.05-02.28.52:867][  0]LogConfig: Setting CVar [[r.AmbientOcclusionLevels:-1]]
[2020.04.05-02.28.52:867][  0]LogConfig: Setting CVar [[r.AmbientOcclusionRadiusScale:1.0]]
[2020.04.05-02.28.52:867][  0]LogConfig: Setting CVar [[r.DepthOfFieldQuality:2]]
[2020.04.05-02.28.52:867][  0]LogConfig: Setting CVar [[r.RenderTargetPoolMin:400]]
[2020.04.05-02.28.52:867][  0]LogConfig: Setting CVar [[r.LensFlareQuality:2]]
[2020.04.05-02.28.52:867][  0]LogConfig: Setting CVar [[r.SceneColorFringeQuality:1]]
[2020.04.05-02.28.52:867][  0]LogConfig: Setting CVar [[r.EyeAdaptationQuality:2]]
[2020.04.05-02.28.52:867][  0]LogConfig: Setting CVar [[r.BloomQuality:5]]
[2020.04.05-02.28.52:867][  0]LogConfig: Setting CVar [[r.FastBlurThreshold:100]]
[2020.04.05-02.28.52:867][  0]LogConfig: Setting CVar [[r.Upscale.Quality:3]]
[2020.04.05-02.28.52:867][  0]LogConfig: Setting CVar [[r.Tonemapper.GrainQuantization:1]]
[2020.04.05-02.28.52:867][  0]LogConfig: Setting CVar [[r.LightShaftQuality:1]]
[2020.04.05-02.28.52:867][  0]LogConfig: Setting CVar [[r.Filter.SizeScale:1]]
[2020.04.05-02.28.52:867][  0]LogConfig: Setting CVar [[r.Tonemapper.Quality:5]]
[2020.04.05-02.28.52:867][  0]LogConfig: Setting CVar [[r.DOF.Gather.AccumulatorQuality:1        ; higher gathering accumulator quality]]
[2020.04.05-02.28.52:867][  0]LogConfig: Setting CVar [[r.DOF.Gather.PostfilterMethod:1          ; Median3x3 postfilering method]]
[2020.04.05-02.28.52:867][  0]LogConfig: Setting CVar [[r.DOF.Gather.EnableBokehSettings:0       ; no bokeh simulation when gathering]]
[2020.04.05-02.28.52:867][  0]LogConfig: Setting CVar [[r.DOF.Gather.RingCount:4                 ; medium number of samples when gathering]]
[2020.04.05-02.28.52:867][  0]LogConfig: Setting CVar [[r.DOF.Scatter.ForegroundCompositing:1    ; additive foreground scattering]]
[2020.04.05-02.28.52:867][  0]LogConfig: Setting CVar [[r.DOF.Scatter.BackgroundCompositing:2    ; additive background scattering]]
[2020.04.05-02.28.52:867][  0]LogConfig: Setting CVar [[r.DOF.Scatter.EnableBokehSettings:1      ; bokeh simulation when scattering]]
[2020.04.05-02.28.52:867][  0]LogConfig: Setting CVar [[r.DOF.Scatter.MaxSpriteRatio:0.1         ; only a maximum of 10% of scattered bokeh]]
[2020.04.05-02.28.52:867][  0]LogConfig: Setting CVar [[r.DOF.Recombine.Quality:1                ; cheap slight out of focus]]
[2020.04.05-02.28.52:867][  0]LogConfig: Setting CVar [[r.DOF.Recombine.EnableBokehSettings:0    ; no bokeh simulation on slight out of focus]]
[2020.04.05-02.28.52:867][  0]LogConfig: Setting CVar [[r.DOF.TemporalAAQuality:1                ; more stable temporal accumulation]]
[2020.04.05-02.28.52:867][  0]LogConfig: Setting CVar [[r.DOF.Kernel.MaxForegroundRadius:0.025]]
[2020.04.05-02.28.52:867][  0]LogConfig: Setting CVar [[r.DOF.Kernel.MaxBackgroundRadius:0.025]]
[2020.04.05-02.28.52:867][  0]LogConfig: Applying CVar settings from Section [TextureQuality@3] File [C:/Users/Key/Documents/GitHub/Unga_Bunga/UngaBunga/Saved/Config/Windows/Scalability.ini]
[2020.04.05-02.28.52:867][  0]LogConfig: Setting CVar [[r.Streaming.MipBias:0]]
[2020.04.05-02.28.52:867][  0]LogConfig: Setting CVar [[r.Streaming.AmortizeCPUToGPUCopy:0]]
[2020.04.05-02.28.52:867][  0]LogConfig: Setting CVar [[r.Streaming.MaxNumTexturesToStreamPerFrame:0]]
[2020.04.05-02.28.52:867][  0]LogConfig: Setting CVar [[r.Streaming.Boost:1]]
[2020.04.05-02.28.52:867][  0]LogConfig: Setting CVar [[r.MaxAnisotropy:8]]
[2020.04.05-02.28.52:867][  0]LogConfig: Setting CVar [[r.Streaming.LimitPoolSizeToVRAM:0]]
[2020.04.05-02.28.52:867][  0]LogConfig: Setting CVar [[r.Streaming.PoolSize:1000]]
[2020.04.05-02.28.52:867][  0]LogConfig: Setting CVar [[r.Streaming.MaxEffectiveScreenSize:0]]
[2020.04.05-02.28.52:867][  0]LogConfig: Applying CVar settings from Section [EffectsQuality@3] File [C:/Users/Key/Documents/GitHub/Unga_Bunga/UngaBunga/Saved/Config/Windows/Scalability.ini]
[2020.04.05-02.28.52:867][  0]LogConfig: Setting CVar [[r.TranslucencyLightingVolumeDim:64]]
[2020.04.05-02.28.52:867][  0]LogConfig: Setting CVar [[r.RefractionQuality:2]]
[2020.04.05-02.28.52:867][  0]LogConfig: Setting CVar [[r.SSR.Quality:3]]
[2020.04.05-02.28.52:867][  0]LogConfig: Setting CVar [[r.SceneColorFormat:4]]
[2020.04.05-02.28.52:867][  0]LogConfig: Setting CVar [[r.DetailMode:2]]
[2020.04.05-02.28.52:867][  0]LogConfig: Setting CVar [[r.TranslucencyVolumeBlur:1]]
[2020.04.05-02.28.52:867][  0]LogConfig: Setting CVar [[r.MaterialQualityLevel:1 ; High quality]]
[2020.04.05-02.28.52:867][  0]LogConfig: Setting CVar [[r.SSS.Scale:1]]
[2020.04.05-02.28.52:867][  0]LogConfig: Setting CVar [[r.SSS.SampleSet:2]]
[2020.04.05-02.28.52:867][  0]LogConfig: Setting CVar [[r.SSS.Quality:1]]
[2020.04.05-02.28.52:867][  0]LogConfig: Setting CVar [[r.SSS.HalfRes:1]]
[2020.04.05-02.28.52:867][  0]LogConfig: Setting CVar [[r.EmitterSpawnRateScale:1.0]]
[2020.04.05-02.28.52:867][  0]LogConfig: Setting CVar [[r.ParticleLightQuality:2]]
[2020.04.05-02.28.52:867][  0]LogConfig: Applying CVar settings from Section [FoliageQuality@3] File [C:/Users/Key/Documents/GitHub/Unga_Bunga/UngaBunga/Saved/Config/Windows/Scalability.ini]
[2020.04.05-02.28.52:867][  0]LogConfig: Setting CVar [[foliage.DensityScale:1.0]]
[2020.04.05-02.28.52:868][  0]LogConfig: Setting CVar [[grass.DensityScale:1.0]]
[2020.04.05-02.28.52:868][  0]LogInit: Selected Device Profile: [Windows]
[2020.04.05-02.28.52:868][  0]LogInit: Applying CVar settings loaded from the selected device profile: [Windows]
[2020.04.05-02.28.52:883][  0]LogHAL: Display: Platform has ~ 16 GB [17098301440 / 17179869184 / 16], which maps to Larger [LargestMinGB=32, LargerMinGB=12, DefaultMinGB=8, SmallerMinGB=6, SmallestMinGB=0)
[2020.04.05-02.28.52:883][  0]LogConfig: Setting CVar [[r.Vulkan.UseRealUBs:0		; Required until we fix HLR fall-out]]
[2020.04.05-02.28.52:883][  0]LogInit: Going up to parent DeviceProfile []
[2020.04.05-02.28.52:883][  0]LogConfig: Applying CVar settings from Section [ViewDistanceQuality@3] File [C:/Users/Key/Documents/GitHub/Unga_Bunga/UngaBunga/Saved/Config/Windows/Scalability.ini]
[2020.04.05-02.28.52:883][  0]LogConfig: Setting CVar [[r.SkeletalMeshLODBias:0]]
[2020.04.05-02.28.52:883][  0]LogConfig: Setting CVar [[r.ViewDistanceScale:1.0]]
[2020.04.05-02.28.52:883][  0]LogConfig: Applying CVar settings from Section [AntiAliasingQuality@3] File [C:/Users/Key/Documents/GitHub/Unga_Bunga/UngaBunga/Saved/Config/Windows/Scalability.ini]
[2020.04.05-02.28.52:883][  0]LogConfig: Setting CVar [[r.PostProcessAAQuality:4]]
[2020.04.05-02.28.52:883][  0]LogConfig: Applying CVar settings from Section [ShadowQuality@3] File [C:/Users/Key/Documents/GitHub/Unga_Bunga/UngaBunga/Saved/Config/Windows/Scalability.ini]
[2020.04.05-02.28.52:883][  0]LogConfig: Setting CVar [[r.LightFunctionQuality:1]]
[2020.04.05-02.28.52:883][  0]LogConfig: Setting CVar [[r.ShadowQuality:5]]
[2020.04.05-02.28.52:883][  0]LogConfig: Setting CVar [[r.Shadow.CSM.MaxCascades:10]]
[2020.04.05-02.28.52:883][  0]LogConfig: Setting CVar [[r.Shadow.MaxResolution:2048]]
[2020.04.05-02.28.52:883][  0]LogConfig: Setting CVar [[r.Shadow.MaxCSMResolution:2048]]
[2020.04.05-02.28.52:883][  0]LogConfig: Setting CVar [[r.Shadow.RadiusThreshold:0.01]]
[2020.04.05-02.28.52:883][  0]LogConfig: Setting CVar [[r.Shadow.DistanceScale:1.0]]
[2020.04.05-02.28.52:883][  0]LogConfig: Setting CVar [[r.Shadow.CSM.TransitionScale:1.0]]
[2020.04.05-02.28.52:883][  0]LogConfig: Setting CVar [[r.Shadow.PreShadowResolutionFactor:1.0]]
[2020.04.05-02.28.52:883][  0]LogConfig: Setting CVar [[r.DistanceFieldShadowing:1]]
[2020.04.05-02.28.52:883][  0]LogConfig: Setting CVar [[r.DistanceFieldAO:1]]
[2020.04.05-02.28.52:883][  0]LogConfig: Setting CVar [[r.AOQuality:2]]
[2020.04.05-02.28.52:883][  0]LogConfig: Setting CVar [[r.VolumetricFog:1]]
[2020.04.05-02.28.52:883][  0]LogConfig: Setting CVar [[r.VolumetricFog.GridPixelSize:8]]
[2020.04.05-02.28.52:883][  0]LogConfig: Setting CVar [[r.VolumetricFog.GridSizeZ:128]]
[2020.04.05-02.28.52:883][  0]LogConfig: Setting CVar [[r.VolumetricFog.HistoryMissSupersampleCount:4]]
[2020.04.05-02.28.52:883][  0]LogConfig: Setting CVar [[r.LightMaxDrawDistanceScale:1]]
[2020.04.05-02.28.52:883][  0]LogConfig: Setting CVar [[r.CapsuleShadows:1]]
[2020.04.05-02.28.52:883][  0]LogConfig: Applying CVar settings from Section [PostProcessQuality@0] File [C:/Users/Key/Documents/GitHub/Unga_Bunga/UngaBunga/Saved/Config/Windows/Scalability.ini]
[2020.04.05-02.28.52:883][  0]LogConfig: Setting CVar [[r.MotionBlurQuality:0]]
[2020.04.05-02.28.52:883][  0]LogConfig: Setting CVar [[r.AmbientOcclusionMipLevelFactor:1.0]]
[2020.04.05-02.28.52:883][  0]LogConfig: Setting CVar [[r.AmbientOcclusionMaxQuality:0]]
[2020.04.05-02.28.52:883][  0]LogConfig: Setting CVar [[r.AmbientOcclusionLevels:0]]
[2020.04.05-02.28.52:883][  0]LogConfig: Setting CVar [[r.AmbientOcclusionRadiusScale:1.2]]
[2020.04.05-02.28.52:883][  0]LogConfig: Setting CVar [[r.DepthOfFieldQuality:0]]
[2020.04.05-02.28.52:883][  0]LogConfig: Setting CVar [[r.RenderTargetPoolMin:300]]
[2020.04.05-02.28.52:883][  0]LogConfig: Setting CVar [[r.LensFlareQuality:0]]
[2020.04.05-02.28.52:883][  0]LogConfig: Setting CVar [[r.SceneColorFringeQuality:0]]
[2020.04.05-02.28.52:883][  0]LogConfig: Setting CVar [[r.EyeAdaptationQuality:0]]
[2020.04.05-02.28.52:883][  0]LogConfig: Setting CVar [[r.BloomQuality:4]]
[2020.04.05-02.28.52:883][  0]LogConfig: Setting CVar [[r.FastBlurThreshold:0]]
[2020.04.05-02.28.52:883][  0]LogConfig: Setting CVar [[r.Upscale.Quality:1]]
[2020.04.05-02.28.52:883][  0]LogConfig: Setting CVar [[r.Tonemapper.GrainQuantization:0]]
[2020.04.05-02.28.52:884][  0]LogConfig: Setting CVar [[r.LightShaftQuality:0]]
[2020.04.05-02.28.52:884][  0]LogConfig: Setting CVar [[r.Filter.SizeScale:0.6]]
[2020.04.05-02.28.52:884][  0]LogConfig: Setting CVar [[r.Tonemapper.Quality:0]]
[2020.04.05-02.28.52:884][  0]LogConfig: Applying CVar settings from Section [TextureQuality@3] File [C:/Users/Key/Documents/GitHub/Unga_Bunga/UngaBunga/Saved/Config/Windows/Scalability.ini]
[2020.04.05-02.28.52:884][  0]LogConfig: Setting CVar [[r.Streaming.MipBias:0]]
[2020.04.05-02.28.52:884][  0]LogConfig: Setting CVar [[r.Streaming.AmortizeCPUToGPUCopy:0]]
[2020.04.05-02.28.52:884][  0]LogConfig: Setting CVar [[r.Streaming.MaxNumTexturesToStreamPerFrame:0]]
[2020.04.05-02.28.52:884][  0]LogConfig: Setting CVar [[r.Streaming.Boost:1]]
[2020.04.05-02.28.52:884][  0]LogConfig: Setting CVar [[r.MaxAnisotropy:8]]
[2020.04.05-02.28.52:884][  0]LogConfig: Setting CVar [[r.Streaming.LimitPoolSizeToVRAM:0]]
[2020.04.05-02.28.52:884][  0]LogConfig: Setting CVar [[r.Streaming.PoolSize:1000]]
[2020.04.05-02.28.52:884][  0]LogConfig: Setting CVar [[r.Streaming.MaxEffectiveScreenSize:0]]
[2020.04.05-02.28.52:884][  0]LogConfig: Applying CVar settings from Section [EffectsQuality@3] File [C:/Users/Key/Documents/GitHub/Unga_Bunga/UngaBunga/Saved/Config/Windows/Scalability.ini]
[2020.04.05-02.28.52:884][  0]LogConfig: Setting CVar [[r.TranslucencyLightingVolumeDim:64]]
[2020.04.05-02.28.52:884][  0]LogConfig: Setting CVar [[r.RefractionQuality:2]]
[2020.04.05-02.28.52:884][  0]LogConfig: Setting CVar [[r.SSR.Quality:3]]
[2020.04.05-02.28.52:884][  0]LogConfig: Setting CVar [[r.SceneColorFormat:4]]
[2020.04.05-02.28.52:884][  0]LogConfig: Setting CVar [[r.DetailMode:2]]
[2020.04.05-02.28.52:884][  0]LogConfig: Setting CVar [[r.TranslucencyVolumeBlur:1]]
[2020.04.05-02.28.52:884][  0]LogConfig: Setting CVar [[r.MaterialQualityLevel:1 ; High quality]]
[2020.04.05-02.28.52:884][  0]LogConfig: Setting CVar [[r.SSS.Scale:1]]
[2020.04.05-02.28.52:884][  0]LogConfig: Setting CVar [[r.SSS.SampleSet:2]]
[2020.04.05-02.28.52:884][  0]LogConfig: Setting CVar [[r.SSS.Quality:1]]
[2020.04.05-02.28.52:884][  0]LogConfig: Setting CVar [[r.SSS.HalfRes:1]]
[2020.04.05-02.28.52:884][  0]LogConfig: Setting CVar [[r.EmitterSpawnRateScale:1.0]]
[2020.04.05-02.28.52:884][  0]LogConfig: Setting CVar [[r.ParticleLightQuality:2]]
[2020.04.05-02.28.52:884][  0]LogConfig: Applying CVar settings from Section [FoliageQuality@3] File [C:/Users/Key/Documents/GitHub/Unga_Bunga/UngaBunga/Saved/Config/Windows/Scalability.ini]
[2020.04.05-02.28.52:884][  0]LogConfig: Setting CVar [[foliage.DensityScale:1.0]]
[2020.04.05-02.28.52:884][  0]LogConfig: Setting CVar [[grass.DensityScale:1.0]]
[2020.04.05-02.28.52:884][  0]LogConfig: Applying CVar settings from Section [Startup] File [../../../Engine/Config/ConsoleVariables.ini]
[2020.04.05-02.28.52:884][  0]LogConfig: Setting CVar [[net.UseAdaptiveNetUpdateFrequency:0]]
[2020.04.05-02.28.52:884][  0]LogConfig: Setting CVar [[p.chaos.AllowCreatePhysxBodies:1]]
[2020.04.05-02.28.52:884][  0]LogConfig: Applying CVar settings from Section [ConsoleVariables] File [C:/Users/Key/Documents/GitHub/Unga_Bunga/UngaBunga/Saved/Config/Windows/Engine.ini]
[2020.04.05-02.28.52:884][  0]LogInit: Computer: KEY-PC
[2020.04.05-02.28.52:884][  0]LogInit: User: Key
[2020.04.05-02.28.52:884][  0]LogInit: CPU Page size=4096, Cores=4
[2020.04.05-02.28.52:884][  0]LogInit: High frequency timer resolution =10.000000 MHz
[2020.04.05-02.28.52:885][  0]LogMemory: Memory total: Physical=15.9GB (16GB approx)
[2020.04.05-02.28.52:885][  0]LogMemory: Platform Memory Stats for Windows
[2020.04.05-02.28.52:885][  0]LogMemory: Process Physical Memory: 96.99 MB used, 97.00 MB peak
[2020.04.05-02.28.52:885][  0]LogMemory: Process Virtual Memory: 91.92 MB used, 91.92 MB peak
[2020.04.05-02.28.52:885][  0]LogMemory: Physical Memory: 4537.69 MB used,  11768.52 MB free, 16306.21 MB total
[2020.04.05-02.28.52:885][  0]LogMemory: Virtual Memory: 4632.99 MB used,  134213096.00 MB free, 134217728.00 MB total
[2020.04.05-02.28.52:907][  0]LogInit: Using OS detected language (en-US).
[2020.04.05-02.28.52:907][  0]LogInit: Using OS detected locale (en-US).
[2020.04.05-02.28.52:908][  0]LogTextLocalizationManager: No specific localization for 'en-US' exists, so the 'en' localization will be used.
[2020.04.05-02.28.53:118][  0]LogInit: Setting process to per monitor DPI aware
[2020.04.05-02.28.53:146][  0]LogSlate: New Slate User Created.  User Index 0, Is Virtual User: 0
[2020.04.05-02.28.53:146][  0]LogSlate: Slate User Registered.  User Index 0, Is Virtual User: 0
[2020.04.05-02.28.53:325][  0]LogHMD: Failed to initialize OpenVR with code 110
[2020.04.05-02.28.53:325][  0]LogD3D11RHI: D3D11 adapters:
[2020.04.05-02.28.53:408][  0]LogD3D11RHI:    0. 'AMD Radeon (TM) R9 380 Series' (Feature Level 11_0)
[2020.04.05-02.28.53:408][  0]LogD3D11RHI:       4071/0/8153 MB DedicatedVideo/DedicatedSystem/SharedSystem, Outputs:1, VendorId:0x1002
[2020.04.05-02.28.53:411][  0]LogD3D11RHI:    1. 'Microsoft Basic Render Driver' (Feature Level 11_0)
[2020.04.05-02.28.53:411][  0]LogD3D11RHI:       0/0/8153 MB DedicatedVideo/DedicatedSystem/SharedSystem, Outputs:0, VendorId:0x1414
[2020.04.05-02.28.53:411][  0]LogD3D11RHI: Chosen D3D11 Adapter: 0
[2020.04.05-02.28.53:420][  0]LogD3D11RHI: Creating new Direct3DDevice
[2020.04.05-02.28.53:420][  0]LogD3D11RHI:     GPU DeviceId: 0x6939 (for the marketing name, search the web for "GPU Device Id")
[2020.04.05-02.28.53:420][  0]LogWindows: EnumDisplayDevices:
[2020.04.05-02.28.53:420][  0]LogWindows:    0. 'AMD Radeon (TM) R9 380 Series' (P:1 D:1)
[2020.04.05-02.28.53:420][  0]LogWindows:    1. 'AMD Radeon (TM) R9 380 Series' (P:0 D:0)
[2020.04.05-02.28.53:421][  0]LogWindows:    2. 'AMD Radeon (TM) R9 380 Series' (P:0 D:0)
[2020.04.05-02.28.53:421][  0]LogWindows:    3. 'AMD Radeon (TM) R9 380 Series' (P:0 D:0)
[2020.04.05-02.28.53:422][  0]LogWindows:    4. 'AMD Radeon (TM) R9 380 Series' (P:0 D:0)
[2020.04.05-02.28.53:422][  0]LogWindows:    5. 'AMD Radeon (TM) R9 380 Series' (P:0 D:0)
[2020.04.05-02.28.53:423][  0]LogWindows:    6. 'AMD Radeon (TM) R9 380 Series' (P:0 D:0)
[2020.04.05-02.28.53:423][  0]LogWindows:    7. 'AMD Radeon (TM) R9 380 Series' (P:0 D:0)
[2020.04.05-02.28.53:423][  0]LogWindows: DebugString: FoundDriverCount:8 
[2020.04.05-02.28.53:423][  0]LogD3D11RHI:     Adapter Name: AMD Radeon (TM) R9 380 Series
[2020.04.05-02.28.53:423][  0]LogD3D11RHI:   Driver Version: Adrenalin 19.20 (internal:26.20.12028.2, unified:26.20.12028.2)
[2020.04.05-02.28.53:423][  0]LogD3D11RHI:      Driver Date: 8-16-2019
[2020.04.05-02.28.53:423][  0]LogRHI: Texture pool is 2850 MB (70% of 4071 MB)
[2020.04.05-02.28.53:474][  0]LogD3D11RHI: Async texture creation enabled
[2020.04.05-02.28.53:478][  0]LogRendererCore: FGlobalReadBuffer::InitRHI
[2020.04.05-02.28.53:478][  0]LogRendererCore: FGlobalReadBuffer::InitRHI
[2020.04.05-02.28.53:478][  0]LogRendererCore: FGlobalReadBuffer::InitRHI
[2020.04.05-02.28.53:485][  0]LogD3D11RHI: GPU Timing Frequency: 27.000000 (Debug: 2 1)
[2020.04.05-02.28.53:800][  0]LogTemp: Display: Module 'AllDesktopTargetPlatform' loaded TargetPlatform 'AllDesktop'
[2020.04.05-02.28.53:816][  0]LogTemp: Display: Module 'MacClientTargetPlatform' loaded TargetPlatform 'MacClient'
[2020.04.05-02.28.53:832][  0]LogTemp: Display: Module 'MacNoEditorTargetPlatform' loaded TargetPlatform 'MacNoEditor'
[2020.04.05-02.28.53:848][  0]LogTemp: Display: Module 'MacServerTargetPlatform' loaded TargetPlatform 'MacServer'
[2020.04.05-02.28.53:864][  0]LogTemp: Display: Module 'MacTargetPlatform' loaded TargetPlatform 'Mac'
[2020.04.05-02.28.53:880][  0]LogTemp: Display: Module 'WindowsClientTargetPlatform' loaded TargetPlatform 'WindowsClient'
[2020.04.05-02.28.53:896][  0]LogTemp: Display: Module 'WindowsNoEditorTargetPlatform' loaded TargetPlatform 'WindowsNoEditor'
[2020.04.05-02.28.53:912][  0]LogTemp: Display: Module 'WindowsServerTargetPlatform' loaded TargetPlatform 'WindowsServer'
[2020.04.05-02.28.53:920][  0]LogTemp: Display: Module 'WindowsTargetPlatform' loaded TargetPlatform 'Windows'
[2020.04.05-02.28.54:015][  0]LogTemp: Display: Module 'AndroidTargetPlatform' loaded TargetPlatform 'Android'
[2020.04.05-02.28.54:015][  0]LogTemp: Display: Module 'AndroidTargetPlatform' loaded TargetPlatform 'Android_ASTC'
[2020.04.05-02.28.54:015][  0]LogTemp: Display: Module 'AndroidTargetPlatform' loaded TargetPlatform 'Android_ATC'
[2020.04.05-02.28.54:015][  0]LogTemp: Display: Module 'AndroidTargetPlatform' loaded TargetPlatform 'Android_DXT'
[2020.04.05-02.28.54:015][  0]LogTemp: Display: Module 'AndroidTargetPlatform' loaded TargetPlatform 'Android_ETC1'
[2020.04.05-02.28.54:015][  0]LogTemp: Display: Module 'AndroidTargetPlatform' loaded TargetPlatform 'Android_ETC1a'
[2020.04.05-02.28.54:015][  0]LogTemp: Display: Module 'AndroidTargetPlatform' loaded TargetPlatform 'Android_ETC2'
[2020.04.05-02.28.54:015][  0]LogTemp: Display: Module 'AndroidTargetPlatform' loaded TargetPlatform 'Android_PVRTC'
[2020.04.05-02.28.54:015][  0]LogTemp: Display: Module 'AndroidTargetPlatform' loaded TargetPlatform 'AndroidClient'
[2020.04.05-02.28.54:015][  0]LogTemp: Display: Module 'AndroidTargetPlatform' loaded TargetPlatform 'Android_ASTCClient'
[2020.04.05-02.28.54:015][  0]LogTemp: Display: Module 'AndroidTargetPlatform' loaded TargetPlatform 'Android_ATCClient'
[2020.04.05-02.28.54:015][  0]LogTemp: Display: Module 'AndroidTargetPlatform' loaded TargetPlatform 'Android_DXTClient'
[2020.04.05-02.28.54:015][  0]LogTemp: Display: Module 'AndroidTargetPlatform' loaded TargetPlatform 'Android_ETC1Client'
[2020.04.05-02.28.54:015][  0]LogTemp: Display: Module 'AndroidTargetPlatform' loaded TargetPlatform 'Android_ETC1aClient'
[2020.04.05-02.28.54:015][  0]LogTemp: Display: Module 'AndroidTargetPlatform' loaded TargetPlatform 'Android_ETC2Client'
[2020.04.05-02.28.54:016][  0]LogTemp: Display: Module 'AndroidTargetPlatform' loaded TargetPlatform 'Android_PVRTCClient'
[2020.04.05-02.28.54:016][  0]LogTemp: Display: Module 'AndroidTargetPlatform' loaded TargetPlatform 'Android_Multi'
[2020.04.05-02.28.54:016][  0]LogTemp: Display: Module 'AndroidTargetPlatform' loaded TargetPlatform 'Android_MultiClient'
[2020.04.05-02.28.54:017][  0]LogTemp: Display: Module 'HTML5TargetPlatform' loaded TargetPlatform 'HTML5'
[2020.04.05-02.28.54:071][  0]LogTemp: Display: Module 'IOSTargetPlatform' loaded TargetPlatform 'IOSClient'
[2020.04.05-02.28.54:071][  0]LogTemp: Display: Module 'IOSTargetPlatform' loaded TargetPlatform 'IOS'
[2020.04.05-02.28.54:098][  0]LogTemp: Display: Module 'TVOSTargetPlatform' loaded TargetPlatform 'TVOSClient'
[2020.04.05-02.28.54:098][  0]LogTemp: Display: Module 'TVOSTargetPlatform' loaded TargetPlatform 'TVOS'
[2020.04.05-02.28.54:111][  0]LogTemp: Display: Module 'LinuxClientTargetPlatform' loaded TargetPlatform 'LinuxClient'
[2020.04.05-02.28.54:126][  0]LogTemp: Display: Module 'LinuxNoEditorTargetPlatform' loaded TargetPlatform 'LinuxNoEditor'
[2020.04.05-02.28.54:140][  0]LogTemp: Display: Module 'LinuxServerTargetPlatform' loaded TargetPlatform 'LinuxServer'
[2020.04.05-02.28.54:155][  0]LogTemp: Display: Module 'LinuxTargetPlatform' loaded TargetPlatform 'Linux'
[2020.04.05-02.28.54:205][  0]LogTemp: Display: Module 'LuminTargetPlatform' loaded TargetPlatform 'Lumin'
[2020.04.05-02.28.54:205][  0]LogTemp: Display: Module 'LuminTargetPlatform' loaded TargetPlatform 'LuminClient'
[2020.04.05-02.28.54:206][  0]LogTargetPlatformManager: Display: Building Assets For Windows
[2020.04.05-02.28.54:215][  0]LogAudioDebug: Display: Lib vorbis DLL was dynamically loaded.
[2020.04.05-02.28.54:272][  0]LogShaderCompilers: Guid format shader working directory is -22 characters bigger than the processId version (../../../../../../Users/Key/Documents/GitHub/Unga_Bunga/UngaBunga/Intermediate/Shaders/WorkingDirectory/17624/).
[2020.04.05-02.28.54:272][  0]LogShaderCompilers: Cleaned the shader compiler working directory 'C:/Users/Key/AppData/Local/Temp/UnrealShaderWorkingDir/FDD50C124CF377687EC96998341FDB91/'.
[2020.04.05-02.28.54:275][  0]LogXGEController: Cleaning working directory: C:/Users/Key/AppData/Local/Temp/UnrealXGEWorkingDir/
[2020.04.05-02.28.54:275][  0]LogXGEController: Cannot use XGE Controller as Incredibuild is not installed on this machine.
[2020.04.05-02.28.54:275][  0]LogShaderCompilers: Cannot use XGE Shader Compiler as Incredibuild is not installed on this machine.
[2020.04.05-02.28.54:275][  0]LogShaderCompilers: Display: Using Local Shader Compiler.
[2020.04.05-02.28.54:877][  0]LogDerivedDataCache: Display: Max Cache Size: 512 MB
[2020.04.05-02.28.54:931][  0]LogDerivedDataCache: Loaded boot cache 0.05s 71MB C:/Users/Key/AppData/Local/UnrealEngine/4.22/DerivedDataCache/Boot.ddc.
[2020.04.05-02.28.54:931][  0]LogDerivedDataCache: Display: Loaded Boot cache: C:/Users/Key/AppData/Local/UnrealEngine/4.22/DerivedDataCache/Boot.ddc
[2020.04.05-02.28.54:931][  0]LogDerivedDataCache: FDerivedDataBackendGraph:  Pak pak cache file ../../../../../../Users/Key/Documents/GitHub/Unga_Bunga/UngaBunga/DerivedDataCache/DDC.ddp not found, will not use a pak cache.
[2020.04.05-02.28.54:931][  0]LogDerivedDataCache: Unable to find inner node Pak for hierarchical cache Hierarchy.
[2020.04.05-02.28.54:931][  0]LogDerivedDataCache: FDerivedDataBackendGraph:  CompressedPak pak cache file ../../../../../../Users/Key/Documents/GitHub/Unga_Bunga/UngaBunga/DerivedDataCache/Compressed.ddp not found, will not use a pak cache.
[2020.04.05-02.28.54:931][  0]LogDerivedDataCache: Unable to find inner node CompressedPak for hierarchical cache Hierarchy.
[2020.04.05-02.28.54:945][  0]LogDerivedDataCache: Display: Pak cache opened for reading ../../../Engine/DerivedDataCache/Compressed.ddp.
[2020.04.05-02.28.54:945][  0]LogDerivedDataCache: FDerivedDataBackendGraph:  EnterprisePak pak cache file ../../../Enterprise/DerivedDataCache/Compressed.ddp not found, will not use a pak cache.
[2020.04.05-02.28.54:945][  0]LogDerivedDataCache: Unable to find inner node EnterprisePak for hierarchical cache Hierarchy.
[2020.04.05-02.28.54:958][  0]LogDerivedDataCache: Using Local data cache path C:/Users/Key/AppData/Local/UnrealEngine/Common/DerivedDataCache: Writable
[2020.04.05-02.28.54:958][  0]LogDerivedDataCache: Shared data cache path not found in *engine.ini, will not use an Shared cache.
[2020.04.05-02.28.54:958][  0]LogDerivedDataCache: Unable to find inner node Shared for hierarchical cache Hierarchy.
[2020.04.05-02.28.54:984][  0]LogMaterial: Verifying Global Shaders for PCD3D_SM5
[2020.04.05-02.28.54:985][  0]LogSlate: Using FreeType 2.6.0
[2020.04.05-02.28.54:985][  0]LogSlate: SlateFontServices - WITH_FREETYPE: 1, WITH_HARFBUZZ: 1
[2020.04.05-02.28.55:073][  0]LogAssetRegistry: FAssetRegistry took 0.0348 seconds to start up
[2020.04.05-02.28.55:445][  0]LogInit: Selected Device Profile: [Windows]
[2020.04.05-02.28.55:609][  0]LogMeshReduction: Using QuadricMeshReduction for automatic static mesh reduction
[2020.04.05-02.28.55:609][  0]LogMeshReduction: Using SimplygonMeshReduction for automatic skeletal mesh reduction
[2020.04.05-02.28.55:609][  0]LogMeshReduction: Using ProxyLODMeshReduction for automatic mesh merging
[2020.04.05-02.28.55:609][  0]LogMeshReduction: No distributed automatic mesh merging module available
[2020.04.05-02.28.55:610][  0]LogMeshMerging: No distributed automatic mesh merging module available
[2020.04.05-02.28.55:630][  0]LogNetVersion: unga 1.0.0, NetCL: 5660361, EngineNetVer: 10, GameNetVer: 0 (Checksum: 2805561233)
[2020.04.05-02.28.56:101][  0]LogPackageLocalizationCache: Processed 10 localized package path(s) for 1 prioritized culture(s) in 0.046834 seconds
[2020.04.05-02.28.56:111][  0]LogUObjectArray: 42205 objects as part of root set at end of initial load.
[2020.04.05-02.28.56:112][  0]LogUObjectAllocator: 7325032 out of 0 bytes used by permanent object pool.
[2020.04.05-02.28.56:112][  0]LogUObjectArray: CloseDisregardForGC: 0/0 objects in disregard for GC pool
[2020.04.05-02.28.57:037][  0]LogTcpMessaging: Initializing TcpMessaging bridge
[2020.04.05-02.28.57:051][  0]LogUdpMessaging: Initializing bridge on interface 0.0.0.0:0 to multicast group 230.0.0.1:6666.
[2020.04.05-02.28.57:107][  0]LogUdpMessaging: Initializing tunnel on interface 0.0.0.0:0 to multicast group 230.0.0.1:6666.
[2020.04.05-02.28.57:174][  0]SourceControl: Source control is disabled
[2020.04.05-02.28.57:175][  0]LogWindows: Warning: CreateProc failed: The system cannot find the file specified. (0x00000002)
[2020.04.05-02.28.57:175][  0]LogWindows: Warning: URL: C:/Program Files/Git/bin/git.exe version
[2020.04.05-02.28.57:175][  0]LogWindows: Warning: CreateProc failed: The system cannot find the file specified. (0x00000002)
[2020.04.05-02.28.57:175][  0]LogWindows: Warning: URL: C:/Program Files (x86)/Git/bin/git.exe version
[2020.04.05-02.28.57:175][  0]LogWindows: Warning: CreateProc failed: The system cannot find the file specified. (0x00000002)
[2020.04.05-02.28.57:175][  0]LogWindows: Warning: URL: C:\Users\Key\AppData\Local/Programs/Git/cmd/git.exe version
[2020.04.05-02.28.57:175][  0]LogWindows: Warning: CreateProc failed: The system cannot find the file specified. (0x00000002)
[2020.04.05-02.28.57:175][  0]LogWindows: Warning: URL: C:/Program Files (x86)/SmartGit/git/bin/git.exe version
[2020.04.05-02.28.57:175][  0]LogWindows: Warning: CreateProc failed: The system cannot find the file specified. (0x00000002)
[2020.04.05-02.28.57:175][  0]LogWindows: Warning: URL: C:/Program Files (x86)/SmartGit/bin/git.exe version
[2020.04.05-02.28.57:176][  0]LogWindows: Warning: CreateProc failed: The system cannot find the file specified. (0x00000002)
[2020.04.05-02.28.57:176][  0]LogWindows: Warning: URL: C:\Users\Key\AppData\Local/Atlassian/SourceTree/git_local/bin/git.exe version
[2020.04.05-02.28.57:176][  0]LogWindows: Warning: CreateProc failed: The system cannot find the file specified. (0x00000002)
[2020.04.05-02.28.57:176][  0]LogWindows: Warning: URL: C:/Program Files (x86)/fournova/Tower/vendor/Git/bin/git.exe version
[2020.04.05-02.28.57:177][  0]LogWindows: Warning: CreateProc failed: The system cannot find the file specified. (0x00000002)
[2020.04.05-02.28.57:177][  0]LogWindows: Warning: URL: C:/Program Files/Git/bin/git.exe version
[2020.04.05-02.28.57:178][  0]LogWindows: Warning: CreateProc failed: The system cannot find the file specified. (0x00000002)
[2020.04.05-02.28.57:178][  0]LogWindows: Warning: URL: C:/Program Files (x86)/Git/bin/git.exe version
[2020.04.05-02.28.57:178][  0]LogWindows: Warning: CreateProc failed: The system cannot find the file specified. (0x00000002)
[2020.04.05-02.28.57:178][  0]LogWindows: Warning: URL: C:\Users\Key\AppData\Local/Programs/Git/cmd/git.exe version
[2020.04.05-02.28.57:178][  0]LogWindows: Warning: CreateProc failed: The system cannot find the file specified. (0x00000002)
[2020.04.05-02.28.57:178][  0]LogWindows: Warning: URL: C:/Program Files (x86)/SmartGit/git/bin/git.exe version
[2020.04.05-02.28.57:178][  0]LogWindows: Warning: CreateProc failed: The system cannot find the file specified. (0x00000002)
[2020.04.05-02.28.57:178][  0]LogWindows: Warning: URL: C:/Program Files (x86)/SmartGit/bin/git.exe version
[2020.04.05-02.28.57:179][  0]LogWindows: Warning: CreateProc failed: The system cannot find the file specified. (0x00000002)
[2020.04.05-02.28.57:179][  0]LogWindows: Warning: URL: C:\Users\Key\AppData\Local/Atlassian/SourceTree/git_local/bin/git.exe version
[2020.04.05-02.28.57:179][  0]LogWindows: Warning: CreateProc failed: The system cannot find the file specified. (0x00000002)
[2020.04.05-02.28.57:179][  0]LogWindows: Warning: URL: C:/Program Files (x86)/fournova/Tower/vendor/Git/bin/git.exe version
[2020.04.05-02.28.57:180][  0]LogWindows: Warning: CreateProc failed: The system cannot find the file specified. (0x00000002)
[2020.04.05-02.28.57:180][  0]LogWindows: Warning: URL: C:/Program Files/Git/bin/git.exe version
[2020.04.05-02.28.57:181][  0]LogWindows: Warning: CreateProc failed: The system cannot find the file specified. (0x00000002)
[2020.04.05-02.28.57:181][  0]LogWindows: Warning: URL: C:/Program Files (x86)/Git/bin/git.exe version
[2020.04.05-02.28.57:181][  0]LogWindows: Warning: CreateProc failed: The system cannot find the file specified. (0x00000002)
[2020.04.05-02.28.57:181][  0]LogWindows: Warning: URL: C:\Users\Key\AppData\Local/Programs/Git/cmd/git.exe version
[2020.04.05-02.28.57:181][  0]LogWindows: Warning: CreateProc failed: The system cannot find the file specified. (0x00000002)
[2020.04.05-02.28.57:181][  0]LogWindows: Warning: URL: C:/Program Files (x86)/SmartGit/git/bin/git.exe version
[2020.04.05-02.28.57:182][  0]LogWindows: Warning: CreateProc failed: The system cannot find the file specified. (0x00000002)
[2020.04.05-02.28.57:182][  0]LogWindows: Warning: URL: C:/Program Files (x86)/SmartGit/bin/git.exe version
[2020.04.05-02.28.57:182][  0]LogWindows: Warning: CreateProc failed: The system cannot find the file specified. (0x00000002)
[2020.04.05-02.28.57:182][  0]LogWindows: Warning: URL: C:\Users\Key\AppData\Local/Atlassian/SourceTree/git_local/bin/git.exe version
[2020.04.05-02.28.57:183][  0]LogWindows: Warning: CreateProc failed: The system cannot find the file specified. (0x00000002)
[2020.04.05-02.28.57:183][  0]LogWindows: Warning: URL: C:/Program Files (x86)/fournova/Tower/vendor/Git/bin/git.exe version
[2020.04.05-02.28.57:263][  0]LogAndroidPermission: UAndroidPermissionCallbackProxy::GetInstance
[2020.04.05-02.28.57:368][  0]LogOcInput: OculusInput pre-init called
[2020.04.05-02.28.58:104][  0]LogEngine: Initializing Engine...
[2020.04.05-02.28.58:105][  0]LogHMD: Failed to initialize OpenVR with code 110
[2020.04.05-02.28.58:106][  0]LogStats: UGameplayTagsManager::InitializeManager -  0.000 s
[2020.04.05-02.28.58:337][  0]LogInit: Initializing FReadOnlyCVARCache
[2020.04.05-02.28.58:351][  0]LogAIModule: Creating AISystem for world Untitled
[2020.04.05-02.28.58:380][  0]LogInit: XAudio2 using 'Headset Earphone (2- Wireless Controller)' : 2 channels at 32 kHz using 16 bits per sample (channel mask 0x0)
[2020.04.05-02.28.58:397][  0]LogInit: FAudioDevice initialized.
[2020.04.05-02.28.58:397][  0]LogNetVersion: Set ProjectVersion to 1.0.0.0. Version Checksum will be recalculated on next use.
[2020.04.05-02.28.58:609][  0]LogDerivedDataCache: Saved boot cache 0.21s 71MB C:/Users/Key/AppData/Local/UnrealEngine/4.22/DerivedDataCache/Boot.ddc.
[2020.04.05-02.28.58:613][  0]LogInit: Texture streaming: Enabled
[2020.04.05-02.28.58:633][  0]LogEngineSessionManager: EngineSessionManager initialized
[2020.04.05-02.28.58:658][  0]LogInit: Transaction tracking system initialized
[2020.04.05-02.28.58:686][  0]BlueprintLog: New page: Editor Load
[2020.04.05-02.28.58:789][  0]LocalizationService: Localization service is disabled
[2020.04.05-02.28.59:101][  0]LogFileCache: Scanning file cache for directory 'C:/Users/Key/Documents/GitHub/Unga_Bunga/UngaBunga/Content/' took 0.02s
[2020.04.05-02.28.59:101][  0]LogCook: Display: Max memory allowance for cook 16384mb min free memory 0mb
[2020.04.05-02.28.59:101][  0]LogCook: Display: Mobile HDR setting 1
[2020.04.05-02.28.59:292][  0]LogWindows: Warning: CreateProc failed: The system cannot find the file specified. (0x00000002)
[2020.04.05-02.28.59:292][  0]LogWindows: Warning: URL: C:/Program Files/Git/bin/git.exe version
[2020.04.05-02.28.59:292][  0]LogWindows: Warning: CreateProc failed: The system cannot find the file specified. (0x00000002)
[2020.04.05-02.28.59:292][  0]LogWindows: Warning: URL: C:/Program Files (x86)/Git/bin/git.exe version
[2020.04.05-02.28.59:292][  0]LogWindows: Warning: CreateProc failed: The system cannot find the file specified. (0x00000002)
[2020.04.05-02.28.59:293][  0]LogWindows: Warning: URL: C:\Users\Key\AppData\Local/Programs/Git/cmd/git.exe version
[2020.04.05-02.28.59:293][  0]LogWindows: Warning: CreateProc failed: The system cannot find the file specified. (0x00000002)
[2020.04.05-02.28.59:293][  0]LogWindows: Warning: URL: C:/Program Files (x86)/SmartGit/git/bin/git.exe version
[2020.04.05-02.28.59:293][  0]LogWindows: Warning: CreateProc failed: The system cannot find the file specified. (0x00000002)
[2020.04.05-02.28.59:293][  0]LogWindows: Warning: URL: C:/Program Files (x86)/SmartGit/bin/git.exe version
[2020.04.05-02.28.59:293][  0]LogWindows: Warning: CreateProc failed: The system cannot find the file specified. (0x00000002)
[2020.04.05-02.28.59:293][  0]LogWindows: Warning: URL: C:\Users\Key\AppData\Local/Atlassian/SourceTree/git_local/bin/git.exe version
[2020.04.05-02.28.59:294][  0]LogWindows: Warning: CreateProc failed: The system cannot find the file specified. (0x00000002)
[2020.04.05-02.28.59:294][  0]LogWindows: Warning: URL: C:/Program Files (x86)/fournova/Tower/vendor/Git/bin/git.exe version
[2020.04.05-02.28.59:294][  0]Cmd: MAP LOAD FILE="../../../../../../Users/Key/Documents/GitHub/Unga_Bunga/UngaBunga/Content/FirstPersonBP/Maps/FirstPersonExampleMap.umap" TEMPLATE=0 SHOWPROGRESS=1 FEATURELEVEL=3
[2020.04.05-02.28.59:294][  0]LightingResults: New page: Lighting Build
[2020.04.05-02.28.59:298][  0]MapCheck: New page: Map Check
[2020.04.05-02.28.59:298][  0]LightingResults: New page: Lighting Build
[2020.04.05-02.28.59:328][  0]LogUObjectHash: Compacting FUObjectHashTables data took   1.61ms
[2020.04.05-02.28.59:623][  0]LogMaterial: Display: Missing cached shader map for material M_Rock, compiling. 
[2020.04.05-02.28.59:623][  0]LogMaterial: Warning: C:\Users\Key\Documents\GitHub\Unga_Bunga\UngaBunga\Content\StarterContent\Props\Materials\M_Rock.uasset: Failed to compile Material for platform PCD3D_SM5, Default Material will be used in game.
[2020.04.05-02.28.59:623][  0]LogMaterial: 	(Node TextureSample) Texture Sample> Missing input texture
[2020.04.05-02.28.59:624][  0]LogAIModule: Creating AISystem for world FirstPersonExampleMap
[2020.04.05-02.28.59:634][  0]LogEditorServer: Finished looking for orphan Actors (0.000 secs)
[2020.04.05-02.28.59:661][  0]LogUObjectHash: Compacting FUObjectHashTables data took   2.04ms
[2020.04.05-02.28.59:661][  0]Cmd: MAP CHECKDEP NOCLEARLOG
[2020.04.05-02.28.59:661][  0]MapCheck: Map check complete: 0 Error(s), 0 Warning(s), took 0.14ms to complete.
[2020.04.05-02.28.59:662][  0]LogFileHelpers: Loading map 'FirstPersonExampleMap' took 0.367
[2020.04.05-02.28.59:766][  0]LogSlate: Updating window title bar state: overlay mode, drag disabled, window buttons hidden, title bar hidden
[2020.04.05-02.28.59:773][  0]LogSlate: Updating window title bar state: overlay mode, drag disabled, window buttons hidden, title bar hidden
[2020.04.05-02.28.59:781][  0]LogSlate: Updating window title bar state: overlay mode, drag disabled, window buttons hidden, title bar hidden
[2020.04.05-02.28.59:789][  0]LogSlate: Updating window title bar state: overlay mode, drag disabled, window buttons hidden, title bar hidden
[2020.04.05-02.28.59:796][  0]LogCollectionManager: Loaded 0 collections in 0.001966 seconds
[2020.04.05-02.28.59:811][  0]LogFileCache: Scanning file cache for directory 'C:/Users/Key/Documents/GitHub/Unga_Bunga/UngaBunga/Saved/Collections/' took 0.01s
[2020.04.05-02.28.59:811][  0]LogFileCache: Scanning file cache for directory 'C:/Users/Key/Documents/GitHub/Unga_Bunga/UngaBunga/Content/Developers/Key/Collections/' took 0.00s
[2020.04.05-02.28.59:811][  0]LogFileCache: Scanning file cache for directory 'C:/Users/Key/Documents/GitHub/Unga_Bunga/UngaBunga/Content/Collections/' took 0.00s
[2020.04.05-02.28.59:811][  0]LogCollectionManager: Rebuilt the GUID cache for 0 collections in 0.000000 seconds
[2020.04.05-02.28.59:820][  0]LogContentBrowser: Native class hierarchy populated in 0.0090 seconds. Added 2732 classes and 659 folders.
[2020.04.05-02.28.59:827][  0]LogContentBrowser: Native class hierarchy updated for 'WidgetCarousel' in 0.0002 seconds. Added 0 classes and 0 folders.
[2020.04.05-02.28.59:829][  0]LogPakFile: Registered encryption key '00000000000000000000000000000000': 0 pak files mounted, 0 remain pending
[2020.04.05-02.28.59:830][  0]LogPakFile: Registered encryption key '00000000000000000000000000000000': 0 pak files mounted, 0 remain pending
[2020.04.05-02.28.59:830][  0]LogPakFile: Registered encryption key '00000000000000000000000000000000': 0 pak files mounted, 0 remain pending
[2020.04.05-02.28.59:830][  0]LogPakFile: Registered encryption key '00000000000000000000000000000000': 0 pak files mounted, 0 remain pending
[2020.04.05-02.28.59:831][  0]LogPakFile: Registered encryption key '00000000000000000000000000000000': 0 pak files mounted, 0 remain pending
[2020.04.05-02.28.59:832][  0]LogPakFile: Registered encryption key '00000000000000000000000000000000': 0 pak files mounted, 0 remain pending
[2020.04.05-02.28.59:832][  0]LogPakFile: Registered encryption key '00000000000000000000000000000000': 0 pak files mounted, 0 remain pending
[2020.04.05-02.28.59:833][  0]LogPakFile: Registered encryption key '00000000000000000000000000000000': 0 pak files mounted, 0 remain pending
[2020.04.05-02.28.59:833][  0]LogPakFile: Registered encryption key '00000000000000000000000000000000': 0 pak files mounted, 0 remain pending
[2020.04.05-02.28.59:834][  0]LogPakFile: Registered encryption key '00000000000000000000000000000000': 0 pak files mounted, 0 remain pending
[2020.04.05-02.28.59:835][  0]LogPakFile: Registered encryption key '00000000000000000000000000000000': 0 pak files mounted, 0 remain pending
[2020.04.05-02.28.59:835][  0]LogPakFile: Registered encryption key '00000000000000000000000000000000': 0 pak files mounted, 0 remain pending
[2020.04.05-02.28.59:836][  0]LogPakFile: Registered encryption key '00000000000000000000000000000000': 0 pak files mounted, 0 remain pending
[2020.04.05-02.28.59:836][  0]LogPakFile: Registered encryption key '00000000000000000000000000000000': 0 pak files mounted, 0 remain pending
[2020.04.05-02.28.59:837][  0]LogPakFile: Registered encryption key '00000000000000000000000000000000': 0 pak files mounted, 0 remain pending
[2020.04.05-02.28.59:837][  0]LogPakFile: Registered encryption key '00000000000000000000000000000000': 0 pak files mounted, 0 remain pending
[2020.04.05-02.28.59:838][  0]LogPakFile: Registered encryption key '00000000000000000000000000000000': 0 pak files mounted, 0 remain pending
[2020.04.05-02.28.59:838][  0]LogPakFile: Registered encryption key '00000000000000000000000000000000': 0 pak files mounted, 0 remain pending
[2020.04.05-02.28.59:839][  0]LogPakFile: Registered encryption key '00000000000000000000000000000000': 0 pak files mounted, 0 remain pending
[2020.04.05-02.28.59:839][  0]LogPakFile: Registered encryption key '00000000000000000000000000000000': 0 pak files mounted, 0 remain pending
[2020.04.05-02.28.59:840][  0]LogPakFile: Registered encryption key '00000000000000000000000000000000': 0 pak files mounted, 0 remain pending
[2020.04.05-02.28.59:840][  0]LogPakFile: Registered encryption key '00000000000000000000000000000000': 0 pak files mounted, 0 remain pending
[2020.04.05-02.28.59:841][  0]LogPakFile: Registered encryption key '00000000000000000000000000000000': 0 pak files mounted, 0 remain pending
[2020.04.05-02.28.59:841][  0]LogPakFile: Registered encryption key '00000000000000000000000000000000': 0 pak files mounted, 0 remain pending
[2020.04.05-02.28.59:842][  0]LogPakFile: Registered encryption key '00000000000000000000000000000000': 0 pak files mounted, 0 remain pending
[2020.04.05-02.28.59:842][  0]LogPakFile: Registered encryption key '00000000000000000000000000000000': 0 pak files mounted, 0 remain pending
[2020.04.05-02.28.59:873][  0]LogContentBrowser: Native class hierarchy updated for 'AddContentDialog' in 0.0003 seconds. Added 0 classes and 0 folders.
[2020.04.05-02.28.59:878][  0]LogContentBrowser: Native class hierarchy updated for 'SceneOutliner' in 0.0003 seconds. Added 1 classes and 2 folders.
[2020.04.05-02.28.59:921][  0]LogContentBrowser: Native class hierarchy updated for 'HierarchicalLODOutliner' in 0.0002 seconds. Added 0 classes and 0 folders.
[2020.04.05-02.28.59:921][  0]LogLoad: (Engine Initialization) Total time: 8.73 seconds
[2020.04.05-02.28.59:921][  0]LogLoad: (Engine Initialization) Total Blueprint compile time: 0.00 seconds
[2020.04.05-02.28.59:959][  0]LogAssetRegistry: Asset discovery search completed in 4.9086 seconds
[2020.04.05-02.28.59:961][  0]LogCollectionManager: Rebuilt the object cache for 0 collections in 0.000000 seconds (found 0 objects)
[2020.04.05-02.28.59:961][  0]LogCollectionManager: Fixed up redirectors for 0 collections in 0.000047 seconds (updated 0 objects)
[2020.04.05-02.28.59:962][  0]LogContentStreaming: Texture pool size now 1000 MB
[2020.04.05-02.28.59:971][  0]LogSlate: Took 0.000149 seconds to synchronously load lazily loaded font '../../../Engine/Content/Slate/Fonts/Roboto-Regular.ttf' (155K)
[2020.04.05-02.28.59:972][  0]LogSlate: Took 0.000118 seconds to synchronously load lazily loaded font '../../../Engine/Content/Slate/Fonts/Roboto-Bold.ttf' (160K)
[2020.04.05-02.28.59:976][  0]LogSlate: Took 0.000155 seconds to synchronously load lazily loaded font '../../../Engine/Content/Editor/Slate/Fonts/FontAwesome.ttf' (139K)
[2020.04.05-02.29.00:042][  0]LogSlate: Took 0.000173 seconds to synchronously load lazily loaded font '../../../Engine/Content/Slate/Fonts/Roboto-Light.ttf' (167K)
[2020.04.05-02.29.00:078][  2]LogRenderer: Reallocating scene render targets to support 704x412 Format 10 NumSamples 1 (Frame:1).
[2020.04.05-02.29.01:755][163]LogRenderer: Reallocating scene render targets to support 704x636 Format 10 NumSamples 1 (Frame:164).
[2020.04.05-02.29.07:930][183]LogSlate: FSceneViewport::OnFocusLost() reason 0
[2020.04.05-02.29.40:325][ 37]LogLinker: Warning: Can't find file '/Game/KiteDemo/Environments/Cliffs/Cliff01/MI_Cliff01'
[2020.04.05-02.29.40:325][ 37]LogLinker: Warning: Can't find file '/Game/KiteDemo/Environments/Cliffs/Cliff01/MI_Cliff01'
[2020.04.05-02.29.40:325][ 37]LogUObjectGlobals: Warning: Failed to find object 'Object /Game/KiteDemo/Environments/Cliffs/Cliff01/MI_Cliff01.MI_Cliff01'
[2020.04.05-02.29.40:325][ 37]LogLinker: Warning: Can't find file '/Game/KiteDemo/Environments/Cliffs/Cliff01/SM_Cliff01'
[2020.04.05-02.29.40:325][ 37]LogLinker: Warning: Can't find file '/Game/KiteDemo/Environments/Cliffs/Cliff01/SM_Cliff01'
[2020.04.05-02.29.40:326][ 37]LogUObjectGlobals: Warning: Failed to find object 'Object /Game/KiteDemo/Environments/Cliffs/Cliff01/SM_Cliff01.SM_Cliff01'
[2020.04.05-02.29.40:326][ 37]LogLinker: Warning: Can't find file '/Game/KiteDemo/Environments/Cliffs/Cliff01/T_Cliff01_D_CC_R'
[2020.04.05-02.29.40:326][ 37]LogLinker: Warning: Can't find file '/Game/KiteDemo/Environments/Cliffs/Cliff01/T_Cliff01_D_CC_R'
[2020.04.05-02.29.40:326][ 37]LogUObjectGlobals: Warning: Failed to find object 'Object /Game/KiteDemo/Environments/Cliffs/Cliff01/T_Cliff01_D_CC_R.T_Cliff01_D_CC_R'
[2020.04.05-02.29.40:326][ 37]LogLinker: Warning: Can't find file '/Game/KiteDemo/Environments/Cliffs/Cliff01/T_Cliff01_N'
[2020.04.05-02.29.40:327][ 37]LogLinker: Warning: Can't find file '/Game/KiteDemo/Environments/Cliffs/Cliff01/T_Cliff01_N'
[2020.04.05-02.29.40:327][ 37]LogUObjectGlobals: Warning: Failed to find object 'Object /Game/KiteDemo/Environments/Cliffs/Cliff01/T_Cliff01_N.T_Cliff01_N'
[2020.04.05-02.30.01:587][987]LogSlate: Took 0.000174 seconds to synchronously load lazily loaded font '../../../Engine/Content/Slate/Fonts/Roboto-Light.ttf' (167K)
[2020.04.05-02.30.01:593][987]LogAssetEditorManager: Opening Asset editor for Texture2D /Game/KiteDemo/Environments/Foliage/BogMyrtle_01/BogMyrtle_01_Atlas_Billboards_Tex.BogMyrtle_01_Atlas_Billboards_Tex
[2020.04.05-02.30.01:599][987]LogContentBrowser: Native class hierarchy updated for 'TextureEditor' in 0.0003 seconds. Added 1 classes and 2 folders.
[2020.04.05-02.30.14:543][489]LogSlate: Window 'BogMyrtle_01_Atlas_Billboards_Tex' being destroyed
[2020.04.05-02.30.17:565][840]LogAssetEditorManager: Opening Asset editor for Texture2D /Game/KiteDemo/Environments/Foliage/BogMyrtle_01/BogMyrtle_01_Atlas_Billboards_Normal_Tex.BogMyrtle_01_Atlas_Billboards_Normal_Tex
[2020.04.05-02.30.21:570][290]LogSlate: Window 'BogMyrtle_01_Atlas_Billboards_Normal_Tex' being destroyed
[2020.04.05-02.30.22:894][436]LogMaterial: Display: Missing cached shader map for material BogMyrtle_01_Fronds_Mat, compiling. 
[2020.04.05-02.30.23:036][436]LogMaterial: Display: Missing cached shader map for material BogMyrtle_01_Billboard_Mat, compiling. 
[2020.04.05-02.30.23:098][436]LogAssetEditorManager: Opening Asset editor for StaticMesh /Game/KiteDemo/Environments/Foliage/BogMyrtle_01/BogMyrtle_01.BogMyrtle_01
[2020.04.05-02.30.23:851][436]LogRenderer: Reallocating scene render targets to support 704x676 Format 10 NumSamples 1 (Frame:1).
[2020.04.05-02.30.23:851][436]LogSlate: Took 0.016332 seconds to synchronously load lazily loaded font '../../../Engine/Content/Slate/Fonts/Roboto-Italic.ttf' (157K)
[2020.04.05-02.30.30:747][ 97]LogShaderCompilers: Display: Shaders left to compile 200
[2020.04.05-02.30.32:243][254]LogShaderCompilers: Display: Shaders left to compile 190
[2020.04.05-02.30.33:800][410]LogShaderCompilers: Display: Shaders left to compile 180
[2020.04.05-02.30.44:338][507]LogShaderCompilers: Display: Shaders left to compile 170
[2020.04.05-02.30.44:396][513]LogSlate: Window 'BogMyrtle_01' being destroyed
[2020.04.05-02.30.46:816][725]LogShaderCompilers: Display: Shaders left to compile 160
[2020.04.05-02.30.47:393][776]LogShaderCompilers: Display: Shaders left to compile 150
[2020.04.05-02.30.50:052][ 16]LogShaderCompilers: Display: Shaders left to compile 140
[2020.04.05-02.30.51:987][190]LogShaderCompilers: Display: Shaders left to compile 130
[2020.04.05-02.30.53:267][305]LogShaderCompilers: Display: Shaders left to compile 120
[2020.04.05-02.30.58:950][819]LogShaderCompilers: Display: Shaders left to compile 110
[2020.04.05-02.31.00:315][938]LogShaderCompilers: Display: Shaders left to compile 100
[2020.04.05-02.31.01:350][ 29]LogShaderCompilers: Display: Shaders left to compile 90
[2020.04.05-02.31.04:714][380]LogAssetEditorManager: Opening Asset editor for StaticMesh /Game/KiteDemo/Environments/Foliage/BogMyrtle_01/BogMyrtle_01.BogMyrtle_01
[2020.04.05-02.31.05:835][437]LogShaderCompilers: Display: Shaders left to compile 80
[2020.04.05-02.31.07:455][594]LogShaderCompilers: Display: Shaders left to compile 70
[2020.04.05-02.31.07:932][642]LogShaderCompilers: Display: Shaders left to compile 60
[2020.04.05-02.31.12:660][129]LogSlate: Window 'BogMyrtle_01' being destroyed
[2020.04.05-02.31.15:738][440]LogShaderCompilers: Display: Shaders left to compile 50
[2020.04.05-02.31.18:781][788]LogShaderCompilers: Display: Shaders left to compile 40
[2020.04.05-02.31.19:352][793]LogShaderCompilers: Display: Shaders left to compile 30
[2020.04.05-02.31.19:358][793]LogAssetEditorManager: Opening Asset editor for StaticMesh /Game/KiteDemo/Environments/Foliage/BogMyrtleBush_01/BogMyrtleBush_01.BogMyrtleBush_01
[2020.04.05-02.31.21:578][971]LogShaderCompilers: Display: Shaders left to compile 20
[2020.04.05-02.31.24:231][222]LogShaderCompilers: Display: Shaders left to compile 10
[2020.04.05-02.31.32:851][101]LogSlate: Window 'BogMyrtleBush_01' being destroyed
[2020.04.05-02.32.26:864][575]LogMaterial: Display: Missing cached shader map for material M_DeadLeaves, compiling. 
[2020.04.05-02.32.26:926][575]LogAssetEditorManager: Opening Asset editor for StaticMesh /Game/KiteDemo/Environments/Foliage/Leaves/SM_DeadLeaves_Flat.SM_DeadLeaves_Flat
[2020.04.05-02.33.32:378][590]LogRenderer: Reallocating scene render targets to support 704x900 Format 10 NumSamples 1 (Frame:6920).
[2020.04.05-02.33.32:610][617]LogSlate: Window 'SM_DeadLeaves_Flat' being destroyed
[2020.04.05-02.34.02:060][141]LogTexture: Display: Building textures: T_AlpinePatch001_D_R (AutoDXT, 8192X8192)
