Log file open, 04/04/20 22:36:05
LogWindows: Failed to load 'aqProf.dll' (GetLastError=126)
LogWindows: File 'aqProf.dll' does not exist
LogWindows: Failed to load 'VtuneApi.dll' (GetLastError=126)
LogWindows: File 'VtuneApi.dll' does not exist
LogWindows: Failed to load 'VtuneApi32e.dll' (GetLastError=126)
LogWindows: File 'VtuneApi32e.dll' does not exist
LogConsoleResponse: Display: Failed to find resolution value strings in scalability ini. Falling back to default.
LogInit: Display: Running engine for game: unga
LogPakFile: Registered encryption key '00000000000000000000000000000000': 0 pak files mounted, 0 remain pending
LogPlatformFile: Not using cached read wrapper
LogTaskGraph: Started task graph with 5 named threads and 14 total threads with 3 sets of task threads.
LogStats: Stats thread started at 0.192169
LogD3D11RHI: Loaded GFSDK_Aftermath_Lib.x64.dll
LogICUInternationalization: ICU TimeZone Detection - Raw Offset: -5:00, Platform Override: ''
LogPluginManager: Mounting plugin Paper2D
LogPluginManager: Mounting plugin AISupport
LogPluginManager: Mounting plugin LightPropagationVolume
LogPluginManager: Mounting plugin ActorLayerUtilities
LogPluginManager: Mounting plugin AnimationSharing
LogPluginManager: Mounting plugin CLionSourceCodeAccess
LogPluginManager: Mounting plugin CodeLiteSourceCodeAccess
LogPluginManager: Mounting plugin GitSourceControl
LogPluginManager: Mounting plugin KDevelopSourceCodeAccess
LogPluginManager: Mounting plugin NullSourceCodeAccess
LogPluginManager: Mounting plugin PerforceSourceControl
LogPluginManager: Mounting plugin SubversionSourceControl
LogPluginManager: Mounting plugin UObjectPlugin
LogPluginManager: Mounting plugin VisualStudioCodeSourceCodeAccess
LogPluginManager: Mounting plugin VisualStudioSourceCodeAccess
LogPluginManager: Mounting plugin XCodeSourceCodeAccess
LogPluginManager: Mounting plugin AssetManagerEditor
LogPluginManager: Mounting plugin CryptoKeys
LogPluginManager: Mounting plugin DataValidation
LogPluginManager: Mounting plugin FacialAnimation
LogPluginManager: Mounting plugin GameplayTagsEditor
LogPluginManager: Mounting plugin MacGraphicsSwitching
LogPluginManager: Mounting plugin MaterialAnalyzer
LogPluginManager: Mounting plugin MobileLauncherProfileWizard
LogPluginManager: Mounting plugin PluginBrowser
LogPluginManager: Mounting plugin SpeedTreeImporter
LogPluginManager: Mounting plugin DatasmithContent
LogPluginManager: Mounting plugin VariantManagerContent
LogPluginManager: Mounting plugin AlembicImporter
LogPluginManager: Mounting plugin AppleImageUtils
LogPluginManager: Mounting plugin AppleVision
LogPluginManager: Mounting plugin BackChannel
LogPluginManager: Mounting plugin CharacterAI
LogPluginManager: Mounting plugin GeometryCache
LogPluginManager: Mounting plugin HTML5Networking
LogPluginManager: Mounting plugin ProxyLODPlugin
LogPluginManager: Mounting plugin SkeletalReduction
LogPluginManager: Mounting plugin MagicLeap
LogPluginManager: Mounting plugin MagicLeapMedia
LogPluginManager: Mounting plugin AndroidMedia
LogPluginManager: Mounting plugin AvfMedia
LogPluginManager: Mounting plugin ImgMedia
LogPluginManager: Mounting plugin LinearTimecode
LogPluginManager: Mounting plugin MediaCompositing
LogPluginManager: Mounting plugin MediaPlayerEditor
LogPluginManager: Mounting plugin WebMMedia
LogPluginManager: Mounting plugin WmfMedia
LogPluginManager: Mounting plugin TcpMessaging
LogPluginManager: Mounting plugin UdpMessaging
LogPluginManager: Mounting plugin ActorSequence
LogPluginManager: Mounting plugin LevelSequenceEditor
LogPluginManager: Mounting plugin MatineeToLevelSequence
LogPluginManager: Mounting plugin NetcodeUnitTest
LogPluginManager: Mounting plugin NUTUnrealEngine4
LogPluginManager: Mounting plugin OnlineSubsystemGooglePlay
LogPluginManager: Mounting plugin OnlineSubsystemIOS
LogPluginManager: Mounting plugin OnlineSubsystem
LogPluginManager: Mounting plugin OnlineSubsystemNull
LogPluginManager: Mounting plugin OnlineSubsystemUtils
LogPluginManager: Mounting plugin LauncherChunkInstaller
LogPluginManager: Mounting plugin AndroidDeviceProfileSelector
LogPluginManager: Mounting plugin AndroidMoviePlayer
LogPluginManager: Mounting plugin AndroidPermission
LogPluginManager: Mounting plugin AppleMoviePlayer
LogPluginManager: Mounting plugin ArchVisCharacter
LogPluginManager: Mounting plugin AudioCapture
LogPluginManager: Mounting plugin CableComponent
LogPluginManager: Mounting plugin CustomMeshComponent
LogPluginManager: Mounting plugin EditableMesh
LogPluginManager: Mounting plugin ExampleDeviceProfileSelector
LogPluginManager: Mounting plugin Firebase
LogPluginManager: Mounting plugin GoogleCloudMessaging
LogPluginManager: Mounting plugin IOSDeviceProfileSelector
LogPluginManager: Mounting plugin LinuxDeviceProfileSelector
LogPluginManager: Mounting plugin LocationServicesBPLibrary
LogPluginManager: Mounting plugin MobilePatchingUtils
LogPluginManager: Mounting plugin OculusVR
LogPluginManager: Mounting plugin PhysXVehicles
LogPluginManager: Mounting plugin ProceduralMeshComponent
LogPluginManager: Mounting plugin RuntimePhysXCooking
LogPluginManager: Mounting plugin SignificanceManager
LogPluginManager: Mounting plugin SteamVR
LogPluginManager: Mounting plugin WebMMoviePlayer
LogPluginManager: Mounting plugin WindowsMoviePlayer
LogInit: Using libcurl 7.55.1-DEV
LogInit:  - built for x86_64-pc-win32
LogInit:  - supports SSL with OpenSSL/1.1.1
LogInit:  - supports HTTP deflate (compression) using libz 1.2.8
LogInit:  - other features:
LogInit:      CURL_VERSION_SSL
LogInit:      CURL_VERSION_LIBZ
LogInit:      CURL_VERSION_IPV6
LogInit:      CURL_VERSION_ASYNCHDNS
LogInit:      CURL_VERSION_LARGEFILE
LogInit:      CURL_VERSION_IDN
LogInit:  CurlRequestOptions (configurable via config and command line):
LogInit:  - bVerifyPeer = true  - Libcurl will verify peer certificate
LogInit:  - bUseHttpProxy = false  - Libcurl will NOT use HTTP proxy
LogInit:  - bDontReuseConnections = false  - Libcurl will reuse connections
LogInit:  - MaxHostConnections = 16  - Libcurl will limit the number of connections to a host
LogInit:  - LocalHostAddr = Default
LogInit:  - BufferSize = 65536
LogInit: WinSock: version 1.1 (2.2), MaxSocks=32767, MaxUdp=65467
LogInit: Build: ++UE4+Release-4.22-CL-7053642
LogInit: Engine Version: 4.22.3-7053642+++UE4+Release-4.22
LogInit: Compatible Engine Version: 4.22.0-5660361+++UE4+Release-4.22
LogInit: Net CL: 5660361
LogInit: OS: Windows 10 (Release 1903) (), CPU: Intel(R) Core(TM) i5-6500 CPU @ 3.20GHz, GPU: AMD Radeon (TM) R9 380 Series
LogInit: Compiled (64-bit): Jun 18 2019 03:09:11
LogInit: Compiled with Visual C++: 19.16.27025.01
LogInit: Build Configuration: Development
LogInit: Branch Name: ++UE4+Release-4.22
LogInit: Command Line: 
LogInit: Base Directory: C:/Program Files/Epic Games/UE_4.22/Engine/Binaries/Win64/
LogInit: Installed Engine Build: 1
LogDevObjectVersion: Number of dev versions registered: 23
LogDevObjectVersion:   Dev-Blueprints (B0D832E4-1F89-4F0D-ACCF-7EB736FD4AA2): 10
LogDevObjectVersion:   Dev-Build (E1C64328-A22C-4D53-A36C-8E866417BD8C): 0
LogDevObjectVersion:   Dev-Core (375EC13C-06E4-48FB-B500-84F0262A717E): 3
LogDevObjectVersion:   Dev-Editor (E4B068ED-F494-42E9-A231-DA0B2E46BB41): 30
LogDevObjectVersion:   Dev-Framework (CFFC743F-43B0-4480-9391-14DF171D2073): 35
LogDevObjectVersion:   Dev-Mobile (B02B49B5-BB20-44E9-A304-32B752E40360): 2
LogDevObjectVersion:   Dev-Networking (A4E4105C-59A1-49B5-A7C5-40C4547EDFEE): 0
LogDevObjectVersion:   Dev-Online (39C831C9-5AE6-47DC-9A44-9C173E1C8E7C): 0
LogDevObjectVersion:   Dev-Physics (78F01B33-EBEA-4F98-B9B4-84EACCB95AA2): 0
LogDevObjectVersion:   Dev-Platform (6631380F-2D4D-43E0-8009-CF276956A95A): 0
LogDevObjectVersion:   Dev-Rendering (12F88B9F-8875-4AFC-A67C-D90C383ABD29): 28
LogDevObjectVersion:   Dev-Sequencer (7B5AE74C-D270-4C10-A958-57980B212A5A): 11
LogDevObjectVersion:   Dev-VR (D7296918-1DD6-4BDD-9DE2-64A83CC13884): 2
LogDevObjectVersion:   Dev-LoadTimes (C2A15278-BFE7-4AFE-6C17-90FF531DF755): 1
LogDevObjectVersion:   Private-Geometry (6EACA3D4-40EC-4CC1-B786-8BED09428FC5): 3
LogDevObjectVersion:   Dev-AnimPhys (29E575DD-E0A3-4627-9D10-D276232CDCEA): 17
LogDevObjectVersion:   Dev-Anim (AF43A65D-7FD3-4947-9873-3E8ED9C1BB05): 2
LogDevObjectVersion:   Dev-ReflectionCapture (6B266CEC-1EC7-4B8F-A30B-E4D90942FC07): 1
LogDevObjectVersion:   Dev-Automation (0DF73D61-A23F-47EA-B727-89E90C41499A): 1
LogDevObjectVersion:   FortniteMain (601D1886-AC64-4F84-AA16-D3DE0DEAC7D6): 25
LogDevObjectVersion:   Dev-Enterprise (9DFFBCD6-494F-0158-E221-12823C92A888): 6
LogDevObjectVersion:   Dev-Niagara (F2AED0AC-9AFE-416F-8664-AA7FFA26D6FC): 1
LogDevObjectVersion:   Dev-Destruction (174F1F0B-B4C6-45A5-B13F-2EE8D0FB917D): 2
LogInit: Presizing for max 16777216 objects, including 0 objects not considered by GC, pre-allocating 0 bytes for permanent pool.
LogInit: Object subsystem initialized
LogConfig: Setting CVar [[con.DebugEarlyDefault:1]]
LogConfig: Setting CVar [[r.setres:1280x720]]
[2020.04.05-02.36.05:789][  0]LogConfig: Setting CVar [[r.VSync:0]]
[2020.04.05-02.36.05:789][  0]LogConfig: Setting CVar [[r.RHICmdBypass:0]]
[2020.04.05-02.36.05:789][  0]LogConfig: Applying CVar settings from Section [/Script/Engine.RendererSettings] File [C:/Users/Key/Documents/GitHub/Unga_Bunga/UngaBunga/Saved/Config/Windows/Engine.ini]
[2020.04.05-02.36.05:789][  0]LogConfig: Setting CVar [[r.GPUCrashDebugging:0]]
[2020.04.05-02.36.05:789][  0]LogConfig: Applying CVar settings from Section [/Script/Engine.RendererOverrideSettings] File [C:/Users/Key/Documents/GitHub/Unga_Bunga/UngaBunga/Saved/Config/Windows/Engine.ini]
[2020.04.05-02.36.05:789][  0]LogConfig: Applying CVar settings from Section [/Script/Engine.StreamingSettings] File [C:/Users/Key/Documents/GitHub/Unga_Bunga/UngaBunga/Saved/Config/Windows/Engine.ini]
[2020.04.05-02.36.05:790][  0]LogConfig: Setting CVar [[s.MinBulkDataSizeForAsyncLoading:131072]]
[2020.04.05-02.36.05:790][  0]LogConfig: Setting CVar [[s.AsyncLoadingThreadEnabled:0]]
[2020.04.05-02.36.05:790][  0]LogConfig: Setting CVar [[s.EventDrivenLoaderEnabled:1]]
[2020.04.05-02.36.05:790][  0]LogConfig: Setting CVar [[s.WarnIfTimeLimitExceeded:0]]
[2020.04.05-02.36.05:790][  0]LogConfig: Setting CVar [[s.TimeLimitExceededMultiplier:1.5]]
[2020.04.05-02.36.05:790][  0]LogConfig: Setting CVar [[s.TimeLimitExceededMinTime:0.005]]
[2020.04.05-02.36.05:790][  0]LogConfig: Setting CVar [[s.UseBackgroundLevelStreaming:1]]
[2020.04.05-02.36.05:790][  0]LogConfig: Setting CVar [[s.PriorityAsyncLoadingExtraTime:15.0]]
[2020.04.05-02.36.05:790][  0]LogConfig: Setting CVar [[s.LevelStreamingActorsUpdateTimeLimit:5.0]]
[2020.04.05-02.36.05:790][  0]LogConfig: Setting CVar [[s.PriorityLevelStreamingActorsUpdateExtraTime:5.0]]
[2020.04.05-02.36.05:790][  0]LogConfig: Setting CVar [[s.LevelStreamingComponentsRegistrationGranularity:10]]
[2020.04.05-02.36.05:790][  0]LogConfig: Setting CVar [[s.UnregisterComponentsTimeLimit:1.0]]
[2020.04.05-02.36.05:790][  0]LogConfig: Setting CVar [[s.LevelStreamingComponentsUnregistrationGranularity:5]]
[2020.04.05-02.36.05:790][  0]LogConfig: Applying CVar settings from Section [/Script/Engine.GarbageCollectionSettings] File [C:/Users/Key/Documents/GitHub/Unga_Bunga/UngaBunga/Saved/Config/Windows/Engine.ini]
[2020.04.05-02.36.05:790][  0]LogConfig: Setting CVar [[gc.MaxObjectsNotConsideredByGC:1]]
[2020.04.05-02.36.05:790][  0]LogConfig: Setting CVar [[gc.SizeOfPermanentObjectPool:0]]
[2020.04.05-02.36.05:790][  0]LogConfig: Setting CVar [[gc.FlushStreamingOnGC:0]]
[2020.04.05-02.36.05:790][  0]LogConfig: Setting CVar [[gc.NumRetriesBeforeForcingGC:10]]
[2020.04.05-02.36.05:790][  0]LogConfig: Setting CVar [[gc.AllowParallelGC:1]]
[2020.04.05-02.36.05:790][  0]LogConfig: Setting CVar [[gc.TimeBetweenPurgingPendingKillObjects:61.1]]
[2020.04.05-02.36.05:790][  0]LogConfig: Setting CVar [[gc.MaxObjectsInEditor:16777216]]
[2020.04.05-02.36.05:790][  0]LogConfig: Setting CVar [[gc.IncrementalBeginDestroyEnabled:1]]
[2020.04.05-02.36.05:790][  0]LogConfig: Setting CVar [[gc.CreateGCClusters:1]]
[2020.04.05-02.36.05:790][  0]LogConfig: Setting CVar [[gc.MinGCClusterSize:5]]
[2020.04.05-02.36.05:790][  0]LogConfig: Setting CVar [[gc.ActorClusteringEnabled:0]]
[2020.04.05-02.36.05:790][  0]LogConfig: Setting CVar [[gc.BlueprintClusteringEnabled:0]]
[2020.04.05-02.36.05:790][  0]LogConfig: Setting CVar [[gc.UseDisregardForGCOnDedicatedServers:0]]
[2020.04.05-02.36.05:790][  0]LogConfig: Applying CVar settings from Section [/Script/Engine.NetworkSettings] File [C:/Users/Key/Documents/GitHub/Unga_Bunga/UngaBunga/Saved/Config/Windows/Engine.ini]
[2020.04.05-02.36.05:790][  0]LogConfig: Applying CVar settings from Section [/Script/UnrealEd.CookerSettings] File [C:/Users/Key/Documents/GitHub/Unga_Bunga/UngaBunga/Saved/Config/Windows/Engine.ini]
[2020.04.05-02.36.05:794][  0]LogConfig: Applying CVar settings from Section [ViewDistanceQuality@3] File [C:/Users/Key/Documents/GitHub/Unga_Bunga/UngaBunga/Saved/Config/Windows/Scalability.ini]
[2020.04.05-02.36.05:794][  0]LogConfig: Setting CVar [[r.SkeletalMeshLODBias:0]]
[2020.04.05-02.36.05:794][  0]LogConfig: Setting CVar [[r.ViewDistanceScale:1.0]]
[2020.04.05-02.36.05:794][  0]LogConfig: Applying CVar settings from Section [AntiAliasingQuality@3] File [C:/Users/Key/Documents/GitHub/Unga_Bunga/UngaBunga/Saved/Config/Windows/Scalability.ini]
[2020.04.05-02.36.05:794][  0]LogConfig: Setting CVar [[r.PostProcessAAQuality:4]]
[2020.04.05-02.36.05:794][  0]LogConfig: Applying CVar settings from Section [ShadowQuality@3] File [C:/Users/Key/Documents/GitHub/Unga_Bunga/UngaBunga/Saved/Config/Windows/Scalability.ini]
[2020.04.05-02.36.05:794][  0]LogConfig: Setting CVar [[r.LightFunctionQuality:1]]
[2020.04.05-02.36.05:794][  0]LogConfig: Setting CVar [[r.ShadowQuality:5]]
[2020.04.05-02.36.05:794][  0]LogConfig: Setting CVar [[r.Shadow.CSM.MaxCascades:10]]
[2020.04.05-02.36.05:794][  0]LogConfig: Setting CVar [[r.Shadow.MaxResolution:2048]]
[2020.04.05-02.36.05:794][  0]LogConfig: Setting CVar [[r.Shadow.MaxCSMResolution:2048]]
[2020.04.05-02.36.05:794][  0]LogConfig: Setting CVar [[r.Shadow.RadiusThreshold:0.01]]
[2020.04.05-02.36.05:794][  0]LogConfig: Setting CVar [[r.Shadow.DistanceScale:1.0]]
[2020.04.05-02.36.05:794][  0]LogConfig: Setting CVar [[r.Shadow.CSM.TransitionScale:1.0]]
[2020.04.05-02.36.05:794][  0]LogConfig: Setting CVar [[r.Shadow.PreShadowResolutionFactor:1.0]]
[2020.04.05-02.36.05:794][  0]LogConfig: Setting CVar [[r.DistanceFieldShadowing:1]]
[2020.04.05-02.36.05:794][  0]LogConfig: Setting CVar [[r.DistanceFieldAO:1]]
[2020.04.05-02.36.05:794][  0]LogConfig: Setting CVar [[r.AOQuality:2]]
[2020.04.05-02.36.05:794][  0]LogConfig: Setting CVar [[r.VolumetricFog:1]]
[2020.04.05-02.36.05:794][  0]LogConfig: Setting CVar [[r.VolumetricFog.GridPixelSize:8]]
[2020.04.05-02.36.05:794][  0]LogConfig: Setting CVar [[r.VolumetricFog.GridSizeZ:128]]
[2020.04.05-02.36.05:794][  0]LogConfig: Setting CVar [[r.VolumetricFog.HistoryMissSupersampleCount:4]]
[2020.04.05-02.36.05:794][  0]LogConfig: Setting CVar [[r.LightMaxDrawDistanceScale:1]]
[2020.04.05-02.36.05:794][  0]LogConfig: Setting CVar [[r.CapsuleShadows:1]]
[2020.04.05-02.36.05:794][  0]LogConfig: Applying CVar settings from Section [PostProcessQuality@3] File [C:/Users/Key/Documents/GitHub/Unga_Bunga/UngaBunga/Saved/Config/Windows/Scalability.ini]
[2020.04.05-02.36.05:794][  0]LogConfig: Setting CVar [[r.MotionBlurQuality:4]]
[2020.04.05-02.36.05:794][  0]LogConfig: Setting CVar [[r.AmbientOcclusionMipLevelFactor:0.4]]
[2020.04.05-02.36.05:794][  0]LogConfig: Setting CVar [[r.AmbientOcclusionMaxQuality:100]]
[2020.04.05-02.36.05:794][  0]LogConfig: Setting CVar [[r.AmbientOcclusionLevels:-1]]
[2020.04.05-02.36.05:794][  0]LogConfig: Setting CVar [[r.AmbientOcclusionRadiusScale:1.0]]
[2020.04.05-02.36.05:794][  0]LogConfig: Setting CVar [[r.DepthOfFieldQuality:2]]
[2020.04.05-02.36.05:794][  0]LogConfig: Setting CVar [[r.RenderTargetPoolMin:400]]
[2020.04.05-02.36.05:794][  0]LogConfig: Setting CVar [[r.LensFlareQuality:2]]
[2020.04.05-02.36.05:794][  0]LogConfig: Setting CVar [[r.SceneColorFringeQuality:1]]
[2020.04.05-02.36.05:794][  0]LogConfig: Setting CVar [[r.EyeAdaptationQuality:2]]
[2020.04.05-02.36.05:795][  0]LogConfig: Setting CVar [[r.BloomQuality:5]]
[2020.04.05-02.36.05:795][  0]LogConfig: Setting CVar [[r.FastBlurThreshold:100]]
[2020.04.05-02.36.05:795][  0]LogConfig: Setting CVar [[r.Upscale.Quality:3]]
[2020.04.05-02.36.05:795][  0]LogConfig: Setting CVar [[r.Tonemapper.GrainQuantization:1]]
[2020.04.05-02.36.05:795][  0]LogConfig: Setting CVar [[r.LightShaftQuality:1]]
[2020.04.05-02.36.05:795][  0]LogConfig: Setting CVar [[r.Filter.SizeScale:1]]
[2020.04.05-02.36.05:795][  0]LogConfig: Setting CVar [[r.Tonemapper.Quality:5]]
[2020.04.05-02.36.05:795][  0]LogConfig: Setting CVar [[r.DOF.Gather.AccumulatorQuality:1        ; higher gathering accumulator quality]]
[2020.04.05-02.36.05:795][  0]LogConfig: Setting CVar [[r.DOF.Gather.PostfilterMethod:1          ; Median3x3 postfilering method]]
[2020.04.05-02.36.05:795][  0]LogConfig: Setting CVar [[r.DOF.Gather.EnableBokehSettings:0       ; no bokeh simulation when gathering]]
[2020.04.05-02.36.05:795][  0]LogConfig: Setting CVar [[r.DOF.Gather.RingCount:4                 ; medium number of samples when gathering]]
[2020.04.05-02.36.05:795][  0]LogConfig: Setting CVar [[r.DOF.Scatter.ForegroundCompositing:1    ; additive foreground scattering]]
[2020.04.05-02.36.05:795][  0]LogConfig: Setting CVar [[r.DOF.Scatter.BackgroundCompositing:2    ; additive background scattering]]
[2020.04.05-02.36.05:795][  0]LogConfig: Setting CVar [[r.DOF.Scatter.EnableBokehSettings:1      ; bokeh simulation when scattering]]
[2020.04.05-02.36.05:795][  0]LogConfig: Setting CVar [[r.DOF.Scatter.MaxSpriteRatio:0.1         ; only a maximum of 10% of scattered bokeh]]
[2020.04.05-02.36.05:795][  0]LogConfig: Setting CVar [[r.DOF.Recombine.Quality:1                ; cheap slight out of focus]]
[2020.04.05-02.36.05:795][  0]LogConfig: Setting CVar [[r.DOF.Recombine.EnableBokehSettings:0    ; no bokeh simulation on slight out of focus]]
[2020.04.05-02.36.05:795][  0]LogConfig: Setting CVar [[r.DOF.TemporalAAQuality:1                ; more stable temporal accumulation]]
[2020.04.05-02.36.05:795][  0]LogConfig: Setting CVar [[r.DOF.Kernel.MaxForegroundRadius:0.025]]
[2020.04.05-02.36.05:795][  0]LogConfig: Setting CVar [[r.DOF.Kernel.MaxBackgroundRadius:0.025]]
[2020.04.05-02.36.05:795][  0]LogConfig: Applying CVar settings from Section [TextureQuality@3] File [C:/Users/Key/Documents/GitHub/Unga_Bunga/UngaBunga/Saved/Config/Windows/Scalability.ini]
[2020.04.05-02.36.05:795][  0]LogConfig: Setting CVar [[r.Streaming.MipBias:0]]
[2020.04.05-02.36.05:795][  0]LogConfig: Setting CVar [[r.Streaming.AmortizeCPUToGPUCopy:0]]
[2020.04.05-02.36.05:795][  0]LogConfig: Setting CVar [[r.Streaming.MaxNumTexturesToStreamPerFrame:0]]
[2020.04.05-02.36.05:795][  0]LogConfig: Setting CVar [[r.Streaming.Boost:1]]
[2020.04.05-02.36.05:795][  0]LogConfig: Setting CVar [[r.MaxAnisotropy:8]]
[2020.04.05-02.36.05:795][  0]LogConfig: Setting CVar [[r.Streaming.LimitPoolSizeToVRAM:0]]
[2020.04.05-02.36.05:795][  0]LogConfig: Setting CVar [[r.Streaming.PoolSize:1000]]
[2020.04.05-02.36.05:795][  0]LogConfig: Setting CVar [[r.Streaming.MaxEffectiveScreenSize:0]]
[2020.04.05-02.36.05:795][  0]LogConfig: Applying CVar settings from Section [EffectsQuality@3] File [C:/Users/Key/Documents/GitHub/Unga_Bunga/UngaBunga/Saved/Config/Windows/Scalability.ini]
[2020.04.05-02.36.05:795][  0]LogConfig: Setting CVar [[r.TranslucencyLightingVolumeDim:64]]
[2020.04.05-02.36.05:795][  0]LogConfig: Setting CVar [[r.RefractionQuality:2]]
[2020.04.05-02.36.05:795][  0]LogConfig: Setting CVar [[r.SSR.Quality:3]]
[2020.04.05-02.36.05:795][  0]LogConfig: Setting CVar [[r.SceneColorFormat:4]]
[2020.04.05-02.36.05:795][  0]LogConfig: Setting CVar [[r.DetailMode:2]]
[2020.04.05-02.36.05:795][  0]LogConfig: Setting CVar [[r.TranslucencyVolumeBlur:1]]
[2020.04.05-02.36.05:795][  0]LogConfig: Setting CVar [[r.MaterialQualityLevel:1 ; High quality]]
[2020.04.05-02.36.05:795][  0]LogConfig: Setting CVar [[r.SSS.Scale:1]]
[2020.04.05-02.36.05:795][  0]LogConfig: Setting CVar [[r.SSS.SampleSet:2]]
[2020.04.05-02.36.05:795][  0]LogConfig: Setting CVar [[r.SSS.Quality:1]]
[2020.04.05-02.36.05:795][  0]LogConfig: Setting CVar [[r.SSS.HalfRes:1]]
[2020.04.05-02.36.05:795][  0]LogConfig: Setting CVar [[r.EmitterSpawnRateScale:1.0]]
[2020.04.05-02.36.05:795][  0]LogConfig: Setting CVar [[r.ParticleLightQuality:2]]
[2020.04.05-02.36.05:795][  0]LogConfig: Applying CVar settings from Section [FoliageQuality@3] File [C:/Users/Key/Documents/GitHub/Unga_Bunga/UngaBunga/Saved/Config/Windows/Scalability.ini]
[2020.04.05-02.36.05:795][  0]LogConfig: Setting CVar [[foliage.DensityScale:1.0]]
[2020.04.05-02.36.05:795][  0]LogConfig: Setting CVar [[grass.DensityScale:1.0]]
[2020.04.05-02.36.05:795][  0]LogInit: Selected Device Profile: [Windows]
[2020.04.05-02.36.05:795][  0]LogInit: Applying CVar settings loaded from the selected device profile: [Windows]
[2020.04.05-02.36.05:811][  0]LogHAL: Display: Platform has ~ 16 GB [17098301440 / 17179869184 / 16], which maps to Larger [LargestMinGB=32, LargerMinGB=12, DefaultMinGB=8, SmallerMinGB=6, SmallestMinGB=0)
[2020.04.05-02.36.05:811][  0]LogConfig: Setting CVar [[r.Vulkan.UseRealUBs:0		; Required until we fix HLR fall-out]]
[2020.04.05-02.36.05:811][  0]LogInit: Going up to parent DeviceProfile []
[2020.04.05-02.36.05:811][  0]LogConfig: Applying CVar settings from Section [ViewDistanceQuality@3] File [C:/Users/Key/Documents/GitHub/Unga_Bunga/UngaBunga/Saved/Config/Windows/Scalability.ini]
[2020.04.05-02.36.05:811][  0]LogConfig: Setting CVar [[r.SkeletalMeshLODBias:0]]
[2020.04.05-02.36.05:811][  0]LogConfig: Setting CVar [[r.ViewDistanceScale:1.0]]
[2020.04.05-02.36.05:811][  0]LogConfig: Applying CVar settings from Section [AntiAliasingQuality@3] File [C:/Users/Key/Documents/GitHub/Unga_Bunga/UngaBunga/Saved/Config/Windows/Scalability.ini]
[2020.04.05-02.36.05:811][  0]LogConfig: Setting CVar [[r.PostProcessAAQuality:4]]
[2020.04.05-02.36.05:811][  0]LogConfig: Applying CVar settings from Section [ShadowQuality@3] File [C:/Users/Key/Documents/GitHub/Unga_Bunga/UngaBunga/Saved/Config/Windows/Scalability.ini]
[2020.04.05-02.36.05:811][  0]LogConfig: Setting CVar [[r.LightFunctionQuality:1]]
[2020.04.05-02.36.05:811][  0]LogConfig: Setting CVar [[r.ShadowQuality:5]]
[2020.04.05-02.36.05:811][  0]LogConfig: Setting CVar [[r.Shadow.CSM.MaxCascades:10]]
[2020.04.05-02.36.05:811][  0]LogConfig: Setting CVar [[r.Shadow.MaxResolution:2048]]
[2020.04.05-02.36.05:811][  0]LogConfig: Setting CVar [[r.Shadow.MaxCSMResolution:2048]]
[2020.04.05-02.36.05:811][  0]LogConfig: Setting CVar [[r.Shadow.RadiusThreshold:0.01]]
[2020.04.05-02.36.05:811][  0]LogConfig: Setting CVar [[r.Shadow.DistanceScale:1.0]]
[2020.04.05-02.36.05:811][  0]LogConfig: Setting CVar [[r.Shadow.CSM.TransitionScale:1.0]]
[2020.04.05-02.36.05:811][  0]LogConfig: Setting CVar [[r.Shadow.PreShadowResolutionFactor:1.0]]
[2020.04.05-02.36.05:811][  0]LogConfig: Setting CVar [[r.DistanceFieldShadowing:1]]
[2020.04.05-02.36.05:811][  0]LogConfig: Setting CVar [[r.DistanceFieldAO:1]]
[2020.04.05-02.36.05:811][  0]LogConfig: Setting CVar [[r.AOQuality:2]]
[2020.04.05-02.36.05:811][  0]LogConfig: Setting CVar [[r.VolumetricFog:1]]
[2020.04.05-02.36.05:811][  0]LogConfig: Setting CVar [[r.VolumetricFog.GridPixelSize:8]]
[2020.04.05-02.36.05:811][  0]LogConfig: Setting CVar [[r.VolumetricFog.GridSizeZ:128]]
[2020.04.05-02.36.05:811][  0]LogConfig: Setting CVar [[r.VolumetricFog.HistoryMissSupersampleCount:4]]
[2020.04.05-02.36.05:811][  0]LogConfig: Setting CVar [[r.LightMaxDrawDistanceScale:1]]
[2020.04.05-02.36.05:811][  0]LogConfig: Setting CVar [[r.CapsuleShadows:1]]
[2020.04.05-02.36.05:811][  0]LogConfig: Applying CVar settings from Section [PostProcessQuality@0] File [C:/Users/Key/Documents/GitHub/Unga_Bunga/UngaBunga/Saved/Config/Windows/Scalability.ini]
[2020.04.05-02.36.05:811][  0]LogConfig: Setting CVar [[r.MotionBlurQuality:0]]
[2020.04.05-02.36.05:811][  0]LogConfig: Setting CVar [[r.AmbientOcclusionMipLevelFactor:1.0]]
[2020.04.05-02.36.05:811][  0]LogConfig: Setting CVar [[r.AmbientOcclusionMaxQuality:0]]
[2020.04.05-02.36.05:811][  0]LogConfig: Setting CVar [[r.AmbientOcclusionLevels:0]]
[2020.04.05-02.36.05:811][  0]LogConfig: Setting CVar [[r.AmbientOcclusionRadiusScale:1.2]]
[2020.04.05-02.36.05:811][  0]LogConfig: Setting CVar [[r.DepthOfFieldQuality:0]]
[2020.04.05-02.36.05:811][  0]LogConfig: Setting CVar [[r.RenderTargetPoolMin:300]]
[2020.04.05-02.36.05:811][  0]LogConfig: Setting CVar [[r.LensFlareQuality:0]]
[2020.04.05-02.36.05:811][  0]LogConfig: Setting CVar [[r.SceneColorFringeQuality:0]]
[2020.04.05-02.36.05:811][  0]LogConfig: Setting CVar [[r.EyeAdaptationQuality:0]]
[2020.04.05-02.36.05:811][  0]LogConfig: Setting CVar [[r.BloomQuality:4]]
[2020.04.05-02.36.05:811][  0]LogConfig: Setting CVar [[r.FastBlurThreshold:0]]
[2020.04.05-02.36.05:812][  0]LogConfig: Setting CVar [[r.Upscale.Quality:1]]
[2020.04.05-02.36.05:812][  0]LogConfig: Setting CVar [[r.Tonemapper.GrainQuantization:0]]
[2020.04.05-02.36.05:812][  0]LogConfig: Setting CVar [[r.LightShaftQuality:0]]
[2020.04.05-02.36.05:812][  0]LogConfig: Setting CVar [[r.Filter.SizeScale:0.6]]
[2020.04.05-02.36.05:812][  0]LogConfig: Setting CVar [[r.Tonemapper.Quality:0]]
[2020.04.05-02.36.05:812][  0]LogConfig: Applying CVar settings from Section [TextureQuality@3] File [C:/Users/Key/Documents/GitHub/Unga_Bunga/UngaBunga/Saved/Config/Windows/Scalability.ini]
[2020.04.05-02.36.05:812][  0]LogConfig: Setting CVar [[r.Streaming.MipBias:0]]
[2020.04.05-02.36.05:812][  0]LogConfig: Setting CVar [[r.Streaming.AmortizeCPUToGPUCopy:0]]
[2020.04.05-02.36.05:812][  0]LogConfig: Setting CVar [[r.Streaming.MaxNumTexturesToStreamPerFrame:0]]
[2020.04.05-02.36.05:812][  0]LogConfig: Setting CVar [[r.Streaming.Boost:1]]
[2020.04.05-02.36.05:812][  0]LogConfig: Setting CVar [[r.MaxAnisotropy:8]]
[2020.04.05-02.36.05:812][  0]LogConfig: Setting CVar [[r.Streaming.LimitPoolSizeToVRAM:0]]
[2020.04.05-02.36.05:812][  0]LogConfig: Setting CVar [[r.Streaming.PoolSize:1000]]
[2020.04.05-02.36.05:812][  0]LogConfig: Setting CVar [[r.Streaming.MaxEffectiveScreenSize:0]]
[2020.04.05-02.36.05:812][  0]LogConfig: Applying CVar settings from Section [EffectsQuality@3] File [C:/Users/Key/Documents/GitHub/Unga_Bunga/UngaBunga/Saved/Config/Windows/Scalability.ini]
[2020.04.05-02.36.05:812][  0]LogConfig: Setting CVar [[r.TranslucencyLightingVolumeDim:64]]
[2020.04.05-02.36.05:812][  0]LogConfig: Setting CVar [[r.RefractionQuality:2]]
[2020.04.05-02.36.05:812][  0]LogConfig: Setting CVar [[r.SSR.Quality:3]]
[2020.04.05-02.36.05:812][  0]LogConfig: Setting CVar [[r.SceneColorFormat:4]]
[2020.04.05-02.36.05:812][  0]LogConfig: Setting CVar [[r.DetailMode:2]]
[2020.04.05-02.36.05:812][  0]LogConfig: Setting CVar [[r.TranslucencyVolumeBlur:1]]
[2020.04.05-02.36.05:812][  0]LogConfig: Setting CVar [[r.MaterialQualityLevel:1 ; High quality]]
[2020.04.05-02.36.05:812][  0]LogConfig: Setting CVar [[r.SSS.Scale:1]]
[2020.04.05-02.36.05:812][  0]LogConfig: Setting CVar [[r.SSS.SampleSet:2]]
[2020.04.05-02.36.05:812][  0]LogConfig: Setting CVar [[r.SSS.Quality:1]]
[2020.04.05-02.36.05:812][  0]LogConfig: Setting CVar [[r.SSS.HalfRes:1]]
[2020.04.05-02.36.05:812][  0]LogConfig: Setting CVar [[r.EmitterSpawnRateScale:1.0]]
[2020.04.05-02.36.05:812][  0]LogConfig: Setting CVar [[r.ParticleLightQuality:2]]
[2020.04.05-02.36.05:812][  0]LogConfig: Applying CVar settings from Section [FoliageQuality@3] File [C:/Users/Key/Documents/GitHub/Unga_Bunga/UngaBunga/Saved/Config/Windows/Scalability.ini]
[2020.04.05-02.36.05:812][  0]LogConfig: Setting CVar [[foliage.DensityScale:1.0]]
[2020.04.05-02.36.05:812][  0]LogConfig: Setting CVar [[grass.DensityScale:1.0]]
[2020.04.05-02.36.05:812][  0]LogConfig: Applying CVar settings from Section [Startup] File [../../../Engine/Config/ConsoleVariables.ini]
[2020.04.05-02.36.05:812][  0]LogConfig: Setting CVar [[net.UseAdaptiveNetUpdateFrequency:0]]
[2020.04.05-02.36.05:812][  0]LogConfig: Setting CVar [[p.chaos.AllowCreatePhysxBodies:1]]
[2020.04.05-02.36.05:812][  0]LogConfig: Applying CVar settings from Section [ConsoleVariables] File [C:/Users/Key/Documents/GitHub/Unga_Bunga/UngaBunga/Saved/Config/Windows/Engine.ini]
[2020.04.05-02.36.05:812][  0]LogInit: Computer: KEY-PC
[2020.04.05-02.36.05:812][  0]LogInit: User: Key
[2020.04.05-02.36.05:812][  0]LogInit: CPU Page size=4096, Cores=4
[2020.04.05-02.36.05:812][  0]LogInit: High frequency timer resolution =10.000000 MHz
[2020.04.05-02.36.05:813][  0]LogMemory: Memory total: Physical=15.9GB (16GB approx)
[2020.04.05-02.36.05:813][  0]LogMemory: Platform Memory Stats for Windows
[2020.04.05-02.36.05:813][  0]LogMemory: Process Physical Memory: 96.98 MB used, 96.98 MB peak
[2020.04.05-02.36.05:813][  0]LogMemory: Process Virtual Memory: 91.93 MB used, 91.93 MB peak
[2020.04.05-02.36.05:813][  0]LogMemory: Physical Memory: 4610.28 MB used,  11695.93 MB free, 16306.21 MB total
[2020.04.05-02.36.05:813][  0]LogMemory: Virtual Memory: 4632.99 MB used,  134213096.00 MB free, 134217728.00 MB total
[2020.04.05-02.36.05:835][  0]LogInit: Using OS detected language (en-US).
[2020.04.05-02.36.05:835][  0]LogInit: Using OS detected locale (en-US).
[2020.04.05-02.36.05:836][  0]LogTextLocalizationManager: No specific localization for 'en-US' exists, so the 'en' localization will be used.
[2020.04.05-02.36.06:033][  0]LogInit: Setting process to per monitor DPI aware
[2020.04.05-02.36.06:060][  0]LogSlate: New Slate User Created.  User Index 0, Is Virtual User: 0
[2020.04.05-02.36.06:060][  0]LogSlate: Slate User Registered.  User Index 0, Is Virtual User: 0
[2020.04.05-02.36.06:239][  0]LogHMD: Failed to initialize OpenVR with code 110
[2020.04.05-02.36.06:239][  0]LogD3D11RHI: D3D11 adapters:
[2020.04.05-02.36.06:305][  0]LogD3D11RHI:    0. 'AMD Radeon (TM) R9 380 Series' (Feature Level 11_0)
[2020.04.05-02.36.06:305][  0]LogD3D11RHI:       4071/0/8153 MB DedicatedVideo/DedicatedSystem/SharedSystem, Outputs:1, VendorId:0x1002
[2020.04.05-02.36.06:307][  0]LogD3D11RHI:    1. 'Microsoft Basic Render Driver' (Feature Level 11_0)
[2020.04.05-02.36.06:307][  0]LogD3D11RHI:       0/0/8153 MB DedicatedVideo/DedicatedSystem/SharedSystem, Outputs:0, VendorId:0x1414
[2020.04.05-02.36.06:307][  0]LogD3D11RHI: Chosen D3D11 Adapter: 0
[2020.04.05-02.36.06:315][  0]LogD3D11RHI: Creating new Direct3DDevice
[2020.04.05-02.36.06:315][  0]LogD3D11RHI:     GPU DeviceId: 0x6939 (for the marketing name, search the web for "GPU Device Id")
[2020.04.05-02.36.06:315][  0]LogWindows: EnumDisplayDevices:
[2020.04.05-02.36.06:315][  0]LogWindows:    0. 'AMD Radeon (TM) R9 380 Series' (P:1 D:1)
[2020.04.05-02.36.06:316][  0]LogWindows:    1. 'AMD Radeon (TM) R9 380 Series' (P:0 D:0)
[2020.04.05-02.36.06:316][  0]LogWindows:    2. 'AMD Radeon (TM) R9 380 Series' (P:0 D:0)
[2020.04.05-02.36.06:317][  0]LogWindows:    3. 'AMD Radeon (TM) R9 380 Series' (P:0 D:0)
[2020.04.05-02.36.06:317][  0]LogWindows:    4. 'AMD Radeon (TM) R9 380 Series' (P:0 D:0)
[2020.04.05-02.36.06:317][  0]LogWindows:    5. 'AMD Radeon (TM) R9 380 Series' (P:0 D:0)
[2020.04.05-02.36.06:318][  0]LogWindows:    6. 'AMD Radeon (TM) R9 380 Series' (P:0 D:0)
[2020.04.05-02.36.06:318][  0]LogWindows:    7. 'AMD Radeon (TM) R9 380 Series' (P:0 D:0)
[2020.04.05-02.36.06:319][  0]LogWindows: DebugString: FoundDriverCount:8 
[2020.04.05-02.36.06:319][  0]LogD3D11RHI:     Adapter Name: AMD Radeon (TM) R9 380 Series
[2020.04.05-02.36.06:319][  0]LogD3D11RHI:   Driver Version: Adrenalin 19.20 (internal:26.20.12028.2, unified:26.20.12028.2)
[2020.04.05-02.36.06:319][  0]LogD3D11RHI:      Driver Date: 8-16-2019
[2020.04.05-02.36.06:319][  0]LogRHI: Texture pool is 2850 MB (70% of 4071 MB)
[2020.04.05-02.36.06:368][  0]LogD3D11RHI: Async texture creation enabled
[2020.04.05-02.36.06:372][  0]LogRendererCore: FGlobalReadBuffer::InitRHI
[2020.04.05-02.36.06:372][  0]LogRendererCore: FGlobalReadBuffer::InitRHI
[2020.04.05-02.36.06:372][  0]LogRendererCore: FGlobalReadBuffer::InitRHI
[2020.04.05-02.36.06:379][  0]LogD3D11RHI: GPU Timing Frequency: 27.000000 (Debug: 2 1)
[2020.04.05-02.36.06:694][  0]LogTemp: Display: Module 'AllDesktopTargetPlatform' loaded TargetPlatform 'AllDesktop'
[2020.04.05-02.36.06:709][  0]LogTemp: Display: Module 'MacClientTargetPlatform' loaded TargetPlatform 'MacClient'
[2020.04.05-02.36.06:726][  0]LogTemp: Display: Module 'MacNoEditorTargetPlatform' loaded TargetPlatform 'MacNoEditor'
[2020.04.05-02.36.06:742][  0]LogTemp: Display: Module 'MacServerTargetPlatform' loaded TargetPlatform 'MacServer'
[2020.04.05-02.36.06:758][  0]LogTemp: Display: Module 'MacTargetPlatform' loaded TargetPlatform 'Mac'
[2020.04.05-02.36.06:775][  0]LogTemp: Display: Module 'WindowsClientTargetPlatform' loaded TargetPlatform 'WindowsClient'
[2020.04.05-02.36.06:791][  0]LogTemp: Display: Module 'WindowsNoEditorTargetPlatform' loaded TargetPlatform 'WindowsNoEditor'
[2020.04.05-02.36.06:806][  0]LogTemp: Display: Module 'WindowsServerTargetPlatform' loaded TargetPlatform 'WindowsServer'
[2020.04.05-02.36.06:814][  0]LogTemp: Display: Module 'WindowsTargetPlatform' loaded TargetPlatform 'Windows'
[2020.04.05-02.36.06:905][  0]LogTemp: Display: Module 'AndroidTargetPlatform' loaded TargetPlatform 'Android'
[2020.04.05-02.36.06:905][  0]LogTemp: Display: Module 'AndroidTargetPlatform' loaded TargetPlatform 'Android_ASTC'
[2020.04.05-02.36.06:905][  0]LogTemp: Display: Module 'AndroidTargetPlatform' loaded TargetPlatform 'Android_ATC'
[2020.04.05-02.36.06:905][  0]LogTemp: Display: Module 'AndroidTargetPlatform' loaded TargetPlatform 'Android_DXT'
[2020.04.05-02.36.06:905][  0]LogTemp: Display: Module 'AndroidTargetPlatform' loaded TargetPlatform 'Android_ETC1'
[2020.04.05-02.36.06:905][  0]LogTemp: Display: Module 'AndroidTargetPlatform' loaded TargetPlatform 'Android_ETC1a'
[2020.04.05-02.36.06:905][  0]LogTemp: Display: Module 'AndroidTargetPlatform' loaded TargetPlatform 'Android_ETC2'
[2020.04.05-02.36.06:905][  0]LogTemp: Display: Module 'AndroidTargetPlatform' loaded TargetPlatform 'Android_PVRTC'
[2020.04.05-02.36.06:905][  0]LogTemp: Display: Module 'AndroidTargetPlatform' loaded TargetPlatform 'AndroidClient'
[2020.04.05-02.36.06:905][  0]LogTemp: Display: Module 'AndroidTargetPlatform' loaded TargetPlatform 'Android_ASTCClient'
[2020.04.05-02.36.06:905][  0]LogTemp: Display: Module 'AndroidTargetPlatform' loaded TargetPlatform 'Android_ATCClient'
[2020.04.05-02.36.06:905][  0]LogTemp: Display: Module 'AndroidTargetPlatform' loaded TargetPlatform 'Android_DXTClient'
[2020.04.05-02.36.06:905][  0]LogTemp: Display: Module 'AndroidTargetPlatform' loaded TargetPlatform 'Android_ETC1Client'
[2020.04.05-02.36.06:905][  0]LogTemp: Display: Module 'AndroidTargetPlatform' loaded TargetPlatform 'Android_ETC1aClient'
[2020.04.05-02.36.06:905][  0]LogTemp: Display: Module 'AndroidTargetPlatform' loaded TargetPlatform 'Android_ETC2Client'
[2020.04.05-02.36.06:905][  0]LogTemp: Display: Module 'AndroidTargetPlatform' loaded TargetPlatform 'Android_PVRTCClient'
[2020.04.05-02.36.06:905][  0]LogTemp: Display: Module 'AndroidTargetPlatform' loaded TargetPlatform 'Android_Multi'
[2020.04.05-02.36.06:905][  0]LogTemp: Display: Module 'AndroidTargetPlatform' loaded TargetPlatform 'Android_MultiClient'
[2020.04.05-02.36.06:907][  0]LogTemp: Display: Module 'HTML5TargetPlatform' loaded TargetPlatform 'HTML5'
[2020.04.05-02.36.06:961][  0]LogTemp: Display: Module 'IOSTargetPlatform' loaded TargetPlatform 'IOSClient'
[2020.04.05-02.36.06:961][  0]LogTemp: Display: Module 'IOSTargetPlatform' loaded TargetPlatform 'IOS'
[2020.04.05-02.36.06:988][  0]LogTemp: Display: Module 'TVOSTargetPlatform' loaded TargetPlatform 'TVOSClient'
[2020.04.05-02.36.06:988][  0]LogTemp: Display: Module 'TVOSTargetPlatform' loaded TargetPlatform 'TVOS'
[2020.04.05-02.36.07:000][  0]LogTemp: Display: Module 'LinuxClientTargetPlatform' loaded TargetPlatform 'LinuxClient'
[2020.04.05-02.36.07:015][  0]LogTemp: Display: Module 'LinuxNoEditorTargetPlatform' loaded TargetPlatform 'LinuxNoEditor'
[2020.04.05-02.36.07:028][  0]LogTemp: Display: Module 'LinuxServerTargetPlatform' loaded TargetPlatform 'LinuxServer'
[2020.04.05-02.36.07:043][  0]LogTemp: Display: Module 'LinuxTargetPlatform' loaded TargetPlatform 'Linux'
[2020.04.05-02.36.07:092][  0]LogTemp: Display: Module 'LuminTargetPlatform' loaded TargetPlatform 'Lumin'
[2020.04.05-02.36.07:092][  0]LogTemp: Display: Module 'LuminTargetPlatform' loaded TargetPlatform 'LuminClient'
[2020.04.05-02.36.07:092][  0]LogTargetPlatformManager: Display: Building Assets For Windows
[2020.04.05-02.36.07:102][  0]LogAudioDebug: Display: Lib vorbis DLL was dynamically loaded.
[2020.04.05-02.36.07:160][  0]LogShaderCompilers: Guid format shader working directory is -21 characters bigger than the processId version (../../../../../../Users/Key/Documents/GitHub/Unga_Bunga/UngaBunga/Intermediate/Shaders/WorkingDirectory/8072/).
[2020.04.05-02.36.07:160][  0]LogShaderCompilers: Cleaned the shader compiler working directory 'C:/Users/Key/AppData/Local/Temp/UnrealShaderWorkingDir/E159A8884AE973252301ADA630E84E5F/'.
[2020.04.05-02.36.07:162][  0]LogXGEController: Cleaning working directory: C:/Users/Key/AppData/Local/Temp/UnrealXGEWorkingDir/
[2020.04.05-02.36.07:163][  0]LogXGEController: Cannot use XGE Controller as Incredibuild is not installed on this machine.
[2020.04.05-02.36.07:163][  0]LogShaderCompilers: Cannot use XGE Shader Compiler as Incredibuild is not installed on this machine.
[2020.04.05-02.36.07:163][  0]LogShaderCompilers: Display: Using Local Shader Compiler.
[2020.04.05-02.36.07:766][  0]LogDerivedDataCache: Display: Max Cache Size: 512 MB
[2020.04.05-02.36.07:820][  0]LogDerivedDataCache: Loaded boot cache 0.05s 71MB C:/Users/Key/AppData/Local/UnrealEngine/4.22/DerivedDataCache/Boot.ddc.
[2020.04.05-02.36.07:820][  0]LogDerivedDataCache: Display: Loaded Boot cache: C:/Users/Key/AppData/Local/UnrealEngine/4.22/DerivedDataCache/Boot.ddc
[2020.04.05-02.36.07:820][  0]LogDerivedDataCache: FDerivedDataBackendGraph:  Pak pak cache file ../../../../../../Users/Key/Documents/GitHub/Unga_Bunga/UngaBunga/DerivedDataCache/DDC.ddp not found, will not use a pak cache.
[2020.04.05-02.36.07:820][  0]LogDerivedDataCache: Unable to find inner node Pak for hierarchical cache Hierarchy.
[2020.04.05-02.36.07:820][  0]LogDerivedDataCache: FDerivedDataBackendGraph:  CompressedPak pak cache file ../../../../../../Users/Key/Documents/GitHub/Unga_Bunga/UngaBunga/DerivedDataCache/Compressed.ddp not found, will not use a pak cache.
[2020.04.05-02.36.07:820][  0]LogDerivedDataCache: Unable to find inner node CompressedPak for hierarchical cache Hierarchy.
[2020.04.05-02.36.07:834][  0]LogDerivedDataCache: Display: Pak cache opened for reading ../../../Engine/DerivedDataCache/Compressed.ddp.
[2020.04.05-02.36.07:834][  0]LogDerivedDataCache: FDerivedDataBackendGraph:  EnterprisePak pak cache file ../../../Enterprise/DerivedDataCache/Compressed.ddp not found, will not use a pak cache.
[2020.04.05-02.36.07:834][  0]LogDerivedDataCache: Unable to find inner node EnterprisePak for hierarchical cache Hierarchy.
[2020.04.05-02.36.07:847][  0]LogDerivedDataCache: Using Local data cache path C:/Users/Key/AppData/Local/UnrealEngine/Common/DerivedDataCache: Writable
[2020.04.05-02.36.07:847][  0]LogDerivedDataCache: Shared data cache path not found in *engine.ini, will not use an Shared cache.
[2020.04.05-02.36.07:847][  0]LogDerivedDataCache: Unable to find inner node Shared for hierarchical cache Hierarchy.
[2020.04.05-02.36.07:871][  0]LogMaterial: Verifying Global Shaders for PCD3D_SM5
[2020.04.05-02.36.07:873][  0]LogSlate: Using FreeType 2.6.0
[2020.04.05-02.36.07:873][  0]LogSlate: SlateFontServices - WITH_FREETYPE: 1, WITH_HARFBUZZ: 1
[2020.04.05-02.36.07:960][  0]LogAssetRegistry: FAssetRegistry took 0.0343 seconds to start up
[2020.04.05-02.36.08:324][  0]LogInit: Selected Device Profile: [Windows]
[2020.04.05-02.36.08:465][  0]LogMeshReduction: Using QuadricMeshReduction for automatic static mesh reduction
[2020.04.05-02.36.08:466][  0]LogMeshReduction: Using SimplygonMeshReduction for automatic skeletal mesh reduction
[2020.04.05-02.36.08:466][  0]LogMeshReduction: Using ProxyLODMeshReduction for automatic mesh merging
[2020.04.05-02.36.08:466][  0]LogMeshReduction: No distributed automatic mesh merging module available
[2020.04.05-02.36.08:466][  0]LogMeshMerging: No distributed automatic mesh merging module available
[2020.04.05-02.36.08:482][  0]LogNetVersion: unga 1.0.0, NetCL: 5660361, EngineNetVer: 10, GameNetVer: 0 (Checksum: 2805561233)
[2020.04.05-02.36.08:925][  0]LogPackageLocalizationCache: Processed 10 localized package path(s) for 1 prioritized culture(s) in 0.047161 seconds
[2020.04.05-02.36.08:932][  0]LogUObjectArray: 42205 objects as part of root set at end of initial load.
[2020.04.05-02.36.08:932][  0]LogUObjectAllocator: 7325032 out of 0 bytes used by permanent object pool.
[2020.04.05-02.36.08:932][  0]LogUObjectArray: CloseDisregardForGC: 0/0 objects in disregard for GC pool
[2020.04.05-02.36.09:822][  0]LogTcpMessaging: Initializing TcpMessaging bridge
[2020.04.05-02.36.09:836][  0]LogUdpMessaging: Initializing bridge on interface 0.0.0.0:0 to multicast group 230.0.0.1:6666.
[2020.04.05-02.36.09:893][  0]LogUdpMessaging: Initializing tunnel on interface 0.0.0.0:0 to multicast group 230.0.0.1:6666.
[2020.04.05-02.36.09:957][  0]SourceControl: Source control is disabled
[2020.04.05-02.36.09:957][  0]LogWindows: Warning: CreateProc failed: The system cannot find the file specified. (0x00000002)
[2020.04.05-02.36.09:957][  0]LogWindows: Warning: URL: C:/Program Files/Git/bin/git.exe version
[2020.04.05-02.36.09:958][  0]LogWindows: Warning: CreateProc failed: The system cannot find the file specified. (0x00000002)
[2020.04.05-02.36.09:958][  0]LogWindows: Warning: URL: C:/Program Files (x86)/Git/bin/git.exe version
[2020.04.05-02.36.09:958][  0]LogWindows: Warning: CreateProc failed: The system cannot find the file specified. (0x00000002)
[2020.04.05-02.36.09:958][  0]LogWindows: Warning: URL: C:\Users\Key\AppData\Local/Programs/Git/cmd/git.exe version
[2020.04.05-02.36.09:958][  0]LogWindows: Warning: CreateProc failed: The system cannot find the file specified. (0x00000002)
[2020.04.05-02.36.09:958][  0]LogWindows: Warning: URL: C:/Program Files (x86)/SmartGit/git/bin/git.exe version
[2020.04.05-02.36.09:958][  0]LogWindows: Warning: CreateProc failed: The system cannot find the file specified. (0x00000002)
[2020.04.05-02.36.09:958][  0]LogWindows: Warning: URL: C:/Program Files (x86)/SmartGit/bin/git.exe version
[2020.04.05-02.36.09:959][  0]LogWindows: Warning: CreateProc failed: The system cannot find the file specified. (0x00000002)
[2020.04.05-02.36.09:959][  0]LogWindows: Warning: URL: C:\Users\Key\AppData\Local/Atlassian/SourceTree/git_local/bin/git.exe version
[2020.04.05-02.36.09:959][  0]LogWindows: Warning: CreateProc failed: The system cannot find the file specified. (0x00000002)
[2020.04.05-02.36.09:959][  0]LogWindows: Warning: URL: C:/Program Files (x86)/fournova/Tower/vendor/Git/bin/git.exe version
[2020.04.05-02.36.09:961][  0]LogWindows: Warning: CreateProc failed: The system cannot find the file specified. (0x00000002)
[2020.04.05-02.36.09:961][  0]LogWindows: Warning: URL: C:/Program Files/Git/bin/git.exe version
[2020.04.05-02.36.09:961][  0]LogWindows: Warning: CreateProc failed: The system cannot find the file specified. (0x00000002)
[2020.04.05-02.36.09:961][  0]LogWindows: Warning: URL: C:/Program Files (x86)/Git/bin/git.exe version
[2020.04.05-02.36.09:961][  0]LogWindows: Warning: CreateProc failed: The system cannot find the file specified. (0x00000002)
[2020.04.05-02.36.09:961][  0]LogWindows: Warning: URL: C:\Users\Key\AppData\Local/Programs/Git/cmd/git.exe version
[2020.04.05-02.36.09:961][  0]LogWindows: Warning: CreateProc failed: The system cannot find the file specified. (0x00000002)
[2020.04.05-02.36.09:961][  0]LogWindows: Warning: URL: C:/Program Files (x86)/SmartGit/git/bin/git.exe version
[2020.04.05-02.36.09:961][  0]LogWindows: Warning: CreateProc failed: The system cannot find the file specified. (0x00000002)
[2020.04.05-02.36.09:962][  0]LogWindows: Warning: URL: C:/Program Files (x86)/SmartGit/bin/git.exe version
[2020.04.05-02.36.09:962][  0]LogWindows: Warning: CreateProc failed: The system cannot find the file specified. (0x00000002)
[2020.04.05-02.36.09:962][  0]LogWindows: Warning: URL: C:\Users\Key\AppData\Local/Atlassian/SourceTree/git_local/bin/git.exe version
[2020.04.05-02.36.09:962][  0]LogWindows: Warning: CreateProc failed: The system cannot find the file specified. (0x00000002)
[2020.04.05-02.36.09:962][  0]LogWindows: Warning: URL: C:/Program Files (x86)/fournova/Tower/vendor/Git/bin/git.exe version
[2020.04.05-02.36.09:963][  0]LogWindows: Warning: CreateProc failed: The system cannot find the file specified. (0x00000002)
[2020.04.05-02.36.09:963][  0]LogWindows: Warning: URL: C:/Program Files/Git/bin/git.exe version
[2020.04.05-02.36.09:964][  0]LogWindows: Warning: CreateProc failed: The system cannot find the file specified. (0x00000002)
[2020.04.05-02.36.09:964][  0]LogWindows: Warning: URL: C:/Program Files (x86)/Git/bin/git.exe version
[2020.04.05-02.36.09:964][  0]LogWindows: Warning: CreateProc failed: The system cannot find the file specified. (0x00000002)
[2020.04.05-02.36.09:964][  0]LogWindows: Warning: URL: C:\Users\Key\AppData\Local/Programs/Git/cmd/git.exe version
[2020.04.05-02.36.09:964][  0]LogWindows: Warning: CreateProc failed: The system cannot find the file specified. (0x00000002)
[2020.04.05-02.36.09:964][  0]LogWindows: Warning: URL: C:/Program Files (x86)/SmartGit/git/bin/git.exe version
[2020.04.05-02.36.09:964][  0]LogWindows: Warning: CreateProc failed: The system cannot find the file specified. (0x00000002)
[2020.04.05-02.36.09:964][  0]LogWindows: Warning: URL: C:/Program Files (x86)/SmartGit/bin/git.exe version
[2020.04.05-02.36.09:964][  0]LogWindows: Warning: CreateProc failed: The system cannot find the file specified. (0x00000002)
[2020.04.05-02.36.09:964][  0]LogWindows: Warning: URL: C:\Users\Key\AppData\Local/Atlassian/SourceTree/git_local/bin/git.exe version
[2020.04.05-02.36.09:965][  0]LogWindows: Warning: CreateProc failed: The system cannot find the file specified. (0x00000002)
[2020.04.05-02.36.09:965][  0]LogWindows: Warning: URL: C:/Program Files (x86)/fournova/Tower/vendor/Git/bin/git.exe version
[2020.04.05-02.36.10:045][  0]LogAndroidPermission: UAndroidPermissionCallbackProxy::GetInstance
[2020.04.05-02.36.10:148][  0]LogOcInput: OculusInput pre-init called
[2020.04.05-02.36.10:856][  0]LogEngine: Initializing Engine...
[2020.04.05-02.36.10:857][  0]LogHMD: Failed to initialize OpenVR with code 110
[2020.04.05-02.36.10:858][  0]LogStats: UGameplayTagsManager::InitializeManager -  0.000 s
[2020.04.05-02.36.11:080][  0]LogInit: Initializing FReadOnlyCVARCache
[2020.04.05-02.36.11:094][  0]LogAIModule: Creating AISystem for world Untitled
[2020.04.05-02.36.11:121][  0]LogInit: XAudio2 using 'Headset Earphone (2- Wireless Controller)' : 2 channels at 32 kHz using 16 bits per sample (channel mask 0x0)
[2020.04.05-02.36.11:139][  0]LogInit: FAudioDevice initialized.
[2020.04.05-02.36.11:139][  0]LogNetVersion: Set ProjectVersion to 1.0.0.0. Version Checksum will be recalculated on next use.
[2020.04.05-02.36.12:113][  0]LogDerivedDataCache: Saved boot cache 0.97s 71MB C:/Users/Key/AppData/Local/UnrealEngine/4.22/DerivedDataCache/Boot.ddc.
[2020.04.05-02.36.12:119][  0]LogInit: Texture streaming: Enabled
[2020.04.05-02.36.12:142][  0]LogEngineSessionManager: EngineSessionManager initialized
[2020.04.05-02.36.12:142][  0]LogEngineSessionManager: EngineSessionManager sent abnormal shutdown report. Type=AbnormalShutdown, SessionId={2CE7ED6C-4B5E-1A92-668B-CFB7BB4FC8F9}
[2020.04.05-02.36.12:142][  0]LogEngineSessionManager: EngineSessionManager sent abnormal shutdown report. Type=AbnormalShutdown, SessionId={F220133B-4569-20DE-5BB6-488D55EDF76D}
[2020.04.05-02.36.12:166][  0]LogInit: Transaction tracking system initialized
[2020.04.05-02.36.12:195][  0]BlueprintLog: New page: Editor Load
[2020.04.05-02.36.12:294][  0]LocalizationService: Localization service is disabled
[2020.04.05-02.36.12:599][  0]LogFileCache: Scanning file cache for directory 'C:/Users/Key/Documents/GitHub/Unga_Bunga/UngaBunga/Content/' took 0.02s
[2020.04.05-02.36.12:599][  0]LogCook: Display: Max memory allowance for cook 16384mb min free memory 0mb
[2020.04.05-02.36.12:599][  0]LogCook: Display: Mobile HDR setting 1
[2020.04.05-02.36.12:963][  0]LogWindows: Warning: CreateProc failed: The system cannot find the file specified. (0x00000002)
[2020.04.05-02.36.12:963][  0]LogWindows: Warning: URL: C:/Program Files/Git/bin/git.exe version
[2020.04.05-02.36.12:963][  0]LogWindows: Warning: CreateProc failed: The system cannot find the file specified. (0x00000002)
[2020.04.05-02.36.12:963][  0]LogWindows: Warning: URL: C:/Program Files (x86)/Git/bin/git.exe version
[2020.04.05-02.36.12:963][  0]LogWindows: Warning: CreateProc failed: The system cannot find the file specified. (0x00000002)
[2020.04.05-02.36.12:963][  0]LogWindows: Warning: URL: C:\Users\Key\AppData\Local/Programs/Git/cmd/git.exe version
[2020.04.05-02.36.12:964][  0]LogWindows: Warning: CreateProc failed: The system cannot find the file specified. (0x00000002)
[2020.04.05-02.36.12:964][  0]LogWindows: Warning: URL: C:/Program Files (x86)/SmartGit/git/bin/git.exe version
[2020.04.05-02.36.12:964][  0]LogWindows: Warning: CreateProc failed: The system cannot find the file specified. (0x00000002)
[2020.04.05-02.36.12:964][  0]LogWindows: Warning: URL: C:/Program Files (x86)/SmartGit/bin/git.exe version
[2020.04.05-02.36.12:964][  0]LogWindows: Warning: CreateProc failed: The system cannot find the file specified. (0x00000002)
[2020.04.05-02.36.12:964][  0]LogWindows: Warning: URL: C:\Users\Key\AppData\Local/Atlassian/SourceTree/git_local/bin/git.exe version
[2020.04.05-02.36.12:965][  0]LogWindows: Warning: CreateProc failed: The system cannot find the file specified. (0x00000002)
[2020.04.05-02.36.12:965][  0]LogWindows: Warning: URL: C:/Program Files (x86)/fournova/Tower/vendor/Git/bin/git.exe version
[2020.04.05-02.36.12:965][  0]Cmd: MAP LOAD FILE="../../../../../../Users/Key/Documents/GitHub/Unga_Bunga/UngaBunga/Content/FirstPersonBP/Maps/FirstPersonExampleMap.umap" TEMPLATE=0 SHOWPROGRESS=1 FEATURELEVEL=3
[2020.04.05-02.36.12:965][  0]LightingResults: New page: Lighting Build
[2020.04.05-02.36.12:968][  0]MapCheck: New page: Map Check
[2020.04.05-02.36.12:968][  0]LightingResults: New page: Lighting Build
[2020.04.05-02.36.12:991][  0]LogUObjectHash: Compacting FUObjectHashTables data took   1.61ms
[2020.04.05-02.36.13:210][  0]LogMaterial: Display: Missing cached shader map for material M_Rock, compiling. 
[2020.04.05-02.36.13:211][  0]LogMaterial: Warning: C:\Users\Key\Documents\GitHub\Unga_Bunga\UngaBunga\Content\StarterContent\Props\Materials\M_Rock.uasset: Failed to compile Material for platform PCD3D_SM5, Default Material will be used in game.
[2020.04.05-02.36.13:211][  0]LogMaterial: 	(Node TextureSample) Texture Sample> Missing input texture
[2020.04.05-02.36.13:250][  0]LogAIModule: Creating AISystem for world FirstPersonExampleMap
[2020.04.05-02.36.13:263][  0]LogEditorServer: Finished looking for orphan Actors (0.000 secs)
[2020.04.05-02.36.13:291][  0]LogUObjectHash: Compacting FUObjectHashTables data took   2.15ms
[2020.04.05-02.36.13:291][  0]Cmd: MAP CHECKDEP NOCLEARLOG
[2020.04.05-02.36.13:291][  0]MapCheck: Map check complete: 0 Error(s), 0 Warning(s), took 0.172ms to complete.
[2020.04.05-02.36.13:291][  0]LogFileHelpers: Loading map 'FirstPersonExampleMap' took 0.326
[2020.04.05-02.36.13:404][  0]LogSlate: Updating window title bar state: overlay mode, drag disabled, window buttons hidden, title bar hidden
[2020.04.05-02.36.13:412][  0]LogSlate: Updating window title bar state: overlay mode, drag disabled, window buttons hidden, title bar hidden
[2020.04.05-02.36.13:420][  0]LogSlate: Updating window title bar state: overlay mode, drag disabled, window buttons hidden, title bar hidden
[2020.04.05-02.36.13:428][  0]LogSlate: Updating window title bar state: overlay mode, drag disabled, window buttons hidden, title bar hidden
[2020.04.05-02.36.13:434][  0]LogCollectionManager: Loaded 0 collections in 0.002000 seconds
[2020.04.05-02.36.13:451][  0]LogFileCache: Scanning file cache for directory 'C:/Users/Key/Documents/GitHub/Unga_Bunga/UngaBunga/Saved/Collections/' took 0.01s
[2020.04.05-02.36.13:451][  0]LogFileCache: Scanning file cache for directory 'C:/Users/Key/Documents/GitHub/Unga_Bunga/UngaBunga/Content/Developers/Key/Collections/' took 0.00s
[2020.04.05-02.36.13:451][  0]LogFileCache: Scanning file cache for directory 'C:/Users/Key/Documents/GitHub/Unga_Bunga/UngaBunga/Content/Collections/' took 0.00s
[2020.04.05-02.36.13:451][  0]LogCollectionManager: Rebuilt the GUID cache for 0 collections in 0.000001 seconds
[2020.04.05-02.36.13:461][  0]LogContentBrowser: Native class hierarchy populated in 0.0091 seconds. Added 2732 classes and 659 folders.
[2020.04.05-02.36.13:468][  0]LogContentBrowser: Native class hierarchy updated for 'WidgetCarousel' in 0.0003 seconds. Added 0 classes and 0 folders.
[2020.04.05-02.36.13:470][  0]LogPakFile: Registered encryption key '00000000000000000000000000000000': 0 pak files mounted, 0 remain pending
[2020.04.05-02.36.13:471][  0]LogPakFile: Registered encryption key '00000000000000000000000000000000': 0 pak files mounted, 0 remain pending
[2020.04.05-02.36.13:471][  0]LogPakFile: Registered encryption key '00000000000000000000000000000000': 0 pak files mounted, 0 remain pending
[2020.04.05-02.36.13:472][  0]LogPakFile: Registered encryption key '00000000000000000000000000000000': 0 pak files mounted, 0 remain pending
[2020.04.05-02.36.13:472][  0]LogPakFile: Registered encryption key '00000000000000000000000000000000': 0 pak files mounted, 0 remain pending
[2020.04.05-02.36.13:473][  0]LogPakFile: Registered encryption key '00000000000000000000000000000000': 0 pak files mounted, 0 remain pending
[2020.04.05-02.36.13:473][  0]LogPakFile: Registered encryption key '00000000000000000000000000000000': 0 pak files mounted, 0 remain pending
[2020.04.05-02.36.13:473][  0]LogPakFile: Registered encryption key '00000000000000000000000000000000': 0 pak files mounted, 0 remain pending
[2020.04.05-02.36.13:474][  0]LogPakFile: Registered encryption key '00000000000000000000000000000000': 0 pak files mounted, 0 remain pending
[2020.04.05-02.36.13:474][  0]LogPakFile: Registered encryption key '00000000000000000000000000000000': 0 pak files mounted, 0 remain pending
[2020.04.05-02.36.13:475][  0]LogPakFile: Registered encryption key '00000000000000000000000000000000': 0 pak files mounted, 0 remain pending
[2020.04.05-02.36.13:475][  0]LogPakFile: Registered encryption key '00000000000000000000000000000000': 0 pak files mounted, 0 remain pending
[2020.04.05-02.36.13:476][  0]LogPakFile: Registered encryption key '00000000000000000000000000000000': 0 pak files mounted, 0 remain pending
[2020.04.05-02.36.13:476][  0]LogPakFile: Registered encryption key '00000000000000000000000000000000': 0 pak files mounted, 0 remain pending
[2020.04.05-02.36.13:477][  0]LogPakFile: Registered encryption key '00000000000000000000000000000000': 0 pak files mounted, 0 remain pending
[2020.04.05-02.36.13:477][  0]LogPakFile: Registered encryption key '00000000000000000000000000000000': 0 pak files mounted, 0 remain pending
[2020.04.05-02.36.13:478][  0]LogPakFile: Registered encryption key '00000000000000000000000000000000': 0 pak files mounted, 0 remain pending
[2020.04.05-02.36.13:478][  0]LogPakFile: Registered encryption key '00000000000000000000000000000000': 0 pak files mounted, 0 remain pending
[2020.04.05-02.36.13:478][  0]LogPakFile: Registered encryption key '00000000000000000000000000000000': 0 pak files mounted, 0 remain pending
[2020.04.05-02.36.13:479][  0]LogPakFile: Registered encryption key '00000000000000000000000000000000': 0 pak files mounted, 0 remain pending
[2020.04.05-02.36.13:479][  0]LogPakFile: Registered encryption key '00000000000000000000000000000000': 0 pak files mounted, 0 remain pending
[2020.04.05-02.36.13:480][  0]LogPakFile: Registered encryption key '00000000000000000000000000000000': 0 pak files mounted, 0 remain pending
[2020.04.05-02.36.13:480][  0]LogPakFile: Registered encryption key '00000000000000000000000000000000': 0 pak files mounted, 0 remain pending
[2020.04.05-02.36.13:481][  0]LogPakFile: Registered encryption key '00000000000000000000000000000000': 0 pak files mounted, 0 remain pending
[2020.04.05-02.36.13:481][  0]LogPakFile: Registered encryption key '00000000000000000000000000000000': 0 pak files mounted, 0 remain pending
[2020.04.05-02.36.13:482][  0]LogPakFile: Registered encryption key '00000000000000000000000000000000': 0 pak files mounted, 0 remain pending
[2020.04.05-02.36.13:514][  0]LogContentBrowser: Native class hierarchy updated for 'AddContentDialog' in 0.0003 seconds. Added 0 classes and 0 folders.
[2020.04.05-02.36.13:520][  0]LogContentBrowser: Native class hierarchy updated for 'SceneOutliner' in 0.0003 seconds. Added 1 classes and 2 folders.
[2020.04.05-02.36.13:563][  0]LogContentBrowser: Native class hierarchy updated for 'HierarchicalLODOutliner' in 0.0002 seconds. Added 0 classes and 0 folders.
[2020.04.05-02.36.13:563][  0]LogLoad: (Engine Initialization) Total time: 9.44 seconds
[2020.04.05-02.36.13:563][  0]LogLoad: (Engine Initialization) Total Blueprint compile time: 0.00 seconds
[2020.04.05-02.36.13:602][  0]LogAssetRegistry: Asset discovery search completed in 5.6644 seconds
[2020.04.05-02.36.13:605][  0]LogCollectionManager: Rebuilt the object cache for 0 collections in 0.000000 seconds (found 0 objects)
[2020.04.05-02.36.13:605][  0]LogCollectionManager: Fixed up redirectors for 0 collections in 0.000061 seconds (updated 0 objects)
[2020.04.05-02.36.13:606][  0]LogContentStreaming: Texture pool size now 1000 MB
[2020.04.05-02.36.13:613][  0]LogSlate: Took 0.000173 seconds to synchronously load lazily loaded font '../../../Engine/Content/Slate/Fonts/Roboto-Regular.ttf' (155K)
[2020.04.05-02.36.13:615][  0]LogSlate: Took 0.000152 seconds to synchronously load lazily loaded font '../../../Engine/Content/Slate/Fonts/Roboto-Bold.ttf' (160K)
[2020.04.05-02.36.13:620][  0]LogSlate: Took 0.000298 seconds to synchronously load lazily loaded font '../../../Engine/Content/Editor/Slate/Fonts/FontAwesome.ttf' (139K)
[2020.04.05-02.36.13:683][  0]LogSlate: Took 0.000158 seconds to synchronously load lazily loaded font '../../../Engine/Content/Slate/Fonts/Roboto-Light.ttf' (167K)
[2020.04.05-02.36.13:719][  2]LogRenderer: Reallocating scene render targets to support 704x412 Format 10 NumSamples 1 (Frame:1).
[2020.04.05-02.36.16:576][306]LogRenderer: Reallocating scene render targets to support 704x636 Format 10 NumSamples 1 (Frame:308).
[2020.04.05-02.36.17:711][310]LogEditorViewport: Clicking on Actor (LMB): StaticMeshActor (EditorCube8)
[2020.04.05-02.36.21:781][698]LogSlate: FSceneViewport::OnFocusLost() reason 0
[2020.04.05-02.37.03:991][ 13]LogMaterial: Display: Missing cached shader map for material Pebble_Temp, compiling. 
[2020.04.05-02.37.11:118][681]LogSlate: FSceneViewport::OnFocusLost() reason 0
[2020.04.05-02.37.16:549][128]LogSlate: Took 0.000151 seconds to synchronously load lazily loaded font '../../../Engine/Content/Slate/Fonts/Roboto-Light.ttf' (167K)
[2020.04.05-02.37.16:557][128]LogAssetEditorManager: Opening Asset editor for Material /Game/KiteDemo/Environments/GroundTiles/PebblyRiverbank/Pebble_Temp.Pebble_Temp
[2020.04.05-02.37.16:560][128]LogMaterial: Display: Missing cached shader map for material Pebble_Temp, compiling. 
[2020.04.05-02.37.16:576][128]LogShaderCompilers: Display: Shaders left to compile 20
[2020.04.05-02.37.16:869][128]LogMaterial: Display: Missing cached shader map for material Pebble_Temp, compiling. 
[2020.04.05-02.37.16:887][128]LogMaterial: Display: Missing cached shader map for material Pebble_Temp, compiling. 
[2020.04.05-02.37.16:944][128]LogMaterial: Display: Missing cached shader map for material FMatExpressionPreview MaterialExpressionTextureSample_0, compiling. 
[2020.04.05-02.37.16:948][128]LogShaderCompilers: Display: Shaders left to compile 20
[2020.04.05-02.37.16:999][128]LogSlate: Took 0.000169 seconds to synchronously load lazily loaded font '../../../Engine/Content/Slate/Fonts/Roboto-BoldCondensed.ttf' (158K)
[2020.04.05-02.37.18:509][254]LogShaderCompilers: Display: Shaders left to compile 20
[2020.04.05-02.37.23:976][789]LogSlate: Window 'Pebble_Temp' being destroyed
[2020.04.05-02.37.24:417][789]LogShaderCompilers: Display: Shaders left to compile 10
[2020.04.05-02.37.36:672][ 76]LogSlate: FSceneViewport::OnFocusLost() reason 0
[2020.04.05-02.37.38:080][194]LogLinker: Warning: Can't find file '/Game/KiteDemo/Environments/GroundTiles/RockyPath/T_GDC_StonePath_Tile_H'
[2020.04.05-02.37.38:080][194]LogLinker: Warning: Can't find file for asset '/Game/KiteDemo/Environments/GroundTiles/RockyPath/T_GDC_StonePath_Tile_H' while loading NULL.
[2020.04.05-02.37.38:081][194]LogLinker: Warning: Can't find file '/Game/KiteDemo/Environments/GroundTiles/RockyPath/T_GDC_StonePath_Tile_H'
[2020.04.05-02.37.38:082][194]LogLinker: Warning: Can't find file for asset '/Game/KiteDemo/Environments/GroundTiles/RockyPath/T_GDC_StonePath_Tile_H' while loading NULL.
[2020.04.05-02.37.38:089][194]LogLinker: Warning: Can't find file '/Game/KiteDemo/Environments/GroundTiles/RockyPath/T_GDC_StonePath_Tile_H'
[2020.04.05-02.37.38:089][194]LoadErrors: Failed to load /Game/KiteDemo/Environments/GroundTiles/RockyPath/T_GDC_StonePath_Tile_H.T_GDC_StonePath_Tile_H Referenced by MaterialExpressionTextureSampleParameter2D_0
[2020.04.05-02.37.38:089][194]LogLinker: Warning: Can't find file for asset '/Game/KiteDemo/Environments/GroundTiles/RockyPath/T_GDC_StonePath_Tile_H' while loading NULL.
[2020.04.05-02.37.38:097][194]LogMaterial: Display: Missing cached shader map for material M_Photoscan_Master_Displacement, compiling. 
[2020.04.05-02.37.38:098][194]LogMaterial: Warning: C:\Users\Key\Documents\GitHub\Unga_Bunga\UngaBunga\Content\KiteDemo\Material\M_Photoscan_Master_Displacement.uasset: Failed to compile Material for platform PCD3D_SM5, Default Material will be used in game.
[2020.04.05-02.37.38:098][194]LogMaterial: 	(Node TextureSampleParameter2D) Param2D> Requires Texture2D
[2020.04.05-02.37.38:130][194]LogMaterial: Display: Missing cached shader map for material M_Photoscan_Master_Displacement, compiling. 
[2020.04.05-02.37.38:131][194]LogMaterial: Warning: C:\Users\Key\Documents\GitHub\Unga_Bunga\UngaBunga\Content\KiteDemo\Environments\GroundTiles\PebblyRiverbank\MI_PSM_PebblyRiverbank_Tile.uasset: Failed to compile Material Instance with Base M_Photoscan_Master_Displacement for platform PCD3D_SM5, Default Material will be used in game.
[2020.04.05-02.37.38:131][194]LogMaterial: 	(Node TextureSampleParameter2D) Param2D> Requires Texture2D
[2020.04.05-02.37.42:121][604]LogSlate: FSceneViewport::OnFocusLost() reason 0
[2020.04.05-02.37.42:253][615]LogAssetEditorManager: Opening Asset editor for MaterialInstanceConstant /Game/KiteDemo/Environments/GroundTiles/PebblyRiverbank/MI_PSM_PebblyRiverbank_Tile.MI_PSM_PebblyRiverbank_Tile
[2020.04.05-02.37.42:464][615]LogRenderer: Reallocating scene render targets to support 840x676 Format 10 NumSamples 1 (Frame:1).
[2020.04.05-02.37.59:327][401]LogSlate: Window 'MI_PSM_PebblyRiverbank_Tile' being destroyed
[2020.04.05-02.37.59:359][401]LogUObjectHash: Compacting FUObjectHashTables data took   1.84ms
[2020.04.05-02.37.59:379][401]LogMaterial: Display: Missing cached shader map for material DebugViewMode MaterialTexCoordScale, compiling. 
[2020.04.05-02.37.59:380][401]TextureStreamingBuild: Display: Compiling optional shaders took 0.010 seconds.
[2020.04.05-02.37.59:403][401]LogUObjectHash: Compacting FUObjectHashTables data took   0.61ms
[2020.04.05-02.38.09:191][355]LogAssetEditorManager: Opening Asset editor for MaterialInstanceConstant /Game/KiteDemo/Environments/GroundTiles/PebblyRiverbank/MI_PSM_PebblyRiverbank_Tile.MI_PSM_PebblyRiverbank_Tile
[2020.04.05-02.38.18:107][192]LogSlate: FSceneViewport::OnFocusLost() reason 2
[2020.04.05-02.38.27:767][230]LogSlate: FSceneViewport::OnFocusLost() reason 0
[2020.04.05-02.38.27:940][250]LogSlate: Window 'MI_PSM_PebblyRiverbank_Tile' being destroyed
[2020.04.05-02.38.27:976][250]LogUObjectHash: Compacting FUObjectHashTables data took   1.79ms
[2020.04.05-02.38.27:989][250]LogMaterial: Display: Missing cached shader map for material DebugViewMode MaterialTexCoordScale, compiling. 
[2020.04.05-02.38.27:990][250]TextureStreamingBuild: Display: Compiling optional shaders took 0.006 seconds.
[2020.04.05-02.38.28:013][250]LogUObjectHash: Compacting FUObjectHashTables data took   0.60ms
[2020.04.05-02.38.38:634][267]LogMaterial: Display: Missing cached shader map for material T_Tile_PebblyRiverbank_D_R_Mat, compiling. 
[2020.04.05-02.38.40:399][419]LogEditorViewport: Clicking Background
[2020.04.05-02.38.41:033][488]LogEditorViewport: Clicking on Actor (LMB): StaticMeshActor (EditorCube8)
[2020.04.05-02.38.42:069][578]LogSlate: FSceneViewport::OnFocusLost() reason 0
[2020.04.05-02.39.02:531][569]LogSlate: FSceneViewport::OnFocusLost() reason 0
[2020.04.05-02.39.10:701][421]LogSlate: FSceneViewport::OnFocusLost() reason 0
[2020.04.05-02.39.10:856][433]LogAssetEditorManager: Opening Asset editor for Texture2D /Game/KiteDemo/Environments/GroundTiles/PebblyRiverbank/T_Tile_PebblyRiverbank_H.T_Tile_PebblyRiverbank_H
[2020.04.05-02.39.10:862][433]LogContentBrowser: Native class hierarchy updated for 'TextureEditor' in 0.0003 seconds. Added 1 classes and 2 folders.
[2020.04.05-02.39.24:951][891]LogSlate: FSceneViewport::OnFocusLost() reason 0
[2020.04.05-02.39.25:063][904]LogSlate: Window 'T_Tile_PebblyRiverbank_H' being destroyed
[2020.04.05-02.39.25:751][961]LogAssetEditorManager: Opening Asset editor for Texture2D /Game/KiteDemo/Environments/GroundTiles/PebblyRiverbank/T_Tile_PebblyRiverbank_H.T_Tile_PebblyRiverbank_H
[2020.04.05-02.39.35:781][ 30]LogSlate: Window 'T_Tile_PebblyRiverbank_H' being destroyed
[2020.04.05-02.39.55:807][710]LogUObjectHash: Compacting FUObjectHashTables data took   1.61ms
[2020.04.05-02.39.57:407][710]LogSlate: Window 'Delete Assets' being destroyed
[2020.04.05-02.39.57:417][710]LogUObjectGlobals: Force Deleting 4 Package(s):
	Asset Name: /Game/KiteDemo/Environments/GroundTiles/PebblyRiverbank/T_Tile_PebblyRiverbank_N.T_Tile_PebblyRiverbank_N
	Asset Name: /Game/KiteDemo/Environments/GroundTiles/PebblyRiverbank/T_Tile_PebblyRiverbank_D_R_Mat.T_Tile_PebblyRiverbank_D_R_Mat
	Asset Name: /Game/KiteDemo/Environments/GroundTiles/PebblyRiverbank/T_Tile_PebblyRiverbank_D_R.T_Tile_PebblyRiverbank_D_R
	Asset Name: /Game/KiteDemo/Environments/GroundTiles/PebblyRiverbank/MI_PSM_PebblyRiverbank_Tile.MI_PSM_PebblyRiverbank_Tile
[2020.04.05-02.40.04:507][710]LogTexture: Display: Building textures: T_Tile_PebblyRiverbank_D_R (AutoDXT, 8192X8192)
