Log file open, 04/04/20 19:16:45
LogWindows: Failed to load 'aqProf.dll' (GetLastError=126)
LogWindows: File 'aqProf.dll' does not exist
LogWindows: Failed to load 'VtuneApi.dll' (GetLastError=126)
LogWindows: File 'VtuneApi.dll' does not exist
LogWindows: Failed to load 'VtuneApi32e.dll' (GetLastError=126)
LogWindows: File 'VtuneApi32e.dll' does not exist
LogConsoleResponse: Display: Failed to find resolution value strings in scalability ini. Falling back to default.
LogInit: Display: Running engine for game: unga
LogPakFile: Registered encryption key '00000000000000000000000000000000': 0 pak files mounted, 0 remain pending
LogPlatformFile: Not using cached read wrapper
LogTaskGraph: Started task graph with 5 named threads and 14 total threads with 3 sets of task threads.
LogStats: Stats thread started at 0.184003
LogD3D11RHI: Loaded GFSDK_Aftermath_Lib.x64.dll
LogICUInternationalization: ICU TimeZone Detection - Raw Offset: -5:00, Platform Override: ''
LogPluginManager: Mounting plugin Paper2D
LogPluginManager: Mounting plugin AISupport
LogPluginManager: Mounting plugin LightPropagationVolume
LogPluginManager: Mounting plugin ActorLayerUtilities
LogPluginManager: Mounting plugin AnimationSharing
LogPluginManager: Mounting plugin CLionSourceCodeAccess
LogPluginManager: Mounting plugin CodeLiteSourceCodeAccess
LogPluginManager: Mounting plugin GitSourceControl
LogPluginManager: Mounting plugin KDevelopSourceCodeAccess
LogPluginManager: Mounting plugin NullSourceCodeAccess
LogPluginManager: Mounting plugin PerforceSourceControl
LogPluginManager: Mounting plugin SubversionSourceControl
LogPluginManager: Mounting plugin UObjectPlugin
LogPluginManager: Mounting plugin VisualStudioCodeSourceCodeAccess
LogPluginManager: Mounting plugin VisualStudioSourceCodeAccess
LogPluginManager: Mounting plugin XCodeSourceCodeAccess
LogPluginManager: Mounting plugin AssetManagerEditor
LogPluginManager: Mounting plugin CryptoKeys
LogPluginManager: Mounting plugin DataValidation
LogPluginManager: Mounting plugin FacialAnimation
LogPluginManager: Mounting plugin GameplayTagsEditor
LogPluginManager: Mounting plugin MacGraphicsSwitching
LogPluginManager: Mounting plugin MaterialAnalyzer
LogPluginManager: Mounting plugin MobileLauncherProfileWizard
LogPluginManager: Mounting plugin PluginBrowser
LogPluginManager: Mounting plugin SpeedTreeImporter
LogPluginManager: Mounting plugin DatasmithContent
LogPluginManager: Mounting plugin VariantManagerContent
LogPluginManager: Mounting plugin AlembicImporter
LogPluginManager: Mounting plugin AppleImageUtils
LogPluginManager: Mounting plugin AppleVision
LogPluginManager: Mounting plugin BackChannel
LogPluginManager: Mounting plugin CharacterAI
LogPluginManager: Mounting plugin GeometryCache
LogPluginManager: Mounting plugin HTML5Networking
LogPluginManager: Mounting plugin ProxyLODPlugin
LogPluginManager: Mounting plugin SkeletalReduction
LogPluginManager: Mounting plugin MagicLeap
LogPluginManager: Mounting plugin MagicLeapMedia
LogPluginManager: Mounting plugin AndroidMedia
LogPluginManager: Mounting plugin AvfMedia
LogPluginManager: Mounting plugin ImgMedia
LogPluginManager: Mounting plugin LinearTimecode
LogPluginManager: Mounting plugin MediaCompositing
LogPluginManager: Mounting plugin MediaPlayerEditor
LogPluginManager: Mounting plugin WebMMedia
LogPluginManager: Mounting plugin WmfMedia
LogPluginManager: Mounting plugin TcpMessaging
LogPluginManager: Mounting plugin UdpMessaging
LogPluginManager: Mounting plugin ActorSequence
LogPluginManager: Mounting plugin LevelSequenceEditor
LogPluginManager: Mounting plugin MatineeToLevelSequence
LogPluginManager: Mounting plugin NetcodeUnitTest
LogPluginManager: Mounting plugin NUTUnrealEngine4
LogPluginManager: Mounting plugin OnlineSubsystemGooglePlay
LogPluginManager: Mounting plugin OnlineSubsystemIOS
LogPluginManager: Mounting plugin OnlineSubsystem
LogPluginManager: Mounting plugin OnlineSubsystemNull
LogPluginManager: Mounting plugin OnlineSubsystemUtils
LogPluginManager: Mounting plugin LauncherChunkInstaller
LogPluginManager: Mounting plugin AndroidDeviceProfileSelector
LogPluginManager: Mounting plugin AndroidMoviePlayer
LogPluginManager: Mounting plugin AndroidPermission
LogPluginManager: Mounting plugin AppleMoviePlayer
LogPluginManager: Mounting plugin ArchVisCharacter
LogPluginManager: Mounting plugin AudioCapture
LogPluginManager: Mounting plugin CableComponent
LogPluginManager: Mounting plugin CustomMeshComponent
LogPluginManager: Mounting plugin EditableMesh
LogPluginManager: Mounting plugin ExampleDeviceProfileSelector
LogPluginManager: Mounting plugin Firebase
LogPluginManager: Mounting plugin GoogleCloudMessaging
LogPluginManager: Mounting plugin IOSDeviceProfileSelector
LogPluginManager: Mounting plugin LinuxDeviceProfileSelector
LogPluginManager: Mounting plugin LocationServicesBPLibrary
LogPluginManager: Mounting plugin MobilePatchingUtils
LogPluginManager: Mounting plugin OculusVR
LogPluginManager: Mounting plugin PhysXVehicles
LogPluginManager: Mounting plugin ProceduralMeshComponent
LogPluginManager: Mounting plugin RuntimePhysXCooking
LogPluginManager: Mounting plugin SignificanceManager
LogPluginManager: Mounting plugin SteamVR
LogPluginManager: Mounting plugin WebMMoviePlayer
LogPluginManager: Mounting plugin WindowsMoviePlayer
LogInit: Using libcurl 7.55.1-DEV
LogInit:  - built for x86_64-pc-win32
LogInit:  - supports SSL with OpenSSL/1.1.1
LogInit:  - supports HTTP deflate (compression) using libz 1.2.8
LogInit:  - other features:
LogInit:      CURL_VERSION_SSL
LogInit:      CURL_VERSION_LIBZ
LogInit:      CURL_VERSION_IPV6
LogInit:      CURL_VERSION_ASYNCHDNS
LogInit:      CURL_VERSION_LARGEFILE
LogInit:      CURL_VERSION_IDN
LogInit:  CurlRequestOptions (configurable via config and command line):
LogInit:  - bVerifyPeer = true  - Libcurl will verify peer certificate
LogInit:  - bUseHttpProxy = false  - Libcurl will NOT use HTTP proxy
LogInit:  - bDontReuseConnections = false  - Libcurl will reuse connections
LogInit:  - MaxHostConnections = 16  - Libcurl will limit the number of connections to a host
LogInit:  - LocalHostAddr = Default
LogInit:  - BufferSize = 65536
LogInit: WinSock: version 1.1 (2.2), MaxSocks=32767, MaxUdp=65467
LogInit: Build: ++UE4+Release-4.22-CL-7053642
LogInit: Engine Version: 4.22.3-7053642+++UE4+Release-4.22
LogInit: Compatible Engine Version: 4.22.0-5660361+++UE4+Release-4.22
LogInit: Net CL: 5660361
LogInit: OS: Windows 10 (Release 1903) (), CPU: Intel(R) Core(TM) i5-6500 CPU @ 3.20GHz, GPU: AMD Radeon (TM) R9 380 Series
LogInit: Compiled (64-bit): Jun 18 2019 03:09:11
LogInit: Compiled with Visual C++: 19.16.27025.01
LogInit: Build Configuration: Development
LogInit: Branch Name: ++UE4+Release-4.22
LogInit: Command Line: 
LogInit: Base Directory: C:/Program Files/Epic Games/UE_4.22/Engine/Binaries/Win64/
LogInit: Installed Engine Build: 1
LogDevObjectVersion: Number of dev versions registered: 23
LogDevObjectVersion:   Dev-Blueprints (B0D832E4-1F89-4F0D-ACCF-7EB736FD4AA2): 10
LogDevObjectVersion:   Dev-Build (E1C64328-A22C-4D53-A36C-8E866417BD8C): 0
LogDevObjectVersion:   Dev-Core (375EC13C-06E4-48FB-B500-84F0262A717E): 3
LogDevObjectVersion:   Dev-Editor (E4B068ED-F494-42E9-A231-DA0B2E46BB41): 30
LogDevObjectVersion:   Dev-Framework (CFFC743F-43B0-4480-9391-14DF171D2073): 35
LogDevObjectVersion:   Dev-Mobile (B02B49B5-BB20-44E9-A304-32B752E40360): 2
LogDevObjectVersion:   Dev-Networking (A4E4105C-59A1-49B5-A7C5-40C4547EDFEE): 0
LogDevObjectVersion:   Dev-Online (39C831C9-5AE6-47DC-9A44-9C173E1C8E7C): 0
LogDevObjectVersion:   Dev-Physics (78F01B33-EBEA-4F98-B9B4-84EACCB95AA2): 0
LogDevObjectVersion:   Dev-Platform (6631380F-2D4D-43E0-8009-CF276956A95A): 0
LogDevObjectVersion:   Dev-Rendering (12F88B9F-8875-4AFC-A67C-D90C383ABD29): 28
LogDevObjectVersion:   Dev-Sequencer (7B5AE74C-D270-4C10-A958-57980B212A5A): 11
LogDevObjectVersion:   Dev-VR (D7296918-1DD6-4BDD-9DE2-64A83CC13884): 2
LogDevObjectVersion:   Dev-LoadTimes (C2A15278-BFE7-4AFE-6C17-90FF531DF755): 1
LogDevObjectVersion:   Private-Geometry (6EACA3D4-40EC-4CC1-B786-8BED09428FC5): 3
LogDevObjectVersion:   Dev-AnimPhys (29E575DD-E0A3-4627-9D10-D276232CDCEA): 17
LogDevObjectVersion:   Dev-Anim (AF43A65D-7FD3-4947-9873-3E8ED9C1BB05): 2
LogDevObjectVersion:   Dev-ReflectionCapture (6B266CEC-1EC7-4B8F-A30B-E4D90942FC07): 1
LogDevObjectVersion:   Dev-Automation (0DF73D61-A23F-47EA-B727-89E90C41499A): 1
LogDevObjectVersion:   FortniteMain (601D1886-AC64-4F84-AA16-D3DE0DEAC7D6): 25
LogDevObjectVersion:   Dev-Enterprise (9DFFBCD6-494F-0158-E221-12823C92A888): 6
LogDevObjectVersion:   Dev-Niagara (F2AED0AC-9AFE-416F-8664-AA7FFA26D6FC): 1
LogDevObjectVersion:   Dev-Destruction (174F1F0B-B4C6-45A5-B13F-2EE8D0FB917D): 2
LogInit: Presizing for max 16777216 objects, including 0 objects not considered by GC, pre-allocating 0 bytes for permanent pool.
LogInit: Object subsystem initialized
LogConfig: Setting CVar [[con.DebugEarlyDefault:1]]
LogConfig: Setting CVar [[r.setres:1280x720]]
[2020.04.04-23.16.46:082][  0]LogConfig: Setting CVar [[r.VSync:0]]
[2020.04.04-23.16.46:083][  0]LogConfig: Setting CVar [[r.RHICmdBypass:0]]
[2020.04.04-23.16.46:083][  0]LogConfig: Applying CVar settings from Section [/Script/Engine.RendererSettings] File [C:/Users/Key/Documents/GitHub/Unga_Bunga/UngaBunga/Saved/Config/Windows/Engine.ini]
[2020.04.04-23.16.46:083][  0]LogConfig: Setting CVar [[r.GPUCrashDebugging:0]]
[2020.04.04-23.16.46:083][  0]LogConfig: Applying CVar settings from Section [/Script/Engine.RendererOverrideSettings] File [C:/Users/Key/Documents/GitHub/Unga_Bunga/UngaBunga/Saved/Config/Windows/Engine.ini]
[2020.04.04-23.16.46:083][  0]LogConfig: Applying CVar settings from Section [/Script/Engine.StreamingSettings] File [C:/Users/Key/Documents/GitHub/Unga_Bunga/UngaBunga/Saved/Config/Windows/Engine.ini]
[2020.04.04-23.16.46:083][  0]LogConfig: Setting CVar [[s.MinBulkDataSizeForAsyncLoading:131072]]
[2020.04.04-23.16.46:083][  0]LogConfig: Setting CVar [[s.AsyncLoadingThreadEnabled:0]]
[2020.04.04-23.16.46:083][  0]LogConfig: Setting CVar [[s.EventDrivenLoaderEnabled:1]]
[2020.04.04-23.16.46:083][  0]LogConfig: Setting CVar [[s.WarnIfTimeLimitExceeded:0]]
[2020.04.04-23.16.46:083][  0]LogConfig: Setting CVar [[s.TimeLimitExceededMultiplier:1.5]]
[2020.04.04-23.16.46:083][  0]LogConfig: Setting CVar [[s.TimeLimitExceededMinTime:0.005]]
[2020.04.04-23.16.46:083][  0]LogConfig: Setting CVar [[s.UseBackgroundLevelStreaming:1]]
[2020.04.04-23.16.46:083][  0]LogConfig: Setting CVar [[s.PriorityAsyncLoadingExtraTime:15.0]]
[2020.04.04-23.16.46:083][  0]LogConfig: Setting CVar [[s.LevelStreamingActorsUpdateTimeLimit:5.0]]
[2020.04.04-23.16.46:083][  0]LogConfig: Setting CVar [[s.PriorityLevelStreamingActorsUpdateExtraTime:5.0]]
[2020.04.04-23.16.46:083][  0]LogConfig: Setting CVar [[s.LevelStreamingComponentsRegistrationGranularity:10]]
[2020.04.04-23.16.46:083][  0]LogConfig: Setting CVar [[s.UnregisterComponentsTimeLimit:1.0]]
[2020.04.04-23.16.46:083][  0]LogConfig: Setting CVar [[s.LevelStreamingComponentsUnregistrationGranularity:5]]
[2020.04.04-23.16.46:083][  0]LogConfig: Applying CVar settings from Section [/Script/Engine.GarbageCollectionSettings] File [C:/Users/Key/Documents/GitHub/Unga_Bunga/UngaBunga/Saved/Config/Windows/Engine.ini]
[2020.04.04-23.16.46:083][  0]LogConfig: Setting CVar [[gc.MaxObjectsNotConsideredByGC:1]]
[2020.04.04-23.16.46:083][  0]LogConfig: Setting CVar [[gc.SizeOfPermanentObjectPool:0]]
[2020.04.04-23.16.46:083][  0]LogConfig: Setting CVar [[gc.FlushStreamingOnGC:0]]
[2020.04.04-23.16.46:083][  0]LogConfig: Setting CVar [[gc.NumRetriesBeforeForcingGC:10]]
[2020.04.04-23.16.46:083][  0]LogConfig: Setting CVar [[gc.AllowParallelGC:1]]
[2020.04.04-23.16.46:083][  0]LogConfig: Setting CVar [[gc.TimeBetweenPurgingPendingKillObjects:61.1]]
[2020.04.04-23.16.46:083][  0]LogConfig: Setting CVar [[gc.MaxObjectsInEditor:16777216]]
[2020.04.04-23.16.46:083][  0]LogConfig: Setting CVar [[gc.IncrementalBeginDestroyEnabled:1]]
[2020.04.04-23.16.46:083][  0]LogConfig: Setting CVar [[gc.CreateGCClusters:1]]
[2020.04.04-23.16.46:083][  0]LogConfig: Setting CVar [[gc.MinGCClusterSize:5]]
[2020.04.04-23.16.46:083][  0]LogConfig: Setting CVar [[gc.ActorClusteringEnabled:0]]
[2020.04.04-23.16.46:083][  0]LogConfig: Setting CVar [[gc.BlueprintClusteringEnabled:0]]
[2020.04.04-23.16.46:083][  0]LogConfig: Setting CVar [[gc.UseDisregardForGCOnDedicatedServers:0]]
[2020.04.04-23.16.46:083][  0]LogConfig: Applying CVar settings from Section [/Script/Engine.NetworkSettings] File [C:/Users/Key/Documents/GitHub/Unga_Bunga/UngaBunga/Saved/Config/Windows/Engine.ini]
[2020.04.04-23.16.46:083][  0]LogConfig: Applying CVar settings from Section [/Script/UnrealEd.CookerSettings] File [C:/Users/Key/Documents/GitHub/Unga_Bunga/UngaBunga/Saved/Config/Windows/Engine.ini]
[2020.04.04-23.16.46:086][  0]LogConfig: Applying CVar settings from Section [ViewDistanceQuality@3] File [C:/Users/Key/Documents/GitHub/Unga_Bunga/UngaBunga/Saved/Config/Windows/Scalability.ini]
[2020.04.04-23.16.46:086][  0]LogConfig: Setting CVar [[r.SkeletalMeshLODBias:0]]
[2020.04.04-23.16.46:086][  0]LogConfig: Setting CVar [[r.ViewDistanceScale:1.0]]
[2020.04.04-23.16.46:086][  0]LogConfig: Applying CVar settings from Section [AntiAliasingQuality@3] File [C:/Users/Key/Documents/GitHub/Unga_Bunga/UngaBunga/Saved/Config/Windows/Scalability.ini]
[2020.04.04-23.16.46:086][  0]LogConfig: Setting CVar [[r.PostProcessAAQuality:4]]
[2020.04.04-23.16.46:086][  0]LogConfig: Applying CVar settings from Section [ShadowQuality@3] File [C:/Users/Key/Documents/GitHub/Unga_Bunga/UngaBunga/Saved/Config/Windows/Scalability.ini]
[2020.04.04-23.16.46:086][  0]LogConfig: Setting CVar [[r.LightFunctionQuality:1]]
[2020.04.04-23.16.46:086][  0]LogConfig: Setting CVar [[r.ShadowQuality:5]]
[2020.04.04-23.16.46:086][  0]LogConfig: Setting CVar [[r.Shadow.CSM.MaxCascades:10]]
[2020.04.04-23.16.46:086][  0]LogConfig: Setting CVar [[r.Shadow.MaxResolution:2048]]
[2020.04.04-23.16.46:086][  0]LogConfig: Setting CVar [[r.Shadow.MaxCSMResolution:2048]]
[2020.04.04-23.16.46:086][  0]LogConfig: Setting CVar [[r.Shadow.RadiusThreshold:0.01]]
[2020.04.04-23.16.46:087][  0]LogConfig: Setting CVar [[r.Shadow.DistanceScale:1.0]]
[2020.04.04-23.16.46:087][  0]LogConfig: Setting CVar [[r.Shadow.CSM.TransitionScale:1.0]]
[2020.04.04-23.16.46:087][  0]LogConfig: Setting CVar [[r.Shadow.PreShadowResolutionFactor:1.0]]
[2020.04.04-23.16.46:087][  0]LogConfig: Setting CVar [[r.DistanceFieldShadowing:1]]
[2020.04.04-23.16.46:087][  0]LogConfig: Setting CVar [[r.DistanceFieldAO:1]]
[2020.04.04-23.16.46:087][  0]LogConfig: Setting CVar [[r.AOQuality:2]]
[2020.04.04-23.16.46:087][  0]LogConfig: Setting CVar [[r.VolumetricFog:1]]
[2020.04.04-23.16.46:087][  0]LogConfig: Setting CVar [[r.VolumetricFog.GridPixelSize:8]]
[2020.04.04-23.16.46:087][  0]LogConfig: Setting CVar [[r.VolumetricFog.GridSizeZ:128]]
[2020.04.04-23.16.46:087][  0]LogConfig: Setting CVar [[r.VolumetricFog.HistoryMissSupersampleCount:4]]
[2020.04.04-23.16.46:087][  0]LogConfig: Setting CVar [[r.LightMaxDrawDistanceScale:1]]
[2020.04.04-23.16.46:087][  0]LogConfig: Setting CVar [[r.CapsuleShadows:1]]
[2020.04.04-23.16.46:087][  0]LogConfig: Applying CVar settings from Section [PostProcessQuality@3] File [C:/Users/Key/Documents/GitHub/Unga_Bunga/UngaBunga/Saved/Config/Windows/Scalability.ini]
[2020.04.04-23.16.46:087][  0]LogConfig: Setting CVar [[r.MotionBlurQuality:4]]
[2020.04.04-23.16.46:087][  0]LogConfig: Setting CVar [[r.AmbientOcclusionMipLevelFactor:0.4]]
[2020.04.04-23.16.46:087][  0]LogConfig: Setting CVar [[r.AmbientOcclusionMaxQuality:100]]
[2020.04.04-23.16.46:087][  0]LogConfig: Setting CVar [[r.AmbientOcclusionLevels:-1]]
[2020.04.04-23.16.46:087][  0]LogConfig: Setting CVar [[r.AmbientOcclusionRadiusScale:1.0]]
[2020.04.04-23.16.46:087][  0]LogConfig: Setting CVar [[r.DepthOfFieldQuality:2]]
[2020.04.04-23.16.46:087][  0]LogConfig: Setting CVar [[r.RenderTargetPoolMin:400]]
[2020.04.04-23.16.46:087][  0]LogConfig: Setting CVar [[r.LensFlareQuality:2]]
[2020.04.04-23.16.46:087][  0]LogConfig: Setting CVar [[r.SceneColorFringeQuality:1]]
[2020.04.04-23.16.46:087][  0]LogConfig: Setting CVar [[r.EyeAdaptationQuality:2]]
[2020.04.04-23.16.46:087][  0]LogConfig: Setting CVar [[r.BloomQuality:5]]
[2020.04.04-23.16.46:087][  0]LogConfig: Setting CVar [[r.FastBlurThreshold:100]]
[2020.04.04-23.16.46:087][  0]LogConfig: Setting CVar [[r.Upscale.Quality:3]]
[2020.04.04-23.16.46:087][  0]LogConfig: Setting CVar [[r.Tonemapper.GrainQuantization:1]]
[2020.04.04-23.16.46:087][  0]LogConfig: Setting CVar [[r.LightShaftQuality:1]]
[2020.04.04-23.16.46:087][  0]LogConfig: Setting CVar [[r.Filter.SizeScale:1]]
[2020.04.04-23.16.46:087][  0]LogConfig: Setting CVar [[r.Tonemapper.Quality:5]]
[2020.04.04-23.16.46:087][  0]LogConfig: Setting CVar [[r.DOF.Gather.AccumulatorQuality:1        ; higher gathering accumulator quality]]
[2020.04.04-23.16.46:087][  0]LogConfig: Setting CVar [[r.DOF.Gather.PostfilterMethod:1          ; Median3x3 postfilering method]]
[2020.04.04-23.16.46:087][  0]LogConfig: Setting CVar [[r.DOF.Gather.EnableBokehSettings:0       ; no bokeh simulation when gathering]]
[2020.04.04-23.16.46:087][  0]LogConfig: Setting CVar [[r.DOF.Gather.RingCount:4                 ; medium number of samples when gathering]]
[2020.04.04-23.16.46:087][  0]LogConfig: Setting CVar [[r.DOF.Scatter.ForegroundCompositing:1    ; additive foreground scattering]]
[2020.04.04-23.16.46:087][  0]LogConfig: Setting CVar [[r.DOF.Scatter.BackgroundCompositing:2    ; additive background scattering]]
[2020.04.04-23.16.46:087][  0]LogConfig: Setting CVar [[r.DOF.Scatter.EnableBokehSettings:1      ; bokeh simulation when scattering]]
[2020.04.04-23.16.46:087][  0]LogConfig: Setting CVar [[r.DOF.Scatter.MaxSpriteRatio:0.1         ; only a maximum of 10% of scattered bokeh]]
[2020.04.04-23.16.46:087][  0]LogConfig: Setting CVar [[r.DOF.Recombine.Quality:1                ; cheap slight out of focus]]
[2020.04.04-23.16.46:087][  0]LogConfig: Setting CVar [[r.DOF.Recombine.EnableBokehSettings:0    ; no bokeh simulation on slight out of focus]]
[2020.04.04-23.16.46:087][  0]LogConfig: Setting CVar [[r.DOF.TemporalAAQuality:1                ; more stable temporal accumulation]]
[2020.04.04-23.16.46:087][  0]LogConfig: Setting CVar [[r.DOF.Kernel.MaxForegroundRadius:0.025]]
[2020.04.04-23.16.46:087][  0]LogConfig: Setting CVar [[r.DOF.Kernel.MaxBackgroundRadius:0.025]]
[2020.04.04-23.16.46:087][  0]LogConfig: Applying CVar settings from Section [TextureQuality@3] File [C:/Users/Key/Documents/GitHub/Unga_Bunga/UngaBunga/Saved/Config/Windows/Scalability.ini]
[2020.04.04-23.16.46:087][  0]LogConfig: Setting CVar [[r.Streaming.MipBias:0]]
[2020.04.04-23.16.46:087][  0]LogConfig: Setting CVar [[r.Streaming.AmortizeCPUToGPUCopy:0]]
[2020.04.04-23.16.46:087][  0]LogConfig: Setting CVar [[r.Streaming.MaxNumTexturesToStreamPerFrame:0]]
[2020.04.04-23.16.46:087][  0]LogConfig: Setting CVar [[r.Streaming.Boost:1]]
[2020.04.04-23.16.46:087][  0]LogConfig: Setting CVar [[r.MaxAnisotropy:8]]
[2020.04.04-23.16.46:087][  0]LogConfig: Setting CVar [[r.Streaming.LimitPoolSizeToVRAM:0]]
[2020.04.04-23.16.46:087][  0]LogConfig: Setting CVar [[r.Streaming.PoolSize:1000]]
[2020.04.04-23.16.46:087][  0]LogConfig: Setting CVar [[r.Streaming.MaxEffectiveScreenSize:0]]
[2020.04.04-23.16.46:087][  0]LogConfig: Applying CVar settings from Section [EffectsQuality@3] File [C:/Users/Key/Documents/GitHub/Unga_Bunga/UngaBunga/Saved/Config/Windows/Scalability.ini]
[2020.04.04-23.16.46:087][  0]LogConfig: Setting CVar [[r.TranslucencyLightingVolumeDim:64]]
[2020.04.04-23.16.46:087][  0]LogConfig: Setting CVar [[r.RefractionQuality:2]]
[2020.04.04-23.16.46:087][  0]LogConfig: Setting CVar [[r.SSR.Quality:3]]
[2020.04.04-23.16.46:087][  0]LogConfig: Setting CVar [[r.SceneColorFormat:4]]
[2020.04.04-23.16.46:087][  0]LogConfig: Setting CVar [[r.DetailMode:2]]
[2020.04.04-23.16.46:087][  0]LogConfig: Setting CVar [[r.TranslucencyVolumeBlur:1]]
[2020.04.04-23.16.46:087][  0]LogConfig: Setting CVar [[r.MaterialQualityLevel:1 ; High quality]]
[2020.04.04-23.16.46:087][  0]LogConfig: Setting CVar [[r.SSS.Scale:1]]
[2020.04.04-23.16.46:087][  0]LogConfig: Setting CVar [[r.SSS.SampleSet:2]]
[2020.04.04-23.16.46:087][  0]LogConfig: Setting CVar [[r.SSS.Quality:1]]
[2020.04.04-23.16.46:087][  0]LogConfig: Setting CVar [[r.SSS.HalfRes:1]]
[2020.04.04-23.16.46:087][  0]LogConfig: Setting CVar [[r.EmitterSpawnRateScale:1.0]]
[2020.04.04-23.16.46:087][  0]LogConfig: Setting CVar [[r.ParticleLightQuality:2]]
[2020.04.04-23.16.46:088][  0]LogConfig: Applying CVar settings from Section [FoliageQuality@3] File [C:/Users/Key/Documents/GitHub/Unga_Bunga/UngaBunga/Saved/Config/Windows/Scalability.ini]
[2020.04.04-23.16.46:088][  0]LogConfig: Setting CVar [[foliage.DensityScale:1.0]]
[2020.04.04-23.16.46:088][  0]LogConfig: Setting CVar [[grass.DensityScale:1.0]]
[2020.04.04-23.16.46:088][  0]LogInit: Selected Device Profile: [Windows]
[2020.04.04-23.16.46:088][  0]LogInit: Applying CVar settings loaded from the selected device profile: [Windows]
[2020.04.04-23.16.46:102][  0]LogHAL: Display: Platform has ~ 16 GB [17098301440 / 17179869184 / 16], which maps to Larger [LargestMinGB=32, LargerMinGB=12, DefaultMinGB=8, SmallerMinGB=6, SmallestMinGB=0)
[2020.04.04-23.16.46:102][  0]LogConfig: Setting CVar [[r.Vulkan.UseRealUBs:0		; Required until we fix HLR fall-out]]
[2020.04.04-23.16.46:102][  0]LogInit: Going up to parent DeviceProfile []
[2020.04.04-23.16.46:102][  0]LogConfig: Applying CVar settings from Section [ViewDistanceQuality@3] File [C:/Users/Key/Documents/GitHub/Unga_Bunga/UngaBunga/Saved/Config/Windows/Scalability.ini]
[2020.04.04-23.16.46:102][  0]LogConfig: Setting CVar [[r.SkeletalMeshLODBias:0]]
[2020.04.04-23.16.46:102][  0]LogConfig: Setting CVar [[r.ViewDistanceScale:1.0]]
[2020.04.04-23.16.46:102][  0]LogConfig: Applying CVar settings from Section [AntiAliasingQuality@3] File [C:/Users/Key/Documents/GitHub/Unga_Bunga/UngaBunga/Saved/Config/Windows/Scalability.ini]
[2020.04.04-23.16.46:102][  0]LogConfig: Setting CVar [[r.PostProcessAAQuality:4]]
[2020.04.04-23.16.46:103][  0]LogConfig: Applying CVar settings from Section [ShadowQuality@3] File [C:/Users/Key/Documents/GitHub/Unga_Bunga/UngaBunga/Saved/Config/Windows/Scalability.ini]
[2020.04.04-23.16.46:103][  0]LogConfig: Setting CVar [[r.LightFunctionQuality:1]]
[2020.04.04-23.16.46:103][  0]LogConfig: Setting CVar [[r.ShadowQuality:5]]
[2020.04.04-23.16.46:103][  0]LogConfig: Setting CVar [[r.Shadow.CSM.MaxCascades:10]]
[2020.04.04-23.16.46:103][  0]LogConfig: Setting CVar [[r.Shadow.MaxResolution:2048]]
[2020.04.04-23.16.46:103][  0]LogConfig: Setting CVar [[r.Shadow.MaxCSMResolution:2048]]
[2020.04.04-23.16.46:103][  0]LogConfig: Setting CVar [[r.Shadow.RadiusThreshold:0.01]]
[2020.04.04-23.16.46:103][  0]LogConfig: Setting CVar [[r.Shadow.DistanceScale:1.0]]
[2020.04.04-23.16.46:103][  0]LogConfig: Setting CVar [[r.Shadow.CSM.TransitionScale:1.0]]
[2020.04.04-23.16.46:103][  0]LogConfig: Setting CVar [[r.Shadow.PreShadowResolutionFactor:1.0]]
[2020.04.04-23.16.46:103][  0]LogConfig: Setting CVar [[r.DistanceFieldShadowing:1]]
[2020.04.04-23.16.46:103][  0]LogConfig: Setting CVar [[r.DistanceFieldAO:1]]
[2020.04.04-23.16.46:103][  0]LogConfig: Setting CVar [[r.AOQuality:2]]
[2020.04.04-23.16.46:103][  0]LogConfig: Setting CVar [[r.VolumetricFog:1]]
[2020.04.04-23.16.46:103][  0]LogConfig: Setting CVar [[r.VolumetricFog.GridPixelSize:8]]
[2020.04.04-23.16.46:103][  0]LogConfig: Setting CVar [[r.VolumetricFog.GridSizeZ:128]]
[2020.04.04-23.16.46:103][  0]LogConfig: Setting CVar [[r.VolumetricFog.HistoryMissSupersampleCount:4]]
[2020.04.04-23.16.46:103][  0]LogConfig: Setting CVar [[r.LightMaxDrawDistanceScale:1]]
[2020.04.04-23.16.46:103][  0]LogConfig: Setting CVar [[r.CapsuleShadows:1]]
[2020.04.04-23.16.46:103][  0]LogConfig: Applying CVar settings from Section [PostProcessQuality@0] File [C:/Users/Key/Documents/GitHub/Unga_Bunga/UngaBunga/Saved/Config/Windows/Scalability.ini]
[2020.04.04-23.16.46:103][  0]LogConfig: Setting CVar [[r.MotionBlurQuality:0]]
[2020.04.04-23.16.46:103][  0]LogConfig: Setting CVar [[r.AmbientOcclusionMipLevelFactor:1.0]]
[2020.04.04-23.16.46:103][  0]LogConfig: Setting CVar [[r.AmbientOcclusionMaxQuality:0]]
[2020.04.04-23.16.46:103][  0]LogConfig: Setting CVar [[r.AmbientOcclusionLevels:0]]
[2020.04.04-23.16.46:103][  0]LogConfig: Setting CVar [[r.AmbientOcclusionRadiusScale:1.2]]
[2020.04.04-23.16.46:103][  0]LogConfig: Setting CVar [[r.DepthOfFieldQuality:0]]
[2020.04.04-23.16.46:103][  0]LogConfig: Setting CVar [[r.RenderTargetPoolMin:300]]
[2020.04.04-23.16.46:103][  0]LogConfig: Setting CVar [[r.LensFlareQuality:0]]
[2020.04.04-23.16.46:103][  0]LogConfig: Setting CVar [[r.SceneColorFringeQuality:0]]
[2020.04.04-23.16.46:103][  0]LogConfig: Setting CVar [[r.EyeAdaptationQuality:0]]
[2020.04.04-23.16.46:103][  0]LogConfig: Setting CVar [[r.BloomQuality:4]]
[2020.04.04-23.16.46:103][  0]LogConfig: Setting CVar [[r.FastBlurThreshold:0]]
[2020.04.04-23.16.46:103][  0]LogConfig: Setting CVar [[r.Upscale.Quality:1]]
[2020.04.04-23.16.46:103][  0]LogConfig: Setting CVar [[r.Tonemapper.GrainQuantization:0]]
[2020.04.04-23.16.46:103][  0]LogConfig: Setting CVar [[r.LightShaftQuality:0]]
[2020.04.04-23.16.46:103][  0]LogConfig: Setting CVar [[r.Filter.SizeScale:0.6]]
[2020.04.04-23.16.46:103][  0]LogConfig: Setting CVar [[r.Tonemapper.Quality:0]]
[2020.04.04-23.16.46:103][  0]LogConfig: Applying CVar settings from Section [TextureQuality@3] File [C:/Users/Key/Documents/GitHub/Unga_Bunga/UngaBunga/Saved/Config/Windows/Scalability.ini]
[2020.04.04-23.16.46:103][  0]LogConfig: Setting CVar [[r.Streaming.MipBias:0]]
[2020.04.04-23.16.46:103][  0]LogConfig: Setting CVar [[r.Streaming.AmortizeCPUToGPUCopy:0]]
[2020.04.04-23.16.46:103][  0]LogConfig: Setting CVar [[r.Streaming.MaxNumTexturesToStreamPerFrame:0]]
[2020.04.04-23.16.46:103][  0]LogConfig: Setting CVar [[r.Streaming.Boost:1]]
[2020.04.04-23.16.46:103][  0]LogConfig: Setting CVar [[r.MaxAnisotropy:8]]
[2020.04.04-23.16.46:103][  0]LogConfig: Setting CVar [[r.Streaming.LimitPoolSizeToVRAM:0]]
[2020.04.04-23.16.46:103][  0]LogConfig: Setting CVar [[r.Streaming.PoolSize:1000]]
[2020.04.04-23.16.46:103][  0]LogConfig: Setting CVar [[r.Streaming.MaxEffectiveScreenSize:0]]
[2020.04.04-23.16.46:103][  0]LogConfig: Applying CVar settings from Section [EffectsQuality@3] File [C:/Users/Key/Documents/GitHub/Unga_Bunga/UngaBunga/Saved/Config/Windows/Scalability.ini]
[2020.04.04-23.16.46:103][  0]LogConfig: Setting CVar [[r.TranslucencyLightingVolumeDim:64]]
[2020.04.04-23.16.46:103][  0]LogConfig: Setting CVar [[r.RefractionQuality:2]]
[2020.04.04-23.16.46:103][  0]LogConfig: Setting CVar [[r.SSR.Quality:3]]
[2020.04.04-23.16.46:103][  0]LogConfig: Setting CVar [[r.SceneColorFormat:4]]
[2020.04.04-23.16.46:103][  0]LogConfig: Setting CVar [[r.DetailMode:2]]
[2020.04.04-23.16.46:103][  0]LogConfig: Setting CVar [[r.TranslucencyVolumeBlur:1]]
[2020.04.04-23.16.46:103][  0]LogConfig: Setting CVar [[r.MaterialQualityLevel:1 ; High quality]]
[2020.04.04-23.16.46:103][  0]LogConfig: Setting CVar [[r.SSS.Scale:1]]
[2020.04.04-23.16.46:103][  0]LogConfig: Setting CVar [[r.SSS.SampleSet:2]]
[2020.04.04-23.16.46:103][  0]LogConfig: Setting CVar [[r.SSS.Quality:1]]
[2020.04.04-23.16.46:103][  0]LogConfig: Setting CVar [[r.SSS.HalfRes:1]]
[2020.04.04-23.16.46:103][  0]LogConfig: Setting CVar [[r.EmitterSpawnRateScale:1.0]]
[2020.04.04-23.16.46:103][  0]LogConfig: Setting CVar [[r.ParticleLightQuality:2]]
[2020.04.04-23.16.46:103][  0]LogConfig: Applying CVar settings from Section [FoliageQuality@3] File [C:/Users/Key/Documents/GitHub/Unga_Bunga/UngaBunga/Saved/Config/Windows/Scalability.ini]
[2020.04.04-23.16.46:103][  0]LogConfig: Setting CVar [[foliage.DensityScale:1.0]]
[2020.04.04-23.16.46:103][  0]LogConfig: Setting CVar [[grass.DensityScale:1.0]]
[2020.04.04-23.16.46:104][  0]LogConfig: Applying CVar settings from Section [Startup] File [../../../Engine/Config/ConsoleVariables.ini]
[2020.04.04-23.16.46:104][  0]LogConfig: Setting CVar [[net.UseAdaptiveNetUpdateFrequency:0]]
[2020.04.04-23.16.46:104][  0]LogConfig: Setting CVar [[p.chaos.AllowCreatePhysxBodies:1]]
[2020.04.04-23.16.46:104][  0]LogConfig: Applying CVar settings from Section [ConsoleVariables] File [C:/Users/Key/Documents/GitHub/Unga_Bunga/UngaBunga/Saved/Config/Windows/Engine.ini]
[2020.04.04-23.16.46:104][  0]LogInit: Computer: KEY-PC
[2020.04.04-23.16.46:104][  0]LogInit: User: Key
[2020.04.04-23.16.46:104][  0]LogInit: CPU Page size=4096, Cores=4
[2020.04.04-23.16.46:104][  0]LogInit: High frequency timer resolution =10.000000 MHz
[2020.04.04-23.16.46:104][  0]LogMemory: Memory total: Physical=15.9GB (16GB approx)
[2020.04.04-23.16.46:104][  0]LogMemory: Platform Memory Stats for Windows
[2020.04.04-23.16.46:104][  0]LogMemory: Process Physical Memory: 96.79 MB used, 96.80 MB peak
[2020.04.04-23.16.46:104][  0]LogMemory: Process Virtual Memory: 83.88 MB used, 83.88 MB peak
[2020.04.04-23.16.46:104][  0]LogMemory: Physical Memory: 5937.18 MB used,  10369.04 MB free, 16306.21 MB total
[2020.04.04-23.16.46:104][  0]LogMemory: Virtual Memory: 4624.99 MB used,  134213104.00 MB free, 134217728.00 MB total
[2020.04.04-23.16.46:125][  0]LogInit: Using OS detected language (en-US).
[2020.04.04-23.16.46:125][  0]LogInit: Using OS detected locale (en-US).
[2020.04.04-23.16.46:126][  0]LogTextLocalizationManager: No specific localization for 'en-US' exists, so the 'en' localization will be used.
[2020.04.04-23.16.46:331][  0]LogInit: Setting process to per monitor DPI aware
[2020.04.04-23.16.46:358][  0]LogSlate: New Slate User Created.  User Index 0, Is Virtual User: 0
[2020.04.04-23.16.46:358][  0]LogSlate: Slate User Registered.  User Index 0, Is Virtual User: 0
[2020.04.04-23.16.46:531][  0]LogHMD: Failed to initialize OpenVR with code 110
[2020.04.04-23.16.46:531][  0]LogD3D11RHI: D3D11 adapters:
[2020.04.04-23.16.46:610][  0]LogD3D11RHI:    0. 'AMD Radeon (TM) R9 380 Series' (Feature Level 11_0)
[2020.04.04-23.16.46:610][  0]LogD3D11RHI:       4071/0/8153 MB DedicatedVideo/DedicatedSystem/SharedSystem, Outputs:1, VendorId:0x1002
[2020.04.04-23.16.46:613][  0]LogD3D11RHI:    1. 'Microsoft Basic Render Driver' (Feature Level 11_0)
[2020.04.04-23.16.46:613][  0]LogD3D11RHI:       0/0/8153 MB DedicatedVideo/DedicatedSystem/SharedSystem, Outputs:0, VendorId:0x1414
[2020.04.04-23.16.46:613][  0]LogD3D11RHI: Chosen D3D11 Adapter: 0
[2020.04.04-23.16.46:621][  0]LogD3D11RHI: Creating new Direct3DDevice
[2020.04.04-23.16.46:621][  0]LogD3D11RHI:     GPU DeviceId: 0x6939 (for the marketing name, search the web for "GPU Device Id")
[2020.04.04-23.16.46:621][  0]LogWindows: EnumDisplayDevices:
[2020.04.04-23.16.46:621][  0]LogWindows:    0. 'AMD Radeon (TM) R9 380 Series' (P:1 D:1)
[2020.04.04-23.16.46:622][  0]LogWindows:    1. 'AMD Radeon (TM) R9 380 Series' (P:0 D:0)
[2020.04.04-23.16.46:622][  0]LogWindows:    2. 'AMD Radeon (TM) R9 380 Series' (P:0 D:0)
[2020.04.04-23.16.46:623][  0]LogWindows:    3. 'AMD Radeon (TM) R9 380 Series' (P:0 D:0)
[2020.04.04-23.16.46:623][  0]LogWindows:    4. 'AMD Radeon (TM) R9 380 Series' (P:0 D:0)
[2020.04.04-23.16.46:623][  0]LogWindows:    5. 'AMD Radeon (TM) R9 380 Series' (P:0 D:0)
[2020.04.04-23.16.46:624][  0]LogWindows:    6. 'AMD Radeon (TM) R9 380 Series' (P:0 D:0)
[2020.04.04-23.16.46:624][  0]LogWindows:    7. 'AMD Radeon (TM) R9 380 Series' (P:0 D:0)
[2020.04.04-23.16.46:625][  0]LogWindows: DebugString: FoundDriverCount:8 
[2020.04.04-23.16.46:625][  0]LogD3D11RHI:     Adapter Name: AMD Radeon (TM) R9 380 Series
[2020.04.04-23.16.46:625][  0]LogD3D11RHI:   Driver Version: Adrenalin 19.20 (internal:26.20.12028.2, unified:26.20.12028.2)
[2020.04.04-23.16.46:625][  0]LogD3D11RHI:      Driver Date: 8-16-2019
[2020.04.04-23.16.46:625][  0]LogRHI: Texture pool is 2850 MB (70% of 4071 MB)
[2020.04.04-23.16.46:677][  0]LogD3D11RHI: Async texture creation enabled
[2020.04.04-23.16.46:680][  0]LogRendererCore: FGlobalReadBuffer::InitRHI
[2020.04.04-23.16.46:681][  0]LogRendererCore: FGlobalReadBuffer::InitRHI
[2020.04.04-23.16.46:681][  0]LogRendererCore: FGlobalReadBuffer::InitRHI
[2020.04.04-23.16.46:688][  0]LogD3D11RHI: GPU Timing Frequency: 27.000000 (Debug: 2 1)
[2020.04.04-23.16.47:077][  0]LogTemp: Display: Module 'AllDesktopTargetPlatform' loaded TargetPlatform 'AllDesktop'
[2020.04.04-23.16.47:092][  0]LogTemp: Display: Module 'MacClientTargetPlatform' loaded TargetPlatform 'MacClient'
[2020.04.04-23.16.47:108][  0]LogTemp: Display: Module 'MacNoEditorTargetPlatform' loaded TargetPlatform 'MacNoEditor'
[2020.04.04-23.16.47:124][  0]LogTemp: Display: Module 'MacServerTargetPlatform' loaded TargetPlatform 'MacServer'
[2020.04.04-23.16.47:140][  0]LogTemp: Display: Module 'MacTargetPlatform' loaded TargetPlatform 'Mac'
[2020.04.04-23.16.47:155][  0]LogTemp: Display: Module 'WindowsClientTargetPlatform' loaded TargetPlatform 'WindowsClient'
[2020.04.04-23.16.47:171][  0]LogTemp: Display: Module 'WindowsNoEditorTargetPlatform' loaded TargetPlatform 'WindowsNoEditor'
[2020.04.04-23.16.47:186][  0]LogTemp: Display: Module 'WindowsServerTargetPlatform' loaded TargetPlatform 'WindowsServer'
[2020.04.04-23.16.47:194][  0]LogTemp: Display: Module 'WindowsTargetPlatform' loaded TargetPlatform 'Windows'
[2020.04.04-23.16.47:291][  0]LogTemp: Display: Module 'AndroidTargetPlatform' loaded TargetPlatform 'Android'
[2020.04.04-23.16.47:291][  0]LogTemp: Display: Module 'AndroidTargetPlatform' loaded TargetPlatform 'Android_ASTC'
[2020.04.04-23.16.47:291][  0]LogTemp: Display: Module 'AndroidTargetPlatform' loaded TargetPlatform 'Android_ATC'
[2020.04.04-23.16.47:291][  0]LogTemp: Display: Module 'AndroidTargetPlatform' loaded TargetPlatform 'Android_DXT'
[2020.04.04-23.16.47:291][  0]LogTemp: Display: Module 'AndroidTargetPlatform' loaded TargetPlatform 'Android_ETC1'
[2020.04.04-23.16.47:291][  0]LogTemp: Display: Module 'AndroidTargetPlatform' loaded TargetPlatform 'Android_ETC1a'
[2020.04.04-23.16.47:291][  0]LogTemp: Display: Module 'AndroidTargetPlatform' loaded TargetPlatform 'Android_ETC2'
[2020.04.04-23.16.47:291][  0]LogTemp: Display: Module 'AndroidTargetPlatform' loaded TargetPlatform 'Android_PVRTC'
[2020.04.04-23.16.47:291][  0]LogTemp: Display: Module 'AndroidTargetPlatform' loaded TargetPlatform 'AndroidClient'
[2020.04.04-23.16.47:291][  0]LogTemp: Display: Module 'AndroidTargetPlatform' loaded TargetPlatform 'Android_ASTCClient'
[2020.04.04-23.16.47:291][  0]LogTemp: Display: Module 'AndroidTargetPlatform' loaded TargetPlatform 'Android_ATCClient'
[2020.04.04-23.16.47:291][  0]LogTemp: Display: Module 'AndroidTargetPlatform' loaded TargetPlatform 'Android_DXTClient'
[2020.04.04-23.16.47:291][  0]LogTemp: Display: Module 'AndroidTargetPlatform' loaded TargetPlatform 'Android_ETC1Client'
[2020.04.04-23.16.47:291][  0]LogTemp: Display: Module 'AndroidTargetPlatform' loaded TargetPlatform 'Android_ETC1aClient'
[2020.04.04-23.16.47:291][  0]LogTemp: Display: Module 'AndroidTargetPlatform' loaded TargetPlatform 'Android_ETC2Client'
[2020.04.04-23.16.47:291][  0]LogTemp: Display: Module 'AndroidTargetPlatform' loaded TargetPlatform 'Android_PVRTCClient'
[2020.04.04-23.16.47:291][  0]LogTemp: Display: Module 'AndroidTargetPlatform' loaded TargetPlatform 'Android_Multi'
[2020.04.04-23.16.47:291][  0]LogTemp: Display: Module 'AndroidTargetPlatform' loaded TargetPlatform 'Android_MultiClient'
[2020.04.04-23.16.47:293][  0]LogTemp: Display: Module 'HTML5TargetPlatform' loaded TargetPlatform 'HTML5'
[2020.04.04-23.16.47:346][  0]LogTemp: Display: Module 'IOSTargetPlatform' loaded TargetPlatform 'IOSClient'
[2020.04.04-23.16.47:346][  0]LogTemp: Display: Module 'IOSTargetPlatform' loaded TargetPlatform 'IOS'
[2020.04.04-23.16.47:372][  0]LogTemp: Display: Module 'TVOSTargetPlatform' loaded TargetPlatform 'TVOSClient'
[2020.04.04-23.16.47:372][  0]LogTemp: Display: Module 'TVOSTargetPlatform' loaded TargetPlatform 'TVOS'
[2020.04.04-23.16.47:386][  0]LogTemp: Display: Module 'LinuxClientTargetPlatform' loaded TargetPlatform 'LinuxClient'
[2020.04.04-23.16.47:400][  0]LogTemp: Display: Module 'LinuxNoEditorTargetPlatform' loaded TargetPlatform 'LinuxNoEditor'
[2020.04.04-23.16.47:414][  0]LogTemp: Display: Module 'LinuxServerTargetPlatform' loaded TargetPlatform 'LinuxServer'
[2020.04.04-23.16.47:429][  0]LogTemp: Display: Module 'LinuxTargetPlatform' loaded TargetPlatform 'Linux'
[2020.04.04-23.16.47:478][  0]LogTemp: Display: Module 'LuminTargetPlatform' loaded TargetPlatform 'Lumin'
[2020.04.04-23.16.47:478][  0]LogTemp: Display: Module 'LuminTargetPlatform' loaded TargetPlatform 'LuminClient'
[2020.04.04-23.16.47:478][  0]LogTargetPlatformManager: Display: Building Assets For Windows
[2020.04.04-23.16.47:488][  0]LogAudioDebug: Display: Lib vorbis DLL was dynamically loaded.
[2020.04.04-23.16.47:547][  0]LogShaderCompilers: Guid format shader working directory is -22 characters bigger than the processId version (../../../../../../Users/Key/Documents/GitHub/Unga_Bunga/UngaBunga/Intermediate/Shaders/WorkingDirectory/13444/).
[2020.04.04-23.16.47:547][  0]LogShaderCompilers: Cleaned the shader compiler working directory 'C:/Users/Key/AppData/Local/Temp/UnrealShaderWorkingDir/49C6D7EB400EAD68B633CE916695381E/'.
[2020.04.04-23.16.47:549][  0]LogXGEController: Cleaning working directory: C:/Users/Key/AppData/Local/Temp/UnrealXGEWorkingDir/
[2020.04.04-23.16.47:549][  0]LogXGEController: Cannot use XGE Controller as Incredibuild is not installed on this machine.
[2020.04.04-23.16.47:549][  0]LogShaderCompilers: Cannot use XGE Shader Compiler as Incredibuild is not installed on this machine.
[2020.04.04-23.16.47:549][  0]LogShaderCompilers: Display: Using Local Shader Compiler.
[2020.04.04-23.16.48:176][  0]LogDerivedDataCache: Display: Max Cache Size: 512 MB
[2020.04.04-23.16.48:227][  0]LogDerivedDataCache: Loaded boot cache 0.05s 71MB C:/Users/Key/AppData/Local/UnrealEngine/4.22/DerivedDataCache/Boot.ddc.
[2020.04.04-23.16.48:227][  0]LogDerivedDataCache: Display: Loaded Boot cache: C:/Users/Key/AppData/Local/UnrealEngine/4.22/DerivedDataCache/Boot.ddc
[2020.04.04-23.16.48:227][  0]LogDerivedDataCache: FDerivedDataBackendGraph:  Pak pak cache file ../../../../../../Users/Key/Documents/GitHub/Unga_Bunga/UngaBunga/DerivedDataCache/DDC.ddp not found, will not use a pak cache.
[2020.04.04-23.16.48:227][  0]LogDerivedDataCache: Unable to find inner node Pak for hierarchical cache Hierarchy.
[2020.04.04-23.16.48:227][  0]LogDerivedDataCache: FDerivedDataBackendGraph:  CompressedPak pak cache file ../../../../../../Users/Key/Documents/GitHub/Unga_Bunga/UngaBunga/DerivedDataCache/Compressed.ddp not found, will not use a pak cache.
[2020.04.04-23.16.48:227][  0]LogDerivedDataCache: Unable to find inner node CompressedPak for hierarchical cache Hierarchy.
[2020.04.04-23.16.48:241][  0]LogDerivedDataCache: Display: Pak cache opened for reading ../../../Engine/DerivedDataCache/Compressed.ddp.
[2020.04.04-23.16.48:241][  0]LogDerivedDataCache: FDerivedDataBackendGraph:  EnterprisePak pak cache file ../../../Enterprise/DerivedDataCache/Compressed.ddp not found, will not use a pak cache.
[2020.04.04-23.16.48:241][  0]LogDerivedDataCache: Unable to find inner node EnterprisePak for hierarchical cache Hierarchy.
[2020.04.04-23.16.48:253][  0]LogDerivedDataCache: Using Local data cache path C:/Users/Key/AppData/Local/UnrealEngine/Common/DerivedDataCache: Writable
[2020.04.04-23.16.48:253][  0]LogDerivedDataCache: Shared data cache path not found in *engine.ini, will not use an Shared cache.
[2020.04.04-23.16.48:253][  0]LogDerivedDataCache: Unable to find inner node Shared for hierarchical cache Hierarchy.
[2020.04.04-23.16.48:276][  0]LogMaterial: Verifying Global Shaders for PCD3D_SM5
[2020.04.04-23.16.48:278][  0]LogSlate: Using FreeType 2.6.0
[2020.04.04-23.16.48:278][  0]LogSlate: SlateFontServices - WITH_FREETYPE: 1, WITH_HARFBUZZ: 1
[2020.04.04-23.16.48:367][  0]LogAssetRegistry: FAssetRegistry took 0.0346 seconds to start up
[2020.04.04-23.16.48:735][  0]LogInit: Selected Device Profile: [Windows]
[2020.04.04-23.16.48:878][  0]LogMeshReduction: Using QuadricMeshReduction for automatic static mesh reduction
[2020.04.04-23.16.48:878][  0]LogMeshReduction: Using SimplygonMeshReduction for automatic skeletal mesh reduction
[2020.04.04-23.16.48:878][  0]LogMeshReduction: Using ProxyLODMeshReduction for automatic mesh merging
[2020.04.04-23.16.48:878][  0]LogMeshReduction: No distributed automatic mesh merging module available
[2020.04.04-23.16.48:878][  0]LogMeshMerging: No distributed automatic mesh merging module available
[2020.04.04-23.16.48:896][  0]LogNetVersion: unga 1.0.0, NetCL: 5660361, EngineNetVer: 10, GameNetVer: 0 (Checksum: 2805561233)
[2020.04.04-23.16.49:339][  0]LogPackageLocalizationCache: Processed 10 localized package path(s) for 1 prioritized culture(s) in 0.042284 seconds
[2020.04.04-23.16.49:346][  0]LogUObjectArray: 42205 objects as part of root set at end of initial load.
[2020.04.04-23.16.49:346][  0]LogUObjectAllocator: 7325032 out of 0 bytes used by permanent object pool.
[2020.04.04-23.16.49:346][  0]LogUObjectArray: CloseDisregardForGC: 0/0 objects in disregard for GC pool
[2020.04.04-23.16.50:219][  0]LogTcpMessaging: Initializing TcpMessaging bridge
[2020.04.04-23.16.50:232][  0]LogUdpMessaging: Initializing bridge on interface 0.0.0.0:0 to multicast group 230.0.0.1:6666.
[2020.04.04-23.16.50:288][  0]LogUdpMessaging: Initializing tunnel on interface 0.0.0.0:0 to multicast group 230.0.0.1:6666.
[2020.04.04-23.16.50:356][  0]SourceControl: Source control is disabled
[2020.04.04-23.16.50:357][  0]LogWindows: Warning: CreateProc failed: The system cannot find the file specified. (0x00000002)
[2020.04.04-23.16.50:357][  0]LogWindows: Warning: URL: C:/Program Files/Git/bin/git.exe version
[2020.04.04-23.16.50:357][  0]LogWindows: Warning: CreateProc failed: The system cannot find the file specified. (0x00000002)
[2020.04.04-23.16.50:357][  0]LogWindows: Warning: URL: C:/Program Files (x86)/Git/bin/git.exe version
[2020.04.04-23.16.50:357][  0]LogWindows: Warning: CreateProc failed: The system cannot find the file specified. (0x00000002)
[2020.04.04-23.16.50:357][  0]LogWindows: Warning: URL: C:\Users\Key\AppData\Local/Programs/Git/cmd/git.exe version
[2020.04.04-23.16.50:357][  0]LogWindows: Warning: CreateProc failed: The system cannot find the file specified. (0x00000002)
[2020.04.04-23.16.50:357][  0]LogWindows: Warning: URL: C:/Program Files (x86)/SmartGit/git/bin/git.exe version
[2020.04.04-23.16.50:358][  0]LogWindows: Warning: CreateProc failed: The system cannot find the file specified. (0x00000002)
[2020.04.04-23.16.50:358][  0]LogWindows: Warning: URL: C:/Program Files (x86)/SmartGit/bin/git.exe version
[2020.04.04-23.16.50:358][  0]LogWindows: Warning: CreateProc failed: The system cannot find the file specified. (0x00000002)
[2020.04.04-23.16.50:358][  0]LogWindows: Warning: URL: C:\Users\Key\AppData\Local/Atlassian/SourceTree/git_local/bin/git.exe version
[2020.04.04-23.16.50:358][  0]LogWindows: Warning: CreateProc failed: The system cannot find the file specified. (0x00000002)
[2020.04.04-23.16.50:358][  0]LogWindows: Warning: URL: C:/Program Files (x86)/fournova/Tower/vendor/Git/bin/git.exe version
[2020.04.04-23.16.50:360][  0]LogWindows: Warning: CreateProc failed: The system cannot find the file specified. (0x00000002)
[2020.04.04-23.16.50:360][  0]LogWindows: Warning: URL: C:/Program Files/Git/bin/git.exe version
[2020.04.04-23.16.50:360][  0]LogWindows: Warning: CreateProc failed: The system cannot find the file specified. (0x00000002)
[2020.04.04-23.16.50:360][  0]LogWindows: Warning: URL: C:/Program Files (x86)/Git/bin/git.exe version
[2020.04.04-23.16.50:360][  0]LogWindows: Warning: CreateProc failed: The system cannot find the file specified. (0x00000002)
[2020.04.04-23.16.50:360][  0]LogWindows: Warning: URL: C:\Users\Key\AppData\Local/Programs/Git/cmd/git.exe version
[2020.04.04-23.16.50:361][  0]LogWindows: Warning: CreateProc failed: The system cannot find the file specified. (0x00000002)
[2020.04.04-23.16.50:361][  0]LogWindows: Warning: URL: C:/Program Files (x86)/SmartGit/git/bin/git.exe version
[2020.04.04-23.16.50:361][  0]LogWindows: Warning: CreateProc failed: The system cannot find the file specified. (0x00000002)
[2020.04.04-23.16.50:361][  0]LogWindows: Warning: URL: C:/Program Files (x86)/SmartGit/bin/git.exe version
[2020.04.04-23.16.50:361][  0]LogWindows: Warning: CreateProc failed: The system cannot find the file specified. (0x00000002)
[2020.04.04-23.16.50:361][  0]LogWindows: Warning: URL: C:\Users\Key\AppData\Local/Atlassian/SourceTree/git_local/bin/git.exe version
[2020.04.04-23.16.50:361][  0]LogWindows: Warning: CreateProc failed: The system cannot find the file specified. (0x00000002)
[2020.04.04-23.16.50:361][  0]LogWindows: Warning: URL: C:/Program Files (x86)/fournova/Tower/vendor/Git/bin/git.exe version
[2020.04.04-23.16.50:363][  0]LogWindows: Warning: CreateProc failed: The system cannot find the file specified. (0x00000002)
[2020.04.04-23.16.50:363][  0]LogWindows: Warning: URL: C:/Program Files/Git/bin/git.exe version
[2020.04.04-23.16.50:363][  0]LogWindows: Warning: CreateProc failed: The system cannot find the file specified. (0x00000002)
[2020.04.04-23.16.50:363][  0]LogWindows: Warning: URL: C:/Program Files (x86)/Git/bin/git.exe version
[2020.04.04-23.16.50:363][  0]LogWindows: Warning: CreateProc failed: The system cannot find the file specified. (0x00000002)
[2020.04.04-23.16.50:363][  0]LogWindows: Warning: URL: C:\Users\Key\AppData\Local/Programs/Git/cmd/git.exe version
[2020.04.04-23.16.50:363][  0]LogWindows: Warning: CreateProc failed: The system cannot find the file specified. (0x00000002)
[2020.04.04-23.16.50:363][  0]LogWindows: Warning: URL: C:/Program Files (x86)/SmartGit/git/bin/git.exe version
[2020.04.04-23.16.50:364][  0]LogWindows: Warning: CreateProc failed: The system cannot find the file specified. (0x00000002)
[2020.04.04-23.16.50:364][  0]LogWindows: Warning: URL: C:/Program Files (x86)/SmartGit/bin/git.exe version
[2020.04.04-23.16.50:364][  0]LogWindows: Warning: CreateProc failed: The system cannot find the file specified. (0x00000002)
[2020.04.04-23.16.50:364][  0]LogWindows: Warning: URL: C:\Users\Key\AppData\Local/Atlassian/SourceTree/git_local/bin/git.exe version
[2020.04.04-23.16.50:364][  0]LogWindows: Warning: CreateProc failed: The system cannot find the file specified. (0x00000002)
[2020.04.04-23.16.50:364][  0]LogWindows: Warning: URL: C:/Program Files (x86)/fournova/Tower/vendor/Git/bin/git.exe version
[2020.04.04-23.16.50:441][  0]LogAndroidPermission: UAndroidPermissionCallbackProxy::GetInstance
[2020.04.04-23.16.50:540][  0]LogOcInput: OculusInput pre-init called
[2020.04.04-23.16.51:228][  0]LogEngine: Initializing Engine...
[2020.04.04-23.16.51:229][  0]LogHMD: Failed to initialize OpenVR with code 110
[2020.04.04-23.16.51:230][  0]LogStats: UGameplayTagsManager::InitializeManager -  0.000 s
[2020.04.04-23.16.51:449][  0]LogInit: Initializing FReadOnlyCVARCache
[2020.04.04-23.16.51:463][  0]LogAIModule: Creating AISystem for world Untitled
[2020.04.04-23.16.51:494][  0]LogInit: XAudio2 using 'Headset Earphone (2- Wireless Controller)' : 2 channels at 32 kHz using 16 bits per sample (channel mask 0x0)
[2020.04.04-23.16.51:511][  0]LogInit: FAudioDevice initialized.
[2020.04.04-23.16.51:512][  0]LogNetVersion: Set ProjectVersion to 1.0.0.0. Version Checksum will be recalculated on next use.
[2020.04.04-23.16.51:739][  0]LogDerivedDataCache: Saved boot cache 0.23s 71MB C:/Users/Key/AppData/Local/UnrealEngine/4.22/DerivedDataCache/Boot.ddc.
[2020.04.04-23.16.51:751][  0]LogInit: Texture streaming: Enabled
[2020.04.04-23.16.51:770][  0]LogEngineSessionManager: EngineSessionManager initialized
[2020.04.04-23.16.51:792][  0]LogInit: Transaction tracking system initialized
[2020.04.04-23.16.51:820][  0]BlueprintLog: New page: Editor Load
[2020.04.04-23.16.51:909][  0]LocalizationService: Localization service is disabled
[2020.04.04-23.16.52:212][  0]LogFileCache: Scanning file cache for directory 'C:/Users/Key/Documents/GitHub/Unga_Bunga/UngaBunga/Content/' took 0.02s
[2020.04.04-23.16.52:212][  0]LogCook: Display: Max memory allowance for cook 16384mb min free memory 0mb
[2020.04.04-23.16.52:212][  0]LogCook: Display: Mobile HDR setting 1
[2020.04.04-23.16.52:392][  0]LogWindows: Warning: CreateProc failed: The system cannot find the file specified. (0x00000002)
[2020.04.04-23.16.52:392][  0]LogWindows: Warning: URL: C:/Program Files/Git/bin/git.exe version
[2020.04.04-23.16.52:392][  0]LogWindows: Warning: CreateProc failed: The system cannot find the file specified. (0x00000002)
[2020.04.04-23.16.52:392][  0]LogWindows: Warning: URL: C:/Program Files (x86)/Git/bin/git.exe version
[2020.04.04-23.16.52:392][  0]LogWindows: Warning: CreateProc failed: The system cannot find the file specified. (0x00000002)
[2020.04.04-23.16.52:392][  0]LogWindows: Warning: URL: C:\Users\Key\AppData\Local/Programs/Git/cmd/git.exe version
[2020.04.04-23.16.52:392][  0]LogWindows: Warning: CreateProc failed: The system cannot find the file specified. (0x00000002)
[2020.04.04-23.16.52:392][  0]LogWindows: Warning: URL: C:/Program Files (x86)/SmartGit/git/bin/git.exe version
[2020.04.04-23.16.52:393][  0]LogWindows: Warning: CreateProc failed: The system cannot find the file specified. (0x00000002)
[2020.04.04-23.16.52:393][  0]LogWindows: Warning: URL: C:/Program Files (x86)/SmartGit/bin/git.exe version
[2020.04.04-23.16.52:393][  0]LogWindows: Warning: CreateProc failed: The system cannot find the file specified. (0x00000002)
[2020.04.04-23.16.52:393][  0]LogWindows: Warning: URL: C:\Users\Key\AppData\Local/Atlassian/SourceTree/git_local/bin/git.exe version
[2020.04.04-23.16.52:393][  0]LogWindows: Warning: CreateProc failed: The system cannot find the file specified. (0x00000002)
[2020.04.04-23.16.52:393][  0]LogWindows: Warning: URL: C:/Program Files (x86)/fournova/Tower/vendor/Git/bin/git.exe version
[2020.04.04-23.16.52:393][  0]Cmd: MAP LOAD FILE="../../../../../../Users/Key/Documents/GitHub/Unga_Bunga/UngaBunga/Content/FirstPersonBP/Maps/FirstPersonExampleMap.umap" TEMPLATE=0 SHOWPROGRESS=1 FEATURELEVEL=3
[2020.04.04-23.16.52:394][  0]LightingResults: New page: Lighting Build
[2020.04.04-23.16.52:397][  0]MapCheck: New page: Map Check
[2020.04.04-23.16.52:397][  0]LightingResults: New page: Lighting Build
[2020.04.04-23.16.52:421][  0]LogUObjectHash: Compacting FUObjectHashTables data took   1.52ms
[2020.04.04-23.16.52:666][  0]LogMaterial: Display: Missing cached shader map for material M_Rock, compiling. 
[2020.04.04-23.16.52:666][  0]LogMaterial: Warning: C:\Users\Key\Documents\GitHub\Unga_Bunga\UngaBunga\Content\StarterContent\Props\Materials\M_Rock.uasset: Failed to compile Material for platform PCD3D_SM5, Default Material will be used in game.
[2020.04.04-23.16.52:666][  0]LogMaterial: 	(Node TextureSample) Texture Sample> Missing input texture
[2020.04.04-23.16.52:667][  0]LogAIModule: Creating AISystem for world FirstPersonExampleMap
[2020.04.04-23.16.52:676][  0]LogEditorServer: Finished looking for orphan Actors (0.000 secs)
[2020.04.04-23.16.52:702][  0]LogUObjectHash: Compacting FUObjectHashTables data took   2.12ms
[2020.04.04-23.16.52:702][  0]Cmd: MAP CHECKDEP NOCLEARLOG
[2020.04.04-23.16.52:702][  0]MapCheck: Map check complete: 0 Error(s), 0 Warning(s), took 0.167ms to complete.
[2020.04.04-23.16.52:702][  0]LogFileHelpers: Loading map 'FirstPersonExampleMap' took 0.309
[2020.04.04-23.16.52:812][  0]LogSlate: Updating window title bar state: overlay mode, drag disabled, window buttons hidden, title bar hidden
[2020.04.04-23.16.52:819][  0]LogSlate: Updating window title bar state: overlay mode, drag disabled, window buttons hidden, title bar hidden
[2020.04.04-23.16.52:827][  0]LogSlate: Updating window title bar state: overlay mode, drag disabled, window buttons hidden, title bar hidden
[2020.04.04-23.16.52:835][  0]LogSlate: Updating window title bar state: overlay mode, drag disabled, window buttons hidden, title bar hidden
[2020.04.04-23.16.52:841][  0]LogCollectionManager: Loaded 0 collections in 0.001986 seconds
[2020.04.04-23.16.52:857][  0]LogFileCache: Scanning file cache for directory 'C:/Users/Key/Documents/GitHub/Unga_Bunga/UngaBunga/Saved/Collections/' took 0.01s
[2020.04.04-23.16.52:857][  0]LogFileCache: Scanning file cache for directory 'C:/Users/Key/Documents/GitHub/Unga_Bunga/UngaBunga/Content/Developers/Key/Collections/' took 0.00s
[2020.04.04-23.16.52:857][  0]LogFileCache: Scanning file cache for directory 'C:/Users/Key/Documents/GitHub/Unga_Bunga/UngaBunga/Content/Collections/' took 0.00s
[2020.04.04-23.16.52:857][  0]LogCollectionManager: Rebuilt the GUID cache for 0 collections in 0.000000 seconds
[2020.04.04-23.16.52:867][  0]LogContentBrowser: Native class hierarchy populated in 0.0091 seconds. Added 2732 classes and 659 folders.
[2020.04.04-23.16.52:874][  0]LogContentBrowser: Native class hierarchy updated for 'WidgetCarousel' in 0.0003 seconds. Added 0 classes and 0 folders.
[2020.04.04-23.16.52:875][  0]LogPakFile: Registered encryption key '00000000000000000000000000000000': 0 pak files mounted, 0 remain pending
[2020.04.04-23.16.52:876][  0]LogPakFile: Registered encryption key '00000000000000000000000000000000': 0 pak files mounted, 0 remain pending
[2020.04.04-23.16.52:876][  0]LogPakFile: Registered encryption key '00000000000000000000000000000000': 0 pak files mounted, 0 remain pending
[2020.04.04-23.16.52:877][  0]LogPakFile: Registered encryption key '00000000000000000000000000000000': 0 pak files mounted, 0 remain pending
[2020.04.04-23.16.52:877][  0]LogPakFile: Registered encryption key '00000000000000000000000000000000': 0 pak files mounted, 0 remain pending
[2020.04.04-23.16.52:878][  0]LogPakFile: Registered encryption key '00000000000000000000000000000000': 0 pak files mounted, 0 remain pending
[2020.04.04-23.16.52:878][  0]LogPakFile: Registered encryption key '00000000000000000000000000000000': 0 pak files mounted, 0 remain pending
[2020.04.04-23.16.52:879][  0]LogPakFile: Registered encryption key '00000000000000000000000000000000': 0 pak files mounted, 0 remain pending
[2020.04.04-23.16.52:879][  0]LogPakFile: Registered encryption key '00000000000000000000000000000000': 0 pak files mounted, 0 remain pending
[2020.04.04-23.16.52:880][  0]LogPakFile: Registered encryption key '00000000000000000000000000000000': 0 pak files mounted, 0 remain pending
[2020.04.04-23.16.52:880][  0]LogPakFile: Registered encryption key '00000000000000000000000000000000': 0 pak files mounted, 0 remain pending
[2020.04.04-23.16.52:881][  0]LogPakFile: Registered encryption key '00000000000000000000000000000000': 0 pak files mounted, 0 remain pending
[2020.04.04-23.16.52:881][  0]LogPakFile: Registered encryption key '00000000000000000000000000000000': 0 pak files mounted, 0 remain pending
[2020.04.04-23.16.52:882][  0]LogPakFile: Registered encryption key '00000000000000000000000000000000': 0 pak files mounted, 0 remain pending
[2020.04.04-23.16.52:882][  0]LogPakFile: Registered encryption key '00000000000000000000000000000000': 0 pak files mounted, 0 remain pending
[2020.04.04-23.16.52:882][  0]LogPakFile: Registered encryption key '00000000000000000000000000000000': 0 pak files mounted, 0 remain pending
[2020.04.04-23.16.52:883][  0]LogPakFile: Registered encryption key '00000000000000000000000000000000': 0 pak files mounted, 0 remain pending
[2020.04.04-23.16.52:883][  0]LogPakFile: Registered encryption key '00000000000000000000000000000000': 0 pak files mounted, 0 remain pending
[2020.04.04-23.16.52:884][  0]LogPakFile: Registered encryption key '00000000000000000000000000000000': 0 pak files mounted, 0 remain pending
[2020.04.04-23.16.52:884][  0]LogPakFile: Registered encryption key '00000000000000000000000000000000': 0 pak files mounted, 0 remain pending
[2020.04.04-23.16.52:885][  0]LogPakFile: Registered encryption key '00000000000000000000000000000000': 0 pak files mounted, 0 remain pending
[2020.04.04-23.16.52:885][  0]LogPakFile: Registered encryption key '00000000000000000000000000000000': 0 pak files mounted, 0 remain pending
[2020.04.04-23.16.52:886][  0]LogPakFile: Registered encryption key '00000000000000000000000000000000': 0 pak files mounted, 0 remain pending
[2020.04.04-23.16.52:886][  0]LogPakFile: Registered encryption key '00000000000000000000000000000000': 0 pak files mounted, 0 remain pending
[2020.04.04-23.16.52:887][  0]LogPakFile: Registered encryption key '00000000000000000000000000000000': 0 pak files mounted, 0 remain pending
[2020.04.04-23.16.52:887][  0]LogPakFile: Registered encryption key '00000000000000000000000000000000': 0 pak files mounted, 0 remain pending
[2020.04.04-23.16.52:917][  0]LogContentBrowser: Native class hierarchy updated for 'AddContentDialog' in 0.0002 seconds. Added 0 classes and 0 folders.
[2020.04.04-23.16.52:923][  0]LogContentBrowser: Native class hierarchy updated for 'SceneOutliner' in 0.0003 seconds. Added 1 classes and 2 folders.
[2020.04.04-23.16.52:938][  0]LogSlate: Took 0.000155 seconds to synchronously load lazily loaded font '../../../Engine/Content/Slate/Fonts/Roboto-Regular.ttf' (155K)
[2020.04.04-23.16.52:939][  0]LogSlate: Took 0.000142 seconds to synchronously load lazily loaded font '../../../Engine/Content/Slate/Fonts/Roboto-Bold.ttf' (160K)
[2020.04.04-23.16.52:944][  0]LogSlate: Took 0.000166 seconds to synchronously load lazily loaded font '../../../Engine/Content/Editor/Slate/Fonts/FontAwesome.ttf' (139K)
[2020.04.04-23.16.53:008][  0]LogRenderer: Reallocating scene render targets to support 1236x652 Format 10 NumSamples 1 (Frame:1).
[2020.04.04-23.16.53:143][  0]LogContentBrowser: Native class hierarchy updated for 'HierarchicalLODOutliner' in 0.0003 seconds. Added 0 classes and 0 folders.
[2020.04.04-23.16.53:143][  0]LogLoad: (Engine Initialization) Total time: 8.70 seconds
[2020.04.04-23.16.53:143][  0]LogLoad: (Engine Initialization) Total Blueprint compile time: 0.00 seconds
[2020.04.04-23.16.53:179][  0]LogAssetRegistry: Asset discovery search completed in 4.8348 seconds
[2020.04.04-23.16.53:182][  0]LogCollectionManager: Rebuilt the object cache for 0 collections in 0.000000 seconds (found 0 objects)
[2020.04.04-23.16.53:182][  0]LogCollectionManager: Fixed up redirectors for 0 collections in 0.000061 seconds (updated 0 objects)
[2020.04.04-23.16.53:183][  0]LogContentStreaming: Texture pool size now 1000 MB
[2020.04.04-23.16.53:203][  0]LogSlate: Took 0.000163 seconds to synchronously load lazily loaded font '../../../Engine/Content/Slate/Fonts/Roboto-Light.ttf' (167K)
[2020.04.04-23.16.58:081][517]LogSlate: FSceneViewport::OnFocusLost() reason 0
[2020.04.04-23.16.58:140][524]LogTemp: Repeating last play command: Selected Viewport
[2020.04.04-23.16.58:155][524]LogBlueprintUserMessages: Early PlayInEditor Detection: Level '/Game/FirstPersonBP/Maps/FirstPersonExampleMap.FirstPersonExampleMap:PersistentLevel' has LevelScriptBlueprint '/Game/FirstPersonBP/Maps/FirstPersonExampleMap.FirstPersonExampleMap:PersistentLevel.FirstPersonExampleMap' with GeneratedClass '/Game/FirstPersonBP/Maps/FirstPersonExampleMap.FirstPersonExampleMap_C' with ClassGeneratedBy '/Game/FirstPersonBP/Maps/FirstPersonExampleMap.FirstPersonExampleMap:PersistentLevel.FirstPersonExampleMap'
[2020.04.04-23.16.58:155][524]LogPlayLevel: PlayLevel: No blueprints needed recompiling
[2020.04.04-23.16.58:156][524]PIE: New page: PIE session: FirstPersonExampleMap (Apr 4, 2020, 3:16:58 PM)
[2020.04.04-23.16.58:168][524]LogPlayLevel: Creating play world package: /Game/FirstPersonBP/Maps/UEDPIE_0_FirstPersonExampleMap
[2020.04.04-23.16.58:184][524]LogPlayLevel: PIE: StaticDuplicateObject took: (0.015592s)
[2020.04.04-23.16.58:184][524]LogAIModule: Creating AISystem for world FirstPersonExampleMap
[2020.04.04-23.16.58:185][524]LogPlayLevel: PIE: World Init took: (0.000960s)
[2020.04.04-23.16.58:185][524]LogPlayLevel: PIE: Created PIE world by copying editor world from /Game/FirstPersonBP/Maps/FirstPersonExampleMap.FirstPersonExampleMap to /Game/FirstPersonBP/Maps/UEDPIE_0_FirstPersonExampleMap.FirstPersonExampleMap (0.016958s)
[2020.04.04-23.16.58:208][524]LogUObjectHash: Compacting FUObjectHashTables data took   1.03ms
[2020.04.04-23.16.58:221][524]LogInit: XAudio2 using 'Headset Earphone (2- Wireless Controller)' : 2 channels at 32 kHz using 16 bits per sample (channel mask 0x0)
[2020.04.04-23.16.58:233][524]LogInit: FAudioDevice initialized.
[2020.04.04-23.16.58:269][524]LogLoad: Game class is 'FirstPersonGameMode_C'
[2020.04.04-23.16.58:272][524]LogWorld: Bringing World /Game/FirstPersonBP/Maps/UEDPIE_0_FirstPersonExampleMap.FirstPersonExampleMap up for play (max tick rate 0) at 2020.04.04-19.16.58
[2020.04.04-23.16.58:272][524]LogWorld: Bringing up level for play took: 0.002154
[2020.04.04-23.16.58:290][524]LogContentBrowser: Native class hierarchy updated for 'MovieSceneCapture' in 0.0003 seconds. Added 20 classes and 0 folders.
[2020.04.04-23.16.58:291][524]PIE: Play in editor start time for /Game/FirstPersonBP/Maps/UEDPIE_0_FirstPersonExampleMap -0.197
[2020.04.04-23.16.58:291][524]LogBlueprintUserMessages: Late PlayInEditor Detection: Level '/Game/FirstPersonBP/Maps/FirstPersonExampleMap.FirstPersonExampleMap:PersistentLevel' has LevelScriptBlueprint '/Game/FirstPersonBP/Maps/FirstPersonExampleMap.FirstPersonExampleMap:PersistentLevel.FirstPersonExampleMap' with GeneratedClass '/Game/FirstPersonBP/Maps/FirstPersonExampleMap.FirstPersonExampleMap_C' with ClassGeneratedBy '/Game/FirstPersonBP/Maps/FirstPersonExampleMap.FirstPersonExampleMap:PersistentLevel.FirstPersonExampleMap'
[2020.04.04-23.17.06:720][531]LogBlueprintUserMessages: Early EndPlayMap Detection: Level '/Game/FirstPersonBP/Maps/FirstPersonExampleMap.FirstPersonExampleMap:PersistentLevel' has LevelScriptBlueprint '/Game/FirstPersonBP/Maps/FirstPersonExampleMap.FirstPersonExampleMap:PersistentLevel.FirstPersonExampleMap' with GeneratedClass '/Game/FirstPersonBP/Maps/FirstPersonExampleMap.FirstPersonExampleMap_C' with ClassGeneratedBy '/Game/FirstPersonBP/Maps/FirstPersonExampleMap.FirstPersonExampleMap:PersistentLevel.FirstPersonExampleMap'
[2020.04.04-23.17.06:721][531]LogSlate: Updating window title bar state: overlay mode, drag disabled, window buttons hidden, title bar hidden
[2020.04.04-23.17.06:751][531]LogPlayLevel: Display: Shutting down PIE online subsystems
[2020.04.04-23.17.06:752][531]LogBlueprintUserMessages: Late EndPlayMap Detection: Level '/Game/FirstPersonBP/Maps/FirstPersonExampleMap.FirstPersonExampleMap:PersistentLevel' has LevelScriptBlueprint '/Game/FirstPersonBP/Maps/FirstPersonExampleMap.FirstPersonExampleMap:PersistentLevel.FirstPersonExampleMap' with GeneratedClass '/Game/FirstPersonBP/Maps/FirstPersonExampleMap.FirstPersonExampleMap_C' with ClassGeneratedBy '/Game/FirstPersonBP/Maps/FirstPersonExampleMap.FirstPersonExampleMap:PersistentLevel.FirstPersonExampleMap'
[2020.04.04-23.17.06:778][531]LogSlate: Updating window title bar state: overlay mode, drag disabled, window buttons hidden, title bar hidden
[2020.04.04-23.17.06:781][531]LogUObjectHash: Compacting FUObjectHashTables data took   1.45ms
[2020.04.04-23.17.06:830][533]LogPlayLevel: Display: Destroying online subsystem :Context_3
[2020.04.04-23.17.08:419][723]LogSlate: FSceneViewport::OnFocusLost() reason 0
[2020.04.04-23.17.29:077][ 64]LogSlate: FSceneViewport::OnFocusLost() reason 2
[2020.04.04-23.17.31:969][410]LogSlate: FSceneViewport::OnFocusLost() reason 2
[2020.04.04-23.17.33:210][410]LogSlate: Window 'New Level' being destroyed
[2020.04.04-23.17.33:214][410]LightingResults: New page: Lighting Build
[2020.04.04-23.17.33:215][410]MapCheck: New page: Map Check
[2020.04.04-23.17.33:215][410]LightingResults: New page: Lighting Build
[2020.04.04-23.17.33:240][410]LogUObjectHash: Compacting FUObjectHashTables data took   1.53ms
[2020.04.04-23.17.33:241][410]LogAIModule: Creating AISystem for world Untitled
[2020.04.04-23.17.33:244][410]LoadErrors: New page: New Map
[2020.04.04-23.17.37:598][920]LogSlate: FSceneViewport::OnFocusLost() reason 2
[2020.04.04-23.17.38:774][ 56]LogSlate: FSceneViewport::OnFocusLost() reason 2
[2020.04.04-23.17.59:291][ 56]LogSlate: Window 'Save Level As' being destroyed
[2020.04.04-23.17.59:294][ 56]LogSlate: FSceneViewport::OnFocusLost() reason 3
[2020.04.04-23.17.59:357][ 56]LogSlate: Took 0.000157 seconds to synchronously load lazily loaded font '../../../Engine/Content/Slate/Fonts/Roboto-Light.ttf' (167K)
[2020.04.04-23.17.59:391][ 56]LogUObjectHash: Compacting FUObjectHashTables data took   1.07ms
[2020.04.04-23.17.59:401][ 56]LogSavePackage: Moving '../../../../../../Users/Key/Documents/GitHub/Unga_Bunga/UngaBunga/Saved/The_WorldF941BC3A41725653E5D69FAFF2F3F3F0.tmp' to '../../../../../../Users/Key/Documents/GitHub/Unga_Bunga/UngaBunga/Content/FirstPersonBP/Maps/The_World.umap'
[2020.04.04-23.17.59:443][ 56]LogFileHelpers: Saving map 'The_World' took 0.108
[2020.04.04-23.17.59:444][ 56]Cmd: MAP LOAD FILE="../../../../../../Users/Key/Documents/GitHub/Unga_Bunga/UngaBunga/Content/FirstPersonBP/Maps/The_World.umap" TEMPLATE=0 SHOWPROGRESS=1 FEATURELEVEL=3
[2020.04.04-23.17.59:447][ 56]LogSlate: FSceneViewport::OnFocusLost() reason 2
[2020.04.04-23.17.59:452][ 56]LightingResults: New page: Lighting Build
[2020.04.04-23.17.59:453][ 56]LoadErrors: New page: Loading map: The_World.umap
[2020.04.04-23.17.59:454][ 56]MapCheck: New page: Map Check
[2020.04.04-23.17.59:454][ 56]LightingResults: New page: Lighting Build
[2020.04.04-23.17.59:478][ 56]LogUObjectHash: Compacting FUObjectHashTables data took   1.02ms
[2020.04.04-23.17.59:484][ 56]LogAIModule: Creating AISystem for world The_World
[2020.04.04-23.17.59:488][ 56]LogEditorServer: Finished looking for orphan Actors (0.000 secs)
[2020.04.04-23.17.59:513][ 56]LogUObjectHash: Compacting FUObjectHashTables data took   1.25ms
[2020.04.04-23.17.59:545][ 56]Cmd: MAP CHECKDEP NOCLEARLOG
[2020.04.04-23.17.59:545][ 56]MapCheck: Map check complete: 0 Error(s), 0 Warning(s), took 0.158ms to complete.
[2020.04.04-23.17.59:545][ 56]LogFileHelpers: Loading map 'The_World' took 0.102
[2020.04.04-23.18.06:408][855]LogSlate: FSceneViewport::OnFocusLost() reason 0
[2020.04.04-23.18.07:386][948]LogTexture: Display: Building textures: Texture2D_2 (G8, 128X128)
[2020.04.04-23.18.38:208][254]LogTexture: Display: Building textures: T_DeeDoe_Nml (BC5, 4096X4096)
[2020.04.04-23.18.38:208][254]LogTexture: Display: Building textures: T_DeeDoe_BaseColor (AutoDXT, 4096X4096)
[2020.04.04-23.18.38:208][254]LogTexture: Display: Building textures: T_DeerDoe_OcclusionRoughnessMetallic (AutoDXT, 4096X4096)
[2020.04.04-23.18.38:208][254]LogTexture: Display: Building textures: T_Stag_Specular (AutoDXT, 32X32)
[2020.04.04-23.18.38:208][254]LogMaterial: Display: Missing cached shader map for material M_DeerDoe, compiling. 
[2020.04.04-23.18.38:303][255]LogShaderCompilers: Display: Shaders left to compile 60
[2020.04.04-23.18.38:303][255]LogShaderCompilers: Display: Shaders left to compile 50
[2020.04.04-23.18.38:303][255]LogShaderCompilers: Display: Shaders left to compile 40
[2020.04.04-23.18.40:982][364]LogShaderCompilers: Display: Shaders left to compile 30
[2020.04.04-23.18.41:334][377]LogShaderCompilers: Display: Shaders left to compile 20
[2020.04.04-23.18.42:537][419]LogShaderCompilers: Display: Shaders left to compile 10
[2020.04.04-23.18.53:162][123]LogUnrealEdMisc: Warning: Heartbeat event firing too frequently (53.597 sec). This should never happen. Something is wrong with the timer delegate!
[2020.04.04-23.23.42:829][539]LogSlate: FSceneViewport::OnFocusLost() reason 2
[2020.04.04-23.23.48:283][167]LogActorFactory: Actor Factory created Cube
[2020.04.04-23.23.48:287][167]LogMaterial: Display: Missing cached shader map for material BasicShapeMaterial, compiling. 
[2020.04.04-23.23.49:006][241]LogActorFactory: Actor Factory created Cube
[2020.04.04-23.24.02:946][859]LogEditorViewport: Clicking on Actor (LMB): StaticMeshActor (Cube)
[2020.04.04-23.24.03:778][957]LogEditorViewport: Clicking Background
[2020.04.04-23.24.04:604][ 55]LogEditorViewport: Clicking on Actor (LMB): StaticMeshActor (Cube)
[2020.04.04-23.24.17:228][226]LogSlate: FSceneViewport::OnFocusLost() reason 0
[2020.04.04-23.25.04:681][112]LogLinker: Warning: Can't find file '/Game/KiteDemo/Material/M_Photoscan_Master'
[2020.04.04-23.25.04:681][112]LogLinker: Warning: Can't find file for asset '/Game/KiteDemo/Material/M_Photoscan_Master' while loading NULL.
[2020.04.04-23.25.04:682][112]LogLinker: Warning: Can't find file '/Game/KiteDemo/Environments/GroundTiles/AlpinePatch001/T_AlpinePatch001_D_R'
[2020.04.04-23.25.04:682][112]LogLinker: Warning: Can't find file for asset '/Game/KiteDemo/Environments/GroundTiles/AlpinePatch001/T_AlpinePatch001_D_R' while loading NULL.
[2020.04.04-23.25.04:682][112]LogLinker: Warning: Can't find file '/Game/KiteDemo/Environments/GroundTiles/AlpinePatch001/T_AlpinePatch001_N'
[2020.04.04-23.25.04:682][112]LogLinker: Warning: Can't find file for asset '/Game/KiteDemo/Environments/GroundTiles/AlpinePatch001/T_AlpinePatch001_N' while loading NULL.
[2020.04.04-23.25.04:683][112]LogLinker: Warning: Can't find file '/Game/KiteDemo/Material/M_Photoscan_Master'
[2020.04.04-23.25.04:683][112]LogLinker: Warning: Can't find file for asset '/Game/KiteDemo/Material/M_Photoscan_Master' while loading NULL.
[2020.04.04-23.25.04:683][112]LogLinker: Warning: Can't find file '/Game/KiteDemo/Environments/GroundTiles/AlpinePatch001/T_AlpinePatch001_D_R'
[2020.04.04-23.25.04:683][112]LogLinker: Warning: Can't find file for asset '/Game/KiteDemo/Environments/GroundTiles/AlpinePatch001/T_AlpinePatch001_D_R' while loading NULL.
[2020.04.04-23.25.04:683][112]LogLinker: Warning: Can't find file '/Game/KiteDemo/Environments/GroundTiles/AlpinePatch001/T_AlpinePatch001_N'
[2020.04.04-23.25.04:684][112]LogLinker: Warning: Can't find file for asset '/Game/KiteDemo/Environments/GroundTiles/AlpinePatch001/T_AlpinePatch001_N' while loading NULL.
[2020.04.04-23.25.04:684][112]LogLinker: Warning: Can't find file '/Game/KiteDemo/Material/M_Photoscan_Master'
[2020.04.04-23.25.04:684][112]LoadErrors: Failed to load /Game/KiteDemo/Material/M_Photoscan_Master.M_Photoscan_Master Referenced by M_Tile_AlpinePatch001
[2020.04.04-23.25.04:684][112]LogLinker: Warning: Can't find file for asset '/Game/KiteDemo/Material/M_Photoscan_Master' while loading NULL.
[2020.04.04-23.25.04:684][112]LogLinker: Warning: Can't find file '/Game/KiteDemo/Environments/GroundTiles/AlpinePatch001/T_AlpinePatch001_D_R'
[2020.04.04-23.25.04:685][112]LoadErrors: Failed to load /Game/KiteDemo/Environments/GroundTiles/AlpinePatch001/T_AlpinePatch001_D_R.T_AlpinePatch001_D_R Referenced by M_Tile_AlpinePatch001
[2020.04.04-23.25.04:685][112]LogLinker: Warning: Can't find file for asset '/Game/KiteDemo/Environments/GroundTiles/AlpinePatch001/T_AlpinePatch001_D_R' while loading NULL.
[2020.04.04-23.25.04:685][112]LogLinker: Warning: Can't find file '/Game/KiteDemo/Environments/GroundTiles/AlpinePatch001/T_AlpinePatch001_N'
[2020.04.04-23.25.04:685][112]LoadErrors: Failed to load /Game/KiteDemo/Environments/GroundTiles/AlpinePatch001/T_AlpinePatch001_N.T_AlpinePatch001_N Referenced by M_Tile_AlpinePatch001
[2020.04.04-23.25.04:685][112]LogLinker: Warning: Can't find file for asset '/Game/KiteDemo/Environments/GroundTiles/AlpinePatch001/T_AlpinePatch001_N' while loading NULL.
[2020.04.04-23.25.04:693][112]LogAssetEditorManager: Opening Asset editor for MaterialInstanceConstant /Game/Environmantal_Stuff/Environments/GroundTiles/AlpinePatch001/M_Tile_AlpinePatch001.M_Tile_AlpinePatch001
[2020.04.04-23.25.05:219][112]LogRenderer: Reallocating scene render targets to support 1236x676 Format 10 NumSamples 1 (Frame:1).
[2020.04.04-23.25.18:038][501]LogSlate: FSceneViewport::OnFocusLost() reason 2
[2020.04.04-23.25.24:874][317]LogSlate: Window 'M_Tile_AlpinePatch001' being destroyed
[2020.04.04-23.25.27:436][595]LogLinker: Warning: Can't find file '/Game/KiteDemo/Environments/GroundTiles/AlpinePatch001/T_AlpinePatch001_N'
[2020.04.04-23.25.27:437][595]LogLinker: Warning: Can't find file for asset '/Game/KiteDemo/Environments/GroundTiles/AlpinePatch001/T_AlpinePatch001_N' while loading NULL.
[2020.04.04-23.25.27:437][595]LogLinker: Warning: Can't find file '/Game/KiteDemo/Environments/GroundTiles/AlpinePatch001/T_AlpinePatch001_N'
[2020.04.04-23.25.27:437][595]LogLinker: Warning: Can't find file for asset '/Game/KiteDemo/Environments/GroundTiles/AlpinePatch001/T_AlpinePatch001_N' while loading NULL.
[2020.04.04-23.25.27:437][595]LogLinker: Warning: Can't find file '/Game/KiteDemo/Environments/GroundTiles/AlpinePatch001/T_AlpinePatch001_N'
[2020.04.04-23.25.27:437][595]LoadErrors: Failed to load /Game/KiteDemo/Environments/GroundTiles/AlpinePatch001/T_AlpinePatch001_N.T_AlpinePatch001_N Referenced by T_AlpinePatch001_D_alt_R
[2020.04.04-23.25.27:438][595]LogLinker: Warning: Can't find file for asset '/Game/KiteDemo/Environments/GroundTiles/AlpinePatch001/T_AlpinePatch001_N' while loading NULL.
