Log file open, 04/03/20 12:10:38
LogWindows: Failed to load 'aqProf.dll' (GetLastError=126)
LogWindows: File 'aqProf.dll' does not exist
LogWindows: Failed to load 'VtuneApi.dll' (GetLastError=126)
LogWindows: File 'VtuneApi.dll' does not exist
LogWindows: Failed to load 'VtuneApi32e.dll' (GetLastError=126)
LogWindows: File 'VtuneApi32e.dll' does not exist
LogConsoleResponse: Display: Failed to find resolution value strings in scalability ini. Falling back to default.
LogInit: Display: Running engine for game: unga
LogPakFile: Registered encryption key '00000000000000000000000000000000': 0 pak files mounted, 0 remain pending
LogPlatformFile: Not using cached read wrapper
LogTaskGraph: Started task graph with 5 named threads and 35 total threads with 3 sets of task threads.
LogStats: Stats thread started at 0.489822
LogD3D11RHI: Loaded GFSDK_Aftermath_Lib.x64.dll
LogICUInternationalization: ICU TimeZone Detection - Raw Offset: -5:00, Platform Override: ''
LogPluginManager: Mounting plugin Paper2D
LogPluginManager: Mounting plugin AISupport
LogPluginManager: Mounting plugin LightPropagationVolume
LogPluginManager: Mounting plugin ActorLayerUtilities
LogPluginManager: Mounting plugin AnimationSharing
LogPluginManager: Mounting plugin CLionSourceCodeAccess
LogPluginManager: Mounting plugin CodeLiteSourceCodeAccess
LogPluginManager: Mounting plugin ConcertFrontend
LogPluginManager: Mounting plugin ConcertMain
LogPluginManager: Mounting plugin ConcertSyncClient
LogPluginManager: Mounting plugin ConcertSyncCore
LogPluginManager: Found config from plugin[ConcertSyncCore] D:/GameJams/unga/UngaBunga/Saved/Config/Windows/Engine.ini
LogPluginManager: Mounting plugin GitSourceControl
LogPluginManager: Mounting plugin KDevelopSourceCodeAccess
LogPluginManager: Mounting plugin NullSourceCodeAccess
LogPluginManager: Mounting plugin PerforceSourceControl
LogPluginManager: Mounting plugin SubversionSourceControl
LogPluginManager: Mounting plugin UObjectPlugin
LogPluginManager: Mounting plugin VisualStudioCodeSourceCodeAccess
LogPluginManager: Mounting plugin VisualStudioSourceCodeAccess
LogPluginManager: Mounting plugin XCodeSourceCodeAccess
LogPluginManager: Mounting plugin AssetManagerEditor
LogPluginManager: Mounting plugin CryptoKeys
LogPluginManager: Mounting plugin DataValidation
LogPluginManager: Mounting plugin FacialAnimation
LogPluginManager: Mounting plugin GameplayTagsEditor
LogPluginManager: Mounting plugin MacGraphicsSwitching
LogPluginManager: Mounting plugin MaterialAnalyzer
LogPluginManager: Mounting plugin MobileLauncherProfileWizard
LogPluginManager: Mounting plugin PluginBrowser
LogPluginManager: Mounting plugin SpeedTreeImporter
LogPluginManager: Mounting plugin DatasmithContent
LogPluginManager: Mounting plugin VariantManagerContent
LogPluginManager: Mounting plugin AlembicImporter
LogPluginManager: Mounting plugin AppleImageUtils
LogPluginManager: Mounting plugin AppleVision
LogPluginManager: Mounting plugin BackChannel
LogPluginManager: Mounting plugin CharacterAI
LogPluginManager: Mounting plugin GeometryCache
LogPluginManager: Mounting plugin HTML5Networking
LogPluginManager: Mounting plugin ProxyLODPlugin
LogPluginManager: Mounting plugin SkeletalReduction
LogPluginManager: Mounting plugin MagicLeap
LogPluginManager: Mounting plugin MagicLeapMedia
LogPluginManager: Mounting plugin AndroidMedia
LogPluginManager: Mounting plugin AvfMedia
LogPluginManager: Mounting plugin ImgMedia
LogPluginManager: Mounting plugin LinearTimecode
LogPluginManager: Mounting plugin MediaCompositing
LogPluginManager: Mounting plugin MediaPlayerEditor
LogPluginManager: Mounting plugin WebMMedia
LogPluginManager: Mounting plugin WmfMedia
LogPluginManager: Mounting plugin TcpMessaging
LogPluginManager: Mounting plugin UdpMessaging
LogPluginManager: Mounting plugin ActorSequence
LogPluginManager: Mounting plugin LevelSequenceEditor
LogPluginManager: Mounting plugin MatineeToLevelSequence
LogPluginManager: Mounting plugin NetcodeUnitTest
LogPluginManager: Mounting plugin NUTUnrealEngine4
LogPluginManager: Mounting plugin OnlineSubsystemGooglePlay
LogPluginManager: Mounting plugin OnlineSubsystemIOS
LogPluginManager: Mounting plugin OnlineSubsystem
LogPluginManager: Mounting plugin OnlineSubsystemNull
LogPluginManager: Mounting plugin OnlineSubsystemUtils
LogPluginManager: Mounting plugin LauncherChunkInstaller
LogPluginManager: Mounting plugin AndroidDeviceProfileSelector
LogPluginManager: Mounting plugin AndroidMoviePlayer
LogPluginManager: Mounting plugin AndroidPermission
LogPluginManager: Mounting plugin AppleMoviePlayer
LogPluginManager: Mounting plugin ArchVisCharacter
LogPluginManager: Mounting plugin AudioCapture
LogPluginManager: Mounting plugin CableComponent
LogPluginManager: Mounting plugin CustomMeshComponent
LogPluginManager: Mounting plugin EditableMesh
LogPluginManager: Mounting plugin ExampleDeviceProfileSelector
LogPluginManager: Mounting plugin Firebase
LogPluginManager: Mounting plugin GoogleCloudMessaging
LogPluginManager: Mounting plugin IOSDeviceProfileSelector
LogPluginManager: Mounting plugin LinuxDeviceProfileSelector
LogPluginManager: Mounting plugin LocationServicesBPLibrary
LogPluginManager: Mounting plugin MobilePatchingUtils
LogPluginManager: Mounting plugin OculusVR
LogPluginManager: Mounting plugin PhysXVehicles
LogPluginManager: Mounting plugin ProceduralMeshComponent
LogPluginManager: Mounting plugin RuntimePhysXCooking
LogPluginManager: Mounting plugin SignificanceManager
LogPluginManager: Mounting plugin SteamVR
LogPluginManager: Mounting plugin WebMMoviePlayer
LogPluginManager: Mounting plugin WindowsMoviePlayer
LogInit: Using libcurl 7.55.1-DEV
LogInit:  - built for x86_64-pc-win32
LogInit:  - supports SSL with OpenSSL/1.1.1
LogInit:  - supports HTTP deflate (compression) using libz 1.2.8
LogInit:  - other features:
LogInit:      CURL_VERSION_SSL
LogInit:      CURL_VERSION_LIBZ
LogInit:      CURL_VERSION_IPV6
LogInit:      CURL_VERSION_ASYNCHDNS
LogInit:      CURL_VERSION_LARGEFILE
LogInit:      CURL_VERSION_IDN
LogInit:  CurlRequestOptions (configurable via config and command line):
LogInit:  - bVerifyPeer = true  - Libcurl will verify peer certificate
LogInit:  - bUseHttpProxy = false  - Libcurl will NOT use HTTP proxy
LogInit:  - bDontReuseConnections = false  - Libcurl will reuse connections
LogInit:  - MaxHostConnections = 16  - Libcurl will limit the number of connections to a host
LogInit:  - LocalHostAddr = Default
LogInit:  - BufferSize = 65536
LogInit: WinSock: version 1.1 (2.2), MaxSocks=32767, MaxUdp=65467
LogInit: Build: ++UE4+Release-4.22-CL-7053642
LogInit: Engine Version: 4.22.3-7053642+++UE4+Release-4.22
LogInit: Compatible Engine Version: 4.22.0-5660361+++UE4+Release-4.22
LogInit: Net CL: 5660361
LogInit: OS: Windows 10 (Release 1903) (), CPU: AMD Ryzen 5 2600X Six-Core Processor           , GPU: NVIDIA GeForce RTX 2060
LogInit: Compiled (64-bit): Jun 18 2019 03:09:11
LogInit: Compiled with Visual C++: 19.16.27025.01
LogInit: Build Configuration: Development
LogInit: Branch Name: ++UE4+Release-4.22
LogInit: Command Line: 
LogInit: Base Directory: D:/UE_4.22/Engine/Binaries/Win64/
LogInit: Installed Engine Build: 1
LogDevObjectVersion: Number of dev versions registered: 23
LogDevObjectVersion:   Dev-Blueprints (B0D832E4-1F89-4F0D-ACCF-7EB736FD4AA2): 10
LogDevObjectVersion:   Dev-Build (E1C64328-A22C-4D53-A36C-8E866417BD8C): 0
LogDevObjectVersion:   Dev-Core (375EC13C-06E4-48FB-B500-84F0262A717E): 3
LogDevObjectVersion:   Dev-Editor (E4B068ED-F494-42E9-A231-DA0B2E46BB41): 30
LogDevObjectVersion:   Dev-Framework (CFFC743F-43B0-4480-9391-14DF171D2073): 35
LogDevObjectVersion:   Dev-Mobile (B02B49B5-BB20-44E9-A304-32B752E40360): 2
LogDevObjectVersion:   Dev-Networking (A4E4105C-59A1-49B5-A7C5-40C4547EDFEE): 0
LogDevObjectVersion:   Dev-Online (39C831C9-5AE6-47DC-9A44-9C173E1C8E7C): 0
LogDevObjectVersion:   Dev-Physics (78F01B33-EBEA-4F98-B9B4-84EACCB95AA2): 0
LogDevObjectVersion:   Dev-Platform (6631380F-2D4D-43E0-8009-CF276956A95A): 0
LogDevObjectVersion:   Dev-Rendering (12F88B9F-8875-4AFC-A67C-D90C383ABD29): 28
LogDevObjectVersion:   Dev-Sequencer (7B5AE74C-D270-4C10-A958-57980B212A5A): 11
LogDevObjectVersion:   Dev-VR (D7296918-1DD6-4BDD-9DE2-64A83CC13884): 2
LogDevObjectVersion:   Dev-LoadTimes (C2A15278-BFE7-4AFE-6C17-90FF531DF755): 1
LogDevObjectVersion:   Private-Geometry (6EACA3D4-40EC-4CC1-B786-8BED09428FC5): 3
LogDevObjectVersion:   Dev-AnimPhys (29E575DD-E0A3-4627-9D10-D276232CDCEA): 17
LogDevObjectVersion:   Dev-Anim (AF43A65D-7FD3-4947-9873-3E8ED9C1BB05): 2
LogDevObjectVersion:   Dev-ReflectionCapture (6B266CEC-1EC7-4B8F-A30B-E4D90942FC07): 1
LogDevObjectVersion:   Dev-Automation (0DF73D61-A23F-47EA-B727-89E90C41499A): 1
LogDevObjectVersion:   FortniteMain (601D1886-AC64-4F84-AA16-D3DE0DEAC7D6): 25
LogDevObjectVersion:   Dev-Enterprise (9DFFBCD6-494F-0158-E221-12823C92A888): 6
LogDevObjectVersion:   Dev-Niagara (F2AED0AC-9AFE-416F-8664-AA7FFA26D6FC): 1
LogDevObjectVersion:   Dev-Destruction (174F1F0B-B4C6-45A5-B13F-2EE8D0FB917D): 2
LogInit: Presizing for max 16777216 objects, including 0 objects not considered by GC, pre-allocating 0 bytes for permanent pool.
LogInit: Object subsystem initialized
LogConfig: Setting CVar [[con.DebugEarlyDefault:1]]
LogConfig: Setting CVar [[r.setres:1280x720]]
[2020.04.03-16.10.40:096][  0]LogConfig: Setting CVar [[r.VSync:0]]
[2020.04.03-16.10.40:096][  0]LogConfig: Setting CVar [[r.RHICmdBypass:0]]
[2020.04.03-16.10.40:096][  0]LogConfig: Applying CVar settings from Section [/Script/Engine.RendererSettings] File [D:/GameJams/unga/UngaBunga/Saved/Config/Windows/Engine.ini]
[2020.04.03-16.10.40:096][  0]LogConfig: Setting CVar [[r.GPUCrashDebugging:0]]
[2020.04.03-16.10.40:096][  0]LogConfig: Applying CVar settings from Section [/Script/Engine.RendererOverrideSettings] File [D:/GameJams/unga/UngaBunga/Saved/Config/Windows/Engine.ini]
[2020.04.03-16.10.40:096][  0]LogConfig: Applying CVar settings from Section [/Script/Engine.StreamingSettings] File [D:/GameJams/unga/UngaBunga/Saved/Config/Windows/Engine.ini]
[2020.04.03-16.10.40:097][  0]LogConfig: Setting CVar [[s.MinBulkDataSizeForAsyncLoading:131072]]
[2020.04.03-16.10.40:097][  0]LogConfig: Setting CVar [[s.AsyncLoadingThreadEnabled:0]]
[2020.04.03-16.10.40:097][  0]LogConfig: Setting CVar [[s.EventDrivenLoaderEnabled:1]]
[2020.04.03-16.10.40:097][  0]LogConfig: Setting CVar [[s.WarnIfTimeLimitExceeded:0]]
[2020.04.03-16.10.40:097][  0]LogConfig: Setting CVar [[s.TimeLimitExceededMultiplier:1.5]]
[2020.04.03-16.10.40:097][  0]LogConfig: Setting CVar [[s.TimeLimitExceededMinTime:0.005]]
[2020.04.03-16.10.40:097][  0]LogConfig: Setting CVar [[s.UseBackgroundLevelStreaming:1]]
[2020.04.03-16.10.40:097][  0]LogConfig: Setting CVar [[s.PriorityAsyncLoadingExtraTime:15.0]]
[2020.04.03-16.10.40:097][  0]LogConfig: Setting CVar [[s.LevelStreamingActorsUpdateTimeLimit:5.0]]
[2020.04.03-16.10.40:097][  0]LogConfig: Setting CVar [[s.PriorityLevelStreamingActorsUpdateExtraTime:5.0]]
[2020.04.03-16.10.40:097][  0]LogConfig: Setting CVar [[s.LevelStreamingComponentsRegistrationGranularity:10]]
[2020.04.03-16.10.40:097][  0]LogConfig: Setting CVar [[s.UnregisterComponentsTimeLimit:1.0]]
[2020.04.03-16.10.40:097][  0]LogConfig: Setting CVar [[s.LevelStreamingComponentsUnregistrationGranularity:5]]
[2020.04.03-16.10.40:097][  0]LogConfig: Applying CVar settings from Section [/Script/Engine.GarbageCollectionSettings] File [D:/GameJams/unga/UngaBunga/Saved/Config/Windows/Engine.ini]
[2020.04.03-16.10.40:097][  0]LogConfig: Setting CVar [[gc.MaxObjectsNotConsideredByGC:1]]
[2020.04.03-16.10.40:097][  0]LogConfig: Setting CVar [[gc.SizeOfPermanentObjectPool:0]]
[2020.04.03-16.10.40:097][  0]LogConfig: Setting CVar [[gc.FlushStreamingOnGC:0]]
[2020.04.03-16.10.40:097][  0]LogConfig: Setting CVar [[gc.NumRetriesBeforeForcingGC:10]]
[2020.04.03-16.10.40:097][  0]LogConfig: Setting CVar [[gc.AllowParallelGC:1]]
[2020.04.03-16.10.40:097][  0]LogConfig: Setting CVar [[gc.TimeBetweenPurgingPendingKillObjects:61.1]]
[2020.04.03-16.10.40:097][  0]LogConfig: Setting CVar [[gc.MaxObjectsInEditor:16777216]]
[2020.04.03-16.10.40:097][  0]LogConfig: Setting CVar [[gc.IncrementalBeginDestroyEnabled:1]]
[2020.04.03-16.10.40:097][  0]LogConfig: Setting CVar [[gc.CreateGCClusters:1]]
[2020.04.03-16.10.40:097][  0]LogConfig: Setting CVar [[gc.MinGCClusterSize:5]]
[2020.04.03-16.10.40:097][  0]LogConfig: Setting CVar [[gc.ActorClusteringEnabled:0]]
[2020.04.03-16.10.40:097][  0]LogConfig: Setting CVar [[gc.BlueprintClusteringEnabled:0]]
[2020.04.03-16.10.40:097][  0]LogConfig: Setting CVar [[gc.UseDisregardForGCOnDedicatedServers:0]]
[2020.04.03-16.10.40:097][  0]LogConfig: Applying CVar settings from Section [/Script/Engine.NetworkSettings] File [D:/GameJams/unga/UngaBunga/Saved/Config/Windows/Engine.ini]
[2020.04.03-16.10.40:097][  0]LogConfig: Applying CVar settings from Section [/Script/UnrealEd.CookerSettings] File [D:/GameJams/unga/UngaBunga/Saved/Config/Windows/Engine.ini]
[2020.04.03-16.10.40:099][  0]LogConfig: Applying CVar settings from Section [ViewDistanceQuality@3] File [D:/GameJams/unga/UngaBunga/Saved/Config/Windows/Scalability.ini]
[2020.04.03-16.10.40:099][  0]LogConfig: Setting CVar [[r.SkeletalMeshLODBias:0]]
[2020.04.03-16.10.40:099][  0]LogConfig: Setting CVar [[r.ViewDistanceScale:1.0]]
[2020.04.03-16.10.40:099][  0]LogConfig: Applying CVar settings from Section [AntiAliasingQuality@3] File [D:/GameJams/unga/UngaBunga/Saved/Config/Windows/Scalability.ini]
[2020.04.03-16.10.40:099][  0]LogConfig: Setting CVar [[r.PostProcessAAQuality:4]]
[2020.04.03-16.10.40:099][  0]LogConfig: Applying CVar settings from Section [ShadowQuality@3] File [D:/GameJams/unga/UngaBunga/Saved/Config/Windows/Scalability.ini]
[2020.04.03-16.10.40:099][  0]LogConfig: Setting CVar [[r.LightFunctionQuality:1]]
[2020.04.03-16.10.40:099][  0]LogConfig: Setting CVar [[r.ShadowQuality:5]]
[2020.04.03-16.10.40:099][  0]LogConfig: Setting CVar [[r.Shadow.CSM.MaxCascades:10]]
[2020.04.03-16.10.40:099][  0]LogConfig: Setting CVar [[r.Shadow.MaxResolution:2048]]
[2020.04.03-16.10.40:099][  0]LogConfig: Setting CVar [[r.Shadow.MaxCSMResolution:2048]]
[2020.04.03-16.10.40:099][  0]LogConfig: Setting CVar [[r.Shadow.RadiusThreshold:0.01]]
[2020.04.03-16.10.40:099][  0]LogConfig: Setting CVar [[r.Shadow.DistanceScale:1.0]]
[2020.04.03-16.10.40:099][  0]LogConfig: Setting CVar [[r.Shadow.CSM.TransitionScale:1.0]]
[2020.04.03-16.10.40:099][  0]LogConfig: Setting CVar [[r.Shadow.PreShadowResolutionFactor:1.0]]
[2020.04.03-16.10.40:099][  0]LogConfig: Setting CVar [[r.DistanceFieldShadowing:1]]
[2020.04.03-16.10.40:099][  0]LogConfig: Setting CVar [[r.DistanceFieldAO:1]]
[2020.04.03-16.10.40:099][  0]LogConfig: Setting CVar [[r.AOQuality:2]]
[2020.04.03-16.10.40:099][  0]LogConfig: Setting CVar [[r.VolumetricFog:1]]
[2020.04.03-16.10.40:099][  0]LogConfig: Setting CVar [[r.VolumetricFog.GridPixelSize:8]]
[2020.04.03-16.10.40:099][  0]LogConfig: Setting CVar [[r.VolumetricFog.GridSizeZ:128]]
[2020.04.03-16.10.40:099][  0]LogConfig: Setting CVar [[r.VolumetricFog.HistoryMissSupersampleCount:4]]
[2020.04.03-16.10.40:099][  0]LogConfig: Setting CVar [[r.LightMaxDrawDistanceScale:1]]
[2020.04.03-16.10.40:099][  0]LogConfig: Setting CVar [[r.CapsuleShadows:1]]
[2020.04.03-16.10.40:099][  0]LogConfig: Applying CVar settings from Section [PostProcessQuality@3] File [D:/GameJams/unga/UngaBunga/Saved/Config/Windows/Scalability.ini]
[2020.04.03-16.10.40:099][  0]LogConfig: Setting CVar [[r.MotionBlurQuality:4]]
[2020.04.03-16.10.40:099][  0]LogConfig: Setting CVar [[r.AmbientOcclusionMipLevelFactor:0.4]]
[2020.04.03-16.10.40:099][  0]LogConfig: Setting CVar [[r.AmbientOcclusionMaxQuality:100]]
[2020.04.03-16.10.40:099][  0]LogConfig: Setting CVar [[r.AmbientOcclusionLevels:-1]]
[2020.04.03-16.10.40:099][  0]LogConfig: Setting CVar [[r.AmbientOcclusionRadiusScale:1.0]]
[2020.04.03-16.10.40:099][  0]LogConfig: Setting CVar [[r.DepthOfFieldQuality:2]]
[2020.04.03-16.10.40:099][  0]LogConfig: Setting CVar [[r.RenderTargetPoolMin:400]]
[2020.04.03-16.10.40:099][  0]LogConfig: Setting CVar [[r.LensFlareQuality:2]]
[2020.04.03-16.10.40:099][  0]LogConfig: Setting CVar [[r.SceneColorFringeQuality:1]]
[2020.04.03-16.10.40:099][  0]LogConfig: Setting CVar [[r.EyeAdaptationQuality:2]]
[2020.04.03-16.10.40:100][  0]LogConfig: Setting CVar [[r.BloomQuality:5]]
[2020.04.03-16.10.40:100][  0]LogConfig: Setting CVar [[r.FastBlurThreshold:100]]
[2020.04.03-16.10.40:100][  0]LogConfig: Setting CVar [[r.Upscale.Quality:3]]
[2020.04.03-16.10.40:100][  0]LogConfig: Setting CVar [[r.Tonemapper.GrainQuantization:1]]
[2020.04.03-16.10.40:100][  0]LogConfig: Setting CVar [[r.LightShaftQuality:1]]
[2020.04.03-16.10.40:100][  0]LogConfig: Setting CVar [[r.Filter.SizeScale:1]]
[2020.04.03-16.10.40:100][  0]LogConfig: Setting CVar [[r.Tonemapper.Quality:5]]
[2020.04.03-16.10.40:100][  0]LogConfig: Setting CVar [[r.DOF.Gather.AccumulatorQuality:1        ; higher gathering accumulator quality]]
[2020.04.03-16.10.40:100][  0]LogConfig: Setting CVar [[r.DOF.Gather.PostfilterMethod:1          ; Median3x3 postfilering method]]
[2020.04.03-16.10.40:100][  0]LogConfig: Setting CVar [[r.DOF.Gather.EnableBokehSettings:0       ; no bokeh simulation when gathering]]
[2020.04.03-16.10.40:100][  0]LogConfig: Setting CVar [[r.DOF.Gather.RingCount:4                 ; medium number of samples when gathering]]
[2020.04.03-16.10.40:100][  0]LogConfig: Setting CVar [[r.DOF.Scatter.ForegroundCompositing:1    ; additive foreground scattering]]
[2020.04.03-16.10.40:100][  0]LogConfig: Setting CVar [[r.DOF.Scatter.BackgroundCompositing:2    ; additive background scattering]]
[2020.04.03-16.10.40:100][  0]LogConfig: Setting CVar [[r.DOF.Scatter.EnableBokehSettings:1      ; bokeh simulation when scattering]]
[2020.04.03-16.10.40:100][  0]LogConfig: Setting CVar [[r.DOF.Scatter.MaxSpriteRatio:0.1         ; only a maximum of 10% of scattered bokeh]]
[2020.04.03-16.10.40:100][  0]LogConfig: Setting CVar [[r.DOF.Recombine.Quality:1                ; cheap slight out of focus]]
[2020.04.03-16.10.40:100][  0]LogConfig: Setting CVar [[r.DOF.Recombine.EnableBokehSettings:0    ; no bokeh simulation on slight out of focus]]
[2020.04.03-16.10.40:100][  0]LogConfig: Setting CVar [[r.DOF.TemporalAAQuality:1                ; more stable temporal accumulation]]
[2020.04.03-16.10.40:100][  0]LogConfig: Setting CVar [[r.DOF.Kernel.MaxForegroundRadius:0.025]]
[2020.04.03-16.10.40:100][  0]LogConfig: Setting CVar [[r.DOF.Kernel.MaxBackgroundRadius:0.025]]
[2020.04.03-16.10.40:100][  0]LogConfig: Applying CVar settings from Section [TextureQuality@3] File [D:/GameJams/unga/UngaBunga/Saved/Config/Windows/Scalability.ini]
[2020.04.03-16.10.40:100][  0]LogConfig: Setting CVar [[r.Streaming.MipBias:0]]
[2020.04.03-16.10.40:100][  0]LogConfig: Setting CVar [[r.Streaming.AmortizeCPUToGPUCopy:0]]
[2020.04.03-16.10.40:100][  0]LogConfig: Setting CVar [[r.Streaming.MaxNumTexturesToStreamPerFrame:0]]
[2020.04.03-16.10.40:100][  0]LogConfig: Setting CVar [[r.Streaming.Boost:1]]
[2020.04.03-16.10.40:100][  0]LogConfig: Setting CVar [[r.MaxAnisotropy:8]]
[2020.04.03-16.10.40:100][  0]LogConfig: Setting CVar [[r.Streaming.LimitPoolSizeToVRAM:0]]
[2020.04.03-16.10.40:100][  0]LogConfig: Setting CVar [[r.Streaming.PoolSize:1000]]
[2020.04.03-16.10.40:100][  0]LogConfig: Setting CVar [[r.Streaming.MaxEffectiveScreenSize:0]]
[2020.04.03-16.10.40:100][  0]LogConfig: Applying CVar settings from Section [EffectsQuality@3] File [D:/GameJams/unga/UngaBunga/Saved/Config/Windows/Scalability.ini]
[2020.04.03-16.10.40:100][  0]LogConfig: Setting CVar [[r.TranslucencyLightingVolumeDim:64]]
[2020.04.03-16.10.40:100][  0]LogConfig: Setting CVar [[r.RefractionQuality:2]]
[2020.04.03-16.10.40:100][  0]LogConfig: Setting CVar [[r.SSR.Quality:3]]
[2020.04.03-16.10.40:100][  0]LogConfig: Setting CVar [[r.SceneColorFormat:4]]
[2020.04.03-16.10.40:100][  0]LogConfig: Setting CVar [[r.DetailMode:2]]
[2020.04.03-16.10.40:100][  0]LogConfig: Setting CVar [[r.TranslucencyVolumeBlur:1]]
[2020.04.03-16.10.40:100][  0]LogConfig: Setting CVar [[r.MaterialQualityLevel:1 ; High quality]]
[2020.04.03-16.10.40:100][  0]LogConfig: Setting CVar [[r.SSS.Scale:1]]
[2020.04.03-16.10.40:100][  0]LogConfig: Setting CVar [[r.SSS.SampleSet:2]]
[2020.04.03-16.10.40:100][  0]LogConfig: Setting CVar [[r.SSS.Quality:1]]
[2020.04.03-16.10.40:100][  0]LogConfig: Setting CVar [[r.SSS.HalfRes:1]]
[2020.04.03-16.10.40:100][  0]LogConfig: Setting CVar [[r.EmitterSpawnRateScale:1.0]]
[2020.04.03-16.10.40:100][  0]LogConfig: Setting CVar [[r.ParticleLightQuality:2]]
[2020.04.03-16.10.40:100][  0]LogConfig: Applying CVar settings from Section [FoliageQuality@3] File [D:/GameJams/unga/UngaBunga/Saved/Config/Windows/Scalability.ini]
[2020.04.03-16.10.40:100][  0]LogConfig: Setting CVar [[foliage.DensityScale:1.0]]
[2020.04.03-16.10.40:100][  0]LogConfig: Setting CVar [[grass.DensityScale:1.0]]
[2020.04.03-16.10.40:100][  0]LogInit: Selected Device Profile: [Windows]
[2020.04.03-16.10.40:100][  0]LogInit: Applying CVar settings loaded from the selected device profile: [Windows]
[2020.04.03-16.10.40:120][  0]LogHAL: Display: Platform has ~ 16 GB [17124491264 / 17179869184 / 16], which maps to Larger [LargestMinGB=32, LargerMinGB=12, DefaultMinGB=8, SmallerMinGB=6, SmallestMinGB=0)
[2020.04.03-16.10.40:120][  0]LogConfig: Setting CVar [[r.Vulkan.UseRealUBs:0		; Required until we fix HLR fall-out]]
[2020.04.03-16.10.40:120][  0]LogInit: Going up to parent DeviceProfile []
[2020.04.03-16.10.40:120][  0]LogConfig: Applying CVar settings from Section [ViewDistanceQuality@3] File [D:/GameJams/unga/UngaBunga/Saved/Config/Windows/Scalability.ini]
[2020.04.03-16.10.40:120][  0]LogConfig: Setting CVar [[r.SkeletalMeshLODBias:0]]
[2020.04.03-16.10.40:120][  0]LogConfig: Setting CVar [[r.ViewDistanceScale:1.0]]
[2020.04.03-16.10.40:120][  0]LogConfig: Applying CVar settings from Section [AntiAliasingQuality@3] File [D:/GameJams/unga/UngaBunga/Saved/Config/Windows/Scalability.ini]
[2020.04.03-16.10.40:120][  0]LogConfig: Setting CVar [[r.PostProcessAAQuality:4]]
[2020.04.03-16.10.40:120][  0]LogConfig: Applying CVar settings from Section [ShadowQuality@3] File [D:/GameJams/unga/UngaBunga/Saved/Config/Windows/Scalability.ini]
[2020.04.03-16.10.40:120][  0]LogConfig: Setting CVar [[r.LightFunctionQuality:1]]
[2020.04.03-16.10.40:120][  0]LogConfig: Setting CVar [[r.ShadowQuality:5]]
[2020.04.03-16.10.40:120][  0]LogConfig: Setting CVar [[r.Shadow.CSM.MaxCascades:10]]
[2020.04.03-16.10.40:120][  0]LogConfig: Setting CVar [[r.Shadow.MaxResolution:2048]]
[2020.04.03-16.10.40:120][  0]LogConfig: Setting CVar [[r.Shadow.MaxCSMResolution:2048]]
[2020.04.03-16.10.40:120][  0]LogConfig: Setting CVar [[r.Shadow.RadiusThreshold:0.01]]
[2020.04.03-16.10.40:120][  0]LogConfig: Setting CVar [[r.Shadow.DistanceScale:1.0]]
[2020.04.03-16.10.40:120][  0]LogConfig: Setting CVar [[r.Shadow.CSM.TransitionScale:1.0]]
[2020.04.03-16.10.40:120][  0]LogConfig: Setting CVar [[r.Shadow.PreShadowResolutionFactor:1.0]]
[2020.04.03-16.10.40:120][  0]LogConfig: Setting CVar [[r.DistanceFieldShadowing:1]]
[2020.04.03-16.10.40:120][  0]LogConfig: Setting CVar [[r.DistanceFieldAO:1]]
[2020.04.03-16.10.40:120][  0]LogConfig: Setting CVar [[r.AOQuality:2]]
[2020.04.03-16.10.40:120][  0]LogConfig: Setting CVar [[r.VolumetricFog:1]]
[2020.04.03-16.10.40:120][  0]LogConfig: Setting CVar [[r.VolumetricFog.GridPixelSize:8]]
[2020.04.03-16.10.40:120][  0]LogConfig: Setting CVar [[r.VolumetricFog.GridSizeZ:128]]
[2020.04.03-16.10.40:120][  0]LogConfig: Setting CVar [[r.VolumetricFog.HistoryMissSupersampleCount:4]]
[2020.04.03-16.10.40:120][  0]LogConfig: Setting CVar [[r.LightMaxDrawDistanceScale:1]]
[2020.04.03-16.10.40:120][  0]LogConfig: Setting CVar [[r.CapsuleShadows:1]]
[2020.04.03-16.10.40:120][  0]LogConfig: Applying CVar settings from Section [PostProcessQuality@3] File [D:/GameJams/unga/UngaBunga/Saved/Config/Windows/Scalability.ini]
[2020.04.03-16.10.40:120][  0]LogConfig: Setting CVar [[r.MotionBlurQuality:4]]
[2020.04.03-16.10.40:120][  0]LogConfig: Setting CVar [[r.AmbientOcclusionMipLevelFactor:0.4]]
[2020.04.03-16.10.40:120][  0]LogConfig: Setting CVar [[r.AmbientOcclusionMaxQuality:100]]
[2020.04.03-16.10.40:120][  0]LogConfig: Setting CVar [[r.AmbientOcclusionLevels:-1]]
[2020.04.03-16.10.40:120][  0]LogConfig: Setting CVar [[r.AmbientOcclusionRadiusScale:1.0]]
[2020.04.03-16.10.40:120][  0]LogConfig: Setting CVar [[r.DepthOfFieldQuality:2]]
[2020.04.03-16.10.40:120][  0]LogConfig: Setting CVar [[r.RenderTargetPoolMin:400]]
[2020.04.03-16.10.40:120][  0]LogConfig: Setting CVar [[r.LensFlareQuality:2]]
[2020.04.03-16.10.40:120][  0]LogConfig: Setting CVar [[r.SceneColorFringeQuality:1]]
[2020.04.03-16.10.40:120][  0]LogConfig: Setting CVar [[r.EyeAdaptationQuality:2]]
[2020.04.03-16.10.40:120][  0]LogConfig: Setting CVar [[r.BloomQuality:5]]
[2020.04.03-16.10.40:120][  0]LogConfig: Setting CVar [[r.FastBlurThreshold:100]]
[2020.04.03-16.10.40:120][  0]LogConfig: Setting CVar [[r.Upscale.Quality:3]]
[2020.04.03-16.10.40:120][  0]LogConfig: Setting CVar [[r.Tonemapper.GrainQuantization:1]]
[2020.04.03-16.10.40:120][  0]LogConfig: Setting CVar [[r.LightShaftQuality:1]]
[2020.04.03-16.10.40:120][  0]LogConfig: Setting CVar [[r.Filter.SizeScale:1]]
[2020.04.03-16.10.40:120][  0]LogConfig: Setting CVar [[r.Tonemapper.Quality:5]]
[2020.04.03-16.10.40:120][  0]LogConfig: Setting CVar [[r.DOF.Gather.AccumulatorQuality:1        ; higher gathering accumulator quality]]
[2020.04.03-16.10.40:120][  0]LogConfig: Setting CVar [[r.DOF.Gather.PostfilterMethod:1          ; Median3x3 postfilering method]]
[2020.04.03-16.10.40:120][  0]LogConfig: Setting CVar [[r.DOF.Gather.EnableBokehSettings:0       ; no bokeh simulation when gathering]]
[2020.04.03-16.10.40:120][  0]LogConfig: Setting CVar [[r.DOF.Gather.RingCount:4                 ; medium number of samples when gathering]]
[2020.04.03-16.10.40:120][  0]LogConfig: Setting CVar [[r.DOF.Scatter.ForegroundCompositing:1    ; additive foreground scattering]]
[2020.04.03-16.10.40:120][  0]LogConfig: Setting CVar [[r.DOF.Scatter.BackgroundCompositing:2    ; additive background scattering]]
[2020.04.03-16.10.40:120][  0]LogConfig: Setting CVar [[r.DOF.Scatter.EnableBokehSettings:1      ; bokeh simulation when scattering]]
[2020.04.03-16.10.40:120][  0]LogConfig: Setting CVar [[r.DOF.Scatter.MaxSpriteRatio:0.1         ; only a maximum of 10% of scattered bokeh]]
[2020.04.03-16.10.40:120][  0]LogConfig: Setting CVar [[r.DOF.Recombine.Quality:1                ; cheap slight out of focus]]
[2020.04.03-16.10.40:120][  0]LogConfig: Setting CVar [[r.DOF.Recombine.EnableBokehSettings:0    ; no bokeh simulation on slight out of focus]]
[2020.04.03-16.10.40:120][  0]LogConfig: Setting CVar [[r.DOF.TemporalAAQuality:1                ; more stable temporal accumulation]]
[2020.04.03-16.10.40:120][  0]LogConfig: Setting CVar [[r.DOF.Kernel.MaxForegroundRadius:0.025]]
[2020.04.03-16.10.40:120][  0]LogConfig: Setting CVar [[r.DOF.Kernel.MaxBackgroundRadius:0.025]]
[2020.04.03-16.10.40:120][  0]LogConfig: Applying CVar settings from Section [TextureQuality@3] File [D:/GameJams/unga/UngaBunga/Saved/Config/Windows/Scalability.ini]
[2020.04.03-16.10.40:120][  0]LogConfig: Setting CVar [[r.Streaming.MipBias:0]]
[2020.04.03-16.10.40:120][  0]LogConfig: Setting CVar [[r.Streaming.AmortizeCPUToGPUCopy:0]]
[2020.04.03-16.10.40:120][  0]LogConfig: Setting CVar [[r.Streaming.MaxNumTexturesToStreamPerFrame:0]]
[2020.04.03-16.10.40:120][  0]LogConfig: Setting CVar [[r.Streaming.Boost:1]]
[2020.04.03-16.10.40:120][  0]LogConfig: Setting CVar [[r.MaxAnisotropy:8]]
[2020.04.03-16.10.40:121][  0]LogConfig: Setting CVar [[r.Streaming.LimitPoolSizeToVRAM:0]]
[2020.04.03-16.10.40:121][  0]LogConfig: Setting CVar [[r.Streaming.PoolSize:1000]]
[2020.04.03-16.10.40:121][  0]LogConfig: Setting CVar [[r.Streaming.MaxEffectiveScreenSize:0]]
[2020.04.03-16.10.40:121][  0]LogConfig: Applying CVar settings from Section [EffectsQuality@3] File [D:/GameJams/unga/UngaBunga/Saved/Config/Windows/Scalability.ini]
[2020.04.03-16.10.40:121][  0]LogConfig: Setting CVar [[r.TranslucencyLightingVolumeDim:64]]
[2020.04.03-16.10.40:121][  0]LogConfig: Setting CVar [[r.RefractionQuality:2]]
[2020.04.03-16.10.40:121][  0]LogConfig: Setting CVar [[r.SSR.Quality:3]]
[2020.04.03-16.10.40:121][  0]LogConfig: Setting CVar [[r.SceneColorFormat:4]]
[2020.04.03-16.10.40:121][  0]LogConfig: Setting CVar [[r.DetailMode:2]]
[2020.04.03-16.10.40:121][  0]LogConfig: Setting CVar [[r.TranslucencyVolumeBlur:1]]
[2020.04.03-16.10.40:121][  0]LogConfig: Setting CVar [[r.MaterialQualityLevel:1 ; High quality]]
[2020.04.03-16.10.40:121][  0]LogConfig: Setting CVar [[r.SSS.Scale:1]]
[2020.04.03-16.10.40:121][  0]LogConfig: Setting CVar [[r.SSS.SampleSet:2]]
[2020.04.03-16.10.40:121][  0]LogConfig: Setting CVar [[r.SSS.Quality:1]]
[2020.04.03-16.10.40:121][  0]LogConfig: Setting CVar [[r.SSS.HalfRes:1]]
[2020.04.03-16.10.40:121][  0]LogConfig: Setting CVar [[r.EmitterSpawnRateScale:1.0]]
[2020.04.03-16.10.40:121][  0]LogConfig: Setting CVar [[r.ParticleLightQuality:2]]
[2020.04.03-16.10.40:121][  0]LogConfig: Applying CVar settings from Section [FoliageQuality@3] File [D:/GameJams/unga/UngaBunga/Saved/Config/Windows/Scalability.ini]
[2020.04.03-16.10.40:121][  0]LogConfig: Setting CVar [[foliage.DensityScale:1.0]]
[2020.04.03-16.10.40:121][  0]LogConfig: Setting CVar [[grass.DensityScale:1.0]]
[2020.04.03-16.10.40:121][  0]LogConfig: Applying CVar settings from Section [Startup] File [../../../Engine/Config/ConsoleVariables.ini]
[2020.04.03-16.10.40:126][  0]LogConfig: Setting CVar [[net.UseAdaptiveNetUpdateFrequency:0]]
[2020.04.03-16.10.40:126][  0]LogConfig: Setting CVar [[p.chaos.AllowCreatePhysxBodies:1]]
[2020.04.03-16.10.40:126][  0]LogConfig: Applying CVar settings from Section [ConsoleVariables] File [D:/GameJams/unga/UngaBunga/Saved/Config/Windows/Engine.ini]
[2020.04.03-16.10.40:126][  0]LogInit: Computer: DESKTOP-MN3TC04
[2020.04.03-16.10.40:126][  0]LogInit: User: Donnie
[2020.04.03-16.10.40:126][  0]LogInit: CPU Page size=4096, Cores=6
[2020.04.03-16.10.40:126][  0]LogInit: High frequency timer resolution =10.000000 MHz
[2020.04.03-16.10.40:126][  0]LogMemory: Memory total: Physical=15.9GB (16GB approx)
[2020.04.03-16.10.40:126][  0]LogMemory: Platform Memory Stats for Windows
[2020.04.03-16.10.40:126][  0]LogMemory: Process Physical Memory: 97.33 MB used, 97.34 MB peak
[2020.04.03-16.10.40:126][  0]LogMemory: Process Virtual Memory: 89.78 MB used, 89.78 MB peak
[2020.04.03-16.10.40:126][  0]LogMemory: Physical Memory: 6335.18 MB used,  9996.01 MB free, 16331.19 MB total
[2020.04.03-16.10.40:126][  0]LogMemory: Virtual Memory: 4660.49 MB used,  134213064.00 MB free, 134217728.00 MB total
[2020.04.03-16.10.40:481][  0]LogInit: Using OS detected language (en-US).
[2020.04.03-16.10.40:481][  0]LogInit: Using OS detected locale (en-US).
[2020.04.03-16.10.40:482][  0]LogTextLocalizationManager: No specific localization for 'en-US' exists, so the 'en' localization will be used.
[2020.04.03-16.10.40:672][  0]LogInit: Setting process to per monitor DPI aware
[2020.04.03-16.10.40:765][  0]LogSlate: New Slate User Created.  User Index 0, Is Virtual User: 0
[2020.04.03-16.10.40:766][  0]LogSlate: Slate User Registered.  User Index 0, Is Virtual User: 0
[2020.04.03-16.10.42:840][  0]LogHMD: Failed to initialize OpenVR with code 110
[2020.04.03-16.10.42:840][  0]LogD3D11RHI: D3D11 adapters:
[2020.04.03-16.10.42:921][  0]LogD3D11RHI:    0. 'NVIDIA GeForce RTX 2060' (Feature Level 11_0)
[2020.04.03-16.10.42:921][  0]LogD3D11RHI:       5980/0/8165 MB DedicatedVideo/DedicatedSystem/SharedSystem, Outputs:1, VendorId:0x10de
[2020.04.03-16.10.42:923][  0]LogD3D11RHI:    1. 'Microsoft Basic Render Driver' (Feature Level 11_0)
[2020.04.03-16.10.42:923][  0]LogD3D11RHI:       0/0/8165 MB DedicatedVideo/DedicatedSystem/SharedSystem, Outputs:0, VendorId:0x1414
[2020.04.03-16.10.42:923][  0]LogD3D11RHI: Chosen D3D11 Adapter: 0
[2020.04.03-16.10.42:931][  0]LogD3D11RHI: Creating new Direct3DDevice
[2020.04.03-16.10.42:931][  0]LogD3D11RHI:     GPU DeviceId: 0x1f08 (for the marketing name, search the web for "GPU Device Id")
[2020.04.03-16.10.42:931][  0]LogWindows: EnumDisplayDevices:
[2020.04.03-16.10.42:932][  0]LogWindows:    0. 'NVIDIA GeForce RTX 2060' (P:1 D:1)
[2020.04.03-16.10.42:932][  0]LogWindows:    1. 'NVIDIA GeForce RTX 2060' (P:0 D:0)
[2020.04.03-16.10.42:932][  0]LogWindows:    2. 'NVIDIA GeForce RTX 2060' (P:0 D:0)
[2020.04.03-16.10.42:932][  0]LogWindows:    3. 'NVIDIA GeForce RTX 2060' (P:0 D:0)
[2020.04.03-16.10.42:932][  0]LogWindows: DebugString: FoundDriverCount:4 
[2020.04.03-16.10.42:932][  0]LogD3D11RHI:     Adapter Name: NVIDIA GeForce RTX 2060
[2020.04.03-16.10.42:932][  0]LogD3D11RHI:   Driver Version: 441.66 (internal:26.21.14.4166, unified:441.66)
[2020.04.03-16.10.42:932][  0]LogD3D11RHI:      Driver Date: 12-6-2019
[2020.04.03-16.10.42:932][  0]LogRHI: Texture pool is 4186 MB (70% of 5980 MB)
[2020.04.03-16.10.42:981][  0]LogD3D11RHI: Async texture creation enabled
[2020.04.03-16.10.43:001][  0]LogRendererCore: FGlobalReadBuffer::InitRHI
[2020.04.03-16.10.43:001][  0]LogRendererCore: FGlobalReadBuffer::InitRHI
[2020.04.03-16.10.43:001][  0]LogRendererCore: FGlobalReadBuffer::InitRHI
[2020.04.03-16.10.43:009][  0]LogD3D11RHI: GPU Timing Frequency: 1000.000000 (Debug: 2 1)
[2020.04.03-16.10.43:496][  0]LogTemp: Display: Module 'AllDesktopTargetPlatform' loaded TargetPlatform 'AllDesktop'
[2020.04.03-16.10.43:531][  0]LogTemp: Display: Module 'MacClientTargetPlatform' loaded TargetPlatform 'MacClient'
[2020.04.03-16.10.43:562][  0]LogTemp: Display: Module 'MacNoEditorTargetPlatform' loaded TargetPlatform 'MacNoEditor'
[2020.04.03-16.10.43:594][  0]LogTemp: Display: Module 'MacServerTargetPlatform' loaded TargetPlatform 'MacServer'
[2020.04.03-16.10.43:678][  0]LogTemp: Display: Module 'MacTargetPlatform' loaded TargetPlatform 'Mac'
[2020.04.03-16.10.43:716][  0]LogTemp: Display: Module 'WindowsClientTargetPlatform' loaded TargetPlatform 'WindowsClient'
[2020.04.03-16.10.43:750][  0]LogTemp: Display: Module 'WindowsNoEditorTargetPlatform' loaded TargetPlatform 'WindowsNoEditor'
[2020.04.03-16.10.43:782][  0]LogTemp: Display: Module 'WindowsServerTargetPlatform' loaded TargetPlatform 'WindowsServer'
[2020.04.03-16.10.43:812][  0]LogTemp: Display: Module 'WindowsTargetPlatform' loaded TargetPlatform 'Windows'
[2020.04.03-16.10.43:933][  0]LogTemp: Display: Module 'AndroidTargetPlatform' loaded TargetPlatform 'Android'
[2020.04.03-16.10.43:933][  0]LogTemp: Display: Module 'AndroidTargetPlatform' loaded TargetPlatform 'Android_ASTC'
[2020.04.03-16.10.43:933][  0]LogTemp: Display: Module 'AndroidTargetPlatform' loaded TargetPlatform 'Android_ATC'
[2020.04.03-16.10.43:933][  0]LogTemp: Display: Module 'AndroidTargetPlatform' loaded TargetPlatform 'Android_DXT'
[2020.04.03-16.10.43:933][  0]LogTemp: Display: Module 'AndroidTargetPlatform' loaded TargetPlatform 'Android_ETC1'
[2020.04.03-16.10.43:933][  0]LogTemp: Display: Module 'AndroidTargetPlatform' loaded TargetPlatform 'Android_ETC1a'
[2020.04.03-16.10.43:933][  0]LogTemp: Display: Module 'AndroidTargetPlatform' loaded TargetPlatform 'Android_ETC2'
[2020.04.03-16.10.43:933][  0]LogTemp: Display: Module 'AndroidTargetPlatform' loaded TargetPlatform 'Android_PVRTC'
[2020.04.03-16.10.43:933][  0]LogTemp: Display: Module 'AndroidTargetPlatform' loaded TargetPlatform 'AndroidClient'
[2020.04.03-16.10.43:933][  0]LogTemp: Display: Module 'AndroidTargetPlatform' loaded TargetPlatform 'Android_ASTCClient'
[2020.04.03-16.10.43:933][  0]LogTemp: Display: Module 'AndroidTargetPlatform' loaded TargetPlatform 'Android_ATCClient'
[2020.04.03-16.10.43:933][  0]LogTemp: Display: Module 'AndroidTargetPlatform' loaded TargetPlatform 'Android_DXTClient'
[2020.04.03-16.10.43:933][  0]LogTemp: Display: Module 'AndroidTargetPlatform' loaded TargetPlatform 'Android_ETC1Client'
[2020.04.03-16.10.43:933][  0]LogTemp: Display: Module 'AndroidTargetPlatform' loaded TargetPlatform 'Android_ETC1aClient'
[2020.04.03-16.10.43:933][  0]LogTemp: Display: Module 'AndroidTargetPlatform' loaded TargetPlatform 'Android_ETC2Client'
[2020.04.03-16.10.43:933][  0]LogTemp: Display: Module 'AndroidTargetPlatform' loaded TargetPlatform 'Android_PVRTCClient'
[2020.04.03-16.10.43:933][  0]LogTemp: Display: Module 'AndroidTargetPlatform' loaded TargetPlatform 'Android_Multi'
[2020.04.03-16.10.43:933][  0]LogTemp: Display: Module 'AndroidTargetPlatform' loaded TargetPlatform 'Android_MultiClient'
[2020.04.03-16.10.43:965][  0]LogTemp: Display: Module 'HTML5TargetPlatform' loaded TargetPlatform 'HTML5'
[2020.04.03-16.10.44:093][  0]LogTemp: Display: Module 'IOSTargetPlatform' loaded TargetPlatform 'IOSClient'
[2020.04.03-16.10.44:093][  0]LogTemp: Display: Module 'IOSTargetPlatform' loaded TargetPlatform 'IOS'
[2020.04.03-16.10.44:167][  0]LogTemp: Display: Module 'TVOSTargetPlatform' loaded TargetPlatform 'TVOSClient'
[2020.04.03-16.10.44:167][  0]LogTemp: Display: Module 'TVOSTargetPlatform' loaded TargetPlatform 'TVOS'
[2020.04.03-16.10.44:207][  0]LogTemp: Display: Module 'LinuxClientTargetPlatform' loaded TargetPlatform 'LinuxClient'
[2020.04.03-16.10.44:236][  0]LogTemp: Display: Module 'LinuxNoEditorTargetPlatform' loaded TargetPlatform 'LinuxNoEditor'
[2020.04.03-16.10.44:265][  0]LogTemp: Display: Module 'LinuxServerTargetPlatform' loaded TargetPlatform 'LinuxServer'
[2020.04.03-16.10.44:303][  0]LogTemp: Display: Module 'LinuxTargetPlatform' loaded TargetPlatform 'Linux'
[2020.04.03-16.10.44:370][  0]LogTemp: Display: Module 'LuminTargetPlatform' loaded TargetPlatform 'Lumin'
[2020.04.03-16.10.44:370][  0]LogTemp: Display: Module 'LuminTargetPlatform' loaded TargetPlatform 'LuminClient'
[2020.04.03-16.10.44:370][  0]LogTargetPlatformManager: Display: Building Assets For Windows
[2020.04.03-16.10.44:488][  0]LogAudioDebug: Display: Lib vorbis DLL was dynamically loaded.
[2020.04.03-16.10.45:082][  0]LogShaderCompilers: Guid format shader working directory is 12 characters bigger than the processId version (../../../../GameJams/unga/UngaBunga/Intermediate/Shaders/WorkingDirectory/7140/).
[2020.04.03-16.10.45:082][  0]LogShaderCompilers: Cleaned the shader compiler working directory 'C:/Users/Donnie/AppData/Local/Temp/UnrealShaderWorkingDir/FA911A0A41DC1A3840879D9E7217230A/'.
[2020.04.03-16.10.45:083][  0]LogXGEController: Cleaning working directory: C:/Users/Donnie/AppData/Local/Temp/UnrealXGEWorkingDir/
[2020.04.03-16.10.45:084][  0]LogXGEController: Cannot use XGE Controller as Incredibuild is not installed on this machine.
[2020.04.03-16.10.45:084][  0]LogShaderCompilers: Cannot use XGE Shader Compiler as Incredibuild is not installed on this machine.
[2020.04.03-16.10.45:084][  0]LogShaderCompilers: Display: Using Local Shader Compiler.
[2020.04.03-16.10.47:156][  0]LogDerivedDataCache: Display: Max Cache Size: 512 MB
[2020.04.03-16.10.47:204][  0]LogDerivedDataCache: Loaded boot cache 0.05s 71MB C:/Users/Donnie/AppData/Local/UnrealEngine/4.22/DerivedDataCache/Boot.ddc.
[2020.04.03-16.10.47:204][  0]LogDerivedDataCache: Display: Loaded Boot cache: C:/Users/Donnie/AppData/Local/UnrealEngine/4.22/DerivedDataCache/Boot.ddc
[2020.04.03-16.10.47:204][  0]LogDerivedDataCache: FDerivedDataBackendGraph:  Pak pak cache file ../../../../GameJams/unga/UngaBunga/DerivedDataCache/DDC.ddp not found, will not use a pak cache.
[2020.04.03-16.10.47:204][  0]LogDerivedDataCache: Unable to find inner node Pak for hierarchical cache Hierarchy.
[2020.04.03-16.10.47:204][  0]LogDerivedDataCache: FDerivedDataBackendGraph:  CompressedPak pak cache file ../../../../GameJams/unga/UngaBunga/DerivedDataCache/Compressed.ddp not found, will not use a pak cache.
[2020.04.03-16.10.47:204][  0]LogDerivedDataCache: Unable to find inner node CompressedPak for hierarchical cache Hierarchy.
[2020.04.03-16.10.47:235][  0]LogDerivedDataCache: Display: Pak cache opened for reading ../../../Engine/DerivedDataCache/Compressed.ddp.
[2020.04.03-16.10.47:235][  0]LogDerivedDataCache: FDerivedDataBackendGraph:  EnterprisePak pak cache file ../../../Enterprise/DerivedDataCache/Compressed.ddp not found, will not use a pak cache.
[2020.04.03-16.10.47:235][  0]LogDerivedDataCache: Unable to find inner node EnterprisePak for hierarchical cache Hierarchy.
[2020.04.03-16.10.47:247][  0]LogDerivedDataCache: Using Local data cache path C:/Users/Donnie/AppData/Local/UnrealEngine/Common/DerivedDataCache: Writable
[2020.04.03-16.10.47:247][  0]LogDerivedDataCache: Shared data cache path not found in *engine.ini, will not use an Shared cache.
[2020.04.03-16.10.47:247][  0]LogDerivedDataCache: Unable to find inner node Shared for hierarchical cache Hierarchy.
[2020.04.03-16.10.47:268][  0]LogMaterial: Verifying Global Shaders for PCD3D_SM5
[2020.04.03-16.10.47:269][  0]LogSlate: Using FreeType 2.6.0
[2020.04.03-16.10.47:283][  0]LogSlate: SlateFontServices - WITH_FREETYPE: 1, WITH_HARFBUZZ: 1
[2020.04.03-16.10.47:473][  0]LogAssetRegistry: FAssetRegistry took 0.0349 seconds to start up
[2020.04.03-16.10.47:817][  0]LogInit: Selected Device Profile: [Windows]
[2020.04.03-16.10.48:448][  0]LogMeshReduction: Using QuadricMeshReduction for automatic static mesh reduction
[2020.04.03-16.10.48:449][  0]LogMeshReduction: Using SimplygonMeshReduction for automatic skeletal mesh reduction
[2020.04.03-16.10.48:449][  0]LogMeshReduction: Using ProxyLODMeshReduction for automatic mesh merging
[2020.04.03-16.10.48:449][  0]LogMeshReduction: No distributed automatic mesh merging module available
[2020.04.03-16.10.48:449][  0]LogMeshMerging: No distributed automatic mesh merging module available
[2020.04.03-16.10.48:529][  0]LogNetVersion: unga 1.0.0, NetCL: 5660361, EngineNetVer: 10, GameNetVer: 0 (Checksum: 2805561233)
[2020.04.03-16.10.49:776][  0]LogPackageLocalizationCache: Processed 11 localized package path(s) for 1 prioritized culture(s) in 0.050503 seconds
[2020.04.03-16.10.49:783][  0]LogUObjectArray: 42205 objects as part of root set at end of initial load.
[2020.04.03-16.10.49:783][  0]LogUObjectAllocator: 7325032 out of 0 bytes used by permanent object pool.
[2020.04.03-16.10.49:783][  0]LogUObjectArray: CloseDisregardForGC: 0/0 objects in disregard for GC pool
[2020.04.03-16.10.53:690][  0]LogTcpMessaging: Initializing TcpMessaging bridge
[2020.04.03-16.10.53:731][  0]LogUdpMessaging: Initializing bridge on interface 0.0.0.0:0 to multicast group 230.0.0.1:6666.
[2020.04.03-16.10.53:787][  0]LogUdpMessaging: Initializing tunnel on interface 0.0.0.0:0 to multicast group 230.0.0.1:6666.
[2020.04.03-16.10.54:691][  0]SourceControl: Source control is disabled
[2020.04.03-16.10.56:808][  0]LogAndroidPermission: UAndroidPermissionCallbackProxy::GetInstance
[2020.04.03-16.10.57:423][  0]LogOcInput: OculusInput pre-init called
[2020.04.03-16.10.58:692][  0]LogEngine: Initializing Engine...
[2020.04.03-16.10.58:693][  0]LogHMD: Failed to initialize OpenVR with code 110
[2020.04.03-16.10.58:694][  0]LogStats: UGameplayTagsManager::InitializeManager -  0.000 s
[2020.04.03-16.10.59:178][  0]LogInit: Initializing FReadOnlyCVARCache
[2020.04.03-16.10.59:222][  0]LogAIModule: Creating AISystem for world Untitled
[2020.04.03-16.10.59:248][  0]LogInit: XAudio2 using 'Speakers (Realtek(R) Audio)' : 2 channels at 48 kHz using 32 bits per sample (channel mask 0x3)
[2020.04.03-16.10.59:303][  0]LogInit: FAudioDevice initialized.
[2020.04.03-16.10.59:303][  0]LogNetVersion: Set ProjectVersion to 1.0.0.0. Version Checksum will be recalculated on next use.
[2020.04.03-16.10.59:396][  0]LogDerivedDataCache: Saved boot cache 0.09s 71MB C:/Users/Donnie/AppData/Local/UnrealEngine/4.22/DerivedDataCache/Boot.ddc.
[2020.04.03-16.10.59:401][  0]LogInit: Texture streaming: Enabled
[2020.04.03-16.10.59:768][  0]LogEngineSessionManager: EngineSessionManager initialized
[2020.04.03-16.10.59:891][  0]LogInit: Transaction tracking system initialized
[2020.04.03-16.11.00:096][  0]BlueprintLog: New page: Editor Load
[2020.04.03-16.11.00:906][  0]LocalizationService: Localization service is disabled
[2020.04.03-16.11.02:114][  0]LogFileCache: Scanning file cache for directory 'D:/GameJams/unga/UngaBunga/Content/' took 0.02s
[2020.04.03-16.11.02:114][  0]LogCook: Display: Max memory allowance for cook 16384mb min free memory 0mb
[2020.04.03-16.11.02:114][  0]LogCook: Display: Mobile HDR setting 1
[2020.04.03-16.11.03:471][  0]Cmd: MAP LOAD FILE="../../../../GameJams/unga/UngaBunga/Content/FirstPersonBP/Maps/FirstPersonExampleMap.umap" TEMPLATE=0 SHOWPROGRESS=1 FEATURELEVEL=3
[2020.04.03-16.11.03:476][  0]LightingResults: New page: Lighting Build
[2020.04.03-16.11.03:478][  0]MapCheck: New page: Map Check
[2020.04.03-16.11.03:478][  0]LightingResults: New page: Lighting Build
[2020.04.03-16.11.03:508][  0]LogUObjectHash: Compacting FUObjectHashTables data took   1.50ms
[2020.04.03-16.11.04:344][  0]LogAIModule: Creating AISystem for world FirstPersonExampleMap
[2020.04.03-16.11.04:375][  0]LogEditorServer: Finished looking for orphan Actors (0.000 secs)
[2020.04.03-16.11.04:411][  0]LogUObjectHash: Compacting FUObjectHashTables data took   1.93ms
[2020.04.03-16.11.04:411][  0]Cmd: MAP CHECKDEP NOCLEARLOG
[2020.04.03-16.11.04:411][  0]MapCheck: Map check complete: 0 Error(s), 0 Warning(s), took 0.099ms to complete.
[2020.04.03-16.11.04:411][  0]LogFileHelpers: Loading map 'FirstPersonExampleMap' took 0.941
[2020.04.03-16.11.04:607][  0]LogSlate: Updating window title bar state: overlay mode, drag disabled, window buttons hidden, title bar hidden
[2020.04.03-16.11.04:615][  0]LogSlate: Updating window title bar state: overlay mode, drag disabled, window buttons hidden, title bar hidden
[2020.04.03-16.11.04:623][  0]LogSlate: Updating window title bar state: overlay mode, drag disabled, window buttons hidden, title bar hidden
[2020.04.03-16.11.04:633][  0]LogSlate: Updating window title bar state: overlay mode, drag disabled, window buttons hidden, title bar hidden
[2020.04.03-16.11.04:711][  0]LogCollectionManager: Loaded 0 collections in 0.001138 seconds
[2020.04.03-16.11.04:750][  0]LogFileCache: Scanning file cache for directory 'D:/GameJams/unga/UngaBunga/Saved/Collections/' took 0.01s
[2020.04.03-16.11.04:750][  0]LogFileCache: Scanning file cache for directory 'D:/GameJams/unga/UngaBunga/Content/Developers/Donnie/Collections/' took 0.01s
[2020.04.03-16.11.04:750][  0]LogFileCache: Scanning file cache for directory 'D:/GameJams/unga/UngaBunga/Content/Collections/' took 0.01s
[2020.04.03-16.11.04:750][  0]LogCollectionManager: Rebuilt the GUID cache for 0 collections in 0.000000 seconds
[2020.04.03-16.11.04:761][  0]LogContentBrowser: Native class hierarchy populated in 0.0102 seconds. Added 2741 classes and 672 folders.
[2020.04.03-16.11.04:765][  0]LogContentBrowser: Native class hierarchy updated for 'WidgetCarousel' in 0.0003 seconds. Added 0 classes and 0 folders.
[2020.04.03-16.11.04:802][  0]LogPakFile: Registered encryption key '00000000000000000000000000000000': 0 pak files mounted, 0 remain pending
[2020.04.03-16.11.04:821][  0]LogPakFile: Registered encryption key '00000000000000000000000000000000': 0 pak files mounted, 0 remain pending
[2020.04.03-16.11.04:846][  0]LogPakFile: Registered encryption key '00000000000000000000000000000000': 0 pak files mounted, 0 remain pending
[2020.04.03-16.11.04:862][  0]LogPakFile: Registered encryption key '00000000000000000000000000000000': 0 pak files mounted, 0 remain pending
[2020.04.03-16.11.04:908][  0]LogPakFile: Registered encryption key '00000000000000000000000000000000': 0 pak files mounted, 0 remain pending
[2020.04.03-16.11.04:927][  0]LogPakFile: Registered encryption key '00000000000000000000000000000000': 0 pak files mounted, 0 remain pending
[2020.04.03-16.11.04:941][  0]LogPakFile: Registered encryption key '00000000000000000000000000000000': 0 pak files mounted, 0 remain pending
[2020.04.03-16.11.04:954][  0]LogPakFile: Registered encryption key '00000000000000000000000000000000': 0 pak files mounted, 0 remain pending
[2020.04.03-16.11.04:964][  0]LogPakFile: Registered encryption key '00000000000000000000000000000000': 0 pak files mounted, 0 remain pending
[2020.04.03-16.11.04:977][  0]LogPakFile: Registered encryption key '00000000000000000000000000000000': 0 pak files mounted, 0 remain pending
[2020.04.03-16.11.04:989][  0]LogPakFile: Registered encryption key '00000000000000000000000000000000': 0 pak files mounted, 0 remain pending
[2020.04.03-16.11.05:001][  0]LogPakFile: Registered encryption key '00000000000000000000000000000000': 0 pak files mounted, 0 remain pending
[2020.04.03-16.11.05:011][  0]LogPakFile: Registered encryption key '00000000000000000000000000000000': 0 pak files mounted, 0 remain pending
[2020.04.03-16.11.05:026][  0]LogPakFile: Registered encryption key '00000000000000000000000000000000': 0 pak files mounted, 0 remain pending
[2020.04.03-16.11.05:036][  0]LogPakFile: Registered encryption key '00000000000000000000000000000000': 0 pak files mounted, 0 remain pending
[2020.04.03-16.11.05:048][  0]LogPakFile: Registered encryption key '00000000000000000000000000000000': 0 pak files mounted, 0 remain pending
[2020.04.03-16.11.05:088][  0]LogPakFile: Registered encryption key '00000000000000000000000000000000': 0 pak files mounted, 0 remain pending
[2020.04.03-16.11.05:101][  0]LogPakFile: Registered encryption key '00000000000000000000000000000000': 0 pak files mounted, 0 remain pending
[2020.04.03-16.11.05:154][  0]LogPakFile: Registered encryption key '00000000000000000000000000000000': 0 pak files mounted, 0 remain pending
[2020.04.03-16.11.05:174][  0]LogPakFile: Registered encryption key '00000000000000000000000000000000': 0 pak files mounted, 0 remain pending
[2020.04.03-16.11.05:188][  0]LogPakFile: Registered encryption key '00000000000000000000000000000000': 0 pak files mounted, 0 remain pending
[2020.04.03-16.11.05:202][  0]LogPakFile: Registered encryption key '00000000000000000000000000000000': 0 pak files mounted, 0 remain pending
[2020.04.03-16.11.05:213][  0]LogPakFile: Registered encryption key '00000000000000000000000000000000': 0 pak files mounted, 0 remain pending
[2020.04.03-16.11.05:226][  0]LogPakFile: Registered encryption key '00000000000000000000000000000000': 0 pak files mounted, 0 remain pending
[2020.04.03-16.11.05:241][  0]LogPakFile: Registered encryption key '00000000000000000000000000000000': 0 pak files mounted, 0 remain pending
[2020.04.03-16.11.05:255][  0]LogPakFile: Registered encryption key '00000000000000000000000000000000': 0 pak files mounted, 0 remain pending
[2020.04.03-16.11.05:940][  0]LogContentBrowser: Native class hierarchy updated for 'AddContentDialog' in 0.0003 seconds. Added 0 classes and 0 folders.
[2020.04.03-16.11.05:995][  0]LogContentBrowser: Native class hierarchy updated for 'SceneOutliner' in 0.0004 seconds. Added 1 classes and 2 folders.
[2020.04.03-16.11.06:027][  0]LogSlate: Took 0.010731 seconds to synchronously load lazily loaded font '../../../Engine/Content/Slate/Fonts/Roboto-Regular.ttf' (155K)
[2020.04.03-16.11.06:033][  0]LogSlate: Took 0.004782 seconds to synchronously load lazily loaded font '../../../Engine/Content/Slate/Fonts/Roboto-Bold.ttf' (160K)
[2020.04.03-16.11.06:055][  0]LogSlate: Took 0.017060 seconds to synchronously load lazily loaded font '../../../Engine/Content/Editor/Slate/Fonts/FontAwesome.ttf' (139K)
[2020.04.03-16.11.06:210][  0]LogRenderer: Reallocating scene render targets to support 1092x572 Format 10 NumSamples 1 (Frame:1).
[2020.04.03-16.11.06:376][  0]LogContentBrowser: Native class hierarchy updated for 'HierarchicalLODOutliner' in 0.0004 seconds. Added 0 classes and 0 folders.
[2020.04.03-16.11.06:376][  0]LogLoad: (Engine Initialization) Total time: 31.10 seconds
[2020.04.03-16.11.06:376][  0]LogLoad: (Engine Initialization) Total Blueprint compile time: 0.00 seconds
[2020.04.03-16.11.06:414][  0]LogAssetRegistry: Asset discovery search completed in 18.9639 seconds
[2020.04.03-16.11.06:417][  0]LogCollectionManager: Rebuilt the object cache for 0 collections in 0.000000 seconds (found 0 objects)
[2020.04.03-16.11.06:417][  0]LogCollectionManager: Fixed up redirectors for 0 collections in 0.000080 seconds (updated 0 objects)
[2020.04.03-16.11.06:420][  0]LogContentStreaming: Texture pool size now 1000 MB
[2020.04.03-16.11.06:467][  0]LogSlate: Took 0.013346 seconds to synchronously load lazily loaded font '../../../Engine/Content/Slate/Fonts/Roboto-Light.ttf' (167K)
[2020.04.03-16.11.27:271][302]LogSlate: FSceneViewport::OnFocusLost() reason 0
[2020.04.03-16.21.33:343][635]LogSlate: Window 'Source Control Login' being destroyed
[2020.04.03-16.21.36:963][  7]SourceControl: fatal: D:/UE_4.22/Engine/Content: 'D:/UE_4.22/Engine/Content' is outside repository at 'D:/GameJams/unga/UngaBunga'
[2020.04.03-16.21.37:119][  7]EditorErrors: Warning: No assets to check in!
[2020.04.03-16.21.54:842][797]LogSlate: Only BGRA pngs, bmps or icos are supported in by External Image Picker
[2020.04.03-16.22.06:419][ 14]LogSlate: Window 'Project Settings' being destroyed
[2020.04.03-16.22.06:426][ 14]LogSlate: Window 'Project Settings' being destroyed
[2020.04.03-16.22.16:304][125]Cmd: CLOSE_SLATE_MAINFRAME
[2020.04.03-16.22.16:335][125]LogUObjectHash: Compacting FUObjectHashTables data took   1.73ms
[2020.04.03-16.22.16:397][125]LogSlate: Window 'Plugins' being destroyed
[2020.04.03-16.22.16:403][125]LogDirectoryWatcher: A directory notification for '../../../Engine/Plugins/' was aborted.
[2020.04.03-16.22.16:404][125]LogSlate: Window 'unga - Unreal Editor' being destroyed
[2020.04.03-16.22.16:645][126]Cmd: QUIT_EDITOR
[2020.04.03-16.22.16:702][126]LogWindowsTextInputMethodSystem: Display: IME system now deactivated.
[2020.04.03-16.22.16:706][126]LogExit: Preparing to exit.
[2020.04.03-16.22.17:958][126]LogExit: Editor shut down
[2020.04.03-16.22.17:958][126]LogExit: Transaction tracking system shut down
[2020.04.03-16.22.18:206][126]LogExit: Object subsystem successfully closed.
[2020.04.03-16.22.18:231][126]LogShaderCompilers: Display: Shaders left to compile 0
[2020.04.03-16.22.18:234][126]LogD3D11RHI: Shutdown
[2020.04.03-16.22.18:234][126]LogD3D11RHI: CleanupD3DDevice
[2020.04.03-16.22.18:234][126]LogRendererCore: FGlobalReadBuffer::ReleaseRHI
[2020.04.03-16.22.18:234][126]LogRendererCore: FGlobalDynamicReadBuffer::Cleanup()
[2020.04.03-16.22.18:234][126]LogRendererCore: FGlobalReadBuffer::ReleaseRHI
[2020.04.03-16.22.18:234][126]LogRendererCore: FGlobalDynamicReadBuffer::Cleanup()
[2020.04.03-16.22.18:234][126]LogRendererCore: FGlobalReadBuffer::ReleaseRHI
[2020.04.03-16.22.18:234][126]LogRendererCore: FGlobalDynamicReadBuffer::Cleanup()
[2020.04.03-16.22.18:298][126]LogD3D11RHI: ~FD3D11DynamicRHI
[2020.04.03-16.22.18:307][126]LogModuleManager: Shutting down and abandoning module ExternalImagePicker (658)
[2020.04.03-16.22.18:307][126]LogModuleManager: Shutting down and abandoning module HierarchicalLODOutliner (656)
[2020.04.03-16.22.18:307][126]LogModuleManager: Shutting down and abandoning module SceneOutliner (654)
[2020.04.03-16.22.18:307][126]LogModuleManager: Shutting down and abandoning module AddContentDialog (652)
[2020.04.03-16.22.18:307][126]LogModuleManager: Shutting down and abandoning module WidgetCarousel (651)
[2020.04.03-16.22.18:307][126]LogModuleManager: Shutting down and abandoning module EditorWidgets (648)
[2020.04.03-16.22.18:307][126]LogModuleManager: Shutting down and abandoning module CollectionManager (646)
[2020.04.03-16.22.18:307][126]LogModuleManager: Shutting down and abandoning module StatsViewer (644)
[2020.04.03-16.22.18:307][126]LogModuleManager: Shutting down and abandoning module FoliageEdit (642)
[2020.04.03-16.22.18:307][126]LogModuleManager: Shutting down and abandoning module LandscapeEditor (640)
[2020.04.03-16.22.18:307][126]LogModuleManager: Shutting down and abandoning module MeshPaintMode (638)
[2020.04.03-16.22.18:307][126]LogModuleManager: Shutting down and abandoning module SceneDepthPickerMode (636)
[2020.04.03-16.22.18:307][126]LogModuleManager: Shutting down and abandoning module ActorPickerMode (634)
[2020.04.03-16.22.18:307][126]LogModuleManager: Shutting down and abandoning module GeometryMode (632)
[2020.04.03-16.22.18:308][126]LogModuleManager: Shutting down and abandoning module TextureAlignMode (630)
[2020.04.03-16.22.18:308][126]LogModuleManager: Shutting down and abandoning module BspMode (628)
[2020.04.03-16.22.18:308][126]LogModuleManager: Shutting down and abandoning module PIEPreviewDeviceProfileSelector (626)
[2020.04.03-16.22.18:308][126]LogModuleManager: Shutting down and abandoning module SequenceRecorderSections (624)
[2020.04.03-16.22.18:308][126]LogModuleManager: Shutting down and abandoning module AutomationWorker (622)
[2020.04.03-16.22.18:308][126]LogModuleManager: Shutting down and abandoning module OculusMR (620)
[2020.04.03-16.22.18:308][126]LogModuleManager: Shutting down and abandoning module AudioCaptureEditor (618)
[2020.04.03-16.22.18:308][126]LogModuleManager: Shutting down and abandoning module MatineeToLevelSequence (616)
[2020.04.03-16.22.18:308][126]LogModuleManager: Shutting down and abandoning module LevelSequenceEditor (614)
[2020.04.03-16.22.18:308][126]LogModuleManager: Shutting down and abandoning module PlacementMode (613)
[2020.04.03-16.22.18:308][126]LogModuleManager: Shutting down and abandoning module MaterialEditor (612)
[2020.04.03-16.22.18:308][126]LogModuleManager: Shutting down and abandoning module ActorSequenceEditor (608)
[2020.04.03-16.22.18:308][126]LogModuleManager: Shutting down and abandoning module WmfMediaFactory (606)
[2020.04.03-16.22.18:308][126]LogModuleManager: Shutting down and abandoning module WmfMediaEditor (604)
[2020.04.03-16.22.18:308][126]LogModuleManager: Shutting down and abandoning module WebMMediaFactory (602)
[2020.04.03-16.22.18:308][126]LogModuleManager: Shutting down and abandoning module WebMMediaEditor (600)
[2020.04.03-16.22.18:308][126]LogModuleManager: Shutting down and abandoning module WebMMedia (598)
[2020.04.03-16.22.18:308][126]LogModuleManager: Shutting down and abandoning module MediaPlayerEditor (596)
[2020.04.03-16.22.18:308][126]LogModuleManager: Shutting down and abandoning module MediaCompositingEditor (594)
[2020.04.03-16.22.18:308][126]LogModuleManager: Shutting down and abandoning module SequenceRecorder (593)
[2020.04.03-16.22.18:308][126]LogModuleManager: Shutting down and abandoning module OpenExrWrapper (590)
[2020.04.03-16.22.18:308][126]LogModuleManager: Shutting down and abandoning module ImgMediaFactory (588)
[2020.04.03-16.22.18:308][126]LogModuleManager: Shutting down and abandoning module ImgMediaEditor (586)
[2020.04.03-16.22.18:308][126]LogModuleManager: Shutting down and abandoning module AvfMediaFactory (584)
[2020.04.03-16.22.18:308][126]LogModuleManager: Shutting down and abandoning module AvfMediaEditor (582)
[2020.04.03-16.22.18:308][126]LogModuleManager: Shutting down and abandoning module AndroidMediaFactory (580)
[2020.04.03-16.22.18:308][126]LogModuleManager: Shutting down and abandoning module AndroidMediaEditor (578)
[2020.04.03-16.22.18:308][126]LogModuleManager: Shutting down and abandoning module MagicLeapCameraPreviewFactory (576)
[2020.04.03-16.22.18:308][126]LogModuleManager: Shutting down and abandoning module MagicLeapMediaCodecFactory (574)
[2020.04.03-16.22.18:308][126]LogModuleManager: Shutting down and abandoning module MagicLeapMediaFactory (572)
[2020.04.03-16.22.18:308][126]LogModuleManager: Shutting down and abandoning module MagicLeapMediaEditor (570)
[2020.04.03-16.22.18:308][126]LogModuleManager: Shutting down and abandoning module CharacterAI (568)
[2020.04.03-16.22.18:308][126]LogModuleManager: Shutting down and abandoning module SmartSnapping (566)
[2020.04.03-16.22.18:308][126]LogModuleManager: Shutting down and abandoning module SessionServices (564)
[2020.04.03-16.22.18:308][126]LogModuleManager: Shutting down and abandoning module MeshPaint (562)
[2020.04.03-16.22.18:308][126]LogModuleManager: Shutting down and abandoning module ViewportSnapping (560)
[2020.04.03-16.22.18:308][126]LogModuleManager: Shutting down and abandoning module ViewportInteraction (558)
[2020.04.03-16.22.18:308][126]LogModuleManager: Shutting down and abandoning module ClothPainter (556)
[2020.04.03-16.22.18:308][126]LogModuleManager: Shutting down and abandoning module SkeletalMeshEditor (555)
[2020.04.03-16.22.18:308][126]LogModuleManager: Shutting down and abandoning module LogVisualizer (552)
[2020.04.03-16.22.18:308][126]LogModuleManager: Shutting down and abandoning module IntroTutorials (550)
[2020.04.03-16.22.18:308][126]LogModuleManager: Shutting down and abandoning module GameProjectGeneration (549)
[2020.04.03-16.22.18:308][126]LogModuleManager: Shutting down and abandoning module LuminPlatformEditor (546)
[2020.04.03-16.22.18:308][126]LogModuleManager: Shutting down and abandoning module IOSPlatformEditor (544)
[2020.04.03-16.22.18:308][126]LogModuleManager: Shutting down and abandoning module HTML5PlatformEditor (542)
[2020.04.03-16.22.18:308][126]LogModuleManager: Shutting down and abandoning module AndroidPlatformEditor (540)
[2020.04.03-16.22.18:308][126]LogModuleManager: Shutting down and abandoning module AndroidDeviceDetection (539)
[2020.04.03-16.22.18:628][126]LogModuleManager: Shutting down and abandoning module WindowsPlatformEditor (536)
[2020.04.03-16.22.18:628][126]LogModuleManager: Shutting down and abandoning module LuminRuntimeSettings (534)
[2020.04.03-16.22.18:628][126]LogModuleManager: Shutting down and abandoning module IOSRuntimeSettings (532)
[2020.04.03-16.22.18:628][126]LogModuleManager: Shutting down and abandoning module AndroidRuntimeSettings (530)
[2020.04.03-16.22.18:628][126]LogModuleManager: Shutting down and abandoning module TimeManagementEditor (528)
[2020.04.03-16.22.18:628][126]LogModuleManager: Shutting down and abandoning module InputBindingEditor (526)
[2020.04.03-16.22.18:628][126]LogModuleManager: Shutting down and abandoning module MergeActors (524)
[2020.04.03-16.22.18:628][126]LogModuleManager: Shutting down and abandoning module LocalizationDashboard (522)
[2020.04.03-16.22.18:628][126]LogModuleManager: Shutting down and abandoning module LocalizationService (521)
[2020.04.03-16.22.18:628][126]LogModuleManager: Shutting down and abandoning module HardwareTargeting (518)
[2020.04.03-16.22.18:628][126]LogModuleManager: Shutting down and abandoning module DeviceProfileEditor (516)
[2020.04.03-16.22.18:628][126]LogModuleManager: Shutting down and abandoning module UndoHistory (514)
[2020.04.03-16.22.18:629][126]LogModuleManager: Shutting down and abandoning module XmlParser (512)
[2020.04.03-16.22.18:629][126]LogModuleManager: Shutting down and abandoning module Blutility (510)
[2020.04.03-16.22.18:629][126]LogModuleManager: Shutting down and abandoning module ProjectSettingsViewer (508)
[2020.04.03-16.22.18:629][126]LogModuleManager: Shutting down and abandoning module ProjectTargetPlatformEditor (507)
[2020.04.03-16.22.18:629][126]LogModuleManager: Shutting down and abandoning module EditorSettingsViewer (504)
[2020.04.03-16.22.18:629][126]LogModuleManager: Shutting down and abandoning module SettingsEditor (502)
[2020.04.03-16.22.18:629][126]LogModuleManager: Shutting down and abandoning module ProjectLauncher (500)
[2020.04.03-16.22.18:629][126]LogModuleManager: Shutting down and abandoning module SessionFrontend (498)
[2020.04.03-16.22.18:629][126]LogModuleManager: Shutting down and abandoning module ProfilerClient (496)
[2020.04.03-16.22.18:629][126]LogModuleManager: Shutting down and abandoning module DeviceManager (494)
[2020.04.03-16.22.18:629][126]LogModuleManager: Shutting down and abandoning module TargetDeviceServices (493)
[2020.04.03-16.22.18:673][126]LogModuleManager: Shutting down and abandoning module AutomationController (490)
[2020.04.03-16.22.18:673][126]LogModuleManager: Shutting down and abandoning module AutomationWindow (488)
[2020.04.03-16.22.18:673][126]LogModuleManager: Shutting down and abandoning module Layers (486)
[2020.04.03-16.22.18:673][126]LogModuleManager: Shutting down and abandoning module ComponentVisualizers (484)
[2020.04.03-16.22.18:673][126]LogModuleManager: Shutting down and abandoning module DetailCustomizations (482)
[2020.04.03-16.22.18:673][126]LogModuleManager: Shutting down and abandoning module PackagesDialog (480)
[2020.04.03-16.22.18:673][126]LogModuleManager: Shutting down and abandoning module AnimationBlueprintEditor (478)
[2020.04.03-16.22.18:673][126]LogModuleManager: Shutting down and abandoning module Persona (476)
[2020.04.03-16.22.18:673][126]LogModuleManager: Shutting down and abandoning module AdvancedPreviewScene (475)
[2020.04.03-16.22.18:673][126]LogModuleManager: Shutting down and abandoning module AnimGraph (473)
[2020.04.03-16.22.18:673][126]LogModuleManager: Shutting down and abandoning module Kismet (470)
[2020.04.03-16.22.18:673][126]LogModuleManager: Shutting down and abandoning module GraphEditor (468)
[2020.04.03-16.22.18:673][126]LogModuleManager: Shutting down and abandoning module ClassViewer (466)
[2020.04.03-16.22.18:673][126]LogModuleManager: Shutting down and abandoning module Toolbox (464)
[2020.04.03-16.22.18:673][126]LogModuleManager: Shutting down and abandoning module ModuleUI (462)
[2020.04.03-16.22.18:673][126]LogModuleManager: Shutting down and abandoning module MovieSceneTools (460)
[2020.04.03-16.22.18:673][126]LogModuleManager: Shutting down and abandoning module OutputLog (458)
[2020.04.03-16.22.18:673][126]LogModuleManager: Shutting down and abandoning module GammaUI (456)
[2020.04.03-16.22.18:673][126]LogModuleManager: Shutting down and abandoning module Documentation (454)
[2020.04.03-16.22.18:674][126]LogModuleManager: Shutting down and abandoning module LiveCoding (452)
[2020.04.03-16.22.18:674][126]LogModuleManager: Shutting down and abandoning module LevelSequence (450)
[2020.04.03-16.22.18:674][126]LogModuleManager: Shutting down and abandoning module MovieSceneTracks (448)
[2020.04.03-16.22.18:674][126]LogModuleManager: Shutting down and abandoning module MovieScene (446)
[2020.04.03-16.22.18:674][126]LogModuleManager: Shutting down and abandoning module StreamingPauseRendering (444)
[2020.04.03-16.22.18:674][126]LogModuleManager: Shutting down and abandoning module LauncherPlatform (442)
[2020.04.03-16.22.18:674][126]LogModuleManager: Shutting down and abandoning module AnalyticsET (440)
[2020.04.03-16.22.18:674][126]LogModuleManager: Shutting down and abandoning module PortalServices (438)
[2020.04.03-16.22.18:674][126]LogModuleManager: Shutting down and abandoning module PortalRpc (436)
[2020.04.03-16.22.18:674][126]LogModuleManager: Shutting down and abandoning module MessagingRpc (434)
[2020.04.03-16.22.18:674][126]LogModuleManager: Shutting down and abandoning module AIModule (432)
[2020.04.03-16.22.18:674][126]LogModuleManager: Shutting down and abandoning module GameplayDebugger (431)
[2020.04.03-16.22.18:674][126]LogModuleManager: Shutting down and abandoning module AITestSuite (429)
[2020.04.03-16.22.18:674][126]LogModuleManager: Shutting down and abandoning module NavigationSystem (427)
[2020.04.03-16.22.18:674][126]LogModuleManager: Shutting down and abandoning module DesktopPlatform (424)
[2020.04.03-16.22.18:674][126]LogModuleManager: Shutting down and abandoning module ImageWriteQueue (422)
[2020.04.03-16.22.18:677][126]LogModuleManager: Shutting down and abandoning module ProfilerService (420)
[2020.04.03-16.22.18:888][126]LogModuleManager: Shutting down and abandoning module TaskGraph (418)
[2020.04.03-16.22.18:888][126]LogModuleManager: Shutting down and abandoning module SteamVRController (416)
[2020.04.03-16.22.18:888][126]LogModuleManager: Shutting down and abandoning module ProceduralMeshComponentEditor (414)
[2020.04.03-16.22.18:888][126]LogModuleManager: Shutting down and abandoning module ProceduralMeshComponent (412)
[2020.04.03-16.22.18:888][126]LogModuleManager: Shutting down and abandoning module OculusEditor (410)
[2020.04.03-16.22.18:888][126]LogModuleManager: Shutting down and abandoning module OculusInput (408)
[2020.04.03-16.22.18:888][126]LogModuleManager: Shutting down and abandoning module MobilePatchingUtils (406)
[2020.04.03-16.22.18:888][126]LogModuleManager: Shutting down and abandoning module EditableMesh (404)
[2020.04.03-16.22.18:888][126]LogModuleManager: Shutting down and abandoning module CustomMeshComponent (402)
[2020.04.03-16.22.18:888][126]LogModuleManager: Shutting down and abandoning module CableComponent (400)
[2020.04.03-16.22.18:889][126]LogModuleManager: Shutting down and abandoning module AudioCapture (398)
[2020.04.03-16.22.18:889][126]LogModuleManager: Shutting down and abandoning module ArchVisCharacter (396)
[2020.04.03-16.22.18:889][126]LogModuleManager: Shutting down and abandoning module AndroidPermission (394)
[2020.04.03-16.22.18:889][126]LogModuleManager: Shutting down and abandoning module NUTUnrealEngine4 (392)
[2020.04.03-16.22.18:889][126]LogModuleManager: Shutting down and abandoning module NetcodeUnitTest (390)
[2020.04.03-16.22.18:889][126]LogModuleManager: Shutting down and abandoning module MediaCompositing (388)
[2020.04.03-16.22.18:889][126]LogModuleManager: Shutting down and abandoning module LinearTimecode (386)
[2020.04.03-16.22.18:889][126]LogModuleManager: Shutting down and abandoning module ImgMedia (384)
[2020.04.03-16.22.18:889][126]LogModuleManager: Shutting down and abandoning module MagicLeapHelperVulkan (382)
[2020.04.03-16.22.18:889][126]LogModuleManager: Shutting down and abandoning module MagicLeapHelperOpenGL (380)
[2020.04.03-16.22.18:889][126]LogModuleManager: Shutting down and abandoning module MagicLeapAudio (378)
[2020.04.03-16.22.18:889][126]LogModuleManager: Shutting down and abandoning module HTML5Networking (376)
[2020.04.03-16.22.18:889][126]LogModuleManager: Shutting down and abandoning module GeometryCacheTracks (374)
[2020.04.03-16.22.18:889][126]LogModuleManager: Shutting down and abandoning module GeometryCacheSequencer (372)
[2020.04.03-16.22.18:889][126]LogModuleManager: Shutting down and abandoning module BackChannel (370)
[2020.04.03-16.22.18:889][126]LogModuleManager: Shutting down and abandoning module AppleVision (368)
[2020.04.03-16.22.18:889][126]LogModuleManager: Shutting down and abandoning module AppleImageUtilsBlueprintSupport (366)
[2020.04.03-16.22.18:889][126]LogModuleManager: Shutting down and abandoning module AppleImageUtils (364)
[2020.04.03-16.22.18:889][126]LogModuleManager: Shutting down and abandoning module AlembicImporter (362)
[2020.04.03-16.22.18:889][126]LogModuleManager: Shutting down and abandoning module AlembicLibrary (361)
[2020.04.03-16.22.18:889][126]LogModuleManager: Shutting down and abandoning module GeometryCache (360)
[2020.04.03-16.22.18:889][126]LogModuleManager: Shutting down and abandoning module GeometryCacheEd (359)
[2020.04.03-16.22.18:889][126]LogModuleManager: Shutting down and abandoning module VariantManagerContent (354)
[2020.04.03-16.22.18:889][126]LogModuleManager: Shutting down and abandoning module DatasmithContentEditor (352)
[2020.04.03-16.22.18:889][126]LogModuleManager: Shutting down and abandoning module SpeedTreeImporter (350)
[2020.04.03-16.22.18:889][126]LogModuleManager: Shutting down and abandoning module PluginBrowser (348)
[2020.04.03-16.22.18:889][126]LogModuleManager: Shutting down and abandoning module MobileLauncherProfileWizard (346)
[2020.04.03-16.22.18:889][126]LogModuleManager: Shutting down and abandoning module MaterialAnalyzer (344)
[2020.04.03-16.22.18:889][126]LogModuleManager: Shutting down and abandoning module CryptoKeysOpenSSL (342)
[2020.04.03-16.22.18:889][126]LogModuleManager: Shutting down and abandoning module CryptoKeys (340)
[2020.04.03-16.22.18:889][126]LogModuleManager: Shutting down and abandoning module VisualStudioSourceCodeAccess (338)
[2020.04.03-16.22.18:889][126]LogModuleManager: Shutting down and abandoning module VisualStudioCodeSourceCodeAccess (336)
[2020.04.03-16.22.18:889][126]LogModuleManager: Shutting down and abandoning module UObjectPlugin (334)
[2020.04.03-16.22.18:889][126]LogModuleManager: Shutting down and abandoning module SubversionSourceControl (332)
[2020.04.03-16.22.18:889][126]LogModuleManager: Shutting down and abandoning module PerforceSourceControl (330)
[2020.04.03-16.22.18:889][126]LogModuleManager: Shutting down and abandoning module GitSourceControl (328)
[2020.04.03-16.22.18:889][126]LogModuleManager: Shutting down and abandoning module SourceControl (327)
[2020.04.03-16.22.18:889][126]LogModuleManager: Shutting down and abandoning module ConcertSyncClientLibrary (324)
[2020.04.03-16.22.18:889][126]LogModuleManager: Shutting down and abandoning module ConcertUICore (322)
[2020.04.03-16.22.18:889][126]LogModuleManager: Shutting down and abandoning module ConcertSyncClient (320)
[2020.04.03-16.22.18:889][126]LogModuleManager: Shutting down and abandoning module ConcertFrontend (318)
[2020.04.03-16.22.18:889][126]LogModuleManager: Shutting down and abandoning module CLionSourceCodeAccess (316)
[2020.04.03-16.22.18:889][126]LogModuleManager: Shutting down and abandoning module AnimationSharingEd (314)
[2020.04.03-16.22.18:889][126]LogModuleManager: Shutting down and abandoning module ActorLayerUtilitiesEditor (312)
[2020.04.03-16.22.18:889][126]LogModuleManager: Shutting down and abandoning module ActorLayerUtilities (310)
[2020.04.03-16.22.18:889][126]LogModuleManager: Shutting down and abandoning module LightPropagationVolumeEditor (308)
[2020.04.03-16.22.18:889][126]LogModuleManager: Shutting down and abandoning module PaperTiledImporter (306)
[2020.04.03-16.22.18:889][126]LogModuleManager: Shutting down and abandoning module PaperSpriteSheetImporter (304)
[2020.04.03-16.22.18:890][126]LogModuleManager: Shutting down and abandoning module Paper2DEditor (302)
[2020.04.03-16.22.18:890][126]LogModuleManager: Shutting down and abandoning module SignificanceManager (300)
[2020.04.03-16.22.18:890][126]LogModuleManager: Shutting down and abandoning module RuntimePhysXCooking (298)
[2020.04.03-16.22.18:890][126]LogModuleManager: Shutting down and abandoning module PhysXVehiclesEditor (296)
[2020.04.03-16.22.18:890][126]LogModuleManager: Shutting down and abandoning module PhysXVehicles (294)
[2020.04.03-16.22.18:890][126]LogModuleManager: Shutting down and abandoning module LocationServicesBPLibrary (292)
[2020.04.03-16.22.18:890][126]LogModuleManager: Shutting down and abandoning module ActorSequence (290)
[2020.04.03-16.22.18:890][126]LogModuleManager: Shutting down and abandoning module UdpMessaging (288)
[2020.04.03-16.22.18:991][126]LogModuleManager: Shutting down and abandoning module TcpMessaging (286)
[2020.04.03-16.22.19:092][126]LogModuleManager: Shutting down and abandoning module MagicLeapIdentity (284)
[2020.04.03-16.22.19:092][126]LogModuleManager: Shutting down and abandoning module MagicLeapSecureStorage (282)
[2020.04.03-16.22.19:092][126]LogModuleManager: Shutting down and abandoning module MagicLeapHandTracking (280)
[2020.04.03-16.22.19:092][126]LogModuleManager: Shutting down and abandoning module MagicLeapEyeTracker (278)
[2020.04.03-16.22.19:092][126]LogModuleManager: Shutting down and abandoning module MagicLeapController (276)
[2020.04.03-16.22.19:092][126]LogSlate: Slate User Destroyed.  User Index 0, Is Virtual User: 0
[2020.04.03-16.22.19:092][126]LogModuleManager: Shutting down and abandoning module MagicLeapAR (274)
[2020.04.03-16.22.19:092][126]LogModuleManager: Shutting down and abandoning module AugmentedReality (273)
[2020.04.03-16.22.19:092][126]LogModuleManager: Shutting down and abandoning module GameplayTagsEditor (270)
[2020.04.03-16.22.19:092][126]LogModuleManager: Shutting down and abandoning module FacialAnimationEditor (268)
[2020.04.03-16.22.19:092][126]LogModuleManager: Shutting down and abandoning module FacialAnimation (266)
[2020.04.03-16.22.19:092][126]LogModuleManager: Shutting down and abandoning module DataValidation (264)
[2020.04.03-16.22.19:092][126]LogModuleManager: Shutting down and abandoning module AssetManagerEditor (262)
[2020.04.03-16.22.19:092][126]LogModuleManager: Shutting down and abandoning module LevelEditor (261)
[2020.04.03-16.22.19:092][126]LogModuleManager: Shutting down and abandoning module PixelInspectorModule (260)
[2020.04.03-16.22.19:092][126]LogModuleManager: Shutting down and abandoning module CommonMenuExtensions (258)
[2020.04.03-16.22.19:093][126]LogModuleManager: Shutting down and abandoning module MainFrame (256)
[2020.04.03-16.22.19:093][126]LogModuleManager: Shutting down and abandoning module HotReload (255)
[2020.04.03-16.22.19:093][126]LogModuleManager: Shutting down and abandoning module ContentBrowser (251)
[2020.04.03-16.22.19:094][126]LogModuleManager: Shutting down and abandoning module TreeMap (249)
[2020.04.03-16.22.19:094][126]LogModuleManager: Shutting down and abandoning module ConcertSyncCore (246)
[2020.04.03-16.22.19:094][126]LogModuleManager: Shutting down and abandoning module ConcertTransport (244)
[2020.04.03-16.22.19:094][126]LogModuleManager: Shutting down and abandoning module Concert (242)
[2020.04.03-16.22.19:094][126]LogModuleManager: Shutting down and abandoning module AnimationSharing (240)
[2020.04.03-16.22.19:094][126]LogModuleManager: Shutting down and abandoning module LightPropagationVolumeRuntime (238)
[2020.04.03-16.22.19:094][126]LogModuleManager: Shutting down and abandoning module AISupportModule (236)
[2020.04.03-16.22.19:094][126]LogModuleManager: Shutting down and abandoning module Paper2D (234)
[2020.04.03-16.22.19:094][126]LogModuleManager: Shutting down and abandoning module WindowsMoviePlayer (232)
[2020.04.03-16.22.19:094][126]LogModuleManager: Shutting down and abandoning module WebMMoviePlayer (230)
[2020.04.03-16.22.19:094][126]LogModuleManager: Shutting down and abandoning module PacketHandler (228)
[2020.04.03-16.22.19:094][126]LogModuleManager: Shutting down and abandoning module ClothingSystemEditor (226)
[2020.04.03-16.22.19:094][126]LogModuleManager: Shutting down and abandoning module ClothingSystemRuntime (224)
[2020.04.03-16.22.19:094][126]LogModuleManager: Shutting down and abandoning module MediaAssets (222)
[2020.04.03-16.22.19:094][126]LogModuleManager: Shutting down and abandoning module Overlay (220)
[2020.04.03-16.22.19:094][126]LogModuleManager: Shutting down and abandoning module OverlayEditor (219)
[2020.04.03-16.22.19:094][126]LogModuleManager: Shutting down and abandoning module VREditor (216)
[2020.04.03-16.22.19:094][126]LogModuleManager: Shutting down and abandoning module StringTableEditor (214)
[2020.04.03-16.22.19:094][126]LogModuleManager: Shutting down and abandoning module GameplayTasksEditor (212)
[2020.04.03-16.22.19:094][126]LogModuleManager: Shutting down and abandoning module BehaviorTreeEditor (210)
[2020.04.03-16.22.19:094][126]LogModuleManager: Shutting down and abandoning module FunctionalTesting (208)
[2020.04.03-16.22.19:094][126]LogModuleManager: Shutting down and abandoning module CollisionAnalyzer (206)
[2020.04.03-16.22.19:094][126]LogModuleManager: Shutting down and abandoning module WorkspaceMenuStructure (205)
[2020.04.03-16.22.19:094][126]LogModuleManager: Shutting down and abandoning module UMG (202)
[2020.04.03-16.22.19:094][126]LogModuleManager: Shutting down and abandoning module UMGEditor (201)
[2020.04.03-16.22.19:094][126]LogModuleManager: Shutting down and abandoning module Sequencer (200)
[2020.04.03-16.22.19:094][126]LogModuleManager: Shutting down and abandoning module MessageLog (197)
[2020.04.03-16.22.19:094][126]LogModuleManager: Shutting down and abandoning module SlateReflector (192)
[2020.04.03-16.22.19:094][126]LogModuleManager: Shutting down and abandoning module Slate (190)
[2020.04.03-16.22.19:094][126]LogModuleManager: Shutting down and abandoning module EditorStyle (188)
[2020.04.03-16.22.19:096][126]LogModuleManager: Shutting down and abandoning module UnrealEd (186)
[2020.04.03-16.22.19:096][126]LogModuleManager: Shutting down and abandoning module MRMesh (184)
[2020.04.03-16.22.19:096][126]LogModuleManager: Shutting down and abandoning module SourceCodeAccess (182)
[2020.04.03-16.22.19:096][126]LogModuleManager: Shutting down and abandoning module HeadMountedDisplay (180)
[2020.04.03-16.22.19:096][126]LogModuleManager: Shutting down and abandoning module XAudio2 (178)
[2020.04.03-16.22.19:096][126]LogModuleManager: Shutting down and abandoning module Networking (176)
[2020.04.03-16.22.19:096][126]LogModuleManager: Shutting down and abandoning module Core (174)
[2020.04.03-16.22.19:096][126]LogModuleManager: Shutting down and abandoning module KismetCompiler (172)
[2020.04.03-16.22.19:096][126]LogModuleManager: Shutting down and abandoning module MeshUtilities (170)
[2020.04.03-16.22.19:096][126]LogModuleManager: Shutting down and abandoning module MeshMergeUtilities (169)
[2020.04.03-16.22.19:096][126]LogModuleManager: Shutting down and abandoning module MeshReductionInterface (168)
[2020.04.03-16.22.19:096][126]LogModuleManager: Shutting down and abandoning module SkeletalMeshReduction (167)
[2020.04.03-16.22.19:096][126]LogModuleManager: Shutting down and abandoning module ProxyLODMeshReduction (165)
[2020.04.03-16.22.19:096][126]LogModuleManager: Shutting down and abandoning module QuadricMeshReduction (163)
[2020.04.03-16.22.19:096][126]LogModuleManager: Shutting down and abandoning module MaterialBaking (159)
[2020.04.03-16.22.19:096][126]LogModuleManager: Shutting down and abandoning module DerivedDataCache (154)
[2020.04.03-16.22.19:188][126]LogDerivedDataCache: Shutdown
[2020.04.03-16.22.19:188][126]LogModuleManager: Shutting down and abandoning module XGEController (152)
[2020.04.03-16.22.19:188][126]LogXGEController: Cleaning working directory: C:/Users/Donnie/AppData/Local/Temp/UnrealXGEWorkingDir/
[2020.04.03-16.22.19:188][126]LogModuleManager: Shutting down and abandoning module TargetPlatform (150)
[2020.04.03-16.22.19:189][126]LogModuleManager: Shutting down and abandoning module VulkanShaderFormat (149)
[2020.04.03-16.22.19:189][126]LogModuleManager: Shutting down and abandoning module ShaderFormatVectorVM (147)
[2020.04.03-16.22.19:189][126]LogModuleManager: Shutting down and abandoning module ShaderFormatOpenGL (145)
[2020.04.03-16.22.19:189][126]LogModuleManager: Shutting down and abandoning module ShaderFormatD3D (143)
[2020.04.03-16.22.19:189][126]LogModuleManager: Shutting down and abandoning module MetalShaderFormat (141)
[2020.04.03-16.22.19:189][126]LogModuleManager: Shutting down and abandoning module TextureFormatUncompressed (139)
[2020.04.03-16.22.19:189][126]LogModuleManager: Shutting down and abandoning module TextureFormatPVR (137)
[2020.04.03-16.22.19:189][126]LogModuleManager: Shutting down and abandoning module TextureFormatDXT (135)
[2020.04.03-16.22.19:189][126]LogModuleManager: Shutting down and abandoning module TextureFormatIntelISPCTexComp (133)
[2020.04.03-16.22.19:189][126]LogModuleManager: Shutting down and abandoning module TextureFormatASTC (131)
[2020.04.03-16.22.19:189][126]LogModuleManager: Shutting down and abandoning module ImageWrapper (130)
[2020.04.03-16.22.19:189][126]LogModuleManager: Shutting down and abandoning module TextureFormatAndroid (127)
[2020.04.03-16.22.19:189][126]LogModuleManager: Shutting down and abandoning module AudioFormatOpus (125)
[2020.04.03-16.22.19:189][126]LogModuleManager: Shutting down and abandoning module AudioFormatOgg (123)
[2020.04.03-16.22.19:189][126]LogModuleManager: Shutting down and abandoning module AudioFormatADPCM (121)
[2020.04.03-16.22.19:189][126]LogModuleManager: Shutting down and abandoning module LuminTargetPlatform (119)
[2020.04.03-16.22.19:189][126]LogModuleManager: Shutting down and abandoning module LinuxTargetPlatform (117)
[2020.04.03-16.22.19:189][126]LogModuleManager: Shutting down and abandoning module LinuxServerTargetPlatform (115)
[2020.04.03-16.22.19:189][126]LogModuleManager: Shutting down and abandoning module LinuxNoEditorTargetPlatform (113)
[2020.04.03-16.22.19:189][126]LogModuleManager: Shutting down and abandoning module LinuxClientTargetPlatform (111)
[2020.04.03-16.22.19:189][126]LogModuleManager: Shutting down and abandoning module TVOSTargetPlatform (109)
[2020.04.03-16.22.19:190][126]LogModuleManager: Shutting down and abandoning module Messaging (107)
[2020.04.03-16.22.19:190][126]LogModuleManager: Shutting down and abandoning module IOSTargetPlatform (105)
[2020.04.03-16.22.19:190][126]LogModuleManager: Shutting down and abandoning module HTML5TargetPlatform (103)
[2020.04.03-16.22.19:190][126]LogModuleManager: Shutting down and abandoning module AndroidTargetPlatform (101)
[2020.04.03-16.22.19:198][126]LogModuleManager: Shutting down and abandoning module WindowsTargetPlatform (99)
[2020.04.03-16.22.19:198][126]LogModuleManager: Shutting down and abandoning module WindowsServerTargetPlatform (97)
[2020.04.03-16.22.19:198][126]LogModuleManager: Shutting down and abandoning module WindowsNoEditorTargetPlatform (95)
[2020.04.03-16.22.19:198][126]LogModuleManager: Shutting down and abandoning module WindowsClientTargetPlatform (93)
[2020.04.03-16.22.19:198][126]LogModuleManager: Shutting down and abandoning module MacTargetPlatform (91)
[2020.04.03-16.22.19:198][126]LogModuleManager: Shutting down and abandoning module MacServerTargetPlatform (89)
[2020.04.03-16.22.19:198][126]LogModuleManager: Shutting down and abandoning module MacNoEditorTargetPlatform (87)
[2020.04.03-16.22.19:198][126]LogModuleManager: Shutting down and abandoning module MacClientTargetPlatform (85)
[2020.04.03-16.22.19:198][126]LogModuleManager: Shutting down and abandoning module AllDesktopTargetPlatform (83)
[2020.04.03-16.22.19:198][126]LogModuleManager: Shutting down and abandoning module InputCore (80)
[2020.04.03-16.22.19:198][126]LogModuleManager: Shutting down and abandoning module Settings (78)
[2020.04.03-16.22.19:198][126]LogModuleManager: Shutting down and abandoning module DirectoryWatcher (76)
[2020.04.03-16.22.19:198][126]LogModuleManager: Shutting down and abandoning module PhysXCooking (74)
[2020.04.03-16.22.19:198][126]LogModuleManager: Shutting down and abandoning module SteamVR (72)
[2020.04.03-16.22.19:198][126]LogHMD: Freeing OpenVRDLLHandle.
[2020.04.03-16.22.19:198][126]LogModuleManager: Shutting down and abandoning module OculusHMD (70)
[2020.04.03-16.22.19:198][126]LogModuleManager: Shutting down and abandoning module ExampleDeviceProfileSelector (68)
[2020.04.03-16.22.19:198][126]LogModuleManager: Shutting down and abandoning module LauncherChunkInstaller (66)
[2020.04.03-16.22.19:198][126]LogModuleManager: Shutting down and abandoning module OnlineBlueprintSupport (64)
[2020.04.03-16.22.19:198][126]LogModuleManager: Shutting down and abandoning module OnlineSubsystem (60)
[2020.04.03-16.22.19:199][126]LogModuleManager: Shutting down and abandoning module XMPP (55)
[2020.04.03-16.22.19:199][126]LogModuleManager: Shutting down and abandoning module WebSockets (54)
[2020.04.03-16.22.19:204][126]LogModuleManager: Shutting down and abandoning module HTTP (51)
[2020.04.03-16.22.19:204][126]LogHttp: Display: Http module shutting down, but needs to wait on 1 outstanding Http requests:
[2020.04.03-16.22.19:204][126]LogHttp: Display: 	verb=[POST] url=[https://datarouter.ol.epicgames.com/datarouter/api/v1/public/data?SessionID=%7BEF0758C8-49CD-30C6-E860-C08445D87E1B%7D&AppID=UEEditor.Rocket.Release&AppVersion=4.22.3-7053642%2B%2B%2BUE4%2BRelease-4.22&UserID=3cd444f34295c52240b9888602e82ebf%7Cb197333d71774c16b886d2d9856eb5ad%7C20811650-7eea-4ed2-aaaf-23f142ffc76d&AppEnvironment=datacollector-binary&UploadType=eteventstream] status=Processing
[2020.04.03-16.22.19:232][126]LogModuleManager: Shutting down and abandoning module SSL (50)
[2020.04.03-16.22.19:234][126]LogModuleManager: Shutting down and abandoning module WmfMedia (46)
[2020.04.03-16.22.19:235][126]LogModuleManager: Shutting down and abandoning module Media (45)
[2020.04.03-16.22.19:241][126]LogModuleManager: Shutting down and abandoning module MagicLeap (42)
[2020.04.03-16.22.19:241][126]LogModuleManager: Shutting down and abandoning module DatasmithContent (40)
[2020.04.03-16.22.19:242][126]LogModuleManager: Shutting down and abandoning module AnimationModifiers (38)
[2020.04.03-16.22.19:242][126]LogModuleManager: Shutting down and abandoning module PropertyEditor (37)
[2020.04.03-16.22.19:242][126]LogModuleManager: Shutting down and abandoning module AudioEditor (34)
[2020.04.03-16.22.19:242][126]LogModuleManager: Shutting down and abandoning module TextureCompressor (32)
[2020.04.03-16.22.19:242][126]LogModuleManager: Shutting down and abandoning module RenderCore (30)
[2020.04.03-16.22.19:242][126]LogModuleManager: Shutting down and abandoning module Landscape (28)
[2020.04.03-16.22.19:242][126]LogModuleManager: Shutting down and abandoning module SlateRHIRenderer (26)
[2020.04.03-16.22.19:242][126]LogModuleManager: Shutting down and abandoning module OpenGLDrv (24)
[2020.04.03-16.22.19:242][126]LogModuleManager: Shutting down and abandoning module D3D11RHI (22)
[2020.04.03-16.22.19:242][126]LogModuleManager: Shutting down and abandoning module AnimGraphRuntime (20)
[2020.04.03-16.22.19:242][126]LogModuleManager: Shutting down and abandoning module Renderer (18)
[2020.04.03-16.22.19:242][126]LogModuleManager: Shutting down and abandoning module Engine (16)
[2020.04.03-16.22.19:242][126]LogModuleManager: Shutting down and abandoning module CoreUObject (14)
[2020.04.03-16.22.19:242][126]LogModuleManager: Shutting down and abandoning module NetworkFile (12)
[2020.04.03-16.22.19:242][126]LogModuleManager: Shutting down and abandoning module CookedIterativeFile (10)
[2020.04.03-16.22.19:242][126]LogModuleManager: Shutting down and abandoning module StreamingFile (8)
[2020.04.03-16.22.19:242][126]LogModuleManager: Shutting down and abandoning module SandboxFile (6)
[2020.04.03-16.22.19:242][126]LogModuleManager: Shutting down and abandoning module PakFile (4)
[2020.04.03-16.22.19:242][126]LogModuleManager: Shutting down and abandoning module RSA (3)
[2020.04.03-16.22.19:252][126]LogExit: Exiting.
[2020.04.03-16.22.19:315][126]Log file closed, 04/03/20 12:22:19
