Log file open, 04/06/20 15:36:51
LogWindows: Failed to load 'aqProf.dll' (GetLastError=126)
LogWindows: File 'aqProf.dll' does not exist
LogWindows: Failed to load 'VtuneApi.dll' (GetLastError=126)
LogWindows: File 'VtuneApi.dll' does not exist
LogWindows: Failed to load 'VtuneApi32e.dll' (GetLastError=126)
LogWindows: File 'VtuneApi32e.dll' does not exist
LogConsoleResponse: Display: Failed to find resolution value strings in scalability ini. Falling back to default.
LogInit: Display: Running engine for game: unga
LogPakFile: Registered encryption key '00000000000000000000000000000000': 0 pak files mounted, 0 remain pending
LogPlatformFile: Not using cached read wrapper
LogTaskGraph: Started task graph with 5 named threads and 35 total threads with 3 sets of task threads.
LogStats: Stats thread started at 0.398274
LogD3D11RHI: Loaded GFSDK_Aftermath_Lib.x64.dll
LogICUInternationalization: ICU TimeZone Detection - Raw Offset: -5:00, Platform Override: ''
LogPluginManager: Mounting plugin Paper2D
LogPluginManager: Mounting plugin AISupport
LogPluginManager: Mounting plugin LightPropagationVolume
LogPluginManager: Mounting plugin ActorLayerUtilities
LogPluginManager: Mounting plugin AnimationSharing
LogPluginManager: Mounting plugin CLionSourceCodeAccess
LogPluginManager: Mounting plugin CodeLiteSourceCodeAccess
LogPluginManager: Mounting plugin GitSourceControl
LogPluginManager: Mounting plugin KDevelopSourceCodeAccess
LogPluginManager: Mounting plugin NullSourceCodeAccess
LogPluginManager: Mounting plugin PerforceSourceControl
LogPluginManager: Mounting plugin SubversionSourceControl
LogPluginManager: Mounting plugin UObjectPlugin
LogPluginManager: Mounting plugin VisualStudioCodeSourceCodeAccess
LogPluginManager: Mounting plugin VisualStudioSourceCodeAccess
LogPluginManager: Mounting plugin XCodeSourceCodeAccess
LogPluginManager: Mounting plugin AssetManagerEditor
LogPluginManager: Mounting plugin CryptoKeys
LogPluginManager: Mounting plugin DataValidation
LogPluginManager: Mounting plugin FacialAnimation
LogPluginManager: Mounting plugin GameplayTagsEditor
LogPluginManager: Mounting plugin MacGraphicsSwitching
LogPluginManager: Mounting plugin MaterialAnalyzer
LogPluginManager: Mounting plugin MobileLauncherProfileWizard
LogPluginManager: Mounting plugin PluginBrowser
LogPluginManager: Mounting plugin SpeedTreeImporter
LogPluginManager: Mounting plugin DatasmithContent
LogPluginManager: Mounting plugin VariantManagerContent
LogPluginManager: Mounting plugin AlembicImporter
LogPluginManager: Mounting plugin AppleImageUtils
LogPluginManager: Mounting plugin AppleVision
LogPluginManager: Mounting plugin BackChannel
LogPluginManager: Mounting plugin CharacterAI
LogPluginManager: Mounting plugin GeometryCache
LogPluginManager: Mounting plugin HTML5Networking
LogPluginManager: Mounting plugin ProxyLODPlugin
LogPluginManager: Mounting plugin SkeletalReduction
LogPluginManager: Mounting plugin MagicLeap
LogPluginManager: Mounting plugin MagicLeapMedia
LogPluginManager: Mounting plugin AndroidMedia
LogPluginManager: Mounting plugin AvfMedia
LogPluginManager: Mounting plugin ImgMedia
LogPluginManager: Mounting plugin LinearTimecode
LogPluginManager: Mounting plugin MediaCompositing
LogPluginManager: Mounting plugin MediaPlayerEditor
LogPluginManager: Mounting plugin WebMMedia
LogPluginManager: Mounting plugin WmfMedia
LogPluginManager: Mounting plugin TcpMessaging
LogPluginManager: Mounting plugin UdpMessaging
LogPluginManager: Mounting plugin ActorSequence
LogPluginManager: Mounting plugin LevelSequenceEditor
LogPluginManager: Mounting plugin MatineeToLevelSequence
LogPluginManager: Mounting plugin NetcodeUnitTest
LogPluginManager: Mounting plugin NUTUnrealEngine4
LogPluginManager: Mounting plugin OnlineSubsystemGooglePlay
LogPluginManager: Mounting plugin OnlineSubsystemIOS
LogPluginManager: Mounting plugin OnlineSubsystem
LogPluginManager: Mounting plugin OnlineSubsystemNull
LogPluginManager: Mounting plugin OnlineSubsystemUtils
LogPluginManager: Mounting plugin LauncherChunkInstaller
LogPluginManager: Mounting plugin AndroidDeviceProfileSelector
LogPluginManager: Mounting plugin AndroidMoviePlayer
LogPluginManager: Mounting plugin AndroidPermission
LogPluginManager: Mounting plugin AppleMoviePlayer
LogPluginManager: Mounting plugin ArchVisCharacter
LogPluginManager: Mounting plugin AudioCapture
LogPluginManager: Mounting plugin CableComponent
LogPluginManager: Mounting plugin CustomMeshComponent
LogPluginManager: Mounting plugin EditableMesh
LogPluginManager: Mounting plugin ExampleDeviceProfileSelector
LogPluginManager: Mounting plugin Firebase
LogPluginManager: Mounting plugin GoogleCloudMessaging
LogPluginManager: Mounting plugin IOSDeviceProfileSelector
LogPluginManager: Mounting plugin LinuxDeviceProfileSelector
LogPluginManager: Mounting plugin LocationServicesBPLibrary
LogPluginManager: Mounting plugin MobilePatchingUtils
LogPluginManager: Mounting plugin OculusVR
LogPluginManager: Mounting plugin PhysXVehicles
LogPluginManager: Mounting plugin ProceduralMeshComponent
LogPluginManager: Mounting plugin RuntimePhysXCooking
LogPluginManager: Mounting plugin SignificanceManager
LogPluginManager: Mounting plugin SteamVR
LogPluginManager: Mounting plugin WebMMoviePlayer
LogPluginManager: Mounting plugin WindowsMoviePlayer
LogInit: Using libcurl 7.55.1-DEV
LogInit:  - built for x86_64-pc-win32
LogInit:  - supports SSL with OpenSSL/1.1.1
LogInit:  - supports HTTP deflate (compression) using libz 1.2.8
LogInit:  - other features:
LogInit:      CURL_VERSION_SSL
LogInit:      CURL_VERSION_LIBZ
LogInit:      CURL_VERSION_IPV6
LogInit:      CURL_VERSION_ASYNCHDNS
LogInit:      CURL_VERSION_LARGEFILE
LogInit:      CURL_VERSION_IDN
LogInit:  CurlRequestOptions (configurable via config and command line):
LogInit:  - bVerifyPeer = true  - Libcurl will verify peer certificate
LogInit:  - bUseHttpProxy = false  - Libcurl will NOT use HTTP proxy
LogInit:  - bDontReuseConnections = false  - Libcurl will reuse connections
LogInit:  - MaxHostConnections = 16  - Libcurl will limit the number of connections to a host
LogInit:  - LocalHostAddr = Default
LogInit:  - BufferSize = 65536
LogInit: WinSock: version 1.1 (2.2), MaxSocks=32767, MaxUdp=65467
LogInit: Build: ++UE4+Release-4.22-CL-7053642
LogInit: Engine Version: 4.22.3-7053642+++UE4+Release-4.22
LogInit: Compatible Engine Version: 4.22.0-5660361+++UE4+Release-4.22
LogInit: Net CL: 5660361
LogInit: OS: Windows 10 (Release 1903) (), CPU: AMD Ryzen 5 2600X Six-Core Processor           , GPU: NVIDIA GeForce RTX 2060
LogInit: Compiled (64-bit): Jun 18 2019 03:09:11
LogInit: Compiled with Visual C++: 19.16.27025.01
LogInit: Build Configuration: Development
LogInit: Branch Name: ++UE4+Release-4.22
LogInit: Command Line:  -EpicPortal -epicusername=DonardGrey -epicuserid=b197333d71774c16b886d2d9856eb5ad -epiclocale=en
LogInit: Base Directory: D:/UE_4.22/Engine/Binaries/Win64/
LogInit: Installed Engine Build: 1
LogDevObjectVersion: Number of dev versions registered: 23
LogDevObjectVersion:   Dev-Blueprints (B0D832E4-1F89-4F0D-ACCF-7EB736FD4AA2): 10
LogDevObjectVersion:   Dev-Build (E1C64328-A22C-4D53-A36C-8E866417BD8C): 0
LogDevObjectVersion:   Dev-Core (375EC13C-06E4-48FB-B500-84F0262A717E): 3
LogDevObjectVersion:   Dev-Editor (E4B068ED-F494-42E9-A231-DA0B2E46BB41): 30
LogDevObjectVersion:   Dev-Framework (CFFC743F-43B0-4480-9391-14DF171D2073): 35
LogDevObjectVersion:   Dev-Mobile (B02B49B5-BB20-44E9-A304-32B752E40360): 2
LogDevObjectVersion:   Dev-Networking (A4E4105C-59A1-49B5-A7C5-40C4547EDFEE): 0
LogDevObjectVersion:   Dev-Online (39C831C9-5AE6-47DC-9A44-9C173E1C8E7C): 0
LogDevObjectVersion:   Dev-Physics (78F01B33-EBEA-4F98-B9B4-84EACCB95AA2): 0
LogDevObjectVersion:   Dev-Platform (6631380F-2D4D-43E0-8009-CF276956A95A): 0
LogDevObjectVersion:   Dev-Rendering (12F88B9F-8875-4AFC-A67C-D90C383ABD29): 28
LogDevObjectVersion:   Dev-Sequencer (7B5AE74C-D270-4C10-A958-57980B212A5A): 11
LogDevObjectVersion:   Dev-VR (D7296918-1DD6-4BDD-9DE2-64A83CC13884): 2
LogDevObjectVersion:   Dev-LoadTimes (C2A15278-BFE7-4AFE-6C17-90FF531DF755): 1
LogDevObjectVersion:   Private-Geometry (6EACA3D4-40EC-4CC1-B786-8BED09428FC5): 3
LogDevObjectVersion:   Dev-AnimPhys (29E575DD-E0A3-4627-9D10-D276232CDCEA): 17
LogDevObjectVersion:   Dev-Anim (AF43A65D-7FD3-4947-9873-3E8ED9C1BB05): 2
LogDevObjectVersion:   Dev-ReflectionCapture (6B266CEC-1EC7-4B8F-A30B-E4D90942FC07): 1
LogDevObjectVersion:   Dev-Automation (0DF73D61-A23F-47EA-B727-89E90C41499A): 1
LogDevObjectVersion:   FortniteMain (601D1886-AC64-4F84-AA16-D3DE0DEAC7D6): 25
LogDevObjectVersion:   Dev-Enterprise (9DFFBCD6-494F-0158-E221-12823C92A888): 6
LogDevObjectVersion:   Dev-Niagara (F2AED0AC-9AFE-416F-8664-AA7FFA26D6FC): 1
LogDevObjectVersion:   Dev-Destruction (174F1F0B-B4C6-45A5-B13F-2EE8D0FB917D): 2
LogInit: Presizing for max 16777216 objects, including 0 objects not considered by GC, pre-allocating 0 bytes for permanent pool.
LogInit: Object subsystem initialized
LogConfig: Setting CVar [[con.DebugEarlyDefault:1]]
LogConfig: Setting CVar [[r.setres:1280x720]]
[2020.04.06-19.36.51:616][  0]LogConfig: Setting CVar [[r.VSync:0]]
[2020.04.06-19.36.51:616][  0]LogConfig: Setting CVar [[r.RHICmdBypass:0]]
[2020.04.06-19.36.51:616][  0]LogConfig: Applying CVar settings from Section [/Script/Engine.RendererSettings] File [D:/GameJams/unga/UngaBunga/Saved/Config/Windows/Engine.ini]
[2020.04.06-19.36.51:616][  0]LogConfig: Setting CVar [[r.GPUCrashDebugging:0]]
[2020.04.06-19.36.51:616][  0]LogConfig: Applying CVar settings from Section [/Script/Engine.RendererOverrideSettings] File [D:/GameJams/unga/UngaBunga/Saved/Config/Windows/Engine.ini]
[2020.04.06-19.36.51:616][  0]LogConfig: Applying CVar settings from Section [/Script/Engine.StreamingSettings] File [D:/GameJams/unga/UngaBunga/Saved/Config/Windows/Engine.ini]
[2020.04.06-19.36.51:616][  0]LogConfig: Setting CVar [[s.MinBulkDataSizeForAsyncLoading:131072]]
[2020.04.06-19.36.51:616][  0]LogConfig: Setting CVar [[s.AsyncLoadingThreadEnabled:0]]
[2020.04.06-19.36.51:616][  0]LogConfig: Setting CVar [[s.EventDrivenLoaderEnabled:1]]
[2020.04.06-19.36.51:616][  0]LogConfig: Setting CVar [[s.WarnIfTimeLimitExceeded:0]]
[2020.04.06-19.36.51:616][  0]LogConfig: Setting CVar [[s.TimeLimitExceededMultiplier:1.5]]
[2020.04.06-19.36.51:616][  0]LogConfig: Setting CVar [[s.TimeLimitExceededMinTime:0.005]]
[2020.04.06-19.36.51:616][  0]LogConfig: Setting CVar [[s.UseBackgroundLevelStreaming:1]]
[2020.04.06-19.36.51:616][  0]LogConfig: Setting CVar [[s.PriorityAsyncLoadingExtraTime:15.0]]
[2020.04.06-19.36.51:616][  0]LogConfig: Setting CVar [[s.LevelStreamingActorsUpdateTimeLimit:5.0]]
[2020.04.06-19.36.51:616][  0]LogConfig: Setting CVar [[s.PriorityLevelStreamingActorsUpdateExtraTime:5.0]]
[2020.04.06-19.36.51:616][  0]LogConfig: Setting CVar [[s.LevelStreamingComponentsRegistrationGranularity:10]]
[2020.04.06-19.36.51:616][  0]LogConfig: Setting CVar [[s.UnregisterComponentsTimeLimit:1.0]]
[2020.04.06-19.36.51:616][  0]LogConfig: Setting CVar [[s.LevelStreamingComponentsUnregistrationGranularity:5]]
[2020.04.06-19.36.51:616][  0]LogConfig: Applying CVar settings from Section [/Script/Engine.GarbageCollectionSettings] File [D:/GameJams/unga/UngaBunga/Saved/Config/Windows/Engine.ini]
[2020.04.06-19.36.51:616][  0]LogConfig: Setting CVar [[gc.MaxObjectsNotConsideredByGC:1]]
[2020.04.06-19.36.51:616][  0]LogConfig: Setting CVar [[gc.SizeOfPermanentObjectPool:0]]
[2020.04.06-19.36.51:616][  0]LogConfig: Setting CVar [[gc.FlushStreamingOnGC:0]]
[2020.04.06-19.36.51:616][  0]LogConfig: Setting CVar [[gc.NumRetriesBeforeForcingGC:10]]
[2020.04.06-19.36.51:617][  0]LogConfig: Setting CVar [[gc.AllowParallelGC:1]]
[2020.04.06-19.36.51:617][  0]LogConfig: Setting CVar [[gc.TimeBetweenPurgingPendingKillObjects:61.1]]
[2020.04.06-19.36.51:617][  0]LogConfig: Setting CVar [[gc.MaxObjectsInEditor:16777216]]
[2020.04.06-19.36.51:617][  0]LogConfig: Setting CVar [[gc.IncrementalBeginDestroyEnabled:1]]
[2020.04.06-19.36.51:617][  0]LogConfig: Setting CVar [[gc.CreateGCClusters:1]]
[2020.04.06-19.36.51:617][  0]LogConfig: Setting CVar [[gc.MinGCClusterSize:5]]
[2020.04.06-19.36.51:617][  0]LogConfig: Setting CVar [[gc.ActorClusteringEnabled:0]]
[2020.04.06-19.36.51:617][  0]LogConfig: Setting CVar [[gc.BlueprintClusteringEnabled:0]]
[2020.04.06-19.36.51:617][  0]LogConfig: Setting CVar [[gc.UseDisregardForGCOnDedicatedServers:0]]
[2020.04.06-19.36.51:617][  0]LogConfig: Applying CVar settings from Section [/Script/Engine.NetworkSettings] File [D:/GameJams/unga/UngaBunga/Saved/Config/Windows/Engine.ini]
[2020.04.06-19.36.51:617][  0]LogConfig: Applying CVar settings from Section [/Script/UnrealEd.CookerSettings] File [D:/GameJams/unga/UngaBunga/Saved/Config/Windows/Engine.ini]
[2020.04.06-19.36.51:619][  0]LogConfig: Applying CVar settings from Section [ViewDistanceQuality@3] File [D:/GameJams/unga/UngaBunga/Saved/Config/Windows/Scalability.ini]
[2020.04.06-19.36.51:619][  0]LogConfig: Setting CVar [[r.SkeletalMeshLODBias:0]]
[2020.04.06-19.36.51:619][  0]LogConfig: Setting CVar [[r.ViewDistanceScale:1.0]]
[2020.04.06-19.36.51:619][  0]LogConfig: Applying CVar settings from Section [AntiAliasingQuality@3] File [D:/GameJams/unga/UngaBunga/Saved/Config/Windows/Scalability.ini]
[2020.04.06-19.36.51:619][  0]LogConfig: Setting CVar [[r.PostProcessAAQuality:4]]
[2020.04.06-19.36.51:619][  0]LogConfig: Applying CVar settings from Section [ShadowQuality@3] File [D:/GameJams/unga/UngaBunga/Saved/Config/Windows/Scalability.ini]
[2020.04.06-19.36.51:619][  0]LogConfig: Setting CVar [[r.LightFunctionQuality:1]]
[2020.04.06-19.36.51:619][  0]LogConfig: Setting CVar [[r.ShadowQuality:5]]
[2020.04.06-19.36.51:619][  0]LogConfig: Setting CVar [[r.Shadow.CSM.MaxCascades:10]]
[2020.04.06-19.36.51:619][  0]LogConfig: Setting CVar [[r.Shadow.MaxResolution:2048]]
[2020.04.06-19.36.51:619][  0]LogConfig: Setting CVar [[r.Shadow.MaxCSMResolution:2048]]
[2020.04.06-19.36.51:619][  0]LogConfig: Setting CVar [[r.Shadow.RadiusThreshold:0.01]]
[2020.04.06-19.36.51:619][  0]LogConfig: Setting CVar [[r.Shadow.DistanceScale:1.0]]
[2020.04.06-19.36.51:619][  0]LogConfig: Setting CVar [[r.Shadow.CSM.TransitionScale:1.0]]
[2020.04.06-19.36.51:619][  0]LogConfig: Setting CVar [[r.Shadow.PreShadowResolutionFactor:1.0]]
[2020.04.06-19.36.51:619][  0]LogConfig: Setting CVar [[r.DistanceFieldShadowing:1]]
[2020.04.06-19.36.51:619][  0]LogConfig: Setting CVar [[r.DistanceFieldAO:1]]
[2020.04.06-19.36.51:619][  0]LogConfig: Setting CVar [[r.AOQuality:2]]
[2020.04.06-19.36.51:619][  0]LogConfig: Setting CVar [[r.VolumetricFog:1]]
[2020.04.06-19.36.51:619][  0]LogConfig: Setting CVar [[r.VolumetricFog.GridPixelSize:8]]
[2020.04.06-19.36.51:619][  0]LogConfig: Setting CVar [[r.VolumetricFog.GridSizeZ:128]]
[2020.04.06-19.36.51:619][  0]LogConfig: Setting CVar [[r.VolumetricFog.HistoryMissSupersampleCount:4]]
[2020.04.06-19.36.51:619][  0]LogConfig: Setting CVar [[r.LightMaxDrawDistanceScale:1]]
[2020.04.06-19.36.51:619][  0]LogConfig: Setting CVar [[r.CapsuleShadows:1]]
[2020.04.06-19.36.51:619][  0]LogConfig: Applying CVar settings from Section [PostProcessQuality@3] File [D:/GameJams/unga/UngaBunga/Saved/Config/Windows/Scalability.ini]
[2020.04.06-19.36.51:619][  0]LogConfig: Setting CVar [[r.MotionBlurQuality:4]]
[2020.04.06-19.36.51:619][  0]LogConfig: Setting CVar [[r.AmbientOcclusionMipLevelFactor:0.4]]
[2020.04.06-19.36.51:619][  0]LogConfig: Setting CVar [[r.AmbientOcclusionMaxQuality:100]]
[2020.04.06-19.36.51:619][  0]LogConfig: Setting CVar [[r.AmbientOcclusionLevels:-1]]
[2020.04.06-19.36.51:619][  0]LogConfig: Setting CVar [[r.AmbientOcclusionRadiusScale:1.0]]
[2020.04.06-19.36.51:619][  0]LogConfig: Setting CVar [[r.DepthOfFieldQuality:2]]
[2020.04.06-19.36.51:619][  0]LogConfig: Setting CVar [[r.RenderTargetPoolMin:400]]
[2020.04.06-19.36.51:619][  0]LogConfig: Setting CVar [[r.LensFlareQuality:2]]
[2020.04.06-19.36.51:619][  0]LogConfig: Setting CVar [[r.SceneColorFringeQuality:1]]
[2020.04.06-19.36.51:619][  0]LogConfig: Setting CVar [[r.EyeAdaptationQuality:2]]
[2020.04.06-19.36.51:619][  0]LogConfig: Setting CVar [[r.BloomQuality:5]]
[2020.04.06-19.36.51:619][  0]LogConfig: Setting CVar [[r.FastBlurThreshold:100]]
[2020.04.06-19.36.51:619][  0]LogConfig: Setting CVar [[r.Upscale.Quality:3]]
[2020.04.06-19.36.51:619][  0]LogConfig: Setting CVar [[r.Tonemapper.GrainQuantization:1]]
[2020.04.06-19.36.51:619][  0]LogConfig: Setting CVar [[r.LightShaftQuality:1]]
[2020.04.06-19.36.51:619][  0]LogConfig: Setting CVar [[r.Filter.SizeScale:1]]
[2020.04.06-19.36.51:619][  0]LogConfig: Setting CVar [[r.Tonemapper.Quality:5]]
[2020.04.06-19.36.51:619][  0]LogConfig: Setting CVar [[r.DOF.Gather.AccumulatorQuality:1        ; higher gathering accumulator quality]]
[2020.04.06-19.36.51:619][  0]LogConfig: Setting CVar [[r.DOF.Gather.PostfilterMethod:1          ; Median3x3 postfilering method]]
[2020.04.06-19.36.51:619][  0]LogConfig: Setting CVar [[r.DOF.Gather.EnableBokehSettings:0       ; no bokeh simulation when gathering]]
[2020.04.06-19.36.51:619][  0]LogConfig: Setting CVar [[r.DOF.Gather.RingCount:4                 ; medium number of samples when gathering]]
[2020.04.06-19.36.51:619][  0]LogConfig: Setting CVar [[r.DOF.Scatter.ForegroundCompositing:1    ; additive foreground scattering]]
[2020.04.06-19.36.51:619][  0]LogConfig: Setting CVar [[r.DOF.Scatter.BackgroundCompositing:2    ; additive background scattering]]
[2020.04.06-19.36.51:619][  0]LogConfig: Setting CVar [[r.DOF.Scatter.EnableBokehSettings:1      ; bokeh simulation when scattering]]
[2020.04.06-19.36.51:619][  0]LogConfig: Setting CVar [[r.DOF.Scatter.MaxSpriteRatio:0.1         ; only a maximum of 10% of scattered bokeh]]
[2020.04.06-19.36.51:619][  0]LogConfig: Setting CVar [[r.DOF.Recombine.Quality:1                ; cheap slight out of focus]]
[2020.04.06-19.36.51:619][  0]LogConfig: Setting CVar [[r.DOF.Recombine.EnableBokehSettings:0    ; no bokeh simulation on slight out of focus]]
[2020.04.06-19.36.51:619][  0]LogConfig: Setting CVar [[r.DOF.TemporalAAQuality:1                ; more stable temporal accumulation]]
[2020.04.06-19.36.51:619][  0]LogConfig: Setting CVar [[r.DOF.Kernel.MaxForegroundRadius:0.025]]
[2020.04.06-19.36.51:619][  0]LogConfig: Setting CVar [[r.DOF.Kernel.MaxBackgroundRadius:0.025]]
[2020.04.06-19.36.51:619][  0]LogConfig: Applying CVar settings from Section [TextureQuality@3] File [D:/GameJams/unga/UngaBunga/Saved/Config/Windows/Scalability.ini]
[2020.04.06-19.36.51:619][  0]LogConfig: Setting CVar [[r.Streaming.MipBias:0]]
[2020.04.06-19.36.51:619][  0]LogConfig: Setting CVar [[r.Streaming.AmortizeCPUToGPUCopy:0]]
[2020.04.06-19.36.51:619][  0]LogConfig: Setting CVar [[r.Streaming.MaxNumTexturesToStreamPerFrame:0]]
[2020.04.06-19.36.51:619][  0]LogConfig: Setting CVar [[r.Streaming.Boost:1]]
[2020.04.06-19.36.51:619][  0]LogConfig: Setting CVar [[r.MaxAnisotropy:8]]
[2020.04.06-19.36.51:619][  0]LogConfig: Setting CVar [[r.Streaming.LimitPoolSizeToVRAM:0]]
[2020.04.06-19.36.51:619][  0]LogConfig: Setting CVar [[r.Streaming.PoolSize:1000]]
[2020.04.06-19.36.51:619][  0]LogConfig: Setting CVar [[r.Streaming.MaxEffectiveScreenSize:0]]
[2020.04.06-19.36.51:619][  0]LogConfig: Applying CVar settings from Section [EffectsQuality@3] File [D:/GameJams/unga/UngaBunga/Saved/Config/Windows/Scalability.ini]
[2020.04.06-19.36.51:619][  0]LogConfig: Setting CVar [[r.TranslucencyLightingVolumeDim:64]]
[2020.04.06-19.36.51:619][  0]LogConfig: Setting CVar [[r.RefractionQuality:2]]
[2020.04.06-19.36.51:619][  0]LogConfig: Setting CVar [[r.SSR.Quality:3]]
[2020.04.06-19.36.51:619][  0]LogConfig: Setting CVar [[r.SceneColorFormat:4]]
[2020.04.06-19.36.51:619][  0]LogConfig: Setting CVar [[r.DetailMode:2]]
[2020.04.06-19.36.51:619][  0]LogConfig: Setting CVar [[r.TranslucencyVolumeBlur:1]]
[2020.04.06-19.36.51:619][  0]LogConfig: Setting CVar [[r.MaterialQualityLevel:1 ; High quality]]
[2020.04.06-19.36.51:619][  0]LogConfig: Setting CVar [[r.SSS.Scale:1]]
[2020.04.06-19.36.51:619][  0]LogConfig: Setting CVar [[r.SSS.SampleSet:2]]
[2020.04.06-19.36.51:619][  0]LogConfig: Setting CVar [[r.SSS.Quality:1]]
[2020.04.06-19.36.51:619][  0]LogConfig: Setting CVar [[r.SSS.HalfRes:1]]
[2020.04.06-19.36.51:619][  0]LogConfig: Setting CVar [[r.EmitterSpawnRateScale:1.0]]
[2020.04.06-19.36.51:620][  0]LogConfig: Setting CVar [[r.ParticleLightQuality:2]]
[2020.04.06-19.36.51:620][  0]LogConfig: Applying CVar settings from Section [FoliageQuality@3] File [D:/GameJams/unga/UngaBunga/Saved/Config/Windows/Scalability.ini]
[2020.04.06-19.36.51:620][  0]LogConfig: Setting CVar [[foliage.DensityScale:1.0]]
[2020.04.06-19.36.51:620][  0]LogConfig: Setting CVar [[grass.DensityScale:1.0]]
[2020.04.06-19.36.51:620][  0]LogInit: Selected Device Profile: [Windows]
[2020.04.06-19.36.51:620][  0]LogInit: Applying CVar settings loaded from the selected device profile: [Windows]
[2020.04.06-19.36.51:635][  0]LogHAL: Display: Platform has ~ 16 GB [17124491264 / 17179869184 / 16], which maps to Larger [LargestMinGB=32, LargerMinGB=12, DefaultMinGB=8, SmallerMinGB=6, SmallestMinGB=0)
[2020.04.06-19.36.51:635][  0]LogConfig: Setting CVar [[r.Vulkan.UseRealUBs:0		; Required until we fix HLR fall-out]]
[2020.04.06-19.36.51:635][  0]LogInit: Going up to parent DeviceProfile []
[2020.04.06-19.36.51:635][  0]LogConfig: Applying CVar settings from Section [ViewDistanceQuality@3] File [D:/GameJams/unga/UngaBunga/Saved/Config/Windows/Scalability.ini]
[2020.04.06-19.36.51:635][  0]LogConfig: Setting CVar [[r.SkeletalMeshLODBias:0]]
[2020.04.06-19.36.51:635][  0]LogConfig: Setting CVar [[r.ViewDistanceScale:1.0]]
[2020.04.06-19.36.51:635][  0]LogConfig: Applying CVar settings from Section [AntiAliasingQuality@3] File [D:/GameJams/unga/UngaBunga/Saved/Config/Windows/Scalability.ini]
[2020.04.06-19.36.51:635][  0]LogConfig: Setting CVar [[r.PostProcessAAQuality:4]]
[2020.04.06-19.36.51:635][  0]LogConfig: Applying CVar settings from Section [ShadowQuality@3] File [D:/GameJams/unga/UngaBunga/Saved/Config/Windows/Scalability.ini]
[2020.04.06-19.36.51:635][  0]LogConfig: Setting CVar [[r.LightFunctionQuality:1]]
[2020.04.06-19.36.51:635][  0]LogConfig: Setting CVar [[r.ShadowQuality:5]]
[2020.04.06-19.36.51:635][  0]LogConfig: Setting CVar [[r.Shadow.CSM.MaxCascades:10]]
[2020.04.06-19.36.51:635][  0]LogConfig: Setting CVar [[r.Shadow.MaxResolution:2048]]
[2020.04.06-19.36.51:635][  0]LogConfig: Setting CVar [[r.Shadow.MaxCSMResolution:2048]]
[2020.04.06-19.36.51:635][  0]LogConfig: Setting CVar [[r.Shadow.RadiusThreshold:0.01]]
[2020.04.06-19.36.51:635][  0]LogConfig: Setting CVar [[r.Shadow.DistanceScale:1.0]]
[2020.04.06-19.36.51:635][  0]LogConfig: Setting CVar [[r.Shadow.CSM.TransitionScale:1.0]]
[2020.04.06-19.36.51:635][  0]LogConfig: Setting CVar [[r.Shadow.PreShadowResolutionFactor:1.0]]
[2020.04.06-19.36.51:635][  0]LogConfig: Setting CVar [[r.DistanceFieldShadowing:1]]
[2020.04.06-19.36.51:635][  0]LogConfig: Setting CVar [[r.DistanceFieldAO:1]]
[2020.04.06-19.36.51:635][  0]LogConfig: Setting CVar [[r.AOQuality:2]]
[2020.04.06-19.36.51:635][  0]LogConfig: Setting CVar [[r.VolumetricFog:1]]
[2020.04.06-19.36.51:635][  0]LogConfig: Setting CVar [[r.VolumetricFog.GridPixelSize:8]]
[2020.04.06-19.36.51:635][  0]LogConfig: Setting CVar [[r.VolumetricFog.GridSizeZ:128]]
[2020.04.06-19.36.51:635][  0]LogConfig: Setting CVar [[r.VolumetricFog.HistoryMissSupersampleCount:4]]
[2020.04.06-19.36.51:635][  0]LogConfig: Setting CVar [[r.LightMaxDrawDistanceScale:1]]
[2020.04.06-19.36.51:635][  0]LogConfig: Setting CVar [[r.CapsuleShadows:1]]
[2020.04.06-19.36.51:635][  0]LogConfig: Applying CVar settings from Section [PostProcessQuality@3] File [D:/GameJams/unga/UngaBunga/Saved/Config/Windows/Scalability.ini]
[2020.04.06-19.36.51:635][  0]LogConfig: Setting CVar [[r.MotionBlurQuality:4]]
[2020.04.06-19.36.51:635][  0]LogConfig: Setting CVar [[r.AmbientOcclusionMipLevelFactor:0.4]]
[2020.04.06-19.36.51:635][  0]LogConfig: Setting CVar [[r.AmbientOcclusionMaxQuality:100]]
[2020.04.06-19.36.51:635][  0]LogConfig: Setting CVar [[r.AmbientOcclusionLevels:-1]]
[2020.04.06-19.36.51:635][  0]LogConfig: Setting CVar [[r.AmbientOcclusionRadiusScale:1.0]]
[2020.04.06-19.36.51:635][  0]LogConfig: Setting CVar [[r.DepthOfFieldQuality:2]]
[2020.04.06-19.36.51:635][  0]LogConfig: Setting CVar [[r.RenderTargetPoolMin:400]]
[2020.04.06-19.36.51:635][  0]LogConfig: Setting CVar [[r.LensFlareQuality:2]]
[2020.04.06-19.36.51:635][  0]LogConfig: Setting CVar [[r.SceneColorFringeQuality:1]]
[2020.04.06-19.36.51:635][  0]LogConfig: Setting CVar [[r.EyeAdaptationQuality:2]]
[2020.04.06-19.36.51:635][  0]LogConfig: Setting CVar [[r.BloomQuality:5]]
[2020.04.06-19.36.51:635][  0]LogConfig: Setting CVar [[r.FastBlurThreshold:100]]
[2020.04.06-19.36.51:635][  0]LogConfig: Setting CVar [[r.Upscale.Quality:3]]
[2020.04.06-19.36.51:635][  0]LogConfig: Setting CVar [[r.Tonemapper.GrainQuantization:1]]
[2020.04.06-19.36.51:635][  0]LogConfig: Setting CVar [[r.LightShaftQuality:1]]
[2020.04.06-19.36.51:635][  0]LogConfig: Setting CVar [[r.Filter.SizeScale:1]]
[2020.04.06-19.36.51:635][  0]LogConfig: Setting CVar [[r.Tonemapper.Quality:5]]
[2020.04.06-19.36.51:635][  0]LogConfig: Setting CVar [[r.DOF.Gather.AccumulatorQuality:1        ; higher gathering accumulator quality]]
[2020.04.06-19.36.51:635][  0]LogConfig: Setting CVar [[r.DOF.Gather.PostfilterMethod:1          ; Median3x3 postfilering method]]
[2020.04.06-19.36.51:635][  0]LogConfig: Setting CVar [[r.DOF.Gather.EnableBokehSettings:0       ; no bokeh simulation when gathering]]
[2020.04.06-19.36.51:635][  0]LogConfig: Setting CVar [[r.DOF.Gather.RingCount:4                 ; medium number of samples when gathering]]
[2020.04.06-19.36.51:635][  0]LogConfig: Setting CVar [[r.DOF.Scatter.ForegroundCompositing:1    ; additive foreground scattering]]
[2020.04.06-19.36.51:636][  0]LogConfig: Setting CVar [[r.DOF.Scatter.BackgroundCompositing:2    ; additive background scattering]]
[2020.04.06-19.36.51:636][  0]LogConfig: Setting CVar [[r.DOF.Scatter.EnableBokehSettings:1      ; bokeh simulation when scattering]]
[2020.04.06-19.36.51:636][  0]LogConfig: Setting CVar [[r.DOF.Scatter.MaxSpriteRatio:0.1         ; only a maximum of 10% of scattered bokeh]]
[2020.04.06-19.36.51:636][  0]LogConfig: Setting CVar [[r.DOF.Recombine.Quality:1                ; cheap slight out of focus]]
[2020.04.06-19.36.51:636][  0]LogConfig: Setting CVar [[r.DOF.Recombine.EnableBokehSettings:0    ; no bokeh simulation on slight out of focus]]
[2020.04.06-19.36.51:636][  0]LogConfig: Setting CVar [[r.DOF.TemporalAAQuality:1                ; more stable temporal accumulation]]
[2020.04.06-19.36.51:636][  0]LogConfig: Setting CVar [[r.DOF.Kernel.MaxForegroundRadius:0.025]]
[2020.04.06-19.36.51:636][  0]LogConfig: Setting CVar [[r.DOF.Kernel.MaxBackgroundRadius:0.025]]
[2020.04.06-19.36.51:636][  0]LogConfig: Applying CVar settings from Section [TextureQuality@3] File [D:/GameJams/unga/UngaBunga/Saved/Config/Windows/Scalability.ini]
[2020.04.06-19.36.51:636][  0]LogConfig: Setting CVar [[r.Streaming.MipBias:0]]
[2020.04.06-19.36.51:636][  0]LogConfig: Setting CVar [[r.Streaming.AmortizeCPUToGPUCopy:0]]
[2020.04.06-19.36.51:636][  0]LogConfig: Setting CVar [[r.Streaming.MaxNumTexturesToStreamPerFrame:0]]
[2020.04.06-19.36.51:636][  0]LogConfig: Setting CVar [[r.Streaming.Boost:1]]
[2020.04.06-19.36.51:636][  0]LogConfig: Setting CVar [[r.MaxAnisotropy:8]]
[2020.04.06-19.36.51:636][  0]LogConfig: Setting CVar [[r.Streaming.LimitPoolSizeToVRAM:0]]
[2020.04.06-19.36.51:636][  0]LogConfig: Setting CVar [[r.Streaming.PoolSize:1000]]
[2020.04.06-19.36.51:636][  0]LogConfig: Setting CVar [[r.Streaming.MaxEffectiveScreenSize:0]]
[2020.04.06-19.36.51:636][  0]LogConfig: Applying CVar settings from Section [EffectsQuality@3] File [D:/GameJams/unga/UngaBunga/Saved/Config/Windows/Scalability.ini]
[2020.04.06-19.36.51:636][  0]LogConfig: Setting CVar [[r.TranslucencyLightingVolumeDim:64]]
[2020.04.06-19.36.51:636][  0]LogConfig: Setting CVar [[r.RefractionQuality:2]]
[2020.04.06-19.36.51:636][  0]LogConfig: Setting CVar [[r.SSR.Quality:3]]
[2020.04.06-19.36.51:636][  0]LogConfig: Setting CVar [[r.SceneColorFormat:4]]
[2020.04.06-19.36.51:636][  0]LogConfig: Setting CVar [[r.DetailMode:2]]
[2020.04.06-19.36.51:636][  0]LogConfig: Setting CVar [[r.TranslucencyVolumeBlur:1]]
[2020.04.06-19.36.51:636][  0]LogConfig: Setting CVar [[r.MaterialQualityLevel:1 ; High quality]]
[2020.04.06-19.36.51:636][  0]LogConfig: Setting CVar [[r.SSS.Scale:1]]
[2020.04.06-19.36.51:636][  0]LogConfig: Setting CVar [[r.SSS.SampleSet:2]]
[2020.04.06-19.36.51:636][  0]LogConfig: Setting CVar [[r.SSS.Quality:1]]
[2020.04.06-19.36.51:636][  0]LogConfig: Setting CVar [[r.SSS.HalfRes:1]]
[2020.04.06-19.36.51:636][  0]LogConfig: Setting CVar [[r.EmitterSpawnRateScale:1.0]]
[2020.04.06-19.36.51:636][  0]LogConfig: Setting CVar [[r.ParticleLightQuality:2]]
[2020.04.06-19.36.51:636][  0]LogConfig: Applying CVar settings from Section [FoliageQuality@3] File [D:/GameJams/unga/UngaBunga/Saved/Config/Windows/Scalability.ini]
[2020.04.06-19.36.51:636][  0]LogConfig: Setting CVar [[foliage.DensityScale:1.0]]
[2020.04.06-19.36.51:636][  0]LogConfig: Setting CVar [[grass.DensityScale:1.0]]
[2020.04.06-19.36.51:636][  0]LogConfig: Applying CVar settings from Section [Startup] File [../../../Engine/Config/ConsoleVariables.ini]
[2020.04.06-19.36.51:636][  0]LogConfig: Setting CVar [[net.UseAdaptiveNetUpdateFrequency:0]]
[2020.04.06-19.36.51:636][  0]LogConfig: Setting CVar [[p.chaos.AllowCreatePhysxBodies:1]]
[2020.04.06-19.36.51:636][  0]LogConfig: Applying CVar settings from Section [ConsoleVariables] File [D:/GameJams/unga/UngaBunga/Saved/Config/Windows/Engine.ini]
[2020.04.06-19.36.51:636][  0]LogInit: Computer: DESKTOP-MN3TC04
[2020.04.06-19.36.51:636][  0]LogInit: User: Donnie
[2020.04.06-19.36.51:636][  0]LogInit: CPU Page size=4096, Cores=6
[2020.04.06-19.36.51:636][  0]LogInit: High frequency timer resolution =10.000000 MHz
[2020.04.06-19.36.51:636][  0]LogMemory: Memory total: Physical=15.9GB (16GB approx)
[2020.04.06-19.36.51:637][  0]LogMemory: Platform Memory Stats for Windows
[2020.04.06-19.36.51:637][  0]LogMemory: Process Physical Memory: 99.52 MB used, 99.52 MB peak
[2020.04.06-19.36.51:637][  0]LogMemory: Process Virtual Memory: 98.36 MB used, 98.36 MB peak
[2020.04.06-19.36.51:637][  0]LogMemory: Physical Memory: 5886.25 MB used,  10444.94 MB free, 16331.19 MB total
[2020.04.06-19.36.51:637][  0]LogMemory: Virtual Memory: 4669.11 MB used,  134213056.00 MB free, 134217728.00 MB total
[2020.04.06-19.36.51:654][  0]LogInit: Using OS detected language (en-US).
[2020.04.06-19.36.51:654][  0]LogInit: Using OS detected locale (en-US).
[2020.04.06-19.36.51:655][  0]LogTextLocalizationManager: No specific localization for 'en-US' exists, so the 'en' localization will be used.
[2020.04.06-19.36.51:793][  0]LogInit: Setting process to per monitor DPI aware
[2020.04.06-19.36.51:829][  0]LogSlate: New Slate User Created.  User Index 0, Is Virtual User: 0
[2020.04.06-19.36.51:829][  0]LogSlate: Slate User Registered.  User Index 0, Is Virtual User: 0
[2020.04.06-19.36.52:058][  0]LogHMD: Failed to initialize OpenVR with code 110
[2020.04.06-19.36.52:058][  0]LogD3D11RHI: D3D11 adapters:
[2020.04.06-19.36.52:137][  0]LogD3D11RHI:    0. 'NVIDIA GeForce RTX 2060' (Feature Level 11_0)
[2020.04.06-19.36.52:137][  0]LogD3D11RHI:       5980/0/8165 MB DedicatedVideo/DedicatedSystem/SharedSystem, Outputs:1, VendorId:0x10de
[2020.04.06-19.36.52:139][  0]LogD3D11RHI:    1. 'Microsoft Basic Render Driver' (Feature Level 11_0)
[2020.04.06-19.36.52:139][  0]LogD3D11RHI:       0/0/8165 MB DedicatedVideo/DedicatedSystem/SharedSystem, Outputs:0, VendorId:0x1414
[2020.04.06-19.36.52:139][  0]LogD3D11RHI: Chosen D3D11 Adapter: 0
[2020.04.06-19.36.52:148][  0]LogD3D11RHI: Creating new Direct3DDevice
[2020.04.06-19.36.52:148][  0]LogD3D11RHI:     GPU DeviceId: 0x1f08 (for the marketing name, search the web for "GPU Device Id")
[2020.04.06-19.36.52:148][  0]LogWindows: EnumDisplayDevices:
[2020.04.06-19.36.52:149][  0]LogWindows:    0. 'NVIDIA GeForce RTX 2060' (P:1 D:1)
[2020.04.06-19.36.52:149][  0]LogWindows:    1. 'NVIDIA GeForce RTX 2060' (P:0 D:0)
[2020.04.06-19.36.52:149][  0]LogWindows:    2. 'NVIDIA GeForce RTX 2060' (P:0 D:0)
[2020.04.06-19.36.52:149][  0]LogWindows:    3. 'NVIDIA GeForce RTX 2060' (P:0 D:0)
[2020.04.06-19.36.52:149][  0]LogWindows: DebugString: FoundDriverCount:4 
[2020.04.06-19.36.52:149][  0]LogD3D11RHI:     Adapter Name: NVIDIA GeForce RTX 2060
[2020.04.06-19.36.52:149][  0]LogD3D11RHI:   Driver Version: 441.66 (internal:26.21.14.4166, unified:441.66)
[2020.04.06-19.36.52:150][  0]LogD3D11RHI:      Driver Date: 12-6-2019
[2020.04.06-19.36.52:150][  0]LogRHI: Texture pool is 4186 MB (70% of 5980 MB)
[2020.04.06-19.36.52:200][  0]LogD3D11RHI: Async texture creation enabled
[2020.04.06-19.36.52:207][  0]LogRendererCore: FGlobalReadBuffer::InitRHI
[2020.04.06-19.36.52:207][  0]LogRendererCore: FGlobalReadBuffer::InitRHI
[2020.04.06-19.36.52:207][  0]LogRendererCore: FGlobalReadBuffer::InitRHI
[2020.04.06-19.36.52:215][  0]LogD3D11RHI: GPU Timing Frequency: 1000.000000 (Debug: 2 1)
[2020.04.06-19.36.52:463][  0]LogTemp: Display: Module 'AllDesktopTargetPlatform' loaded TargetPlatform 'AllDesktop'
[2020.04.06-19.36.52:476][  0]LogTemp: Display: Module 'MacClientTargetPlatform' loaded TargetPlatform 'MacClient'
[2020.04.06-19.36.52:490][  0]LogTemp: Display: Module 'MacNoEditorTargetPlatform' loaded TargetPlatform 'MacNoEditor'
[2020.04.06-19.36.52:503][  0]LogTemp: Display: Module 'MacServerTargetPlatform' loaded TargetPlatform 'MacServer'
[2020.04.06-19.36.52:517][  0]LogTemp: Display: Module 'MacTargetPlatform' loaded TargetPlatform 'Mac'
[2020.04.06-19.36.52:530][  0]LogTemp: Display: Module 'WindowsClientTargetPlatform' loaded TargetPlatform 'WindowsClient'
[2020.04.06-19.36.52:544][  0]LogTemp: Display: Module 'WindowsNoEditorTargetPlatform' loaded TargetPlatform 'WindowsNoEditor'
[2020.04.06-19.36.52:557][  0]LogTemp: Display: Module 'WindowsServerTargetPlatform' loaded TargetPlatform 'WindowsServer'
[2020.04.06-19.36.52:564][  0]LogTemp: Display: Module 'WindowsTargetPlatform' loaded TargetPlatform 'Windows'
[2020.04.06-19.36.52:647][  0]LogTemp: Display: Module 'AndroidTargetPlatform' loaded TargetPlatform 'Android'
[2020.04.06-19.36.52:647][  0]LogTemp: Display: Module 'AndroidTargetPlatform' loaded TargetPlatform 'Android_ASTC'
[2020.04.06-19.36.52:647][  0]LogTemp: Display: Module 'AndroidTargetPlatform' loaded TargetPlatform 'Android_ATC'
[2020.04.06-19.36.52:647][  0]LogTemp: Display: Module 'AndroidTargetPlatform' loaded TargetPlatform 'Android_DXT'
[2020.04.06-19.36.52:647][  0]LogTemp: Display: Module 'AndroidTargetPlatform' loaded TargetPlatform 'Android_ETC1'
[2020.04.06-19.36.52:647][  0]LogTemp: Display: Module 'AndroidTargetPlatform' loaded TargetPlatform 'Android_ETC1a'
[2020.04.06-19.36.52:647][  0]LogTemp: Display: Module 'AndroidTargetPlatform' loaded TargetPlatform 'Android_ETC2'
[2020.04.06-19.36.52:647][  0]LogTemp: Display: Module 'AndroidTargetPlatform' loaded TargetPlatform 'Android_PVRTC'
[2020.04.06-19.36.52:647][  0]LogTemp: Display: Module 'AndroidTargetPlatform' loaded TargetPlatform 'AndroidClient'
[2020.04.06-19.36.52:647][  0]LogTemp: Display: Module 'AndroidTargetPlatform' loaded TargetPlatform 'Android_ASTCClient'
[2020.04.06-19.36.52:647][  0]LogTemp: Display: Module 'AndroidTargetPlatform' loaded TargetPlatform 'Android_ATCClient'
[2020.04.06-19.36.52:647][  0]LogTemp: Display: Module 'AndroidTargetPlatform' loaded TargetPlatform 'Android_DXTClient'
[2020.04.06-19.36.52:647][  0]LogTemp: Display: Module 'AndroidTargetPlatform' loaded TargetPlatform 'Android_ETC1Client'
[2020.04.06-19.36.52:647][  0]LogTemp: Display: Module 'AndroidTargetPlatform' loaded TargetPlatform 'Android_ETC1aClient'
[2020.04.06-19.36.52:647][  0]LogTemp: Display: Module 'AndroidTargetPlatform' loaded TargetPlatform 'Android_ETC2Client'
[2020.04.06-19.36.52:647][  0]LogTemp: Display: Module 'AndroidTargetPlatform' loaded TargetPlatform 'Android_PVRTCClient'
[2020.04.06-19.36.52:647][  0]LogTemp: Display: Module 'AndroidTargetPlatform' loaded TargetPlatform 'Android_Multi'
[2020.04.06-19.36.52:647][  0]LogTemp: Display: Module 'AndroidTargetPlatform' loaded TargetPlatform 'Android_MultiClient'
[2020.04.06-19.36.52:649][  0]LogTemp: Display: Module 'HTML5TargetPlatform' loaded TargetPlatform 'HTML5'
[2020.04.06-19.36.52:699][  0]LogTemp: Display: Module 'IOSTargetPlatform' loaded TargetPlatform 'IOSClient'
[2020.04.06-19.36.52:699][  0]LogTemp: Display: Module 'IOSTargetPlatform' loaded TargetPlatform 'IOS'
[2020.04.06-19.36.52:724][  0]LogTemp: Display: Module 'TVOSTargetPlatform' loaded TargetPlatform 'TVOSClient'
[2020.04.06-19.36.52:724][  0]LogTemp: Display: Module 'TVOSTargetPlatform' loaded TargetPlatform 'TVOS'
[2020.04.06-19.36.52:737][  0]LogTemp: Display: Module 'LinuxClientTargetPlatform' loaded TargetPlatform 'LinuxClient'
[2020.04.06-19.36.52:750][  0]LogTemp: Display: Module 'LinuxNoEditorTargetPlatform' loaded TargetPlatform 'LinuxNoEditor'
[2020.04.06-19.36.52:763][  0]LogTemp: Display: Module 'LinuxServerTargetPlatform' loaded TargetPlatform 'LinuxServer'
[2020.04.06-19.36.52:776][  0]LogTemp: Display: Module 'LinuxTargetPlatform' loaded TargetPlatform 'Linux'
[2020.04.06-19.36.52:822][  0]LogTemp: Display: Module 'LuminTargetPlatform' loaded TargetPlatform 'Lumin'
[2020.04.06-19.36.52:822][  0]LogTemp: Display: Module 'LuminTargetPlatform' loaded TargetPlatform 'LuminClient'
[2020.04.06-19.36.52:822][  0]LogTargetPlatformManager: Display: Building Assets For Windows
[2020.04.06-19.36.52:829][  0]LogAudioDebug: Display: Lib vorbis DLL was dynamically loaded.
[2020.04.06-19.36.52:864][  0]LogShaderCompilers: Guid format shader working directory is 11 characters bigger than the processId version (../../../../GameJams/unga/UngaBunga/Intermediate/Shaders/WorkingDirectory/15144/).
[2020.04.06-19.36.52:864][  0]LogShaderCompilers: Cleaned the shader compiler working directory 'C:/Users/Donnie/AppData/Local/Temp/UnrealShaderWorkingDir/88C6953D485B1C115012A69143BA8A29/'.
[2020.04.06-19.36.52:865][  0]LogXGEController: Cannot use XGE Controller as Incredibuild is not installed on this machine.
[2020.04.06-19.36.52:865][  0]LogShaderCompilers: Cannot use XGE Shader Compiler as Incredibuild is not installed on this machine.
[2020.04.06-19.36.52:865][  0]LogShaderCompilers: Display: Using Local Shader Compiler.
[2020.04.06-19.36.53:388][  0]LogDerivedDataCache: Display: Max Cache Size: 512 MB
[2020.04.06-19.36.53:431][  0]LogDerivedDataCache: Loaded boot cache 0.04s 71MB C:/Users/Donnie/AppData/Local/UnrealEngine/4.22/DerivedDataCache/Boot.ddc.
[2020.04.06-19.36.53:431][  0]LogDerivedDataCache: Display: Loaded Boot cache: C:/Users/Donnie/AppData/Local/UnrealEngine/4.22/DerivedDataCache/Boot.ddc
[2020.04.06-19.36.53:431][  0]LogDerivedDataCache: FDerivedDataBackendGraph:  Pak pak cache file ../../../../GameJams/unga/UngaBunga/DerivedDataCache/DDC.ddp not found, will not use a pak cache.
[2020.04.06-19.36.53:431][  0]LogDerivedDataCache: Unable to find inner node Pak for hierarchical cache Hierarchy.
[2020.04.06-19.36.53:431][  0]LogDerivedDataCache: FDerivedDataBackendGraph:  CompressedPak pak cache file ../../../../GameJams/unga/UngaBunga/DerivedDataCache/Compressed.ddp not found, will not use a pak cache.
[2020.04.06-19.36.53:431][  0]LogDerivedDataCache: Unable to find inner node CompressedPak for hierarchical cache Hierarchy.
[2020.04.06-19.36.53:443][  0]LogDerivedDataCache: Display: Pak cache opened for reading ../../../Engine/DerivedDataCache/Compressed.ddp.
[2020.04.06-19.36.53:443][  0]LogDerivedDataCache: FDerivedDataBackendGraph:  EnterprisePak pak cache file ../../../Enterprise/DerivedDataCache/Compressed.ddp not found, will not use a pak cache.
[2020.04.06-19.36.53:443][  0]LogDerivedDataCache: Unable to find inner node EnterprisePak for hierarchical cache Hierarchy.
[2020.04.06-19.36.53:456][  0]LogDerivedDataCache: Using Local data cache path C:/Users/Donnie/AppData/Local/UnrealEngine/Common/DerivedDataCache: Writable
[2020.04.06-19.36.53:456][  0]LogDerivedDataCache: Shared data cache path not found in *engine.ini, will not use an Shared cache.
[2020.04.06-19.36.53:456][  0]LogDerivedDataCache: Unable to find inner node Shared for hierarchical cache Hierarchy.
[2020.04.06-19.36.53:480][  0]LogMaterial: Verifying Global Shaders for PCD3D_SM5
[2020.04.06-19.36.53:482][  0]LogSlate: Using FreeType 2.6.0
[2020.04.06-19.36.53:482][  0]LogSlate: SlateFontServices - WITH_FREETYPE: 1, WITH_HARFBUZZ: 1
[2020.04.06-19.36.53:570][  0]LogAssetRegistry: FAssetRegistry took 0.0342 seconds to start up
[2020.04.06-19.36.53:889][  0]LogInit: Selected Device Profile: [Windows]
[2020.04.06-19.36.54:001][  0]LogMeshReduction: Using QuadricMeshReduction for automatic static mesh reduction
[2020.04.06-19.36.54:001][  0]LogMeshReduction: Using SimplygonMeshReduction for automatic skeletal mesh reduction
[2020.04.06-19.36.54:001][  0]LogMeshReduction: Using ProxyLODMeshReduction for automatic mesh merging
[2020.04.06-19.36.54:001][  0]LogMeshReduction: No distributed automatic mesh merging module available
[2020.04.06-19.36.54:001][  0]LogMeshMerging: No distributed automatic mesh merging module available
[2020.04.06-19.36.54:015][  0]LogNetVersion: unga 1.0.0, NetCL: 5660361, EngineNetVer: 10, GameNetVer: 0 (Checksum: 2805561233)
[2020.04.06-19.36.54:366][  0]LogPackageLocalizationCache: Processed 10 localized package path(s) for 1 prioritized culture(s) in 0.037047 seconds
[2020.04.06-19.36.54:373][  0]LogUObjectArray: 42205 objects as part of root set at end of initial load.
[2020.04.06-19.36.54:373][  0]LogUObjectAllocator: 7325032 out of 0 bytes used by permanent object pool.
[2020.04.06-19.36.54:373][  0]LogUObjectArray: CloseDisregardForGC: 0/0 objects in disregard for GC pool
[2020.04.06-19.36.55:185][  0]LogTcpMessaging: Initializing TcpMessaging bridge
[2020.04.06-19.36.55:199][  0]LogUdpMessaging: Initializing bridge on interface 0.0.0.0:0 to multicast group 230.0.0.1:6666.
[2020.04.06-19.36.55:255][  0]LogUdpMessaging: Initializing tunnel on interface 0.0.0.0:0 to multicast group 230.0.0.1:6666.
[2020.04.06-19.36.55:319][  0]SourceControl: Source control is disabled
[2020.04.06-19.36.55:752][  0]LogAndroidPermission: UAndroidPermissionCallbackProxy::GetInstance
[2020.04.06-19.36.55:841][  0]LogOcInput: OculusInput pre-init called
[2020.04.06-19.36.56:585][  0]LogEngine: Initializing Engine...
[2020.04.06-19.36.56:586][  0]LogHMD: Failed to initialize OpenVR with code 110
[2020.04.06-19.36.56:587][  0]LogStats: UGameplayTagsManager::InitializeManager -  0.000 s
[2020.04.06-19.36.56:779][  0]LogInit: Initializing FReadOnlyCVARCache
[2020.04.06-19.36.56:788][  0]LogAIModule: Creating AISystem for world Untitled
[2020.04.06-19.36.56:813][  0]LogInit: XAudio2 using 'Speakers (Realtek(R) Audio)' : 2 channels at 48 kHz using 32 bits per sample (channel mask 0x3)
[2020.04.06-19.36.56:832][  0]LogInit: FAudioDevice initialized.
[2020.04.06-19.36.56:832][  0]LogNetVersion: Set ProjectVersion to 1.0.0.0. Version Checksum will be recalculated on next use.
[2020.04.06-19.36.56:915][  0]LogDerivedDataCache: Saved boot cache 0.08s 71MB C:/Users/Donnie/AppData/Local/UnrealEngine/4.22/DerivedDataCache/Boot.ddc.
[2020.04.06-19.36.56:927][  0]LogInit: Texture streaming: Enabled
[2020.04.06-19.36.56:941][  0]LogEngineSessionManager: EngineSessionManager initialized
[2020.04.06-19.36.56:963][  0]LogInit: Transaction tracking system initialized
[2020.04.06-19.36.56:979][  0]BlueprintLog: New page: Editor Load
[2020.04.06-19.36.57:042][  0]LocalizationService: Localization service is disabled
[2020.04.06-19.36.57:292][  0]LogAutoReimportManager: Warning: Unable to watch directory ../../../../GameJams/unga/UngaBunga/Content/ as it will conflict with another watching ../../../../GameJams/unga/UngaBunga/Content/.
[2020.04.06-19.36.57:309][  0]LogCook: Display: Max memory allowance for cook 16384mb min free memory 0mb
[2020.04.06-19.36.57:309][  0]LogCook: Display: Mobile HDR setting 1
[2020.04.06-19.36.57:468][  0]LogFileCache: Scanning file cache for directory 'D:/GameJams/unga/UngaBunga/Content/' took 0.02s
[2020.04.06-19.36.57:469][  0]Cmd: MAP LOAD FILE="../../../../GameJams/unga/UngaBunga/Content/FirstPersonBP/Maps/FirstPersonExampleMap.umap" TEMPLATE=0 SHOWPROGRESS=1 FEATURELEVEL=3
[2020.04.06-19.36.57:469][  0]LightingResults: New page: Lighting Build
[2020.04.06-19.36.57:471][  0]MapCheck: New page: Map Check
[2020.04.06-19.36.57:471][  0]LightingResults: New page: Lighting Build
[2020.04.06-19.36.57:500][  0]LogUObjectHash: Compacting FUObjectHashTables data took   1.55ms
[2020.04.06-19.36.57:778][  0]LogMaterial: Display: Missing cached shader map for material M_Rock, compiling. 
[2020.04.06-19.36.57:779][  0]LogMaterial: Warning: D:\GameJams\unga\UngaBunga\Content\StarterContent\Props\Materials\M_Rock.uasset: Failed to compile Material for platform PCD3D_SM5, Default Material will be used in game.
[2020.04.06-19.36.57:779][  0]LogMaterial: 	(Node TextureSample) Texture Sample> Missing input texture
[2020.04.06-19.36.57:880][  0]LogAIModule: Creating AISystem for world FirstPersonExampleMap
[2020.04.06-19.36.57:894][  0]LogEditorServer: Finished looking for orphan Actors (0.000 secs)
[2020.04.06-19.36.57:929][  0]LogUObjectHash: Compacting FUObjectHashTables data took   2.04ms
[2020.04.06-19.36.57:929][  0]Cmd: MAP CHECKDEP NOCLEARLOG
[2020.04.06-19.36.57:929][  0]MapCheck: Map check complete: 0 Error(s), 0 Warning(s), took 0.101ms to complete.
[2020.04.06-19.36.57:929][  0]LogFileHelpers: Loading map 'FirstPersonExampleMap' took 0.461
[2020.04.06-19.36.58:086][  0]LogSlate: Updating window title bar state: overlay mode, drag disabled, window buttons hidden, title bar hidden
[2020.04.06-19.36.58:093][  0]LogSlate: Updating window title bar state: overlay mode, drag disabled, window buttons hidden, title bar hidden
[2020.04.06-19.36.58:101][  0]LogSlate: Updating window title bar state: overlay mode, drag disabled, window buttons hidden, title bar hidden
[2020.04.06-19.36.58:108][  0]LogSlate: Updating window title bar state: overlay mode, drag disabled, window buttons hidden, title bar hidden
[2020.04.06-19.36.58:113][  0]LogCollectionManager: Loaded 0 collections in 0.001039 seconds
[2020.04.06-19.36.58:152][  0]LogFileCache: Scanning file cache for directory 'D:/GameJams/unga/UngaBunga/Saved/Collections/' took 0.01s
[2020.04.06-19.36.58:152][  0]LogFileCache: Scanning file cache for directory 'D:/GameJams/unga/UngaBunga/Content/Developers/Donnie/Collections/' took 0.01s
[2020.04.06-19.36.58:152][  0]LogFileCache: Scanning file cache for directory 'D:/GameJams/unga/UngaBunga/Content/Collections/' took 0.01s
[2020.04.06-19.36.58:152][  0]LogCollectionManager: Rebuilt the GUID cache for 0 collections in 0.000000 seconds
[2020.04.06-19.36.58:163][  0]LogContentBrowser: Native class hierarchy populated in 0.0106 seconds. Added 2732 classes and 659 folders.
[2020.04.06-19.36.58:167][  0]LogContentBrowser: Native class hierarchy updated for 'WidgetCarousel' in 0.0003 seconds. Added 0 classes and 0 folders.
[2020.04.06-19.36.58:169][  0]LogPakFile: Registered encryption key '00000000000000000000000000000000': 0 pak files mounted, 0 remain pending
[2020.04.06-19.36.58:170][  0]LogPakFile: Registered encryption key '00000000000000000000000000000000': 0 pak files mounted, 0 remain pending
[2020.04.06-19.36.58:170][  0]LogPakFile: Registered encryption key '00000000000000000000000000000000': 0 pak files mounted, 0 remain pending
[2020.04.06-19.36.58:171][  0]LogPakFile: Registered encryption key '00000000000000000000000000000000': 0 pak files mounted, 0 remain pending
[2020.04.06-19.36.58:172][  0]LogPakFile: Registered encryption key '00000000000000000000000000000000': 0 pak files mounted, 0 remain pending
[2020.04.06-19.36.58:172][  0]LogPakFile: Registered encryption key '00000000000000000000000000000000': 0 pak files mounted, 0 remain pending
[2020.04.06-19.36.58:173][  0]LogPakFile: Registered encryption key '00000000000000000000000000000000': 0 pak files mounted, 0 remain pending
[2020.04.06-19.36.58:173][  0]LogPakFile: Registered encryption key '00000000000000000000000000000000': 0 pak files mounted, 0 remain pending
[2020.04.06-19.36.58:174][  0]LogPakFile: Registered encryption key '00000000000000000000000000000000': 0 pak files mounted, 0 remain pending
[2020.04.06-19.36.58:175][  0]LogPakFile: Registered encryption key '00000000000000000000000000000000': 0 pak files mounted, 0 remain pending
[2020.04.06-19.36.58:175][  0]LogPakFile: Registered encryption key '00000000000000000000000000000000': 0 pak files mounted, 0 remain pending
[2020.04.06-19.36.58:176][  0]LogPakFile: Registered encryption key '00000000000000000000000000000000': 0 pak files mounted, 0 remain pending
[2020.04.06-19.36.58:177][  0]LogPakFile: Registered encryption key '00000000000000000000000000000000': 0 pak files mounted, 0 remain pending
[2020.04.06-19.36.58:177][  0]LogPakFile: Registered encryption key '00000000000000000000000000000000': 0 pak files mounted, 0 remain pending
[2020.04.06-19.36.58:178][  0]LogPakFile: Registered encryption key '00000000000000000000000000000000': 0 pak files mounted, 0 remain pending
[2020.04.06-19.36.58:178][  0]LogPakFile: Registered encryption key '00000000000000000000000000000000': 0 pak files mounted, 0 remain pending
[2020.04.06-19.36.58:179][  0]LogPakFile: Registered encryption key '00000000000000000000000000000000': 0 pak files mounted, 0 remain pending
[2020.04.06-19.36.58:180][  0]LogPakFile: Registered encryption key '00000000000000000000000000000000': 0 pak files mounted, 0 remain pending
[2020.04.06-19.36.58:181][  0]LogPakFile: Registered encryption key '00000000000000000000000000000000': 0 pak files mounted, 0 remain pending
[2020.04.06-19.36.58:181][  0]LogPakFile: Registered encryption key '00000000000000000000000000000000': 0 pak files mounted, 0 remain pending
[2020.04.06-19.36.58:182][  0]LogPakFile: Registered encryption key '00000000000000000000000000000000': 0 pak files mounted, 0 remain pending
[2020.04.06-19.36.58:183][  0]LogPakFile: Registered encryption key '00000000000000000000000000000000': 0 pak files mounted, 0 remain pending
[2020.04.06-19.36.58:184][  0]LogPakFile: Registered encryption key '00000000000000000000000000000000': 0 pak files mounted, 0 remain pending
[2020.04.06-19.36.58:184][  0]LogPakFile: Registered encryption key '00000000000000000000000000000000': 0 pak files mounted, 0 remain pending
[2020.04.06-19.36.58:185][  0]LogPakFile: Registered encryption key '00000000000000000000000000000000': 0 pak files mounted, 0 remain pending
[2020.04.06-19.36.58:186][  0]LogPakFile: Registered encryption key '00000000000000000000000000000000': 0 pak files mounted, 0 remain pending
[2020.04.06-19.36.58:231][  0]LogContentBrowser: Native class hierarchy updated for 'AddContentDialog' in 0.0003 seconds. Added 0 classes and 0 folders.
[2020.04.06-19.36.58:237][  0]LogContentBrowser: Native class hierarchy updated for 'SceneOutliner' in 0.0004 seconds. Added 1 classes and 2 folders.
[2020.04.06-19.36.58:257][  0]LogSlate: Took 0.000316 seconds to synchronously load lazily loaded font '../../../Engine/Content/Slate/Fonts/Roboto-Regular.ttf' (155K)
[2020.04.06-19.36.58:258][  0]LogSlate: Took 0.000198 seconds to synchronously load lazily loaded font '../../../Engine/Content/Slate/Fonts/Roboto-Bold.ttf' (160K)
[2020.04.06-19.36.58:264][  0]LogSlate: Took 0.000225 seconds to synchronously load lazily loaded font '../../../Engine/Content/Editor/Slate/Fonts/FontAwesome.ttf' (139K)
[2020.04.06-19.36.58:324][  0]LogRenderer: Reallocating scene render targets to support 1092x572 Format 10 NumSamples 1 (Frame:1).
[2020.04.06-19.36.58:436][  0]LogContentBrowser: Native class hierarchy updated for 'HierarchicalLODOutliner' in 0.0004 seconds. Added 0 classes and 0 folders.
[2020.04.06-19.36.58:436][  0]LogLoad: (Engine Initialization) Total time: 8.94 seconds
[2020.04.06-19.36.58:436][  0]LogLoad: (Engine Initialization) Total Blueprint compile time: 0.00 seconds
[2020.04.06-19.36.58:484][  0]LogAssetRegistry: Asset discovery search completed in 4.9376 seconds
[2020.04.06-19.36.58:486][  0]LogCollectionManager: Rebuilt the object cache for 0 collections in 0.000000 seconds (found 0 objects)
[2020.04.06-19.36.58:486][  0]LogCollectionManager: Fixed up redirectors for 0 collections in 0.000034 seconds (updated 0 objects)
[2020.04.06-19.36.58:536][  0]LogContentStreaming: Texture pool size now 1000 MB
[2020.04.06-19.36.58:571][  0]LogSlate: Took 0.000243 seconds to synchronously load lazily loaded font '../../../Engine/Content/Slate/Fonts/Roboto-Light.ttf' (167K)
[2020.04.06-19.36.58:583][  1]LogFileCache: Retrieving MD5 hashes for directory 'D:/GameJams/unga/UngaBunga/Content/' took 0.12s
[2020.04.06-19.36.59:473][101]LogSlate: Took 0.000200 seconds to synchronously load lazily loaded font '../../../Engine/Content/Slate/Fonts/Roboto-Light.ttf' (167K)
[2020.04.06-19.36.59:480][101]LogSlate: FSceneViewport::OnFocusLost() reason 2
[2020.04.06-19.36.59:484][101]LogAssetEditorManager: Opening Asset editor for Blueprint /Game/FirstPersonBP/Blueprints/Fox_Pawn_Blueprint.Fox_Pawn_Blueprint
[2020.04.06-19.36.59:736][101]LogContentBrowser: Native class hierarchy updated for 'BlueprintGraph' in 0.0006 seconds. Added 121 classes and 0 folders.
[2020.04.06-19.37.00:552][101]LogAssetEditorManager: Opening Asset editor for Blueprint /Game/FirstPersonBP/Blueprints/Caveman_Player.Caveman_Player
[2020.04.06-19.37.00:904][101]LogAssetEditorManager: Opening Asset editor for BehaviorTree /Game/FirstPersonBP/Blueprints/Fox_Stuff/Fox_BT.Fox_BT
[2020.04.06-19.37.01:009][101]LogAssetEditorManager: Opening Asset editor for Blueprint /Game/FirstPersonBP/Blueprints/Fox_Stuff/Fox_AI.Fox_AI
[2020.04.06-19.37.01:349][101]LogAssetEditorManager: Opening Asset editor for Blueprint /Game/FirstPersonBP/Blueprints/Fox_Stuff/Check_Dead.Check_Dead
[2020.04.06-19.37.01:693][101]LogAssetEditorManager: Opening Asset editor for Blueprint /Game/FirstPersonBP/Blueprints/Fox_Stuff/isPlayerInRange.isPlayerInRange
[2020.04.06-19.37.02:020][101]LogAssetEditorManager: Opening Asset editor for Blueprint /Game/FirstPersonBP/Blueprints/Fox_Stuff/Roam.Roam
[2020.04.06-19.37.02:343][101]LogSlate: Took 0.000256 seconds to synchronously load lazily loaded font '../../../Engine/Content/Slate/Fonts/Roboto-BoldCondensed.ttf' (158K)
[2020.04.06-19.37.02:378][102]LogSlate: Took 0.000266 seconds to synchronously load lazily loaded font '../../../Engine/Content/Slate/Fonts/Roboto-Italic.ttf' (157K)
[2020.04.06-19.37.08:180][742]LogSlate: FSceneViewport::OnFocusLost() reason 0
[2020.04.06-19.37.08:247][750]LogTemp: Repeating last play command: Selected Viewport
[2020.04.06-19.37.08:281][750]LogBlueprintUserMessages: Early PlayInEditor Detection: Level '/Game/FirstPersonBP/Maps/FirstPersonExampleMap.FirstPersonExampleMap:PersistentLevel' has LevelScriptBlueprint '/Game/FirstPersonBP/Maps/FirstPersonExampleMap.FirstPersonExampleMap:PersistentLevel.FirstPersonExampleMap' with GeneratedClass '/Game/FirstPersonBP/Maps/FirstPersonExampleMap.FirstPersonExampleMap_C' with ClassGeneratedBy '/Game/FirstPersonBP/Maps/FirstPersonExampleMap.FirstPersonExampleMap:PersistentLevel.FirstPersonExampleMap'
[2020.04.06-19.37.08:284][750]LogPlayLevel: PlayLevel: No blueprints needed recompiling
[2020.04.06-19.37.08:284][750]PIE: New page: PIE session: FirstPersonExampleMap (Apr 6, 2020, 11:37:08 AM)
[2020.04.06-19.37.08:296][750]LogPlayLevel: Creating play world package: /Game/FirstPersonBP/Maps/UEDPIE_0_FirstPersonExampleMap
[2020.04.06-19.37.08:311][750]LogPlayLevel: PIE: StaticDuplicateObject took: (0.014562s)
[2020.04.06-19.37.08:311][750]LogAIModule: Creating AISystem for world FirstPersonExampleMap
[2020.04.06-19.37.08:311][750]LogPlayLevel: PIE: World Init took: (0.000624s)
[2020.04.06-19.37.08:311][750]LogPlayLevel: PIE: Created PIE world by copying editor world from /Game/FirstPersonBP/Maps/FirstPersonExampleMap.FirstPersonExampleMap to /Game/FirstPersonBP/Maps/UEDPIE_0_FirstPersonExampleMap.FirstPersonExampleMap (0.015440s)
[2020.04.06-19.37.08:359][750]LogUObjectHash: Compacting FUObjectHashTables data took   3.61ms
[2020.04.06-19.37.08:379][750]LogInit: XAudio2 using 'Speakers (Realtek(R) Audio)' : 2 channels at 48 kHz using 32 bits per sample (channel mask 0x3)
[2020.04.06-19.37.08:394][750]LogInit: FAudioDevice initialized.
[2020.04.06-19.37.08:434][750]LogLoad: Game class is 'FirstPersonGameMode_C'
[2020.04.06-19.37.08:436][750]LogWorld: Bringing World /Game/FirstPersonBP/Maps/UEDPIE_0_FirstPersonExampleMap.FirstPersonExampleMap up for play (max tick rate 0) at 2020.04.06-15.37.08
[2020.04.06-19.37.08:438][750]LogWorld: Bringing up level for play took: 0.002853
[2020.04.06-19.37.08:452][750]LogBlueprintActionDatabase: Requesting refresh due to module change: Voice (loaded)
[2020.04.06-19.37.08:453][750]LogBlueprintActionDatabase: Requesting refresh due to module change: MovieSceneCapture (loaded)
[2020.04.06-19.37.08:454][750]LogContentBrowser: Native class hierarchy updated for 'MovieSceneCapture' in 0.0003 seconds. Added 20 classes and 0 folders.
[2020.04.06-19.37.08:455][750]PIE: Play in editor start time for /Game/FirstPersonBP/Maps/UEDPIE_0_FirstPersonExampleMap 0.574
[2020.04.06-19.37.08:455][750]LogBlueprintUserMessages: Late PlayInEditor Detection: Level '/Game/FirstPersonBP/Maps/FirstPersonExampleMap.FirstPersonExampleMap:PersistentLevel' has LevelScriptBlueprint '/Game/FirstPersonBP/Maps/FirstPersonExampleMap.FirstPersonExampleMap:PersistentLevel.FirstPersonExampleMap' with GeneratedClass '/Game/FirstPersonBP/Maps/FirstPersonExampleMap.FirstPersonExampleMap_C' with ClassGeneratedBy '/Game/FirstPersonBP/Maps/FirstPersonExampleMap.FirstPersonExampleMap:PersistentLevel.FirstPersonExampleMap'
[2020.04.06-19.37.16:228][643]LogAnimation: Warning: Currently in Animation Blueprint mode. Please change AnimationMode to Use Animation Asset
[2020.04.06-19.37.17:754][826]LogBlueprintUserMessages: Early EndPlayMap Detection: Level '/Game/FirstPersonBP/Maps/FirstPersonExampleMap.FirstPersonExampleMap:PersistentLevel' has LevelScriptBlueprint '/Game/FirstPersonBP/Maps/FirstPersonExampleMap.FirstPersonExampleMap:PersistentLevel.FirstPersonExampleMap' with GeneratedClass '/Game/FirstPersonBP/Maps/FirstPersonExampleMap.FirstPersonExampleMap_C' with ClassGeneratedBy '/Game/FirstPersonBP/Maps/FirstPersonExampleMap.FirstPersonExampleMap:PersistentLevel.FirstPersonExampleMap'
[2020.04.06-19.37.17:756][826]LogSlate: Updating window title bar state: overlay mode, drag disabled, window buttons hidden, title bar hidden
[2020.04.06-19.37.17:801][826]LogPlayLevel: Display: Shutting down PIE online subsystems
[2020.04.06-19.37.17:801][826]LogBlueprintUserMessages: Late EndPlayMap Detection: Level '/Game/FirstPersonBP/Maps/FirstPersonExampleMap.FirstPersonExampleMap:PersistentLevel' has LevelScriptBlueprint '/Game/FirstPersonBP/Maps/FirstPersonExampleMap.FirstPersonExampleMap:PersistentLevel.FirstPersonExampleMap' with GeneratedClass '/Game/FirstPersonBP/Maps/FirstPersonExampleMap.FirstPersonExampleMap_C' with ClassGeneratedBy '/Game/FirstPersonBP/Maps/FirstPersonExampleMap.FirstPersonExampleMap:PersistentLevel.FirstPersonExampleMap'
[2020.04.06-19.37.17:849][826]LogSlate: Updating window title bar state: overlay mode, drag disabled, window buttons hidden, title bar hidden
[2020.04.06-19.37.17:873][826]LogUObjectHash: Compacting FUObjectHashTables data took   4.98ms
[2020.04.06-19.37.17:895][827]LogPlayLevel: Display: Destroying online subsystem :Context_7
[2020.04.06-19.37.18:940][938]LogSlate: FSceneViewport::OnFocusLost() reason 0
[2020.04.06-19.38.45:365][271]LogTemp: Repeating last play command: Selected Viewport
[2020.04.06-19.38.45:395][271]LogBlueprintUserMessages: Early PlayInEditor Detection: Level '/Game/FirstPersonBP/Maps/FirstPersonExampleMap.FirstPersonExampleMap:PersistentLevel' has LevelScriptBlueprint '/Game/FirstPersonBP/Maps/FirstPersonExampleMap.FirstPersonExampleMap:PersistentLevel.FirstPersonExampleMap' with GeneratedClass '/Game/FirstPersonBP/Maps/FirstPersonExampleMap.FirstPersonExampleMap_C' with ClassGeneratedBy '/Game/FirstPersonBP/Maps/FirstPersonExampleMap.FirstPersonExampleMap:PersistentLevel.FirstPersonExampleMap'
[2020.04.06-19.38.45:398][271]LogPlayLevel: PlayLevel: No blueprints needed recompiling
[2020.04.06-19.38.45:398][271]PIE: New page: PIE session: FirstPersonExampleMap (Apr 6, 2020, 11:38:45 AM)
[2020.04.06-19.38.45:398][271]LogPlayLevel: Creating play world package: /Game/FirstPersonBP/Maps/UEDPIE_0_FirstPersonExampleMap
[2020.04.06-19.38.45:410][271]LogPlayLevel: PIE: StaticDuplicateObject took: (0.011881s)
[2020.04.06-19.38.45:410][271]LogAIModule: Creating AISystem for world FirstPersonExampleMap
[2020.04.06-19.38.45:411][271]LogPlayLevel: PIE: World Init took: (0.000657s)
[2020.04.06-19.38.45:411][271]LogPlayLevel: PIE: Created PIE world by copying editor world from /Game/FirstPersonBP/Maps/FirstPersonExampleMap.FirstPersonExampleMap to /Game/FirstPersonBP/Maps/UEDPIE_0_FirstPersonExampleMap.FirstPersonExampleMap (0.012703s)
[2020.04.06-19.38.45:456][271]LogUObjectHash: Compacting FUObjectHashTables data took   2.64ms
[2020.04.06-19.38.45:480][271]LogInit: XAudio2 using 'Speakers (Realtek(R) Audio)' : 2 channels at 48 kHz using 32 bits per sample (channel mask 0x3)
[2020.04.06-19.38.45:498][271]LogInit: FAudioDevice initialized.
[2020.04.06-19.38.45:525][271]LogLoad: Game class is 'FirstPersonGameMode_C'
[2020.04.06-19.38.45:527][271]LogWorld: Bringing World /Game/FirstPersonBP/Maps/UEDPIE_0_FirstPersonExampleMap.FirstPersonExampleMap up for play (max tick rate 0) at 2020.04.06-15.38.45
[2020.04.06-19.38.45:528][271]LogWorld: Bringing up level for play took: 0.002670
[2020.04.06-19.38.45:541][271]PIE: Play in editor start time for /Game/FirstPersonBP/Maps/UEDPIE_0_FirstPersonExampleMap -0.34
[2020.04.06-19.38.45:541][271]LogBlueprintUserMessages: Late PlayInEditor Detection: Level '/Game/FirstPersonBP/Maps/FirstPersonExampleMap.FirstPersonExampleMap:PersistentLevel' has LevelScriptBlueprint '/Game/FirstPersonBP/Maps/FirstPersonExampleMap.FirstPersonExampleMap:PersistentLevel.FirstPersonExampleMap' with GeneratedClass '/Game/FirstPersonBP/Maps/FirstPersonExampleMap.FirstPersonExampleMap_C' with ClassGeneratedBy '/Game/FirstPersonBP/Maps/FirstPersonExampleMap.FirstPersonExampleMap:PersistentLevel.FirstPersonExampleMap'
[2020.04.06-19.38.55:624][359]LogSlate: FSceneViewport::OnFocusLost() reason 0
[2020.04.06-19.40.04:366][300]LogAssetEditorManager: Opening Asset editor for Blueprint /Game/FirstPersonBP/Blueprints/Fox_Stuff/runAway.runAway
[2020.04.06-19.40.09:713][800]LogSelectionDetails: Warning: NavigateToFunctionSource:  Unable to find symbols for 'UBTTask_BlueprintBase::FinishExecute' [Element not found.]
[2020.04.06-19.40.11:380][968]LogBlueprintUserMessages: Early EndPlayMap Detection: Level '/Game/FirstPersonBP/Maps/FirstPersonExampleMap.FirstPersonExampleMap:PersistentLevel' has LevelScriptBlueprint '/Game/FirstPersonBP/Maps/FirstPersonExampleMap.FirstPersonExampleMap:PersistentLevel.FirstPersonExampleMap' with GeneratedClass '/Game/FirstPersonBP/Maps/FirstPersonExampleMap.FirstPersonExampleMap_C' with ClassGeneratedBy '/Game/FirstPersonBP/Maps/FirstPersonExampleMap.FirstPersonExampleMap:PersistentLevel.FirstPersonExampleMap'
[2020.04.06-19.40.11:383][968]LogSlate: Updating window title bar state: overlay mode, drag disabled, window buttons hidden, title bar hidden
[2020.04.06-19.40.11:427][968]LogPlayLevel: Display: Shutting down PIE online subsystems
[2020.04.06-19.40.11:427][968]LogBlueprintUserMessages: Late EndPlayMap Detection: Level '/Game/FirstPersonBP/Maps/FirstPersonExampleMap.FirstPersonExampleMap:PersistentLevel' has LevelScriptBlueprint '/Game/FirstPersonBP/Maps/FirstPersonExampleMap.FirstPersonExampleMap:PersistentLevel.FirstPersonExampleMap' with GeneratedClass '/Game/FirstPersonBP/Maps/FirstPersonExampleMap.FirstPersonExampleMap_C' with ClassGeneratedBy '/Game/FirstPersonBP/Maps/FirstPersonExampleMap.FirstPersonExampleMap:PersistentLevel.FirstPersonExampleMap'
[2020.04.06-19.40.11:476][968]LogSlate: Updating window title bar state: overlay mode, drag disabled, window buttons hidden, title bar hidden
[2020.04.06-19.40.11:481][968]LogUObjectHash: Compacting FUObjectHashTables data took   2.73ms
[2020.04.06-19.40.11:493][969]LogPlayLevel: Display: Destroying online subsystem :Context_10
[2020.04.06-19.40.15:692][388]LogUObjectHash: Compacting FUObjectHashTables data took   0.92ms
[2020.04.06-19.40.15:788][388]Cmd: OBJ SAVEPACKAGE PACKAGE="/Game/FirstPersonBP/Blueprints/Fox_Stuff/Fox_BT" FILE="../../../../GameJams/unga/UngaBunga/Content/FirstPersonBP/Blueprints/Fox_Stuff/Fox_BT.uasset" SILENT=true
[2020.04.06-19.40.15:808][388]LogSavePackage: Moving '../../../../GameJams/unga/UngaBunga/Saved/Fox_BT7C7770324E2F4FD3CADC9B90DA5DF5C2.tmp' to '../../../../GameJams/unga/UngaBunga/Content/FirstPersonBP/Blueprints/Fox_Stuff/Fox_BT.uasset'
[2020.04.06-19.40.15:817][388]Cmd: OBJ SAVEPACKAGE PACKAGE="/Game/FirstPersonBP/Blueprints/Fox_Stuff/Check_Dead" FILE="../../../../GameJams/unga/UngaBunga/Content/FirstPersonBP/Blueprints/Fox_Stuff/Check_Dead.uasset" SILENT=true
[2020.04.06-19.40.15:839][388]LogSavePackage: Moving '../../../../GameJams/unga/UngaBunga/Saved/Check_DeadF2777D0549D2F577B2D148A2E81E3A03.tmp' to '../../../../GameJams/unga/UngaBunga/Content/FirstPersonBP/Blueprints/Fox_Stuff/Check_Dead.uasset'
[2020.04.06-19.40.15:844][388]Cmd: OBJ SAVEPACKAGE PACKAGE="/Game/FirstPersonBP/Blueprints/Fox_Stuff/runAway" FILE="../../../../GameJams/unga/UngaBunga/Content/FirstPersonBP/Blueprints/Fox_Stuff/runAway.uasset" SILENT=true
[2020.04.06-19.40.15:871][388]LogSavePackage: Moving '../../../../GameJams/unga/UngaBunga/Saved/runAway1E2AC0424C6B26CC16254FAF53A100C4.tmp' to '../../../../GameJams/unga/UngaBunga/Content/FirstPersonBP/Blueprints/Fox_Stuff/runAway.uasset'
[2020.04.06-19.40.15:902][388]LogSavePackage: Moving '../../../../GameJams/unga/UngaBunga/Saved/isPlayerInRangeEA2F61474A613DED61B47BA7D1840843.tmp' to '../../../../GameJams/unga/UngaBunga/Content/FirstPersonBP/Blueprints/Fox_Stuff/isPlayerInRange.uasset'
[2020.04.06-19.42.34:210][ 36]LogTemp: Repeating last play command: Selected Viewport
[2020.04.06-19.42.34:244][ 36]LogBlueprintUserMessages: Early PlayInEditor Detection: Level '/Game/FirstPersonBP/Maps/FirstPersonExampleMap.FirstPersonExampleMap:PersistentLevel' has LevelScriptBlueprint '/Game/FirstPersonBP/Maps/FirstPersonExampleMap.FirstPersonExampleMap:PersistentLevel.FirstPersonExampleMap' with GeneratedClass '/Game/FirstPersonBP/Maps/FirstPersonExampleMap.FirstPersonExampleMap_C' with ClassGeneratedBy '/Game/FirstPersonBP/Maps/FirstPersonExampleMap.FirstPersonExampleMap:PersistentLevel.FirstPersonExampleMap'
[2020.04.06-19.42.34:247][ 36]BlueprintLog: New page: Pre-Play auto-recompile
[2020.04.06-19.42.34:247][ 36]LogPlayLevel: [PlayLevel] Compiling runAway before play...
[2020.04.06-19.42.34:478][ 36]LogUObjectHash: Compacting FUObjectHashTables data took   3.72ms
[2020.04.06-19.42.34:478][ 36]LogPlayLevel: PlayLevel: Blueprint regeneration took 231 ms (1 blueprints)
[2020.04.06-19.42.34:478][ 36]PIE: New page: PIE session: FirstPersonExampleMap (Apr 6, 2020, 11:42:34 AM)
[2020.04.06-19.42.34:478][ 36]LogPlayLevel: Creating play world package: /Game/FirstPersonBP/Maps/UEDPIE_0_FirstPersonExampleMap
[2020.04.06-19.42.34:490][ 36]LogPlayLevel: PIE: StaticDuplicateObject took: (0.011997s)
[2020.04.06-19.42.34:491][ 36]LogAIModule: Creating AISystem for world FirstPersonExampleMap
[2020.04.06-19.42.34:491][ 36]LogPlayLevel: PIE: World Init took: (0.000816s)
[2020.04.06-19.42.34:491][ 36]LogPlayLevel: PIE: Created PIE world by copying editor world from /Game/FirstPersonBP/Maps/FirstPersonExampleMap.FirstPersonExampleMap to /Game/FirstPersonBP/Maps/UEDPIE_0_FirstPersonExampleMap.FirstPersonExampleMap (0.012989s)
[2020.04.06-19.42.34:537][ 36]LogUObjectHash: Compacting FUObjectHashTables data took   2.61ms
[2020.04.06-19.42.34:555][ 36]LogInit: XAudio2 using 'Speakers (Realtek(R) Audio)' : 2 channels at 48 kHz using 32 bits per sample (channel mask 0x3)
[2020.04.06-19.42.34:571][ 36]LogInit: FAudioDevice initialized.
[2020.04.06-19.42.34:590][ 36]LogSlate: Updating window title bar state: overlay mode, drag disabled, window buttons hidden, title bar hidden
[2020.04.06-19.42.34:625][ 36]LogLoad: Game class is 'FirstPersonGameMode_C'
[2020.04.06-19.42.34:627][ 36]LogWorld: Bringing World /Game/FirstPersonBP/Maps/UEDPIE_0_FirstPersonExampleMap.FirstPersonExampleMap up for play (max tick rate 0) at 2020.04.06-15.42.34
[2020.04.06-19.42.34:628][ 36]LogWorld: Bringing up level for play took: 0.002729
[2020.04.06-19.42.34:642][ 36]PIE: Play in editor start time for /Game/FirstPersonBP/Maps/UEDPIE_0_FirstPersonExampleMap 0.761
[2020.04.06-19.42.34:642][ 36]LogBlueprintUserMessages: Late PlayInEditor Detection: Level '/Game/FirstPersonBP/Maps/FirstPersonExampleMap.FirstPersonExampleMap:PersistentLevel' has LevelScriptBlueprint '/Game/FirstPersonBP/Maps/FirstPersonExampleMap.FirstPersonExampleMap:PersistentLevel.FirstPersonExampleMap' with GeneratedClass '/Game/FirstPersonBP/Maps/FirstPersonExampleMap.FirstPersonExampleMap_C' with ClassGeneratedBy '/Game/FirstPersonBP/Maps/FirstPersonExampleMap.FirstPersonExampleMap:PersistentLevel.FirstPersonExampleMap'
[2020.04.06-19.42.34:669][ 38]LogRenderer: Reallocating scene render targets to support 1272x688 Format 10 NumSamples 1 (Frame:1).
[2020.04.06-19.43.26:653][265]LogBlueprintUserMessages: Early EndPlayMap Detection: Level '/Game/FirstPersonBP/Maps/FirstPersonExampleMap.FirstPersonExampleMap:PersistentLevel' has LevelScriptBlueprint '/Game/FirstPersonBP/Maps/FirstPersonExampleMap.FirstPersonExampleMap:PersistentLevel.FirstPersonExampleMap' with GeneratedClass '/Game/FirstPersonBP/Maps/FirstPersonExampleMap.FirstPersonExampleMap_C' with ClassGeneratedBy '/Game/FirstPersonBP/Maps/FirstPersonExampleMap.FirstPersonExampleMap:PersistentLevel.FirstPersonExampleMap'
[2020.04.06-19.43.26:656][265]LogSlate: Updating window title bar state: overlay mode, drag disabled, window buttons hidden, title bar hidden
[2020.04.06-19.43.26:673][265]LogSlate: Window 'unga Game Preview Standalone (64-bit/PCD3D_SM5)' being destroyed
[2020.04.06-19.43.26:718][265]LogPlayLevel: Display: Shutting down PIE online subsystems
[2020.04.06-19.43.26:719][265]LogBlueprintUserMessages: Late EndPlayMap Detection: Level '/Game/FirstPersonBP/Maps/FirstPersonExampleMap.FirstPersonExampleMap:PersistentLevel' has LevelScriptBlueprint '/Game/FirstPersonBP/Maps/FirstPersonExampleMap.FirstPersonExampleMap:PersistentLevel.FirstPersonExampleMap' with GeneratedClass '/Game/FirstPersonBP/Maps/FirstPersonExampleMap.FirstPersonExampleMap_C' with ClassGeneratedBy '/Game/FirstPersonBP/Maps/FirstPersonExampleMap.FirstPersonExampleMap:PersistentLevel.FirstPersonExampleMap'
[2020.04.06-19.43.26:771][265]LogUObjectHash: Compacting FUObjectHashTables data took   2.64ms
[2020.04.06-19.43.26:784][266]LogPlayLevel: Display: Destroying online subsystem :Context_12
[2020.04.06-19.43.50:921][ 69]LogScript: Warning: Accessed None trying to read property CallFunc_TryGetPawnOwner_ReturnValue
	Fox_Animation_BP_C /Engine/Transient.World_9:PersistentLevel.SkeletalMeshActor_0.SkeletalMeshComponent0.Fox_Animation_BP_C_0
	Function /Game/AnimalVarietyPack/Fox/Fox_Animation_BP.Fox_Animation_BP_C:ExecuteUbergraph_Fox_Animation_BP:00DA
[2020.04.06-19.49.29:681][554]LogUObjectHash: Compacting FUObjectHashTables data took   1.03ms
[2020.04.06-19.49.29:681][554]LogFileHelpers: Editor autosave (incl. sublevels) for '/Game/FirstPersonBP/Maps/FirstPersonExampleMap' took 0.048
[2020.04.06-19.49.29:682][554]OBJ SavePackage: Generating thumbnails for [0] asset(s) in package [/Game/FirstPersonBP/Blueprints/Fox_Stuff/Fox_BT] ([1] browsable assets)...
[2020.04.06-19.49.29:682][554]OBJ SavePackage: Finished generating thumbnails for package [/Game/FirstPersonBP/Blueprints/Fox_Stuff/Fox_BT]
[2020.04.06-19.49.29:701][554]LogSavePackage: Moving '../../../../GameJams/unga/UngaBunga/Saved/Fox_BT_Auto11E4BDFD14EFFB8112E3613837885A021.tmp' to '../../../../GameJams/unga/UngaBunga/Saved/Autosaves/Game/FirstPersonBP/Blueprints/Fox_Stuff/Fox_BT_Auto1.uasset'
[2020.04.06-19.49.29:702][554]LogFileHelpers: Auto-saving content packages took 0.021
[2020.04.06-19.51.12:327][147]LogUObjectHash: Compacting FUObjectHashTables data took   0.98ms
[2020.04.06-19.51.12:420][147]Cmd: OBJ SAVEPACKAGE PACKAGE="/Game/FirstPersonBP/Blueprints/Fox_Stuff/Fox_BT" FILE="../../../../GameJams/unga/UngaBunga/Content/FirstPersonBP/Blueprints/Fox_Stuff/Fox_BT.uasset" SILENT=true
[2020.04.06-19.51.12:435][147]LogSavePackage: Moving '../../../../GameJams/unga/UngaBunga/Saved/Fox_BT2E630B394ED5C83EB97210AE6A3D2FFD.tmp' to '../../../../GameJams/unga/UngaBunga/Content/FirstPersonBP/Blueprints/Fox_Stuff/Fox_BT.uasset'
[2020.04.06-19.51.12:950][206]LogSlate: Window 'runAway' being destroyed
[2020.04.06-19.51.12:958][206]LogSlate: Window 'runAway' being destroyed
[2020.04.06-19.51.13:065][206]LogActorComponent: UnregisterComponent: (/Engine/Transient.EditorFloorComp) Not registered. Aborting.
[2020.04.06-20.03.35:592][840]LogEditorViewport: Clicking on Actor (LMB): Fox_Pawn_Blueprint_C (Fox_Pawn_Blueprint)
[2020.04.06-20.06.29:540][639]LogSlate: FSceneViewport::OnFocusLost() reason 2
