Log file open, 04/06/20 16:10:53
LogWindows: Failed to load 'aqProf.dll' (GetLastError=126)
LogWindows: File 'aqProf.dll' does not exist
LogWindows: Failed to load 'VtuneApi.dll' (GetLastError=126)
LogWindows: File 'VtuneApi.dll' does not exist
LogWindows: Failed to load 'VtuneApi32e.dll' (GetLastError=126)
LogWindows: File 'VtuneApi32e.dll' does not exist
LogConsoleResponse: Display: Failed to find resolution value strings in scalability ini. Falling back to default.
LogInit: Display: Running engine for game: unga
LogPakFile: Registered encryption key '00000000000000000000000000000000': 0 pak files mounted, 0 remain pending
LogPlatformFile: Not using cached read wrapper
LogTaskGraph: Started task graph with 5 named threads and 35 total threads with 3 sets of task threads.
LogStats: Stats thread started at 0.398301
LogD3D11RHI: Loaded GFSDK_Aftermath_Lib.x64.dll
LogICUInternationalization: ICU TimeZone Detection - Raw Offset: -5:00, Platform Override: ''
LogPluginManager: Mounting plugin Paper2D
LogPluginManager: Mounting plugin AISupport
LogPluginManager: Mounting plugin LightPropagationVolume
LogPluginManager: Mounting plugin ActorLayerUtilities
LogPluginManager: Mounting plugin AnimationSharing
LogPluginManager: Mounting plugin CLionSourceCodeAccess
LogPluginManager: Mounting plugin CodeLiteSourceCodeAccess
LogPluginManager: Mounting plugin GitSourceControl
LogPluginManager: Mounting plugin KDevelopSourceCodeAccess
LogPluginManager: Mounting plugin NullSourceCodeAccess
LogPluginManager: Mounting plugin PerforceSourceControl
LogPluginManager: Mounting plugin SubversionSourceControl
LogPluginManager: Mounting plugin UObjectPlugin
LogPluginManager: Mounting plugin VisualStudioCodeSourceCodeAccess
LogPluginManager: Mounting plugin VisualStudioSourceCodeAccess
LogPluginManager: Mounting plugin XCodeSourceCodeAccess
LogPluginManager: Mounting plugin AssetManagerEditor
LogPluginManager: Mounting plugin CryptoKeys
LogPluginManager: Mounting plugin DataValidation
LogPluginManager: Mounting plugin FacialAnimation
LogPluginManager: Mounting plugin GameplayTagsEditor
LogPluginManager: Mounting plugin MacGraphicsSwitching
LogPluginManager: Mounting plugin MaterialAnalyzer
LogPluginManager: Mounting plugin MobileLauncherProfileWizard
LogPluginManager: Mounting plugin PluginBrowser
LogPluginManager: Mounting plugin SpeedTreeImporter
LogPluginManager: Mounting plugin DatasmithContent
LogPluginManager: Mounting plugin VariantManagerContent
LogPluginManager: Mounting plugin AlembicImporter
LogPluginManager: Mounting plugin AppleImageUtils
LogPluginManager: Mounting plugin AppleVision
LogPluginManager: Mounting plugin BackChannel
LogPluginManager: Mounting plugin CharacterAI
LogPluginManager: Mounting plugin GeometryCache
LogPluginManager: Mounting plugin HTML5Networking
LogPluginManager: Mounting plugin ProxyLODPlugin
LogPluginManager: Mounting plugin SkeletalReduction
LogPluginManager: Mounting plugin MagicLeap
LogPluginManager: Mounting plugin MagicLeapMedia
LogPluginManager: Mounting plugin AndroidMedia
LogPluginManager: Mounting plugin AvfMedia
LogPluginManager: Mounting plugin ImgMedia
LogPluginManager: Mounting plugin LinearTimecode
LogPluginManager: Mounting plugin MediaCompositing
LogPluginManager: Mounting plugin MediaPlayerEditor
LogPluginManager: Mounting plugin WebMMedia
LogPluginManager: Mounting plugin WmfMedia
LogPluginManager: Mounting plugin TcpMessaging
LogPluginManager: Mounting plugin UdpMessaging
LogPluginManager: Mounting plugin ActorSequence
LogPluginManager: Mounting plugin LevelSequenceEditor
LogPluginManager: Mounting plugin MatineeToLevelSequence
LogPluginManager: Mounting plugin NetcodeUnitTest
LogPluginManager: Mounting plugin NUTUnrealEngine4
LogPluginManager: Mounting plugin OnlineSubsystemGooglePlay
LogPluginManager: Mounting plugin OnlineSubsystemIOS
LogPluginManager: Mounting plugin OnlineSubsystem
LogPluginManager: Mounting plugin OnlineSubsystemNull
LogPluginManager: Mounting plugin OnlineSubsystemUtils
LogPluginManager: Mounting plugin LauncherChunkInstaller
LogPluginManager: Mounting plugin AndroidDeviceProfileSelector
LogPluginManager: Mounting plugin AndroidMoviePlayer
LogPluginManager: Mounting plugin AndroidPermission
LogPluginManager: Mounting plugin AppleMoviePlayer
LogPluginManager: Mounting plugin ArchVisCharacter
LogPluginManager: Mounting plugin AudioCapture
LogPluginManager: Mounting plugin CableComponent
LogPluginManager: Mounting plugin CustomMeshComponent
LogPluginManager: Mounting plugin EditableMesh
LogPluginManager: Mounting plugin ExampleDeviceProfileSelector
LogPluginManager: Mounting plugin Firebase
LogPluginManager: Mounting plugin GoogleCloudMessaging
LogPluginManager: Mounting plugin IOSDeviceProfileSelector
LogPluginManager: Mounting plugin LinuxDeviceProfileSelector
LogPluginManager: Mounting plugin LocationServicesBPLibrary
LogPluginManager: Mounting plugin MobilePatchingUtils
LogPluginManager: Mounting plugin OculusVR
LogPluginManager: Mounting plugin PhysXVehicles
LogPluginManager: Mounting plugin ProceduralMeshComponent
LogPluginManager: Mounting plugin RuntimePhysXCooking
LogPluginManager: Mounting plugin SignificanceManager
LogPluginManager: Mounting plugin SteamVR
LogPluginManager: Mounting plugin WebMMoviePlayer
LogPluginManager: Mounting plugin WindowsMoviePlayer
LogInit: Using libcurl 7.55.1-DEV
LogInit:  - built for x86_64-pc-win32
LogInit:  - supports SSL with OpenSSL/1.1.1
LogInit:  - supports HTTP deflate (compression) using libz 1.2.8
LogInit:  - other features:
LogInit:      CURL_VERSION_SSL
LogInit:      CURL_VERSION_LIBZ
LogInit:      CURL_VERSION_IPV6
LogInit:      CURL_VERSION_ASYNCHDNS
LogInit:      CURL_VERSION_LARGEFILE
LogInit:      CURL_VERSION_IDN
LogInit:  CurlRequestOptions (configurable via config and command line):
LogInit:  - bVerifyPeer = true  - Libcurl will verify peer certificate
LogInit:  - bUseHttpProxy = false  - Libcurl will NOT use HTTP proxy
LogInit:  - bDontReuseConnections = false  - Libcurl will reuse connections
LogInit:  - MaxHostConnections = 16  - Libcurl will limit the number of connections to a host
LogInit:  - LocalHostAddr = Default
LogInit:  - BufferSize = 65536
LogInit: WinSock: version 1.1 (2.2), MaxSocks=32767, MaxUdp=65467
LogInit: Build: ++UE4+Release-4.22-CL-7053642
LogInit: Engine Version: 4.22.3-7053642+++UE4+Release-4.22
LogInit: Compatible Engine Version: 4.22.0-5660361+++UE4+Release-4.22
LogInit: Net CL: 5660361
LogInit: OS: Windows 10 (Release 1903) (), CPU: AMD Ryzen 5 2600X Six-Core Processor           , GPU: NVIDIA GeForce RTX 2060
LogInit: Compiled (64-bit): Jun 18 2019 03:09:11
LogInit: Compiled with Visual C++: 19.16.27025.01
LogInit: Build Configuration: Development
LogInit: Branch Name: ++UE4+Release-4.22
LogInit: Command Line:  -EpicPortal -epicusername=DonardGrey -epicuserid=b197333d71774c16b886d2d9856eb5ad -epiclocale=en
LogInit: Base Directory: D:/UE_4.22/Engine/Binaries/Win64/
LogInit: Installed Engine Build: 1
LogDevObjectVersion: Number of dev versions registered: 23
LogDevObjectVersion:   Dev-Blueprints (B0D832E4-1F89-4F0D-ACCF-7EB736FD4AA2): 10
LogDevObjectVersion:   Dev-Build (E1C64328-A22C-4D53-A36C-8E866417BD8C): 0
LogDevObjectVersion:   Dev-Core (375EC13C-06E4-48FB-B500-84F0262A717E): 3
LogDevObjectVersion:   Dev-Editor (E4B068ED-F494-42E9-A231-DA0B2E46BB41): 30
LogDevObjectVersion:   Dev-Framework (CFFC743F-43B0-4480-9391-14DF171D2073): 35
LogDevObjectVersion:   Dev-Mobile (B02B49B5-BB20-44E9-A304-32B752E40360): 2
LogDevObjectVersion:   Dev-Networking (A4E4105C-59A1-49B5-A7C5-40C4547EDFEE): 0
LogDevObjectVersion:   Dev-Online (39C831C9-5AE6-47DC-9A44-9C173E1C8E7C): 0
LogDevObjectVersion:   Dev-Physics (78F01B33-EBEA-4F98-B9B4-84EACCB95AA2): 0
LogDevObjectVersion:   Dev-Platform (6631380F-2D4D-43E0-8009-CF276956A95A): 0
LogDevObjectVersion:   Dev-Rendering (12F88B9F-8875-4AFC-A67C-D90C383ABD29): 28
LogDevObjectVersion:   Dev-Sequencer (7B5AE74C-D270-4C10-A958-57980B212A5A): 11
LogDevObjectVersion:   Dev-VR (D7296918-1DD6-4BDD-9DE2-64A83CC13884): 2
LogDevObjectVersion:   Dev-LoadTimes (C2A15278-BFE7-4AFE-6C17-90FF531DF755): 1
LogDevObjectVersion:   Private-Geometry (6EACA3D4-40EC-4CC1-B786-8BED09428FC5): 3
LogDevObjectVersion:   Dev-AnimPhys (29E575DD-E0A3-4627-9D10-D276232CDCEA): 17
LogDevObjectVersion:   Dev-Anim (AF43A65D-7FD3-4947-9873-3E8ED9C1BB05): 2
LogDevObjectVersion:   Dev-ReflectionCapture (6B266CEC-1EC7-4B8F-A30B-E4D90942FC07): 1
LogDevObjectVersion:   Dev-Automation (0DF73D61-A23F-47EA-B727-89E90C41499A): 1
LogDevObjectVersion:   FortniteMain (601D1886-AC64-4F84-AA16-D3DE0DEAC7D6): 25
LogDevObjectVersion:   Dev-Enterprise (9DFFBCD6-494F-0158-E221-12823C92A888): 6
LogDevObjectVersion:   Dev-Niagara (F2AED0AC-9AFE-416F-8664-AA7FFA26D6FC): 1
LogDevObjectVersion:   Dev-Destruction (174F1F0B-B4C6-45A5-B13F-2EE8D0FB917D): 2
LogInit: Presizing for max 16777216 objects, including 0 objects not considered by GC, pre-allocating 0 bytes for permanent pool.
LogInit: Object subsystem initialized
LogConfig: Setting CVar [[con.DebugEarlyDefault:1]]
LogConfig: Setting CVar [[r.setres:1280x720]]
[2020.04.06-20.10.53:260][  0]LogConfig: Setting CVar [[r.VSync:0]]
[2020.04.06-20.10.53:260][  0]LogConfig: Setting CVar [[r.RHICmdBypass:0]]
[2020.04.06-20.10.53:260][  0]LogConfig: Applying CVar settings from Section [/Script/Engine.RendererSettings] File [D:/GameJams/unga/UngaBunga/Saved/Config/Windows/Engine.ini]
[2020.04.06-20.10.53:260][  0]LogConfig: Setting CVar [[r.GPUCrashDebugging:0]]
[2020.04.06-20.10.53:260][  0]LogConfig: Applying CVar settings from Section [/Script/Engine.RendererOverrideSettings] File [D:/GameJams/unga/UngaBunga/Saved/Config/Windows/Engine.ini]
[2020.04.06-20.10.53:261][  0]LogConfig: Applying CVar settings from Section [/Script/Engine.StreamingSettings] File [D:/GameJams/unga/UngaBunga/Saved/Config/Windows/Engine.ini]
[2020.04.06-20.10.53:261][  0]LogConfig: Setting CVar [[s.MinBulkDataSizeForAsyncLoading:131072]]
[2020.04.06-20.10.53:261][  0]LogConfig: Setting CVar [[s.AsyncLoadingThreadEnabled:0]]
[2020.04.06-20.10.53:261][  0]LogConfig: Setting CVar [[s.EventDrivenLoaderEnabled:1]]
[2020.04.06-20.10.53:261][  0]LogConfig: Setting CVar [[s.WarnIfTimeLimitExceeded:0]]
[2020.04.06-20.10.53:261][  0]LogConfig: Setting CVar [[s.TimeLimitExceededMultiplier:1.5]]
[2020.04.06-20.10.53:261][  0]LogConfig: Setting CVar [[s.TimeLimitExceededMinTime:0.005]]
[2020.04.06-20.10.53:261][  0]LogConfig: Setting CVar [[s.UseBackgroundLevelStreaming:1]]
[2020.04.06-20.10.53:261][  0]LogConfig: Setting CVar [[s.PriorityAsyncLoadingExtraTime:15.0]]
[2020.04.06-20.10.53:261][  0]LogConfig: Setting CVar [[s.LevelStreamingActorsUpdateTimeLimit:5.0]]
[2020.04.06-20.10.53:261][  0]LogConfig: Setting CVar [[s.PriorityLevelStreamingActorsUpdateExtraTime:5.0]]
[2020.04.06-20.10.53:261][  0]LogConfig: Setting CVar [[s.LevelStreamingComponentsRegistrationGranularity:10]]
[2020.04.06-20.10.53:261][  0]LogConfig: Setting CVar [[s.UnregisterComponentsTimeLimit:1.0]]
[2020.04.06-20.10.53:261][  0]LogConfig: Setting CVar [[s.LevelStreamingComponentsUnregistrationGranularity:5]]
[2020.04.06-20.10.53:261][  0]LogConfig: Applying CVar settings from Section [/Script/Engine.GarbageCollectionSettings] File [D:/GameJams/unga/UngaBunga/Saved/Config/Windows/Engine.ini]
[2020.04.06-20.10.53:261][  0]LogConfig: Setting CVar [[gc.MaxObjectsNotConsideredByGC:1]]
[2020.04.06-20.10.53:261][  0]LogConfig: Setting CVar [[gc.SizeOfPermanentObjectPool:0]]
[2020.04.06-20.10.53:261][  0]LogConfig: Setting CVar [[gc.FlushStreamingOnGC:0]]
[2020.04.06-20.10.53:261][  0]LogConfig: Setting CVar [[gc.NumRetriesBeforeForcingGC:10]]
[2020.04.06-20.10.53:261][  0]LogConfig: Setting CVar [[gc.AllowParallelGC:1]]
[2020.04.06-20.10.53:261][  0]LogConfig: Setting CVar [[gc.TimeBetweenPurgingPendingKillObjects:61.1]]
[2020.04.06-20.10.53:261][  0]LogConfig: Setting CVar [[gc.MaxObjectsInEditor:16777216]]
[2020.04.06-20.10.53:261][  0]LogConfig: Setting CVar [[gc.IncrementalBeginDestroyEnabled:1]]
[2020.04.06-20.10.53:261][  0]LogConfig: Setting CVar [[gc.CreateGCClusters:1]]
[2020.04.06-20.10.53:261][  0]LogConfig: Setting CVar [[gc.MinGCClusterSize:5]]
[2020.04.06-20.10.53:261][  0]LogConfig: Setting CVar [[gc.ActorClusteringEnabled:0]]
[2020.04.06-20.10.53:261][  0]LogConfig: Setting CVar [[gc.BlueprintClusteringEnabled:0]]
[2020.04.06-20.10.53:261][  0]LogConfig: Setting CVar [[gc.UseDisregardForGCOnDedicatedServers:0]]
[2020.04.06-20.10.53:261][  0]LogConfig: Applying CVar settings from Section [/Script/Engine.NetworkSettings] File [D:/GameJams/unga/UngaBunga/Saved/Config/Windows/Engine.ini]
[2020.04.06-20.10.53:261][  0]LogConfig: Applying CVar settings from Section [/Script/UnrealEd.CookerSettings] File [D:/GameJams/unga/UngaBunga/Saved/Config/Windows/Engine.ini]
[2020.04.06-20.10.53:263][  0]LogConfig: Applying CVar settings from Section [ViewDistanceQuality@3] File [D:/GameJams/unga/UngaBunga/Saved/Config/Windows/Scalability.ini]
[2020.04.06-20.10.53:263][  0]LogConfig: Setting CVar [[r.SkeletalMeshLODBias:0]]
[2020.04.06-20.10.53:263][  0]LogConfig: Setting CVar [[r.ViewDistanceScale:1.0]]
[2020.04.06-20.10.53:263][  0]LogConfig: Applying CVar settings from Section [AntiAliasingQuality@3] File [D:/GameJams/unga/UngaBunga/Saved/Config/Windows/Scalability.ini]
[2020.04.06-20.10.53:263][  0]LogConfig: Setting CVar [[r.PostProcessAAQuality:4]]
[2020.04.06-20.10.53:263][  0]LogConfig: Applying CVar settings from Section [ShadowQuality@3] File [D:/GameJams/unga/UngaBunga/Saved/Config/Windows/Scalability.ini]
[2020.04.06-20.10.53:263][  0]LogConfig: Setting CVar [[r.LightFunctionQuality:1]]
[2020.04.06-20.10.53:263][  0]LogConfig: Setting CVar [[r.ShadowQuality:5]]
[2020.04.06-20.10.53:263][  0]LogConfig: Setting CVar [[r.Shadow.CSM.MaxCascades:10]]
[2020.04.06-20.10.53:263][  0]LogConfig: Setting CVar [[r.Shadow.MaxResolution:2048]]
[2020.04.06-20.10.53:263][  0]LogConfig: Setting CVar [[r.Shadow.MaxCSMResolution:2048]]
[2020.04.06-20.10.53:263][  0]LogConfig: Setting CVar [[r.Shadow.RadiusThreshold:0.01]]
[2020.04.06-20.10.53:264][  0]LogConfig: Setting CVar [[r.Shadow.DistanceScale:1.0]]
[2020.04.06-20.10.53:264][  0]LogConfig: Setting CVar [[r.Shadow.CSM.TransitionScale:1.0]]
[2020.04.06-20.10.53:264][  0]LogConfig: Setting CVar [[r.Shadow.PreShadowResolutionFactor:1.0]]
[2020.04.06-20.10.53:264][  0]LogConfig: Setting CVar [[r.DistanceFieldShadowing:1]]
[2020.04.06-20.10.53:264][  0]LogConfig: Setting CVar [[r.DistanceFieldAO:1]]
[2020.04.06-20.10.53:264][  0]LogConfig: Setting CVar [[r.AOQuality:2]]
[2020.04.06-20.10.53:264][  0]LogConfig: Setting CVar [[r.VolumetricFog:1]]
[2020.04.06-20.10.53:264][  0]LogConfig: Setting CVar [[r.VolumetricFog.GridPixelSize:8]]
[2020.04.06-20.10.53:264][  0]LogConfig: Setting CVar [[r.VolumetricFog.GridSizeZ:128]]
[2020.04.06-20.10.53:264][  0]LogConfig: Setting CVar [[r.VolumetricFog.HistoryMissSupersampleCount:4]]
[2020.04.06-20.10.53:264][  0]LogConfig: Setting CVar [[r.LightMaxDrawDistanceScale:1]]
[2020.04.06-20.10.53:264][  0]LogConfig: Setting CVar [[r.CapsuleShadows:1]]
[2020.04.06-20.10.53:264][  0]LogConfig: Applying CVar settings from Section [PostProcessQuality@3] File [D:/GameJams/unga/UngaBunga/Saved/Config/Windows/Scalability.ini]
[2020.04.06-20.10.53:264][  0]LogConfig: Setting CVar [[r.MotionBlurQuality:4]]
[2020.04.06-20.10.53:264][  0]LogConfig: Setting CVar [[r.AmbientOcclusionMipLevelFactor:0.4]]
[2020.04.06-20.10.53:264][  0]LogConfig: Setting CVar [[r.AmbientOcclusionMaxQuality:100]]
[2020.04.06-20.10.53:264][  0]LogConfig: Setting CVar [[r.AmbientOcclusionLevels:-1]]
[2020.04.06-20.10.53:264][  0]LogConfig: Setting CVar [[r.AmbientOcclusionRadiusScale:1.0]]
[2020.04.06-20.10.53:264][  0]LogConfig: Setting CVar [[r.DepthOfFieldQuality:2]]
[2020.04.06-20.10.53:264][  0]LogConfig: Setting CVar [[r.RenderTargetPoolMin:400]]
[2020.04.06-20.10.53:264][  0]LogConfig: Setting CVar [[r.LensFlareQuality:2]]
[2020.04.06-20.10.53:264][  0]LogConfig: Setting CVar [[r.SceneColorFringeQuality:1]]
[2020.04.06-20.10.53:264][  0]LogConfig: Setting CVar [[r.EyeAdaptationQuality:2]]
[2020.04.06-20.10.53:264][  0]LogConfig: Setting CVar [[r.BloomQuality:5]]
[2020.04.06-20.10.53:264][  0]LogConfig: Setting CVar [[r.FastBlurThreshold:100]]
[2020.04.06-20.10.53:264][  0]LogConfig: Setting CVar [[r.Upscale.Quality:3]]
[2020.04.06-20.10.53:264][  0]LogConfig: Setting CVar [[r.Tonemapper.GrainQuantization:1]]
[2020.04.06-20.10.53:264][  0]LogConfig: Setting CVar [[r.LightShaftQuality:1]]
[2020.04.06-20.10.53:264][  0]LogConfig: Setting CVar [[r.Filter.SizeScale:1]]
[2020.04.06-20.10.53:264][  0]LogConfig: Setting CVar [[r.Tonemapper.Quality:5]]
[2020.04.06-20.10.53:264][  0]LogConfig: Setting CVar [[r.DOF.Gather.AccumulatorQuality:1        ; higher gathering accumulator quality]]
[2020.04.06-20.10.53:264][  0]LogConfig: Setting CVar [[r.DOF.Gather.PostfilterMethod:1          ; Median3x3 postfilering method]]
[2020.04.06-20.10.53:264][  0]LogConfig: Setting CVar [[r.DOF.Gather.EnableBokehSettings:0       ; no bokeh simulation when gathering]]
[2020.04.06-20.10.53:264][  0]LogConfig: Setting CVar [[r.DOF.Gather.RingCount:4                 ; medium number of samples when gathering]]
[2020.04.06-20.10.53:264][  0]LogConfig: Setting CVar [[r.DOF.Scatter.ForegroundCompositing:1    ; additive foreground scattering]]
[2020.04.06-20.10.53:264][  0]LogConfig: Setting CVar [[r.DOF.Scatter.BackgroundCompositing:2    ; additive background scattering]]
[2020.04.06-20.10.53:264][  0]LogConfig: Setting CVar [[r.DOF.Scatter.EnableBokehSettings:1      ; bokeh simulation when scattering]]
[2020.04.06-20.10.53:264][  0]LogConfig: Setting CVar [[r.DOF.Scatter.MaxSpriteRatio:0.1         ; only a maximum of 10% of scattered bokeh]]
[2020.04.06-20.10.53:264][  0]LogConfig: Setting CVar [[r.DOF.Recombine.Quality:1                ; cheap slight out of focus]]
[2020.04.06-20.10.53:264][  0]LogConfig: Setting CVar [[r.DOF.Recombine.EnableBokehSettings:0    ; no bokeh simulation on slight out of focus]]
[2020.04.06-20.10.53:264][  0]LogConfig: Setting CVar [[r.DOF.TemporalAAQuality:1                ; more stable temporal accumulation]]
[2020.04.06-20.10.53:264][  0]LogConfig: Setting CVar [[r.DOF.Kernel.MaxForegroundRadius:0.025]]
[2020.04.06-20.10.53:264][  0]LogConfig: Setting CVar [[r.DOF.Kernel.MaxBackgroundRadius:0.025]]
[2020.04.06-20.10.53:264][  0]LogConfig: Applying CVar settings from Section [TextureQuality@3] File [D:/GameJams/unga/UngaBunga/Saved/Config/Windows/Scalability.ini]
[2020.04.06-20.10.53:264][  0]LogConfig: Setting CVar [[r.Streaming.MipBias:0]]
[2020.04.06-20.10.53:264][  0]LogConfig: Setting CVar [[r.Streaming.AmortizeCPUToGPUCopy:0]]
[2020.04.06-20.10.53:264][  0]LogConfig: Setting CVar [[r.Streaming.MaxNumTexturesToStreamPerFrame:0]]
[2020.04.06-20.10.53:264][  0]LogConfig: Setting CVar [[r.Streaming.Boost:1]]
[2020.04.06-20.10.53:264][  0]LogConfig: Setting CVar [[r.MaxAnisotropy:8]]
[2020.04.06-20.10.53:264][  0]LogConfig: Setting CVar [[r.Streaming.LimitPoolSizeToVRAM:0]]
[2020.04.06-20.10.53:264][  0]LogConfig: Setting CVar [[r.Streaming.PoolSize:1000]]
[2020.04.06-20.10.53:264][  0]LogConfig: Setting CVar [[r.Streaming.MaxEffectiveScreenSize:0]]
[2020.04.06-20.10.53:264][  0]LogConfig: Applying CVar settings from Section [EffectsQuality@3] File [D:/GameJams/unga/UngaBunga/Saved/Config/Windows/Scalability.ini]
[2020.04.06-20.10.53:264][  0]LogConfig: Setting CVar [[r.TranslucencyLightingVolumeDim:64]]
[2020.04.06-20.10.53:264][  0]LogConfig: Setting CVar [[r.RefractionQuality:2]]
[2020.04.06-20.10.53:264][  0]LogConfig: Setting CVar [[r.SSR.Quality:3]]
[2020.04.06-20.10.53:264][  0]LogConfig: Setting CVar [[r.SceneColorFormat:4]]
[2020.04.06-20.10.53:264][  0]LogConfig: Setting CVar [[r.DetailMode:2]]
[2020.04.06-20.10.53:264][  0]LogConfig: Setting CVar [[r.TranslucencyVolumeBlur:1]]
[2020.04.06-20.10.53:264][  0]LogConfig: Setting CVar [[r.MaterialQualityLevel:1 ; High quality]]
[2020.04.06-20.10.53:264][  0]LogConfig: Setting CVar [[r.SSS.Scale:1]]
[2020.04.06-20.10.53:264][  0]LogConfig: Setting CVar [[r.SSS.SampleSet:2]]
[2020.04.06-20.10.53:264][  0]LogConfig: Setting CVar [[r.SSS.Quality:1]]
[2020.04.06-20.10.53:264][  0]LogConfig: Setting CVar [[r.SSS.HalfRes:1]]
[2020.04.06-20.10.53:264][  0]LogConfig: Setting CVar [[r.EmitterSpawnRateScale:1.0]]
[2020.04.06-20.10.53:264][  0]LogConfig: Setting CVar [[r.ParticleLightQuality:2]]
[2020.04.06-20.10.53:264][  0]LogConfig: Applying CVar settings from Section [FoliageQuality@3] File [D:/GameJams/unga/UngaBunga/Saved/Config/Windows/Scalability.ini]
[2020.04.06-20.10.53:264][  0]LogConfig: Setting CVar [[foliage.DensityScale:1.0]]
[2020.04.06-20.10.53:264][  0]LogConfig: Setting CVar [[grass.DensityScale:1.0]]
[2020.04.06-20.10.53:264][  0]LogInit: Selected Device Profile: [Windows]
[2020.04.06-20.10.53:264][  0]LogInit: Applying CVar settings loaded from the selected device profile: [Windows]
[2020.04.06-20.10.53:278][  0]LogHAL: Display: Platform has ~ 16 GB [17124491264 / 17179869184 / 16], which maps to Larger [LargestMinGB=32, LargerMinGB=12, DefaultMinGB=8, SmallerMinGB=6, SmallestMinGB=0)
[2020.04.06-20.10.53:278][  0]LogConfig: Setting CVar [[r.Vulkan.UseRealUBs:0		; Required until we fix HLR fall-out]]
[2020.04.06-20.10.53:278][  0]LogInit: Going up to parent DeviceProfile []
[2020.04.06-20.10.53:278][  0]LogConfig: Applying CVar settings from Section [ViewDistanceQuality@3] File [D:/GameJams/unga/UngaBunga/Saved/Config/Windows/Scalability.ini]
[2020.04.06-20.10.53:278][  0]LogConfig: Setting CVar [[r.SkeletalMeshLODBias:0]]
[2020.04.06-20.10.53:278][  0]LogConfig: Setting CVar [[r.ViewDistanceScale:1.0]]
[2020.04.06-20.10.53:278][  0]LogConfig: Applying CVar settings from Section [AntiAliasingQuality@3] File [D:/GameJams/unga/UngaBunga/Saved/Config/Windows/Scalability.ini]
[2020.04.06-20.10.53:278][  0]LogConfig: Setting CVar [[r.PostProcessAAQuality:4]]
[2020.04.06-20.10.53:278][  0]LogConfig: Applying CVar settings from Section [ShadowQuality@3] File [D:/GameJams/unga/UngaBunga/Saved/Config/Windows/Scalability.ini]
[2020.04.06-20.10.53:278][  0]LogConfig: Setting CVar [[r.LightFunctionQuality:1]]
[2020.04.06-20.10.53:278][  0]LogConfig: Setting CVar [[r.ShadowQuality:5]]
[2020.04.06-20.10.53:278][  0]LogConfig: Setting CVar [[r.Shadow.CSM.MaxCascades:10]]
[2020.04.06-20.10.53:278][  0]LogConfig: Setting CVar [[r.Shadow.MaxResolution:2048]]
[2020.04.06-20.10.53:278][  0]LogConfig: Setting CVar [[r.Shadow.MaxCSMResolution:2048]]
[2020.04.06-20.10.53:278][  0]LogConfig: Setting CVar [[r.Shadow.RadiusThreshold:0.01]]
[2020.04.06-20.10.53:278][  0]LogConfig: Setting CVar [[r.Shadow.DistanceScale:1.0]]
[2020.04.06-20.10.53:278][  0]LogConfig: Setting CVar [[r.Shadow.CSM.TransitionScale:1.0]]
[2020.04.06-20.10.53:278][  0]LogConfig: Setting CVar [[r.Shadow.PreShadowResolutionFactor:1.0]]
[2020.04.06-20.10.53:278][  0]LogConfig: Setting CVar [[r.DistanceFieldShadowing:1]]
[2020.04.06-20.10.53:278][  0]LogConfig: Setting CVar [[r.DistanceFieldAO:1]]
[2020.04.06-20.10.53:278][  0]LogConfig: Setting CVar [[r.AOQuality:2]]
[2020.04.06-20.10.53:278][  0]LogConfig: Setting CVar [[r.VolumetricFog:1]]
[2020.04.06-20.10.53:278][  0]LogConfig: Setting CVar [[r.VolumetricFog.GridPixelSize:8]]
[2020.04.06-20.10.53:278][  0]LogConfig: Setting CVar [[r.VolumetricFog.GridSizeZ:128]]
[2020.04.06-20.10.53:278][  0]LogConfig: Setting CVar [[r.VolumetricFog.HistoryMissSupersampleCount:4]]
[2020.04.06-20.10.53:278][  0]LogConfig: Setting CVar [[r.LightMaxDrawDistanceScale:1]]
[2020.04.06-20.10.53:278][  0]LogConfig: Setting CVar [[r.CapsuleShadows:1]]
[2020.04.06-20.10.53:278][  0]LogConfig: Applying CVar settings from Section [PostProcessQuality@3] File [D:/GameJams/unga/UngaBunga/Saved/Config/Windows/Scalability.ini]
[2020.04.06-20.10.53:278][  0]LogConfig: Setting CVar [[r.MotionBlurQuality:4]]
[2020.04.06-20.10.53:278][  0]LogConfig: Setting CVar [[r.AmbientOcclusionMipLevelFactor:0.4]]
[2020.04.06-20.10.53:278][  0]LogConfig: Setting CVar [[r.AmbientOcclusionMaxQuality:100]]
[2020.04.06-20.10.53:278][  0]LogConfig: Setting CVar [[r.AmbientOcclusionLevels:-1]]
[2020.04.06-20.10.53:279][  0]LogConfig: Setting CVar [[r.AmbientOcclusionRadiusScale:1.0]]
[2020.04.06-20.10.53:279][  0]LogConfig: Setting CVar [[r.DepthOfFieldQuality:2]]
[2020.04.06-20.10.53:279][  0]LogConfig: Setting CVar [[r.RenderTargetPoolMin:400]]
[2020.04.06-20.10.53:279][  0]LogConfig: Setting CVar [[r.LensFlareQuality:2]]
[2020.04.06-20.10.53:279][  0]LogConfig: Setting CVar [[r.SceneColorFringeQuality:1]]
[2020.04.06-20.10.53:279][  0]LogConfig: Setting CVar [[r.EyeAdaptationQuality:2]]
[2020.04.06-20.10.53:279][  0]LogConfig: Setting CVar [[r.BloomQuality:5]]
[2020.04.06-20.10.53:279][  0]LogConfig: Setting CVar [[r.FastBlurThreshold:100]]
[2020.04.06-20.10.53:279][  0]LogConfig: Setting CVar [[r.Upscale.Quality:3]]
[2020.04.06-20.10.53:279][  0]LogConfig: Setting CVar [[r.Tonemapper.GrainQuantization:1]]
[2020.04.06-20.10.53:279][  0]LogConfig: Setting CVar [[r.LightShaftQuality:1]]
[2020.04.06-20.10.53:279][  0]LogConfig: Setting CVar [[r.Filter.SizeScale:1]]
[2020.04.06-20.10.53:279][  0]LogConfig: Setting CVar [[r.Tonemapper.Quality:5]]
[2020.04.06-20.10.53:279][  0]LogConfig: Setting CVar [[r.DOF.Gather.AccumulatorQuality:1        ; higher gathering accumulator quality]]
[2020.04.06-20.10.53:279][  0]LogConfig: Setting CVar [[r.DOF.Gather.PostfilterMethod:1          ; Median3x3 postfilering method]]
[2020.04.06-20.10.53:279][  0]LogConfig: Setting CVar [[r.DOF.Gather.EnableBokehSettings:0       ; no bokeh simulation when gathering]]
[2020.04.06-20.10.53:279][  0]LogConfig: Setting CVar [[r.DOF.Gather.RingCount:4                 ; medium number of samples when gathering]]
[2020.04.06-20.10.53:279][  0]LogConfig: Setting CVar [[r.DOF.Scatter.ForegroundCompositing:1    ; additive foreground scattering]]
[2020.04.06-20.10.53:279][  0]LogConfig: Setting CVar [[r.DOF.Scatter.BackgroundCompositing:2    ; additive background scattering]]
[2020.04.06-20.10.53:279][  0]LogConfig: Setting CVar [[r.DOF.Scatter.EnableBokehSettings:1      ; bokeh simulation when scattering]]
[2020.04.06-20.10.53:279][  0]LogConfig: Setting CVar [[r.DOF.Scatter.MaxSpriteRatio:0.1         ; only a maximum of 10% of scattered bokeh]]
[2020.04.06-20.10.53:279][  0]LogConfig: Setting CVar [[r.DOF.Recombine.Quality:1                ; cheap slight out of focus]]
[2020.04.06-20.10.53:279][  0]LogConfig: Setting CVar [[r.DOF.Recombine.EnableBokehSettings:0    ; no bokeh simulation on slight out of focus]]
[2020.04.06-20.10.53:279][  0]LogConfig: Setting CVar [[r.DOF.TemporalAAQuality:1                ; more stable temporal accumulation]]
[2020.04.06-20.10.53:279][  0]LogConfig: Setting CVar [[r.DOF.Kernel.MaxForegroundRadius:0.025]]
[2020.04.06-20.10.53:279][  0]LogConfig: Setting CVar [[r.DOF.Kernel.MaxBackgroundRadius:0.025]]
[2020.04.06-20.10.53:279][  0]LogConfig: Applying CVar settings from Section [TextureQuality@3] File [D:/GameJams/unga/UngaBunga/Saved/Config/Windows/Scalability.ini]
[2020.04.06-20.10.53:279][  0]LogConfig: Setting CVar [[r.Streaming.MipBias:0]]
[2020.04.06-20.10.53:279][  0]LogConfig: Setting CVar [[r.Streaming.AmortizeCPUToGPUCopy:0]]
[2020.04.06-20.10.53:279][  0]LogConfig: Setting CVar [[r.Streaming.MaxNumTexturesToStreamPerFrame:0]]
[2020.04.06-20.10.53:279][  0]LogConfig: Setting CVar [[r.Streaming.Boost:1]]
[2020.04.06-20.10.53:279][  0]LogConfig: Setting CVar [[r.MaxAnisotropy:8]]
[2020.04.06-20.10.53:279][  0]LogConfig: Setting CVar [[r.Streaming.LimitPoolSizeToVRAM:0]]
[2020.04.06-20.10.53:279][  0]LogConfig: Setting CVar [[r.Streaming.PoolSize:1000]]
[2020.04.06-20.10.53:279][  0]LogConfig: Setting CVar [[r.Streaming.MaxEffectiveScreenSize:0]]
[2020.04.06-20.10.53:279][  0]LogConfig: Applying CVar settings from Section [EffectsQuality@3] File [D:/GameJams/unga/UngaBunga/Saved/Config/Windows/Scalability.ini]
[2020.04.06-20.10.53:279][  0]LogConfig: Setting CVar [[r.TranslucencyLightingVolumeDim:64]]
[2020.04.06-20.10.53:279][  0]LogConfig: Setting CVar [[r.RefractionQuality:2]]
[2020.04.06-20.10.53:279][  0]LogConfig: Setting CVar [[r.SSR.Quality:3]]
[2020.04.06-20.10.53:279][  0]LogConfig: Setting CVar [[r.SceneColorFormat:4]]
[2020.04.06-20.10.53:279][  0]LogConfig: Setting CVar [[r.DetailMode:2]]
[2020.04.06-20.10.53:279][  0]LogConfig: Setting CVar [[r.TranslucencyVolumeBlur:1]]
[2020.04.06-20.10.53:279][  0]LogConfig: Setting CVar [[r.MaterialQualityLevel:1 ; High quality]]
[2020.04.06-20.10.53:279][  0]LogConfig: Setting CVar [[r.SSS.Scale:1]]
[2020.04.06-20.10.53:279][  0]LogConfig: Setting CVar [[r.SSS.SampleSet:2]]
[2020.04.06-20.10.53:279][  0]LogConfig: Setting CVar [[r.SSS.Quality:1]]
[2020.04.06-20.10.53:279][  0]LogConfig: Setting CVar [[r.SSS.HalfRes:1]]
[2020.04.06-20.10.53:279][  0]LogConfig: Setting CVar [[r.EmitterSpawnRateScale:1.0]]
[2020.04.06-20.10.53:279][  0]LogConfig: Setting CVar [[r.ParticleLightQuality:2]]
[2020.04.06-20.10.53:279][  0]LogConfig: Applying CVar settings from Section [FoliageQuality@3] File [D:/GameJams/unga/UngaBunga/Saved/Config/Windows/Scalability.ini]
[2020.04.06-20.10.53:279][  0]LogConfig: Setting CVar [[foliage.DensityScale:1.0]]
[2020.04.06-20.10.53:279][  0]LogConfig: Setting CVar [[grass.DensityScale:1.0]]
[2020.04.06-20.10.53:279][  0]LogConfig: Applying CVar settings from Section [Startup] File [../../../Engine/Config/ConsoleVariables.ini]
[2020.04.06-20.10.53:279][  0]LogConfig: Setting CVar [[net.UseAdaptiveNetUpdateFrequency:0]]
[2020.04.06-20.10.53:279][  0]LogConfig: Setting CVar [[p.chaos.AllowCreatePhysxBodies:1]]
[2020.04.06-20.10.53:279][  0]LogConfig: Applying CVar settings from Section [ConsoleVariables] File [D:/GameJams/unga/UngaBunga/Saved/Config/Windows/Engine.ini]
[2020.04.06-20.10.53:280][  0]LogInit: Computer: DESKTOP-MN3TC04
[2020.04.06-20.10.53:280][  0]LogInit: User: Donnie
[2020.04.06-20.10.53:280][  0]LogInit: CPU Page size=4096, Cores=6
[2020.04.06-20.10.53:280][  0]LogInit: High frequency timer resolution =10.000000 MHz
[2020.04.06-20.10.53:280][  0]LogMemory: Memory total: Physical=15.9GB (16GB approx)
[2020.04.06-20.10.53:280][  0]LogMemory: Platform Memory Stats for Windows
[2020.04.06-20.10.53:280][  0]LogMemory: Process Physical Memory: 99.45 MB used, 99.45 MB peak
[2020.04.06-20.10.53:280][  0]LogMemory: Process Virtual Memory: 98.46 MB used, 98.46 MB peak
[2020.04.06-20.10.53:280][  0]LogMemory: Physical Memory: 6511.16 MB used,  9820.02 MB free, 16331.19 MB total
[2020.04.06-20.10.53:280][  0]LogMemory: Virtual Memory: 4669.11 MB used,  134213056.00 MB free, 134217728.00 MB total
[2020.04.06-20.10.53:298][  0]LogInit: Using OS detected language (en-US).
[2020.04.06-20.10.53:298][  0]LogInit: Using OS detected locale (en-US).
[2020.04.06-20.10.53:299][  0]LogTextLocalizationManager: No specific localization for 'en-US' exists, so the 'en' localization will be used.
[2020.04.06-20.10.53:440][  0]LogInit: Setting process to per monitor DPI aware
[2020.04.06-20.10.53:474][  0]LogSlate: New Slate User Created.  User Index 0, Is Virtual User: 0
[2020.04.06-20.10.53:474][  0]LogSlate: Slate User Registered.  User Index 0, Is Virtual User: 0
[2020.04.06-20.10.53:726][  0]LogHMD: Failed to initialize OpenVR with code 110
[2020.04.06-20.10.53:726][  0]LogD3D11RHI: D3D11 adapters:
[2020.04.06-20.10.53:813][  0]LogD3D11RHI:    0. 'NVIDIA GeForce RTX 2060' (Feature Level 11_0)
[2020.04.06-20.10.53:813][  0]LogD3D11RHI:       5980/0/8165 MB DedicatedVideo/DedicatedSystem/SharedSystem, Outputs:1, VendorId:0x10de
[2020.04.06-20.10.53:815][  0]LogD3D11RHI:    1. 'Microsoft Basic Render Driver' (Feature Level 11_0)
[2020.04.06-20.10.53:815][  0]LogD3D11RHI:       0/0/8165 MB DedicatedVideo/DedicatedSystem/SharedSystem, Outputs:0, VendorId:0x1414
[2020.04.06-20.10.53:815][  0]LogD3D11RHI: Chosen D3D11 Adapter: 0
[2020.04.06-20.10.53:824][  0]LogD3D11RHI: Creating new Direct3DDevice
[2020.04.06-20.10.53:825][  0]LogD3D11RHI:     GPU DeviceId: 0x1f08 (for the marketing name, search the web for "GPU Device Id")
[2020.04.06-20.10.53:825][  0]LogWindows: EnumDisplayDevices:
[2020.04.06-20.10.53:825][  0]LogWindows:    0. 'NVIDIA GeForce RTX 2060' (P:1 D:1)
[2020.04.06-20.10.53:825][  0]LogWindows:    1. 'NVIDIA GeForce RTX 2060' (P:0 D:0)
[2020.04.06-20.10.53:825][  0]LogWindows:    2. 'NVIDIA GeForce RTX 2060' (P:0 D:0)
[2020.04.06-20.10.53:825][  0]LogWindows:    3. 'NVIDIA GeForce RTX 2060' (P:0 D:0)
[2020.04.06-20.10.53:826][  0]LogWindows: DebugString: FoundDriverCount:4 
[2020.04.06-20.10.53:826][  0]LogD3D11RHI:     Adapter Name: NVIDIA GeForce RTX 2060
[2020.04.06-20.10.53:826][  0]LogD3D11RHI:   Driver Version: 441.66 (internal:26.21.14.4166, unified:441.66)
[2020.04.06-20.10.53:826][  0]LogD3D11RHI:      Driver Date: 12-6-2019
[2020.04.06-20.10.53:826][  0]LogRHI: Texture pool is 4186 MB (70% of 5980 MB)
[2020.04.06-20.10.53:878][  0]LogD3D11RHI: Async texture creation enabled
[2020.04.06-20.10.53:886][  0]LogRendererCore: FGlobalReadBuffer::InitRHI
[2020.04.06-20.10.53:886][  0]LogRendererCore: FGlobalReadBuffer::InitRHI
[2020.04.06-20.10.53:886][  0]LogRendererCore: FGlobalReadBuffer::InitRHI
[2020.04.06-20.10.53:894][  0]LogD3D11RHI: GPU Timing Frequency: 1000.000000 (Debug: 2 1)
[2020.04.06-20.10.54:175][  0]LogTemp: Display: Module 'AllDesktopTargetPlatform' loaded TargetPlatform 'AllDesktop'
[2020.04.06-20.10.54:190][  0]LogTemp: Display: Module 'MacClientTargetPlatform' loaded TargetPlatform 'MacClient'
[2020.04.06-20.10.54:205][  0]LogTemp: Display: Module 'MacNoEditorTargetPlatform' loaded TargetPlatform 'MacNoEditor'
[2020.04.06-20.10.54:220][  0]LogTemp: Display: Module 'MacServerTargetPlatform' loaded TargetPlatform 'MacServer'
[2020.04.06-20.10.54:235][  0]LogTemp: Display: Module 'MacTargetPlatform' loaded TargetPlatform 'Mac'
[2020.04.06-20.10.54:248][  0]LogTemp: Display: Module 'WindowsClientTargetPlatform' loaded TargetPlatform 'WindowsClient'
[2020.04.06-20.10.54:262][  0]LogTemp: Display: Module 'WindowsNoEditorTargetPlatform' loaded TargetPlatform 'WindowsNoEditor'
[2020.04.06-20.10.54:276][  0]LogTemp: Display: Module 'WindowsServerTargetPlatform' loaded TargetPlatform 'WindowsServer'
[2020.04.06-20.10.54:282][  0]LogTemp: Display: Module 'WindowsTargetPlatform' loaded TargetPlatform 'Windows'
[2020.04.06-20.10.54:365][  0]LogTemp: Display: Module 'AndroidTargetPlatform' loaded TargetPlatform 'Android'
[2020.04.06-20.10.54:365][  0]LogTemp: Display: Module 'AndroidTargetPlatform' loaded TargetPlatform 'Android_ASTC'
[2020.04.06-20.10.54:365][  0]LogTemp: Display: Module 'AndroidTargetPlatform' loaded TargetPlatform 'Android_ATC'
[2020.04.06-20.10.54:365][  0]LogTemp: Display: Module 'AndroidTargetPlatform' loaded TargetPlatform 'Android_DXT'
[2020.04.06-20.10.54:365][  0]LogTemp: Display: Module 'AndroidTargetPlatform' loaded TargetPlatform 'Android_ETC1'
[2020.04.06-20.10.54:365][  0]LogTemp: Display: Module 'AndroidTargetPlatform' loaded TargetPlatform 'Android_ETC1a'
[2020.04.06-20.10.54:365][  0]LogTemp: Display: Module 'AndroidTargetPlatform' loaded TargetPlatform 'Android_ETC2'
[2020.04.06-20.10.54:365][  0]LogTemp: Display: Module 'AndroidTargetPlatform' loaded TargetPlatform 'Android_PVRTC'
[2020.04.06-20.10.54:365][  0]LogTemp: Display: Module 'AndroidTargetPlatform' loaded TargetPlatform 'AndroidClient'
[2020.04.06-20.10.54:365][  0]LogTemp: Display: Module 'AndroidTargetPlatform' loaded TargetPlatform 'Android_ASTCClient'
[2020.04.06-20.10.54:365][  0]LogTemp: Display: Module 'AndroidTargetPlatform' loaded TargetPlatform 'Android_ATCClient'
[2020.04.06-20.10.54:365][  0]LogTemp: Display: Module 'AndroidTargetPlatform' loaded TargetPlatform 'Android_DXTClient'
[2020.04.06-20.10.54:365][  0]LogTemp: Display: Module 'AndroidTargetPlatform' loaded TargetPlatform 'Android_ETC1Client'
[2020.04.06-20.10.54:365][  0]LogTemp: Display: Module 'AndroidTargetPlatform' loaded TargetPlatform 'Android_ETC1aClient'
[2020.04.06-20.10.54:365][  0]LogTemp: Display: Module 'AndroidTargetPlatform' loaded TargetPlatform 'Android_ETC2Client'
[2020.04.06-20.10.54:365][  0]LogTemp: Display: Module 'AndroidTargetPlatform' loaded TargetPlatform 'Android_PVRTCClient'
[2020.04.06-20.10.54:365][  0]LogTemp: Display: Module 'AndroidTargetPlatform' loaded TargetPlatform 'Android_Multi'
[2020.04.06-20.10.54:365][  0]LogTemp: Display: Module 'AndroidTargetPlatform' loaded TargetPlatform 'Android_MultiClient'
[2020.04.06-20.10.54:367][  0]LogTemp: Display: Module 'HTML5TargetPlatform' loaded TargetPlatform 'HTML5'
[2020.04.06-20.10.54:416][  0]LogTemp: Display: Module 'IOSTargetPlatform' loaded TargetPlatform 'IOSClient'
[2020.04.06-20.10.54:416][  0]LogTemp: Display: Module 'IOSTargetPlatform' loaded TargetPlatform 'IOS'
[2020.04.06-20.10.54:443][  0]LogTemp: Display: Module 'TVOSTargetPlatform' loaded TargetPlatform 'TVOSClient'
[2020.04.06-20.10.54:443][  0]LogTemp: Display: Module 'TVOSTargetPlatform' loaded TargetPlatform 'TVOS'
[2020.04.06-20.10.54:456][  0]LogTemp: Display: Module 'LinuxClientTargetPlatform' loaded TargetPlatform 'LinuxClient'
[2020.04.06-20.10.54:469][  0]LogTemp: Display: Module 'LinuxNoEditorTargetPlatform' loaded TargetPlatform 'LinuxNoEditor'
[2020.04.06-20.10.54:481][  0]LogTemp: Display: Module 'LinuxServerTargetPlatform' loaded TargetPlatform 'LinuxServer'
[2020.04.06-20.10.54:495][  0]LogTemp: Display: Module 'LinuxTargetPlatform' loaded TargetPlatform 'Linux'
[2020.04.06-20.10.54:550][  0]LogTemp: Display: Module 'LuminTargetPlatform' loaded TargetPlatform 'Lumin'
[2020.04.06-20.10.54:550][  0]LogTemp: Display: Module 'LuminTargetPlatform' loaded TargetPlatform 'LuminClient'
[2020.04.06-20.10.54:550][  0]LogTargetPlatformManager: Display: Building Assets For Windows
[2020.04.06-20.10.54:557][  0]LogAudioDebug: Display: Lib vorbis DLL was dynamically loaded.
[2020.04.06-20.10.54:591][  0]LogShaderCompilers: Guid format shader working directory is 11 characters bigger than the processId version (../../../../GameJams/unga/UngaBunga/Intermediate/Shaders/WorkingDirectory/17216/).
[2020.04.06-20.10.54:591][  0]LogShaderCompilers: Cleaned the shader compiler working directory 'C:/Users/Donnie/AppData/Local/Temp/UnrealShaderWorkingDir/6B5AC9794DBC99B7333505A405633E38/'.
[2020.04.06-20.10.54:593][  0]LogXGEController: Cannot use XGE Controller as Incredibuild is not installed on this machine.
[2020.04.06-20.10.54:593][  0]LogShaderCompilers: Cannot use XGE Shader Compiler as Incredibuild is not installed on this machine.
[2020.04.06-20.10.54:593][  0]LogShaderCompilers: Display: Using Local Shader Compiler.
[2020.04.06-20.10.55:118][  0]LogDerivedDataCache: Display: Max Cache Size: 512 MB
[2020.04.06-20.10.55:162][  0]LogDerivedDataCache: Loaded boot cache 0.04s 71MB C:/Users/Donnie/AppData/Local/UnrealEngine/4.22/DerivedDataCache/Boot.ddc.
[2020.04.06-20.10.55:162][  0]LogDerivedDataCache: Display: Loaded Boot cache: C:/Users/Donnie/AppData/Local/UnrealEngine/4.22/DerivedDataCache/Boot.ddc
[2020.04.06-20.10.55:162][  0]LogDerivedDataCache: FDerivedDataBackendGraph:  Pak pak cache file ../../../../GameJams/unga/UngaBunga/DerivedDataCache/DDC.ddp not found, will not use a pak cache.
[2020.04.06-20.10.55:162][  0]LogDerivedDataCache: Unable to find inner node Pak for hierarchical cache Hierarchy.
[2020.04.06-20.10.55:162][  0]LogDerivedDataCache: FDerivedDataBackendGraph:  CompressedPak pak cache file ../../../../GameJams/unga/UngaBunga/DerivedDataCache/Compressed.ddp not found, will not use a pak cache.
[2020.04.06-20.10.55:162][  0]LogDerivedDataCache: Unable to find inner node CompressedPak for hierarchical cache Hierarchy.
[2020.04.06-20.10.55:174][  0]LogDerivedDataCache: Display: Pak cache opened for reading ../../../Engine/DerivedDataCache/Compressed.ddp.
[2020.04.06-20.10.55:174][  0]LogDerivedDataCache: FDerivedDataBackendGraph:  EnterprisePak pak cache file ../../../Enterprise/DerivedDataCache/Compressed.ddp not found, will not use a pak cache.
[2020.04.06-20.10.55:174][  0]LogDerivedDataCache: Unable to find inner node EnterprisePak for hierarchical cache Hierarchy.
[2020.04.06-20.10.55:187][  0]LogDerivedDataCache: Using Local data cache path C:/Users/Donnie/AppData/Local/UnrealEngine/Common/DerivedDataCache: Writable
[2020.04.06-20.10.55:187][  0]LogDerivedDataCache: Shared data cache path not found in *engine.ini, will not use an Shared cache.
[2020.04.06-20.10.55:187][  0]LogDerivedDataCache: Unable to find inner node Shared for hierarchical cache Hierarchy.
[2020.04.06-20.10.55:209][  0]LogMaterial: Verifying Global Shaders for PCD3D_SM5
[2020.04.06-20.10.55:210][  0]LogSlate: Using FreeType 2.6.0
[2020.04.06-20.10.55:211][  0]LogSlate: SlateFontServices - WITH_FREETYPE: 1, WITH_HARFBUZZ: 1
[2020.04.06-20.10.55:300][  0]LogAssetRegistry: FAssetRegistry took 0.0343 seconds to start up
[2020.04.06-20.10.55:658][  0]LogInit: Selected Device Profile: [Windows]
[2020.04.06-20.10.55:711][  0]LogMeshReduction: Using QuadricMeshReduction for automatic static mesh reduction
[2020.04.06-20.10.55:711][  0]LogMeshReduction: Using SimplygonMeshReduction for automatic skeletal mesh reduction
[2020.04.06-20.10.55:711][  0]LogMeshReduction: Using ProxyLODMeshReduction for automatic mesh merging
[2020.04.06-20.10.55:711][  0]LogMeshReduction: No distributed automatic mesh merging module available
[2020.04.06-20.10.55:711][  0]LogMeshMerging: No distributed automatic mesh merging module available
[2020.04.06-20.10.55:789][  0]LogNetVersion: unga 1.0.0, NetCL: 5660361, EngineNetVer: 10, GameNetVer: 0 (Checksum: 2805561233)
[2020.04.06-20.10.56:201][  0]LogPackageLocalizationCache: Processed 10 localized package path(s) for 1 prioritized culture(s) in 0.044545 seconds
[2020.04.06-20.10.56:208][  0]LogUObjectArray: 42205 objects as part of root set at end of initial load.
[2020.04.06-20.10.56:208][  0]LogUObjectAllocator: 7325032 out of 0 bytes used by permanent object pool.
[2020.04.06-20.10.56:208][  0]LogUObjectArray: CloseDisregardForGC: 0/0 objects in disregard for GC pool
[2020.04.06-20.10.57:075][  0]LogTcpMessaging: Initializing TcpMessaging bridge
[2020.04.06-20.10.57:089][  0]LogUdpMessaging: Initializing bridge on interface 0.0.0.0:0 to multicast group 230.0.0.1:6666.
[2020.04.06-20.10.57:145][  0]LogUdpMessaging: Initializing tunnel on interface 0.0.0.0:0 to multicast group 230.0.0.1:6666.
[2020.04.06-20.10.57:207][  0]SourceControl: Source control is disabled
[2020.04.06-20.10.57:638][  0]LogAndroidPermission: UAndroidPermissionCallbackProxy::GetInstance
[2020.04.06-20.10.57:730][  0]LogOcInput: OculusInput pre-init called
[2020.04.06-20.10.58:456][  0]LogEngine: Initializing Engine...
[2020.04.06-20.10.58:457][  0]LogHMD: Failed to initialize OpenVR with code 110
[2020.04.06-20.10.58:458][  0]LogStats: UGameplayTagsManager::InitializeManager -  0.000 s
[2020.04.06-20.10.58:645][  0]LogInit: Initializing FReadOnlyCVARCache
[2020.04.06-20.10.58:654][  0]LogAIModule: Creating AISystem for world Untitled
[2020.04.06-20.10.58:679][  0]LogInit: XAudio2 using 'Speakers (Realtek(R) Audio)' : 2 channels at 48 kHz using 32 bits per sample (channel mask 0x3)
[2020.04.06-20.10.58:701][  0]LogInit: FAudioDevice initialized.
[2020.04.06-20.10.58:701][  0]LogNetVersion: Set ProjectVersion to 1.0.0.0. Version Checksum will be recalculated on next use.
[2020.04.06-20.10.58:785][  0]LogDerivedDataCache: Saved boot cache 0.08s 71MB C:/Users/Donnie/AppData/Local/UnrealEngine/4.22/DerivedDataCache/Boot.ddc.
[2020.04.06-20.10.58:794][  0]LogInit: Texture streaming: Enabled
[2020.04.06-20.10.58:809][  0]LogEngineSessionManager: EngineSessionManager initialized
[2020.04.06-20.10.58:828][  0]LogInit: Transaction tracking system initialized
[2020.04.06-20.10.58:844][  0]BlueprintLog: New page: Editor Load
[2020.04.06-20.10.58:904][  0]LocalizationService: Localization service is disabled
[2020.04.06-20.10.59:149][  0]LogAutoReimportManager: Warning: Unable to watch directory ../../../../GameJams/unga/UngaBunga/Content/ as it will conflict with another watching ../../../../GameJams/unga/UngaBunga/Content/.
[2020.04.06-20.10.59:166][  0]LogCook: Display: Max memory allowance for cook 16384mb min free memory 0mb
[2020.04.06-20.10.59:166][  0]LogCook: Display: Mobile HDR setting 1
[2020.04.06-20.10.59:334][  0]LogFileCache: Scanning file cache for directory 'D:/GameJams/unga/UngaBunga/Content/' took 0.03s
[2020.04.06-20.10.59:334][  0]Cmd: MAP LOAD FILE="../../../../GameJams/unga/UngaBunga/Content/FirstPersonBP/Maps/FirstPersonExampleMap.umap" TEMPLATE=0 SHOWPROGRESS=1 FEATURELEVEL=3
[2020.04.06-20.10.59:334][  0]LightingResults: New page: Lighting Build
[2020.04.06-20.10.59:336][  0]MapCheck: New page: Map Check
[2020.04.06-20.10.59:336][  0]LightingResults: New page: Lighting Build
[2020.04.06-20.10.59:367][  0]LogUObjectHash: Compacting FUObjectHashTables data took   1.81ms
[2020.04.06-20.10.59:644][  0]LogMaterial: Display: Missing cached shader map for material M_Rock, compiling. 
[2020.04.06-20.10.59:644][  0]LogMaterial: Warning: D:\GameJams\unga\UngaBunga\Content\StarterContent\Props\Materials\M_Rock.uasset: Failed to compile Material for platform PCD3D_SM5, Default Material will be used in game.
[2020.04.06-20.10.59:644][  0]LogMaterial: 	(Node TextureSample) Texture Sample> Missing input texture
[2020.04.06-20.10.59:744][  0]LogAIModule: Creating AISystem for world FirstPersonExampleMap
[2020.04.06-20.10.59:753][  0]LogEditorServer: Finished looking for orphan Actors (0.000 secs)
[2020.04.06-20.10.59:786][  0]LogUObjectHash: Compacting FUObjectHashTables data took   2.09ms
[2020.04.06-20.10.59:786][  0]Cmd: MAP CHECKDEP NOCLEARLOG
[2020.04.06-20.10.59:786][  0]MapCheck: Map check complete: 0 Error(s), 0 Warning(s), took 0.101ms to complete.
[2020.04.06-20.10.59:786][  0]LogFileHelpers: Loading map 'FirstPersonExampleMap' took 0.453
[2020.04.06-20.10.59:908][  0]LogSlate: Updating window title bar state: overlay mode, drag disabled, window buttons hidden, title bar hidden
[2020.04.06-20.10.59:915][  0]LogSlate: Updating window title bar state: overlay mode, drag disabled, window buttons hidden, title bar hidden
[2020.04.06-20.10.59:924][  0]LogSlate: Updating window title bar state: overlay mode, drag disabled, window buttons hidden, title bar hidden
[2020.04.06-20.10.59:932][  0]LogSlate: Updating window title bar state: overlay mode, drag disabled, window buttons hidden, title bar hidden
[2020.04.06-20.10.59:938][  0]LogCollectionManager: Loaded 0 collections in 0.001373 seconds
[2020.04.06-20.10.59:977][  0]LogFileCache: Scanning file cache for directory 'D:/GameJams/unga/UngaBunga/Saved/Collections/' took 0.01s
[2020.04.06-20.10.59:977][  0]LogFileCache: Scanning file cache for directory 'D:/GameJams/unga/UngaBunga/Content/Developers/Donnie/Collections/' took 0.01s
[2020.04.06-20.10.59:977][  0]LogFileCache: Scanning file cache for directory 'D:/GameJams/unga/UngaBunga/Content/Collections/' took 0.01s
[2020.04.06-20.10.59:977][  0]LogCollectionManager: Rebuilt the GUID cache for 0 collections in 0.000000 seconds
[2020.04.06-20.10.59:987][  0]LogContentBrowser: Native class hierarchy populated in 0.0091 seconds. Added 2732 classes and 659 folders.
[2020.04.06-20.10.59:991][  0]LogContentBrowser: Native class hierarchy updated for 'WidgetCarousel' in 0.0003 seconds. Added 0 classes and 0 folders.
[2020.04.06-20.10.59:993][  0]LogPakFile: Registered encryption key '00000000000000000000000000000000': 0 pak files mounted, 0 remain pending
[2020.04.06-20.10.59:994][  0]LogPakFile: Registered encryption key '00000000000000000000000000000000': 0 pak files mounted, 0 remain pending
[2020.04.06-20.10.59:994][  0]LogPakFile: Registered encryption key '00000000000000000000000000000000': 0 pak files mounted, 0 remain pending
[2020.04.06-20.10.59:995][  0]LogPakFile: Registered encryption key '00000000000000000000000000000000': 0 pak files mounted, 0 remain pending
[2020.04.06-20.10.59:995][  0]LogPakFile: Registered encryption key '00000000000000000000000000000000': 0 pak files mounted, 0 remain pending
[2020.04.06-20.10.59:996][  0]LogPakFile: Registered encryption key '00000000000000000000000000000000': 0 pak files mounted, 0 remain pending
[2020.04.06-20.10.59:997][  0]LogPakFile: Registered encryption key '00000000000000000000000000000000': 0 pak files mounted, 0 remain pending
[2020.04.06-20.10.59:997][  0]LogPakFile: Registered encryption key '00000000000000000000000000000000': 0 pak files mounted, 0 remain pending
[2020.04.06-20.10.59:998][  0]LogPakFile: Registered encryption key '00000000000000000000000000000000': 0 pak files mounted, 0 remain pending
[2020.04.06-20.10.59:999][  0]LogPakFile: Registered encryption key '00000000000000000000000000000000': 0 pak files mounted, 0 remain pending
[2020.04.06-20.10.59:999][  0]LogPakFile: Registered encryption key '00000000000000000000000000000000': 0 pak files mounted, 0 remain pending
[2020.04.06-20.11.00:000][  0]LogPakFile: Registered encryption key '00000000000000000000000000000000': 0 pak files mounted, 0 remain pending
[2020.04.06-20.11.00:001][  0]LogPakFile: Registered encryption key '00000000000000000000000000000000': 0 pak files mounted, 0 remain pending
[2020.04.06-20.11.00:002][  0]LogPakFile: Registered encryption key '00000000000000000000000000000000': 0 pak files mounted, 0 remain pending
[2020.04.06-20.11.00:003][  0]LogPakFile: Registered encryption key '00000000000000000000000000000000': 0 pak files mounted, 0 remain pending
[2020.04.06-20.11.00:004][  0]LogPakFile: Registered encryption key '00000000000000000000000000000000': 0 pak files mounted, 0 remain pending
[2020.04.06-20.11.00:005][  0]LogPakFile: Registered encryption key '00000000000000000000000000000000': 0 pak files mounted, 0 remain pending
[2020.04.06-20.11.00:006][  0]LogPakFile: Registered encryption key '00000000000000000000000000000000': 0 pak files mounted, 0 remain pending
[2020.04.06-20.11.00:006][  0]LogPakFile: Registered encryption key '00000000000000000000000000000000': 0 pak files mounted, 0 remain pending
[2020.04.06-20.11.00:007][  0]LogPakFile: Registered encryption key '00000000000000000000000000000000': 0 pak files mounted, 0 remain pending
[2020.04.06-20.11.00:008][  0]LogPakFile: Registered encryption key '00000000000000000000000000000000': 0 pak files mounted, 0 remain pending
[2020.04.06-20.11.00:009][  0]LogPakFile: Registered encryption key '00000000000000000000000000000000': 0 pak files mounted, 0 remain pending
[2020.04.06-20.11.00:009][  0]LogPakFile: Registered encryption key '00000000000000000000000000000000': 0 pak files mounted, 0 remain pending
[2020.04.06-20.11.00:010][  0]LogPakFile: Registered encryption key '00000000000000000000000000000000': 0 pak files mounted, 0 remain pending
[2020.04.06-20.11.00:011][  0]LogPakFile: Registered encryption key '00000000000000000000000000000000': 0 pak files mounted, 0 remain pending
[2020.04.06-20.11.00:011][  0]LogPakFile: Registered encryption key '00000000000000000000000000000000': 0 pak files mounted, 0 remain pending
[2020.04.06-20.11.00:065][  0]LogContentBrowser: Native class hierarchy updated for 'AddContentDialog' in 0.0004 seconds. Added 0 classes and 0 folders.
[2020.04.06-20.11.00:073][  0]LogContentBrowser: Native class hierarchy updated for 'SceneOutliner' in 0.0004 seconds. Added 1 classes and 2 folders.
[2020.04.06-20.11.00:097][  0]LogSlate: Took 0.000249 seconds to synchronously load lazily loaded font '../../../Engine/Content/Slate/Fonts/Roboto-Regular.ttf' (155K)
[2020.04.06-20.11.00:099][  0]LogSlate: Took 0.000257 seconds to synchronously load lazily loaded font '../../../Engine/Content/Slate/Fonts/Roboto-Bold.ttf' (160K)
[2020.04.06-20.11.00:105][  0]LogSlate: Took 0.000343 seconds to synchronously load lazily loaded font '../../../Engine/Content/Editor/Slate/Fonts/FontAwesome.ttf' (139K)
[2020.04.06-20.11.00:175][  0]LogRenderer: Reallocating scene render targets to support 1092x572 Format 10 NumSamples 1 (Frame:1).
[2020.04.06-20.11.00:293][  0]LogContentBrowser: Native class hierarchy updated for 'HierarchicalLODOutliner' in 0.0004 seconds. Added 0 classes and 0 folders.
[2020.04.06-20.11.00:293][  0]LogLoad: (Engine Initialization) Total time: 9.16 seconds
[2020.04.06-20.11.00:293][  0]LogLoad: (Engine Initialization) Total Blueprint compile time: 0.00 seconds
[2020.04.06-20.11.00:344][  0]LogAssetRegistry: Asset discovery search completed in 5.0666 seconds
[2020.04.06-20.11.00:346][  0]LogCollectionManager: Rebuilt the object cache for 0 collections in 0.000000 seconds (found 0 objects)
[2020.04.06-20.11.00:346][  0]LogCollectionManager: Fixed up redirectors for 0 collections in 0.000052 seconds (updated 0 objects)
[2020.04.06-20.11.00:374][  0]LogContentStreaming: Texture pool size now 1000 MB
[2020.04.06-20.11.00:404][  0]LogSlate: Took 0.000263 seconds to synchronously load lazily loaded font '../../../Engine/Content/Slate/Fonts/Roboto-Light.ttf' (167K)
[2020.04.06-20.11.01:325][104]LogSlate: Took 0.000206 seconds to synchronously load lazily loaded font '../../../Engine/Content/Slate/Fonts/Roboto-Light.ttf' (167K)
[2020.04.06-20.11.01:332][104]LogSlate: FSceneViewport::OnFocusLost() reason 2
[2020.04.06-20.11.01:336][104]LogAssetEditorManager: Opening Asset editor for Blueprint /Game/FirstPersonBP/Blueprints/Caveman_Player.Caveman_Player
[2020.04.06-20.11.01:570][104]LogContentBrowser: Native class hierarchy updated for 'BlueprintGraph' in 0.0006 seconds. Added 121 classes and 0 folders.
[2020.04.06-20.11.02:382][104]LogAssetEditorManager: Opening Asset editor for Blueprint /Game/FirstPersonBP/Blueprints/Fox_Stuff/Check_Dead.Check_Dead
[2020.04.06-20.11.02:705][104]LogAssetEditorManager: Opening Asset editor for Blueprint /Game/FirstPersonBP/Blueprints/Fox_Stuff/isPlayerInRange.isPlayerInRange
[2020.04.06-20.11.03:029][104]LogAssetEditorManager: Opening Asset editor for Blueprint /Game/FirstPersonBP/Blueprints/Fox_Stuff/Roam.Roam
[2020.04.06-20.11.03:343][104]LogSlate: Took 0.000263 seconds to synchronously load lazily loaded font '../../../Engine/Content/Slate/Fonts/Roboto-BoldCondensed.ttf' (158K)
[2020.04.06-20.11.03:367][105]LogSlate: Took 0.000244 seconds to synchronously load lazily loaded font '../../../Engine/Content/Slate/Fonts/Roboto-Italic.ttf' (157K)
[2020.04.06-20.11.05:410][333]LogFileCache: Retrieving MD5 hashes for directory 'D:/GameJams/unga/UngaBunga/Content/' took 5.09s
[2020.04.06-20.11.10:671][861]LogSlate: FSceneViewport::OnFocusLost() reason 0
[2020.04.06-20.11.10:729][868]LogTemp: Repeating last play command: Selected Viewport
[2020.04.06-20.11.10:755][868]LogBlueprintUserMessages: Early PlayInEditor Detection: Level '/Game/FirstPersonBP/Maps/FirstPersonExampleMap.FirstPersonExampleMap:PersistentLevel' has LevelScriptBlueprint '/Game/FirstPersonBP/Maps/FirstPersonExampleMap.FirstPersonExampleMap:PersistentLevel.FirstPersonExampleMap' with GeneratedClass '/Game/FirstPersonBP/Maps/FirstPersonExampleMap.FirstPersonExampleMap_C' with ClassGeneratedBy '/Game/FirstPersonBP/Maps/FirstPersonExampleMap.FirstPersonExampleMap:PersistentLevel.FirstPersonExampleMap'
[2020.04.06-20.11.10:755][868]LogPlayLevel: PlayLevel: No blueprints needed recompiling
[2020.04.06-20.11.10:755][868]PIE: New page: PIE session: FirstPersonExampleMap (Apr 6, 2020, 12:11:10 PM)
[2020.04.06-20.11.10:768][868]LogPlayLevel: Creating play world package: /Game/FirstPersonBP/Maps/UEDPIE_0_FirstPersonExampleMap
[2020.04.06-20.11.10:782][868]LogPlayLevel: PIE: StaticDuplicateObject took: (0.014408s)
[2020.04.06-20.11.10:783][868]LogAIModule: Creating AISystem for world FirstPersonExampleMap
[2020.04.06-20.11.10:783][868]LogPlayLevel: PIE: World Init took: (0.000557s)
[2020.04.06-20.11.10:783][868]LogPlayLevel: PIE: Created PIE world by copying editor world from /Game/FirstPersonBP/Maps/FirstPersonExampleMap.FirstPersonExampleMap to /Game/FirstPersonBP/Maps/UEDPIE_0_FirstPersonExampleMap.FirstPersonExampleMap (0.015185s)
[2020.04.06-20.11.10:831][868]LogUObjectHash: Compacting FUObjectHashTables data took   3.00ms
[2020.04.06-20.11.10:849][868]LogInit: XAudio2 using 'Speakers (Realtek(R) Audio)' : 2 channels at 48 kHz using 32 bits per sample (channel mask 0x3)
[2020.04.06-20.11.10:865][868]LogInit: FAudioDevice initialized.
[2020.04.06-20.11.10:906][868]LogLoad: Game class is 'FirstPersonGameMode_C'
[2020.04.06-20.11.10:908][868]LogWorld: Bringing World /Game/FirstPersonBP/Maps/UEDPIE_0_FirstPersonExampleMap.FirstPersonExampleMap up for play (max tick rate 0) at 2020.04.06-16.11.10
[2020.04.06-20.11.10:910][868]LogWorld: Bringing up level for play took: 0.002801
[2020.04.06-20.11.10:924][868]LogBlueprintActionDatabase: Requesting refresh due to module change: Voice (loaded)
[2020.04.06-20.11.10:925][868]LogBlueprintActionDatabase: Requesting refresh due to module change: MovieSceneCapture (loaded)
[2020.04.06-20.11.10:926][868]LogContentBrowser: Native class hierarchy updated for 'MovieSceneCapture' in 0.0003 seconds. Added 20 classes and 0 folders.
[2020.04.06-20.11.10:927][868]PIE: Play in editor start time for /Game/FirstPersonBP/Maps/UEDPIE_0_FirstPersonExampleMap 0.239
[2020.04.06-20.11.10:927][868]LogBlueprintUserMessages: Late PlayInEditor Detection: Level '/Game/FirstPersonBP/Maps/FirstPersonExampleMap.FirstPersonExampleMap:PersistentLevel' has LevelScriptBlueprint '/Game/FirstPersonBP/Maps/FirstPersonExampleMap.FirstPersonExampleMap:PersistentLevel.FirstPersonExampleMap' with GeneratedClass '/Game/FirstPersonBP/Maps/FirstPersonExampleMap.FirstPersonExampleMap_C' with ClassGeneratedBy '/Game/FirstPersonBP/Maps/FirstPersonExampleMap.FirstPersonExampleMap:PersistentLevel.FirstPersonExampleMap'
[2020.04.06-20.11.23:504][331]LogAnimation: Warning: Currently in Animation Blueprint mode. Please change AnimationMode to Use Animation Asset
[2020.04.06-20.11.24:024][393]LogBlueprintUserMessages: Early EndPlayMap Detection: Level '/Game/FirstPersonBP/Maps/FirstPersonExampleMap.FirstPersonExampleMap:PersistentLevel' has LevelScriptBlueprint '/Game/FirstPersonBP/Maps/FirstPersonExampleMap.FirstPersonExampleMap:PersistentLevel.FirstPersonExampleMap' with GeneratedClass '/Game/FirstPersonBP/Maps/FirstPersonExampleMap.FirstPersonExampleMap_C' with ClassGeneratedBy '/Game/FirstPersonBP/Maps/FirstPersonExampleMap.FirstPersonExampleMap:PersistentLevel.FirstPersonExampleMap'
[2020.04.06-20.11.24:025][393]LogSlate: Updating window title bar state: overlay mode, drag disabled, window buttons hidden, title bar hidden
[2020.04.06-20.11.24:065][393]LogPlayLevel: Display: Shutting down PIE online subsystems
[2020.04.06-20.11.24:066][393]LogBlueprintUserMessages: Late EndPlayMap Detection: Level '/Game/FirstPersonBP/Maps/FirstPersonExampleMap.FirstPersonExampleMap:PersistentLevel' has LevelScriptBlueprint '/Game/FirstPersonBP/Maps/FirstPersonExampleMap.FirstPersonExampleMap:PersistentLevel.FirstPersonExampleMap' with GeneratedClass '/Game/FirstPersonBP/Maps/FirstPersonExampleMap.FirstPersonExampleMap_C' with ClassGeneratedBy '/Game/FirstPersonBP/Maps/FirstPersonExampleMap.FirstPersonExampleMap:PersistentLevel.FirstPersonExampleMap'
[2020.04.06-20.11.24:108][393]LogSlate: Updating window title bar state: overlay mode, drag disabled, window buttons hidden, title bar hidden
[2020.04.06-20.11.24:132][393]LogUObjectHash: Compacting FUObjectHashTables data took   4.94ms
[2020.04.06-20.11.24:153][394]LogPlayLevel: Display: Destroying online subsystem :Context_5
[2020.04.06-20.11.27:535][792]LogSlate: FSceneViewport::OnFocusLost() reason 0
[2020.04.06-20.11.34:093][431]LogMaterial: Display: Missing cached shader map for material M_TranslucentWater, compiling. 
[2020.04.06-20.11.34:539][431]LogAIModule: Creating AISystem for world The_World
[2020.04.06-20.11.34:595][431]LogAssetEditorManager: Opening Asset editor for World /Game/FirstPersonBP/Maps/The_World.The_World
[2020.04.06-20.11.34:670][431]LogUObjectHash: Compacting FUObjectHashTables data took   8.36ms
[2020.04.06-20.11.34:673][431]Cmd: MAP LOAD FILE="../../../../GameJams/unga/UngaBunga/Content/FirstPersonBP/Maps/The_World.umap" TEMPLATE=0 SHOWPROGRESS=1 FEATURELEVEL=3
[2020.04.06-20.11.34:673][431]LightingResults: New page: Lighting Build
[2020.04.06-20.11.34:674][431]LoadErrors: New page: Loading map: The_World.umap
[2020.04.06-20.11.34:675][431]MapCheck: New page: Map Check
[2020.04.06-20.11.34:675][431]LightingResults: New page: Lighting Build
[2020.04.06-20.11.34:733][431]LogUObjectHash: Compacting FUObjectHashTables data took   4.99ms
[2020.04.06-20.11.34:827][431]LogEditorServer: Finished looking for orphan Actors (0.000 secs)
[2020.04.06-20.11.34:888][431]LogUObjectHash: Compacting FUObjectHashTables data took   4.67ms
[2020.04.06-20.11.34:935][431]Cmd: MAP CHECKDEP NOCLEARLOG
[2020.04.06-20.11.34:935][431]MapCheck: Map check complete: 0 Error(s), 0 Warning(s), took 0.125ms to complete.
[2020.04.06-20.11.34:935][431]LogFileHelpers: Loading map 'The_World' took 0.263
[2020.04.06-20.11.37:268][664]LogTemp: Repeating last play command: Selected Viewport
[2020.04.06-20.11.37:324][664]LogBlueprintUserMessages: Early PlayInEditor Detection: Level '/Game/FirstPersonBP/Maps/The_World.The_World:PersistentLevel' has LevelScriptBlueprint '/Game/FirstPersonBP/Maps/The_World.The_World:PersistentLevel.The_World' with GeneratedClass '/Game/FirstPersonBP/Maps/The_World.The_World_C' with ClassGeneratedBy '/Game/FirstPersonBP/Maps/The_World.The_World:PersistentLevel.The_World'
[2020.04.06-20.11.37:324][664]LogPlayLevel: PlayLevel: No blueprints needed recompiling
[2020.04.06-20.11.37:325][664]PIE: New page: PIE session: The_World (Apr 6, 2020, 12:11:37 PM)
[2020.04.06-20.11.37:325][664]LogPlayLevel: Creating play world package: /Game/FirstPersonBP/Maps/UEDPIE_0_The_World
[2020.04.06-20.11.37:402][664]LogPlayLevel: PIE: StaticDuplicateObject took: (0.077016s)
[2020.04.06-20.11.37:403][664]LogAIModule: Creating AISystem for world The_World
[2020.04.06-20.11.37:403][664]LogPlayLevel: PIE: World Init took: (0.000959s)
[2020.04.06-20.11.37:403][664]LogPlayLevel: PIE: Created PIE world by copying editor world from /Game/FirstPersonBP/Maps/The_World.The_World to /Game/FirstPersonBP/Maps/UEDPIE_0_The_World.The_World (0.078392s)
[2020.04.06-20.11.37:453][664]LogUObjectHash: Compacting FUObjectHashTables data took   3.83ms
[2020.04.06-20.11.37:479][664]LogInit: XAudio2 using 'Speakers (Realtek(R) Audio)' : 2 channels at 48 kHz using 32 bits per sample (channel mask 0x3)
[2020.04.06-20.11.37:500][664]LogInit: FAudioDevice initialized.
[2020.04.06-20.11.37:530][664]LogLoad: Game class is 'FirstPersonGameMode_C'
[2020.04.06-20.11.37:541][664]LogWorld: Bringing World /Game/FirstPersonBP/Maps/UEDPIE_0_The_World.The_World up for play (max tick rate 0) at 2020.04.06-16.11.37
[2020.04.06-20.11.37:542][664]LogWorld: Bringing up level for play took: 0.011346
[2020.04.06-20.11.37:558][664]PIE: Play in editor start time for /Game/FirstPersonBP/Maps/UEDPIE_0_The_World 0.87
[2020.04.06-20.11.37:558][664]LogBlueprintUserMessages: Late PlayInEditor Detection: Level '/Game/FirstPersonBP/Maps/The_World.The_World:PersistentLevel' has LevelScriptBlueprint '/Game/FirstPersonBP/Maps/The_World.The_World:PersistentLevel.The_World' with GeneratedClass '/Game/FirstPersonBP/Maps/The_World.The_World_C' with ClassGeneratedBy '/Game/FirstPersonBP/Maps/The_World.The_World:PersistentLevel.The_World'
[2020.04.06-20.11.37:562][664]LogAudio: Warning: Detected orphaned looping sound 'Outskirts_Cue'.
[2020.04.06-20.12.20:661][696]LogBlueprintUserMessages: Early EndPlayMap Detection: Level '/Game/FirstPersonBP/Maps/The_World.The_World:PersistentLevel' has LevelScriptBlueprint '/Game/FirstPersonBP/Maps/The_World.The_World:PersistentLevel.The_World' with GeneratedClass '/Game/FirstPersonBP/Maps/The_World.The_World_C' with ClassGeneratedBy '/Game/FirstPersonBP/Maps/The_World.The_World:PersistentLevel.The_World'
[2020.04.06-20.12.20:661][696]LogSlate: Updating window title bar state: overlay mode, drag disabled, window buttons hidden, title bar hidden
[2020.04.06-20.12.20:692][696]LogPlayLevel: Display: Shutting down PIE online subsystems
[2020.04.06-20.12.20:693][696]LogBlueprintUserMessages: Late EndPlayMap Detection: Level '/Game/FirstPersonBP/Maps/The_World.The_World:PersistentLevel' has LevelScriptBlueprint '/Game/FirstPersonBP/Maps/The_World.The_World:PersistentLevel.The_World' with GeneratedClass '/Game/FirstPersonBP/Maps/The_World.The_World_C' with ClassGeneratedBy '/Game/FirstPersonBP/Maps/The_World.The_World:PersistentLevel.The_World'
[2020.04.06-20.12.20:737][696]LogSlate: Updating window title bar state: overlay mode, drag disabled, window buttons hidden, title bar hidden
[2020.04.06-20.12.20:741][696]LogUObjectHash: Compacting FUObjectHashTables data took   2.24ms
[2020.04.06-20.12.20:763][697]LogPlayLevel: Display: Destroying online subsystem :Context_6
[2020.04.06-20.12.39:198][871]LogSlate: FSceneViewport::OnFocusLost() reason 0
[2020.04.06-20.12.53:165][452]Cmd: EDIT COPY
[2020.04.06-20.12.53:368][475]Cmd: EDIT PASTE
[2020.04.06-20.13.02:032][424]Cmd: EDIT COPY
[2020.04.06-20.13.02:318][457]Cmd: EDIT PASTE
[2020.04.06-20.13.39:746][565]Cmd: EDIT COPY
[2020.04.06-20.13.39:911][582]Cmd: EDIT PASTE
[2020.04.06-20.13.46:971][361]Cmd: EDIT COPY
[2020.04.06-20.13.47:126][378]Cmd: EDIT PASTE
[2020.04.06-20.13.52:920][ 28]LogSlate: FSceneViewport::OnFocusLost() reason 2
[2020.04.06-20.13.53:733][103]LogSlate: FSceneViewport::OnFocusLost() reason 2
[2020.04.06-20.13.53:735][103]LogAssetEditorManager: Opening Asset editor for LevelScriptBlueprint /Game/FirstPersonBP/Maps/The_World.The_World:PersistentLevel.The_World
[2020.04.06-20.14.44:409][372]LogAIModule: Creating AISystem for world FirstPersonExampleMap
[2020.04.06-20.15.01:332][130]LogAssetEditorManager: Opening Asset editor for World /Game/FirstPersonBP/Maps/FirstPersonExampleMap.FirstPersonExampleMap
[2020.04.06-20.15.01:381][130]LogUObjectHash: Compacting FUObjectHashTables data took   3.00ms
[2020.04.06-20.15.03:006][130]LogSlate: Window 'Save Content' being destroyed
[2020.04.06-20.15.03:096][130]Cmd: OBJ SAVEPACKAGE PACKAGE="/Game/FirstPersonBP/Maps/The_World" FILE="../../../../GameJams/unga/UngaBunga/Content/FirstPersonBP/Maps/The_World.umap" SILENT=true AUTOSAVING=false KEEPDIRTY=false
[2020.04.06-20.15.03:140][130]LogUObjectHash: Compacting FUObjectHashTables data took   0.92ms
[2020.04.06-20.15.03:943][130]LogSavePackage: Moving '../../../../GameJams/unga/UngaBunga/Saved/The_WorldA7B1BD954FEF460F890CE0833300AE6A.tmp' to '../../../../GameJams/unga/UngaBunga/Content/FirstPersonBP/Maps/The_World.umap'
[2020.04.06-20.15.03:981][130]LogFileHelpers: Saving map 'The_World' took 0.886
[2020.04.06-20.15.03:986][130]Cmd: MAP LOAD FILE="../../../../GameJams/unga/UngaBunga/Content/FirstPersonBP/Maps/FirstPersonExampleMap.umap" TEMPLATE=0 SHOWPROGRESS=1 FEATURELEVEL=3
[2020.04.06-20.15.03:986][130]LightingResults: New page: Lighting Build
[2020.04.06-20.15.03:986][130]LoadErrors: New page: Loading map: FirstPersonExampleMap.umap
[2020.04.06-20.15.03:989][130]LogSlate: Window 'The_World' being destroyed
[2020.04.06-20.15.04:038][130]MapCheck: New page: Map Check
[2020.04.06-20.15.04:038][130]LightingResults: New page: Lighting Build
[2020.04.06-20.15.04:088][130]LogUObjectHash: Compacting FUObjectHashTables data took   3.10ms
[2020.04.06-20.15.04:094][130]LogEditorServer: Finished looking for orphan Actors (0.000 secs)
[2020.04.06-20.15.04:136][130]LogUObjectHash: Compacting FUObjectHashTables data took   2.51ms
[2020.04.06-20.15.04:174][130]Cmd: MAP CHECKDEP NOCLEARLOG
[2020.04.06-20.15.04:174][130]MapCheck: Map check complete: 0 Error(s), 0 Warning(s), took 0.085ms to complete.
[2020.04.06-20.15.04:175][130]LogFileHelpers: Loading map 'FirstPersonExampleMap' took 0.190
[2020.04.06-20.15.04:391][130]LogAIModule: Creating AISystem for world The_World
[2020.04.06-20.15.07:489][441]LogAssetEditorManager: Opening Asset editor for LevelScriptBlueprint /Game/FirstPersonBP/Maps/FirstPersonExampleMap.FirstPersonExampleMap:PersistentLevel.FirstPersonExampleMap
[2020.04.06-20.15.48:598][586]LogSlate: Window 'FirstPersonExampleMap' being destroyed
[2020.04.06-20.15.48:605][586]LogSlate: Window 'FirstPersonExampleMap' being destroyed
[2020.04.06-20.15.51:155][812]LogAssetEditorManager: Opening Asset editor for World /Game/FirstPersonBP/Maps/The_World.The_World
[2020.04.06-20.15.51:198][812]LogUObjectHash: Compacting FUObjectHashTables data took   3.27ms
[2020.04.06-20.15.52:392][812]LogSlate: Window 'Save Content' being destroyed
[2020.04.06-20.15.52:521][812]LogUObjectHash: Compacting FUObjectHashTables data took   1.13ms
[2020.04.06-20.15.52:821][812]LogSavePackage: Moving '../../../../GameJams/unga/UngaBunga/Saved/FirstPersonExampleMapF381F8164F9DF2EBAF237397E79A143C.tmp' to '../../../../GameJams/unga/UngaBunga/Content/FirstPersonBP/Maps/FirstPersonExampleMap.umap'
[2020.04.06-20.15.52:860][812]LogFileHelpers: Saving map 'FirstPersonExampleMap' took 0.379
[2020.04.06-20.15.52:865][812]Cmd: MAP LOAD FILE="../../../../GameJams/unga/UngaBunga/Content/FirstPersonBP/Maps/The_World.umap" TEMPLATE=0 SHOWPROGRESS=1 FEATURELEVEL=3
[2020.04.06-20.15.52:865][812]LightingResults: New page: Lighting Build
[2020.04.06-20.15.52:866][812]LoadErrors: New page: Loading map: The_World.umap
[2020.04.06-20.15.52:867][812]MapCheck: New page: Map Check
[2020.04.06-20.15.52:867][812]LightingResults: New page: Lighting Build
[2020.04.06-20.15.52:915][812]LogUObjectHash: Compacting FUObjectHashTables data took   3.28ms
[2020.04.06-20.15.52:965][812]LogEditorServer: Finished looking for orphan Actors (0.000 secs)
[2020.04.06-20.15.53:009][812]LogUObjectHash: Compacting FUObjectHashTables data took   2.52ms
[2020.04.06-20.15.53:043][812]Cmd: MAP CHECKDEP NOCLEARLOG
[2020.04.06-20.15.53:044][812]MapCheck: Map check complete: 0 Error(s), 0 Warning(s), took 0.1ms to complete.
[2020.04.06-20.15.53:045][812]LogFileHelpers: Loading map 'The_World' took 0.180
[2020.04.06-20.15.53:117][812]LogAIModule: Creating AISystem for world FirstPersonExampleMap
[2020.04.06-20.15.56:108][115]LogAssetEditorManager: Opening Asset editor for LevelScriptBlueprint /Game/FirstPersonBP/Maps/The_World.The_World:PersistentLevel.The_World
[2020.04.06-20.16.21:738][973]LogSlate: Took 0.004676 seconds to synchronously load lazily loaded font '../../../Engine/Content/Slate/Fonts/Roboto-BoldCondensedItalic.ttf' (160K)
[2020.04.06-20.17.05:771][971]BlueprintLog: New page: Compile The_World
[2020.04.06-20.17.06:010][971]LogUObjectHash: Compacting FUObjectHashTables data took   3.15ms
[2020.04.06-20.18.23:927][990]LogSlate: Prevented a slow task dialog from being summoned while a context menu was open
[2020.04.06-20.20.50:139][213]BlueprintLog: New page: Compile The_World
[2020.04.06-20.20.50:388][213]LogUObjectHash: Compacting FUObjectHashTables data took   3.54ms
[2020.04.06-20.20.55:576][620]LogTemp: Repeating last play command: Selected Viewport
[2020.04.06-20.20.55:608][620]LogBlueprintUserMessages: Early PlayInEditor Detection: Level '/Game/FirstPersonBP/Maps/The_World.The_World:PersistentLevel' has LevelScriptBlueprint '/Game/FirstPersonBP/Maps/The_World.The_World:PersistentLevel.The_World' with GeneratedClass '/Game/FirstPersonBP/Maps/The_World.The_World_C' with ClassGeneratedBy '/Game/FirstPersonBP/Maps/The_World.The_World:PersistentLevel.The_World'
[2020.04.06-20.20.55:608][620]LogPlayLevel: PlayLevel: No blueprints needed recompiling
[2020.04.06-20.20.55:608][620]PIE: New page: PIE session: The_World (Apr 6, 2020, 12:20:55 PM)
[2020.04.06-20.20.55:608][620]LogPlayLevel: Creating play world package: /Game/FirstPersonBP/Maps/UEDPIE_0_The_World
[2020.04.06-20.20.55:661][620]LogPlayLevel: PIE: StaticDuplicateObject took: (0.052925s)
[2020.04.06-20.20.55:662][620]LogAIModule: Creating AISystem for world The_World
[2020.04.06-20.20.55:662][620]LogPlayLevel: PIE: World Init took: (0.000579s)
[2020.04.06-20.20.55:662][620]LogPlayLevel: PIE: Created PIE world by copying editor world from /Game/FirstPersonBP/Maps/The_World.The_World to /Game/FirstPersonBP/Maps/UEDPIE_0_The_World.The_World (0.053635s)
[2020.04.06-20.20.55:704][620]LogUObjectHash: Compacting FUObjectHashTables data took   2.74ms
[2020.04.06-20.20.55:723][620]LogInit: XAudio2 using 'Speakers (Realtek(R) Audio)' : 2 channels at 48 kHz using 32 bits per sample (channel mask 0x3)
[2020.04.06-20.20.55:739][620]LogInit: FAudioDevice initialized.
[2020.04.06-20.20.55:766][620]LogLoad: Game class is 'FirstPersonGameMode_C'
[2020.04.06-20.20.55:773][620]LogWorld: Bringing World /Game/FirstPersonBP/Maps/UEDPIE_0_The_World.The_World up for play (max tick rate 0) at 2020.04.06-16.20.55
[2020.04.06-20.20.55:775][620]LogWorld: Bringing up level for play took: 0.008102
[2020.04.06-20.20.55:788][620]PIE: Play in editor start time for /Game/FirstPersonBP/Maps/UEDPIE_0_The_World 1.1
[2020.04.06-20.20.55:788][620]LogBlueprintUserMessages: Late PlayInEditor Detection: Level '/Game/FirstPersonBP/Maps/The_World.The_World:PersistentLevel' has LevelScriptBlueprint '/Game/FirstPersonBP/Maps/The_World.The_World:PersistentLevel.The_World' with GeneratedClass '/Game/FirstPersonBP/Maps/The_World.The_World_C' with ClassGeneratedBy '/Game/FirstPersonBP/Maps/The_World.The_World:PersistentLevel.The_World'
[2020.04.06-20.20.55:822][620]LogAudio: Warning: Detected orphaned looping sound 'Outskirts_Cue'.
